[0.036s] Invoking command in '/home/hans/ros2/task1/build/p_interfaces': CMAKE_PREFIX_PATH=${CMAKE_PREFIX_PATH}:/home/hans/ros2/task1/src/install/ttbot_square:/home/hans/ros2/task1/src/install/ping_sonar_ros:/home/hans/ros2/task1/src/install/p_controller:/home/hans/ros2/task1/src/install/p_action_example:/home/hans/ros2/task1/src/install/autonomous_rov:/home/hans/ros2/task1/install/p_action_example:/home/hans/ros2/task1/install/ttbot_square:/home/hans/ros2/task1/install/ping_sonar_ros:/home/hans/ros2/task1/install/p_controller:/home/hans/ros2/task1/install/autonomous_rov:/opt/ros/humble /usr/bin/cmake --build /home/hans/ros2/task1/build/p_interfaces -- -j8 -l8
[0.779s] [  4%] Built target p_interfaces__cpp
[0.779s] [ 18%] Built target p_interfaces__rosidl_generator_c
[0.779s] [ 31%] Built target p_interfaces__rosidl_typesupport_fastrtps_cpp
[0.779s] [ 45%] Built target p_interfaces__rosidl_typesupport_introspection_cpp
[0.779s] [ 59%] Built target p_interfaces__rosidl_typesupport_cpp
[0.779s] [ 72%] Built target p_interfaces__rosidl_typesupport_fastrtps_c
[0.779s] [ 95%] Built target p_interfaces__rosidl_typesupport_introspection_c
[0.779s] [100%] Built target p_interfaces__rosidl_typesupport_c
[0.780s] [100%] Built target p_interfaces
[0.780s] Invoked command in '/home/hans/ros2/task1/build/p_interfaces' returned '0': CMAKE_PREFIX_PATH=${CMAKE_PREFIX_PATH}:/home/hans/ros2/task1/src/install/ttbot_square:/home/hans/ros2/task1/src/install/ping_sonar_ros:/home/hans/ros2/task1/src/install/p_controller:/home/hans/ros2/task1/src/install/p_action_example:/home/hans/ros2/task1/src/install/autonomous_rov:/home/hans/ros2/task1/install/p_action_example:/home/hans/ros2/task1/install/ttbot_square:/home/hans/ros2/task1/install/ping_sonar_ros:/home/hans/ros2/task1/install/p_controller:/home/hans/ros2/task1/install/autonomous_rov:/opt/ros/humble /usr/bin/cmake --build /home/hans/ros2/task1/build/p_interfaces -- -j8 -l8
[0.790s] Invoking command in '/home/hans/ros2/task1/build/p_interfaces': CMAKE_PREFIX_PATH=${CMAKE_PREFIX_PATH}:/home/hans/ros2/task1/src/install/ttbot_square:/home/hans/ros2/task1/src/install/ping_sonar_ros:/home/hans/ros2/task1/src/install/p_controller:/home/hans/ros2/task1/src/install/p_action_example:/home/hans/ros2/task1/src/install/autonomous_rov:/home/hans/ros2/task1/install/p_action_example:/home/hans/ros2/task1/install/ttbot_square:/home/hans/ros2/task1/install/ping_sonar_ros:/home/hans/ros2/task1/install/p_controller:/home/hans/ros2/task1/install/autonomous_rov:/opt/ros/humble /usr/bin/cmake --install /home/hans/ros2/task1/build/p_interfaces
[1.174s] -- Install configuration: ""
[1.174s] -- Execute custom install script
[1.175s] -- Up-to-date symlink: /home/hans/ros2/task1/install/p_interfaces/share/ament_index/resource_index/rosidl_interfaces/p_interfaces
[1.176s] -- Up-to-date symlink: /home/hans/ros2/task1/install/p_interfaces/include/p_interfaces/p_interfaces/msg/detail/num__functions.h
[1.177s] -- Up-to-date symlink: /home/hans/ros2/task1/install/p_interfaces/include/p_interfaces/p_interfaces/msg/detail/num__struct.h
[1.177s] -- Up-to-date symlink: /home/hans/ros2/task1/install/p_interfaces/include/p_interfaces/p_interfaces/msg/detail/num__type_support.h
[1.177s] -- Up-to-date symlink: /home/hans/ros2/task1/install/p_interfaces/include/p_interfaces/p_interfaces/msg/num.h
[1.178s] -- Up-to-date symlink: /home/hans/ros2/task1/install/p_interfaces/include/p_interfaces/p_interfaces/msg/rosidl_generator_c__visibility_control.h
[1.179s] -- Up-to-date symlink: /home/hans/ros2/task1/install/p_interfaces/include/p_interfaces/p_interfaces/srv/change_radius.h
[1.179s] -- Up-to-date symlink: /home/hans/ros2/task1/install/p_interfaces/include/p_interfaces/p_interfaces/srv/detail/change_radius__functions.h
[1.179s] -- Up-to-date symlink: /home/hans/ros2/task1/install/p_interfaces/include/p_interfaces/p_interfaces/srv/detail/change_radius__struct.h
[1.180s] -- Up-to-date symlink: /home/hans/ros2/task1/install/p_interfaces/include/p_interfaces/p_interfaces/srv/detail/change_radius__type_support.h
[1.180s] -- Up-to-date symlink: /home/hans/ros2/task1/install/p_interfaces/share/p_interfaces/environment/library_path.sh
[1.181s] -- Up-to-date symlink: /home/hans/ros2/task1/install/p_interfaces/share/p_interfaces/environment/library_path.dsv
[1.182s] -- Up-to-date symlink: /home/hans/ros2/task1/install/p_interfaces/include/p_interfaces/p_interfaces/msg/detail/num__rosidl_typesupport_fastrtps_c.h
[1.182s] -- Up-to-date symlink: /home/hans/ros2/task1/install/p_interfaces/include/p_interfaces/p_interfaces/msg/rosidl_typesupport_fastrtps_c__visibility_control.h
[1.182s] -- Up-to-date symlink: /home/hans/ros2/task1/install/p_interfaces/include/p_interfaces/p_interfaces/srv/detail/change_radius__rosidl_typesupport_fastrtps_c.h
[1.183s] -- Up-to-date symlink: /home/hans/ros2/task1/install/p_interfaces/include/p_interfaces/p_interfaces/msg/detail/num__builder.hpp
[1.183s] -- Up-to-date symlink: /home/hans/ros2/task1/install/p_interfaces/include/p_interfaces/p_interfaces/msg/detail/num__struct.hpp
[1.183s] -- Up-to-date symlink: /home/hans/ros2/task1/install/p_interfaces/include/p_interfaces/p_interfaces/msg/detail/num__traits.hpp
[1.183s] -- Up-to-date symlink: /home/hans/ros2/task1/install/p_interfaces/include/p_interfaces/p_interfaces/msg/detail/num__type_support.hpp
[1.183s] -- Up-to-date symlink: /home/hans/ros2/task1/install/p_interfaces/include/p_interfaces/p_interfaces/msg/num.hpp
[1.183s] -- Up-to-date symlink: /home/hans/ros2/task1/install/p_interfaces/include/p_interfaces/p_interfaces/msg/rosidl_generator_cpp__visibility_control.hpp
[1.184s] -- Up-to-date symlink: /home/hans/ros2/task1/install/p_interfaces/include/p_interfaces/p_interfaces/srv/change_radius.hpp
[1.184s] -- Up-to-date symlink: /home/hans/ros2/task1/install/p_interfaces/include/p_interfaces/p_interfaces/srv/detail/change_radius__builder.hpp
[1.184s] -- Up-to-date symlink: /home/hans/ros2/task1/install/p_interfaces/include/p_interfaces/p_interfaces/srv/detail/change_radius__struct.hpp
[1.184s] -- Up-to-date symlink: /home/hans/ros2/task1/install/p_interfaces/include/p_interfaces/p_interfaces/srv/detail/change_radius__traits.hpp
[1.184s] -- Up-to-date symlink: /home/hans/ros2/task1/install/p_interfaces/include/p_interfaces/p_interfaces/srv/detail/change_radius__type_support.hpp
[1.185s] -- Up-to-date symlink: /home/hans/ros2/task1/install/p_interfaces/include/p_interfaces/p_interfaces/msg/detail/num__rosidl_typesupport_fastrtps_cpp.hpp
[1.185s] -- Up-to-date symlink: /home/hans/ros2/task1/install/p_interfaces/include/p_interfaces/p_interfaces/msg/rosidl_typesupport_fastrtps_cpp__visibility_control.h
[1.185s] -- Up-to-date symlink: /home/hans/ros2/task1/install/p_interfaces/include/p_interfaces/p_interfaces/srv/detail/change_radius__rosidl_typesupport_fastrtps_cpp.hpp
[1.192s] -- Up-to-date symlink: /home/hans/ros2/task1/install/p_interfaces/include/p_interfaces/p_interfaces/msg/detail/num__rosidl_typesupport_introspection_c.h
[1.192s] -- Up-to-date symlink: /home/hans/ros2/task1/install/p_interfaces/include/p_interfaces/p_interfaces/msg/rosidl_typesupport_introspection_c__visibility_control.h
[1.192s] -- Up-to-date symlink: /home/hans/ros2/task1/install/p_interfaces/include/p_interfaces/p_interfaces/srv/detail/change_radius__rosidl_typesupport_introspection_c.h
[1.192s] -- Up-to-date symlink: /home/hans/ros2/task1/install/p_interfaces/include/p_interfaces/p_interfaces/msg/detail/num__rosidl_typesupport_introspection_cpp.hpp
[1.193s] -- Up-to-date symlink: /home/hans/ros2/task1/install/p_interfaces/include/p_interfaces/p_interfaces/srv/detail/change_radius__rosidl_typesupport_introspection_cpp.hpp
[1.193s] -- Up-to-date symlink: /home/hans/ros2/task1/install/p_interfaces/share/p_interfaces/srv/ChangeRadius.idl
[1.193s] -- Up-to-date symlink: /home/hans/ros2/task1/install/p_interfaces/share/p_interfaces/srv/ChangeRadius.srv
[1.193s] -- Up-to-date symlink: /home/hans/ros2/task1/install/p_interfaces/share/p_interfaces/srv/ChangeRadius_Request.msg
[1.194s] -- Up-to-date symlink: /home/hans/ros2/task1/install/p_interfaces/share/p_interfaces/srv/ChangeRadius_Response.msg
[1.194s] -- Up-to-date symlink: /home/hans/ros2/task1/install/p_interfaces/share/ament_index/resource_index/package_run_dependencies/p_interfaces
[1.194s] -- Up-to-date symlink: /home/hans/ros2/task1/install/p_interfaces/share/ament_index/resource_index/parent_prefix_path/p_interfaces
[1.194s] -- Up-to-date symlink: /home/hans/ros2/task1/install/p_interfaces/share/p_interfaces/environment/ament_prefix_path.sh
[1.194s] -- Up-to-date symlink: /home/hans/ros2/task1/install/p_interfaces/share/p_interfaces/environment/ament_prefix_path.dsv
[1.194s] -- Up-to-date symlink: /home/hans/ros2/task1/install/p_interfaces/share/p_interfaces/environment/path.sh
[1.194s] -- Up-to-date symlink: /home/hans/ros2/task1/install/p_interfaces/share/p_interfaces/environment/path.dsv
[1.195s] -- Up-to-date symlink: /home/hans/ros2/task1/install/p_interfaces/share/p_interfaces/local_setup.bash
[1.195s] -- Up-to-date symlink: /home/hans/ros2/task1/install/p_interfaces/share/p_interfaces/local_setup.sh
[1.195s] -- Up-to-date symlink: /home/hans/ros2/task1/install/p_interfaces/share/p_interfaces/local_setup.zsh
[1.195s] -- Up-to-date symlink: /home/hans/ros2/task1/install/p_interfaces/share/p_interfaces/local_setup.dsv
[1.195s] -- Symlinking: /home/hans/ros2/task1/install/p_interfaces/share/p_interfaces/package.dsv
[1.195s] -- Up-to-date symlink: /home/hans/ros2/task1/install/p_interfaces/share/ament_index/resource_index/packages/p_interfaces
[1.195s] -- Up-to-date symlink: /home/hans/ros2/task1/install/p_interfaces/share/p_interfaces/cmake/rosidl_cmake-extras.cmake
[1.196s] -- Up-to-date symlink: /home/hans/ros2/task1/install/p_interfaces/share/p_interfaces/cmake/ament_cmake_export_dependencies-extras.cmake
[1.196s] -- Up-to-date symlink: /home/hans/ros2/task1/install/p_interfaces/share/p_interfaces/cmake/ament_cmake_export_include_directories-extras.cmake
[1.196s] -- Up-to-date symlink: /home/hans/ros2/task1/install/p_interfaces/share/p_interfaces/cmake/ament_cmake_export_libraries-extras.cmake
[1.196s] -- Up-to-date symlink: /home/hans/ros2/task1/install/p_interfaces/share/p_interfaces/cmake/ament_cmake_export_targets-extras.cmake
[1.196s] -- Up-to-date symlink: /home/hans/ros2/task1/install/p_interfaces/share/p_interfaces/cmake/rosidl_cmake_export_typesupport_targets-extras.cmake
[1.196s] -- Up-to-date symlink: /home/hans/ros2/task1/install/p_interfaces/share/p_interfaces/cmake/rosidl_cmake_export_typesupport_libraries-extras.cmake
[1.196s] -- Up-to-date symlink: /home/hans/ros2/task1/install/p_interfaces/share/p_interfaces/cmake/p_interfacesConfig.cmake
[1.196s] -- Up-to-date symlink: /home/hans/ros2/task1/install/p_interfaces/share/p_interfaces/cmake/p_interfacesConfig-version.cmake
[1.197s] -- Up-to-date symlink: /home/hans/ros2/task1/install/p_interfaces/share/p_interfaces/package.xml
[1.197s] -- Up-to-date: /home/hans/ros2/task1/install/p_interfaces/lib/libp_interfaces__rosidl_generator_c.so
[1.197s] -- Up-to-date: /home/hans/ros2/task1/install/p_interfaces/lib/libp_interfaces__rosidl_typesupport_fastrtps_c.so
[1.197s] -- Up-to-date: /home/hans/ros2/task1/install/p_interfaces/lib/libp_interfaces__rosidl_typesupport_fastrtps_cpp.so
[1.197s] -- Up-to-date: /home/hans/ros2/task1/install/p_interfaces/lib/libp_interfaces__rosidl_typesupport_introspection_c.so
[1.198s] -- Up-to-date: /home/hans/ros2/task1/install/p_interfaces/lib/libp_interfaces__rosidl_typesupport_c.so
[1.198s] -- Up-to-date: /home/hans/ros2/task1/install/p_interfaces/lib/libp_interfaces__rosidl_typesupport_introspection_cpp.so
[1.198s] -- Up-to-date: /home/hans/ros2/task1/install/p_interfaces/lib/libp_interfaces__rosidl_typesupport_cpp.so
[1.198s] -- Up-to-date: /home/hans/ros2/task1/install/p_interfaces/share/p_interfaces/cmake/export_p_interfaces__rosidl_generator_cExport.cmake
[1.199s] -- Up-to-date: /home/hans/ros2/task1/install/p_interfaces/share/p_interfaces/cmake/export_p_interfaces__rosidl_generator_cExport-noconfig.cmake
[1.199s] -- Up-to-date: /home/hans/ros2/task1/install/p_interfaces/share/p_interfaces/cmake/export_p_interfaces__rosidl_typesupport_fastrtps_cExport.cmake
[1.199s] -- Up-to-date: /home/hans/ros2/task1/install/p_interfaces/share/p_interfaces/cmake/export_p_interfaces__rosidl_typesupport_fastrtps_cExport-noconfig.cmake
[1.199s] -- Up-to-date: /home/hans/ros2/task1/install/p_interfaces/share/p_interfaces/cmake/export_p_interfaces__rosidl_generator_cppExport.cmake
[1.199s] -- Up-to-date: /home/hans/ros2/task1/install/p_interfaces/share/p_interfaces/cmake/export_p_interfaces__rosidl_typesupport_fastrtps_cppExport.cmake
[1.199s] -- Up-to-date: /home/hans/ros2/task1/install/p_interfaces/share/p_interfaces/cmake/export_p_interfaces__rosidl_typesupport_fastrtps_cppExport-noconfig.cmake
[1.200s] -- Up-to-date: /home/hans/ros2/task1/install/p_interfaces/share/p_interfaces/cmake/p_interfaces__rosidl_typesupport_introspection_cExport.cmake
[1.200s] -- Up-to-date: /home/hans/ros2/task1/install/p_interfaces/share/p_interfaces/cmake/p_interfaces__rosidl_typesupport_introspection_cExport-noconfig.cmake
[1.200s] -- Up-to-date: /home/hans/ros2/task1/install/p_interfaces/share/p_interfaces/cmake/p_interfaces__rosidl_typesupport_cExport.cmake
[1.200s] -- Up-to-date: /home/hans/ros2/task1/install/p_interfaces/share/p_interfaces/cmake/p_interfaces__rosidl_typesupport_cExport-noconfig.cmake
[1.200s] -- Up-to-date: /home/hans/ros2/task1/install/p_interfaces/share/p_interfaces/cmake/p_interfaces__rosidl_typesupport_introspection_cppExport.cmake
[1.200s] -- Up-to-date: /home/hans/ros2/task1/install/p_interfaces/share/p_interfaces/cmake/p_interfaces__rosidl_typesupport_introspection_cppExport-noconfig.cmake
[1.201s] -- Up-to-date: /home/hans/ros2/task1/install/p_interfaces/share/p_interfaces/cmake/p_interfaces__rosidl_typesupport_cppExport.cmake
[1.201s] -- Up-to-date: /home/hans/ros2/task1/install/p_interfaces/share/p_interfaces/cmake/p_interfaces__rosidl_typesupport_cppExport-noconfig.cmake
[1.245s] Invoked command in '/home/hans/ros2/task1/build/p_interfaces' returned '0': CMAKE_PREFIX_PATH=${CMAKE_PREFIX_PATH}:/home/hans/ros2/task1/src/install/ttbot_square:/home/hans/ros2/task1/src/install/ping_sonar_ros:/home/hans/ros2/task1/src/install/p_controller:/home/hans/ros2/task1/src/install/p_action_example:/home/hans/ros2/task1/src/install/autonomous_rov:/home/hans/ros2/task1/install/p_action_example:/home/hans/ros2/task1/install/ttbot_square:/home/hans/ros2/task1/install/ping_sonar_ros:/home/hans/ros2/task1/install/p_controller:/home/hans/ros2/task1/install/autonomous_rov:/opt/ros/humble /usr/bin/cmake --install /home/hans/ros2/task1/build/p_interfaces
