[0.660s] Invoking command in '/home/hans/ros2/task1/src/p_action_example': PYTHONPATH=/home/hans/ros2/task1/build/p_action_example/prefix_override:/usr/lib/python3/dist-packages/colcon_core/task/python/colcon_distutils_commands:/home/hans/ros2/task1/install/p_action_example/lib/python3.10/site-packages:${PYTHONPATH} /usr/bin/python3 -W ignore:setup.py install is deprecated -W ignore:easy_install command is deprecated setup.py egg_info --egg-base ../../build/p_action_example build --build-base /home/hans/ros2/task1/build/p_action_example/build install --record /home/hans/ros2/task1/build/p_action_example/install.log --single-version-externally-managed install_data
[0.930s] running egg_info
[0.930s] writing ../../build/p_action_example/p_action_example.egg-info/PKG-INFO
[0.931s] writing dependency_links to ../../build/p_action_example/p_action_example.egg-info/dependency_links.txt
[0.931s] writing entry points to ../../build/p_action_example/p_action_example.egg-info/entry_points.txt
[0.931s] writing requirements to ../../build/p_action_example/p_action_example.egg-info/requires.txt
[0.931s] writing top-level names to ../../build/p_action_example/p_action_example.egg-info/top_level.txt
[0.933s] reading manifest file '../../build/p_action_example/p_action_example.egg-info/SOURCES.txt'
[0.933s] adding license file 'LICENSE'
[0.934s] writing manifest file '../../build/p_action_example/p_action_example.egg-info/SOURCES.txt'
[0.934s] running build
[0.934s] running build_py
[0.934s] running install
[0.934s] running install_lib
[0.936s] running install_data
[0.936s] running install_egg_info
[0.938s] removing '/home/hans/ros2/task1/install/p_action_example/lib/python3.10/site-packages/p_action_example-0.0.0-py3.10.egg-info' (and everything under it)
[0.938s] Copying ../../build/p_action_example/p_action_example.egg-info to /home/hans/ros2/task1/install/p_action_example/lib/python3.10/site-packages/p_action_example-0.0.0-py3.10.egg-info
[0.939s] running install_scripts
[0.963s] Installing p_action_server script to /home/hans/ros2/task1/install/p_action_example/lib/p_action_example
[0.963s] writing list of installed files to '/home/hans/ros2/task1/build/p_action_example/install.log'
[0.989s] Invoked command in '/home/hans/ros2/task1/src/p_action_example' returned '0': PYTHONPATH=/home/hans/ros2/task1/build/p_action_example/prefix_override:/usr/lib/python3/dist-packages/colcon_core/task/python/colcon_distutils_commands:/home/hans/ros2/task1/install/p_action_example/lib/python3.10/site-packages:${PYTHONPATH} /usr/bin/python3 -W ignore:setup.py install is deprecated -W ignore:easy_install command is deprecated setup.py egg_info --egg-base ../../build/p_action_example build --build-base /home/hans/ros2/task1/build/p_action_example/build install --record /home/hans/ros2/task1/build/p_action_example/install.log --single-version-externally-managed install_data
