[0.063s] Invoking command in '/home/hans/ros2/task1/build/p_interfaces': CMAKE_PREFIX_PATH=${CMAKE_PREFIX_PATH}:/home/hans/ros2/task1/install/ping_sonar_ros:/home/hans/ros2/task1/install/autonomous_rov:/home/hans/ros2/task1/install/ttbot_square:/home/hans/ros2/task1/install/p_controller:/opt/ros/humble /usr/bin/cmake --build /home/hans/ros2/task1/build/p_interfaces -- -j8 -l8
[1.365s] [ 10%] Built target p_interfaces__rosidl_generator_c
[1.366s] [ 12%] Built target p_interfaces__cpp
[1.367s] [ 12%] Built target ament_cmake_python_symlink_p_interfaces
[1.367s] [ 25%] Built target p_interfaces__rosidl_typesupport_c
[1.368s] [ 35%] Built target p_interfaces__rosidl_typesupport_introspection_c
[1.371s] [ 43%] Built target p_interfaces__rosidl_typesupport_fastrtps_c
[1.371s] [ 53%] Built target p_interfaces__rosidl_typesupport_cpp
[1.373s] [ 64%] Built target p_interfaces__rosidl_typesupport_introspection_cpp
[1.373s] [ 74%] Built target p_interfaces__rosidl_typesupport_fastrtps_cpp
[1.373s] [ 74%] Built target p_interfaces
[1.373s] [ 76%] Built target p_interfaces__py
[1.374s] [ 84%] Built target p_interfaces__rosidl_generator_py
[1.374s] [ 89%] Built target p_interfaces__rosidl_typesupport_fastrtps_c__pyext
[1.374s] [ 94%] Built target p_interfaces__rosidl_typesupport_introspection_c__pyext
[1.374s] [100%] Built target p_interfaces__rosidl_typesupport_c__pyext
[1.374s] running egg_info
[1.374s] writing p_interfaces.egg-info/PKG-INFO
[1.374s] writing dependency_links to p_interfaces.egg-info/dependency_links.txt
[1.374s] writing top-level names to p_interfaces.egg-info/top_level.txt
[1.374s] reading manifest file 'p_interfaces.egg-info/SOURCES.txt'
[1.375s] writing manifest file 'p_interfaces.egg-info/SOURCES.txt'
[1.375s] [100%] Built target ament_cmake_python_build_p_interfaces_egg
[1.920s] Invoked command in '/home/hans/ros2/task1/build/p_interfaces' returned '0': CMAKE_PREFIX_PATH=${CMAKE_PREFIX_PATH}:/home/hans/ros2/task1/install/ping_sonar_ros:/home/hans/ros2/task1/install/autonomous_rov:/home/hans/ros2/task1/install/ttbot_square:/home/hans/ros2/task1/install/p_controller:/opt/ros/humble /usr/bin/cmake --build /home/hans/ros2/task1/build/p_interfaces -- -j8 -l8
[1.940s] Invoking command in '/home/hans/ros2/task1/build/p_interfaces': CMAKE_PREFIX_PATH=${CMAKE_PREFIX_PATH}:/home/hans/ros2/task1/install/ping_sonar_ros:/home/hans/ros2/task1/install/autonomous_rov:/home/hans/ros2/task1/install/ttbot_square:/home/hans/ros2/task1/install/p_controller:/opt/ros/humble /usr/bin/cmake --install /home/hans/ros2/task1/build/p_interfaces
[1.960s] -- Install configuration: ""
[1.963s] -- Execute custom install script
[1.964s] -- Up-to-date symlink: /home/hans/ros2/task1/install/p_interfaces/share/ament_index/resource_index/rosidl_interfaces/p_interfaces
[1.964s] -- Up-to-date symlink: /home/hans/ros2/task1/install/p_interfaces/include/p_interfaces/p_interfaces/msg/detail/num__functions.h
[1.964s] -- Up-to-date symlink: /home/hans/ros2/task1/install/p_interfaces/include/p_interfaces/p_interfaces/msg/detail/num__struct.h
[1.964s] -- Up-to-date symlink: /home/hans/ros2/task1/install/p_interfaces/include/p_interfaces/p_interfaces/msg/detail/num__type_support.h
[1.965s] -- Up-to-date symlink: /home/hans/ros2/task1/install/p_interfaces/include/p_interfaces/p_interfaces/msg/num.h
[1.965s] -- Up-to-date symlink: /home/hans/ros2/task1/install/p_interfaces/include/p_interfaces/p_interfaces/msg/rosidl_generator_c__visibility_control.h
[1.965s] -- Up-to-date symlink: /home/hans/ros2/task1/install/p_interfaces/include/p_interfaces/p_interfaces/srv/change_radius.h
[1.966s] -- Up-to-date symlink: /home/hans/ros2/task1/install/p_interfaces/include/p_interfaces/p_interfaces/srv/detail/change_radius__functions.h
[1.966s] -- Up-to-date symlink: /home/hans/ros2/task1/install/p_interfaces/include/p_interfaces/p_interfaces/srv/detail/change_radius__struct.h
[1.966s] -- Up-to-date symlink: /home/hans/ros2/task1/install/p_interfaces/include/p_interfaces/p_interfaces/srv/detail/change_radius__type_support.h
[1.967s] -- Up-to-date symlink: /home/hans/ros2/task1/install/p_interfaces/share/p_interfaces/environment/library_path.sh
[1.967s] -- Up-to-date symlink: /home/hans/ros2/task1/install/p_interfaces/share/p_interfaces/environment/library_path.dsv
[1.968s] -- Up-to-date symlink: /home/hans/ros2/task1/install/p_interfaces/include/p_interfaces/p_interfaces/msg/detail/num__rosidl_typesupport_fastrtps_c.h
[1.969s] -- Up-to-date symlink: /home/hans/ros2/task1/install/p_interfaces/include/p_interfaces/p_interfaces/msg/rosidl_typesupport_fastrtps_c__visibility_control.h
[1.969s] -- Up-to-date symlink: /home/hans/ros2/task1/install/p_interfaces/include/p_interfaces/p_interfaces/srv/detail/change_radius__rosidl_typesupport_fastrtps_c.h
[1.970s] -- Up-to-date symlink: /home/hans/ros2/task1/install/p_interfaces/include/p_interfaces/p_interfaces/msg/detail/num__builder.hpp
[1.971s] -- Up-to-date symlink: /home/hans/ros2/task1/install/p_interfaces/include/p_interfaces/p_interfaces/msg/detail/num__struct.hpp
[1.971s] -- Up-to-date symlink: /home/hans/ros2/task1/install/p_interfaces/include/p_interfaces/p_interfaces/msg/detail/num__traits.hpp
[1.972s] -- Up-to-date symlink: /home/hans/ros2/task1/install/p_interfaces/include/p_interfaces/p_interfaces/msg/detail/num__type_support.hpp
[1.972s] -- Up-to-date symlink: /home/hans/ros2/task1/install/p_interfaces/include/p_interfaces/p_interfaces/msg/num.hpp
[1.972s] -- Up-to-date symlink: /home/hans/ros2/task1/install/p_interfaces/include/p_interfaces/p_interfaces/msg/rosidl_generator_cpp__visibility_control.hpp
[1.973s] -- Up-to-date symlink: /home/hans/ros2/task1/install/p_interfaces/include/p_interfaces/p_interfaces/srv/change_radius.hpp
[1.973s] -- Up-to-date symlink: /home/hans/ros2/task1/install/p_interfaces/include/p_interfaces/p_interfaces/srv/detail/change_radius__builder.hpp
[1.973s] -- Up-to-date symlink: /home/hans/ros2/task1/install/p_interfaces/include/p_interfaces/p_interfaces/srv/detail/change_radius__struct.hpp
[1.974s] -- Up-to-date symlink: /home/hans/ros2/task1/install/p_interfaces/include/p_interfaces/p_interfaces/srv/detail/change_radius__traits.hpp
[1.974s] -- Up-to-date symlink: /home/hans/ros2/task1/install/p_interfaces/include/p_interfaces/p_interfaces/srv/detail/change_radius__type_support.hpp
[1.976s] -- Up-to-date symlink: /home/hans/ros2/task1/install/p_interfaces/include/p_interfaces/p_interfaces/msg/detail/num__rosidl_typesupport_fastrtps_cpp.hpp
[1.976s] -- Up-to-date symlink: /home/hans/ros2/task1/install/p_interfaces/include/p_interfaces/p_interfaces/msg/rosidl_typesupport_fastrtps_cpp__visibility_control.h
[1.976s] -- Up-to-date symlink: /home/hans/ros2/task1/install/p_interfaces/include/p_interfaces/p_interfaces/srv/detail/change_radius__rosidl_typesupport_fastrtps_cpp.hpp
[1.978s] -- Up-to-date symlink: /home/hans/ros2/task1/install/p_interfaces/include/p_interfaces/p_interfaces/msg/detail/num__rosidl_typesupport_introspection_c.h
[1.978s] -- Up-to-date symlink: /home/hans/ros2/task1/install/p_interfaces/include/p_interfaces/p_interfaces/msg/rosidl_typesupport_introspection_c__visibility_control.h
[1.979s] -- Up-to-date symlink: /home/hans/ros2/task1/install/p_interfaces/include/p_interfaces/p_interfaces/srv/detail/change_radius__rosidl_typesupport_introspection_c.h
[1.980s] -- Up-to-date symlink: /home/hans/ros2/task1/install/p_interfaces/include/p_interfaces/p_interfaces/msg/detail/num__rosidl_typesupport_introspection_cpp.hpp
[1.981s] -- Up-to-date symlink: /home/hans/ros2/task1/install/p_interfaces/include/p_interfaces/p_interfaces/srv/detail/change_radius__rosidl_typesupport_introspection_cpp.hpp
[1.982s] -- Up-to-date symlink: /home/hans/ros2/task1/install/p_interfaces/share/p_interfaces/environment/pythonpath.sh
[1.983s] -- Up-to-date symlink: /home/hans/ros2/task1/install/p_interfaces/share/p_interfaces/environment/pythonpath.dsv
[1.984s] -- Up-to-date symlink: /home/hans/ros2/task1/install/p_interfaces/local/lib/python3.10/dist-packages/p_interfaces-0.0.0-py3.10.egg-info/PKG-INFO
[1.985s] -- Up-to-date symlink: /home/hans/ros2/task1/install/p_interfaces/local/lib/python3.10/dist-packages/p_interfaces-0.0.0-py3.10.egg-info/SOURCES.txt
[1.985s] -- Up-to-date symlink: /home/hans/ros2/task1/install/p_interfaces/local/lib/python3.10/dist-packages/p_interfaces-0.0.0-py3.10.egg-info/dependency_links.txt
[1.985s] -- Up-to-date symlink: /home/hans/ros2/task1/install/p_interfaces/local/lib/python3.10/dist-packages/p_interfaces-0.0.0-py3.10.egg-info/top_level.txt
[1.988s] -- Up-to-date symlink: /home/hans/ros2/task1/install/p_interfaces/local/lib/python3.10/dist-packages/p_interfaces/__init__.py
[1.989s] -- Up-to-date symlink: /home/hans/ros2/task1/install/p_interfaces/local/lib/python3.10/dist-packages/p_interfaces/_p_interfaces_s.ep.rosidl_typesupport_c.c
[1.990s] -- Up-to-date symlink: /home/hans/ros2/task1/install/p_interfaces/local/lib/python3.10/dist-packages/p_interfaces/_p_interfaces_s.ep.rosidl_typesupport_fastrtps_c.c
[1.990s] -- Up-to-date symlink: /home/hans/ros2/task1/install/p_interfaces/local/lib/python3.10/dist-packages/p_interfaces/_p_interfaces_s.ep.rosidl_typesupport_introspection_c.c
[1.990s] -- Up-to-date symlink: /home/hans/ros2/task1/install/p_interfaces/local/lib/python3.10/dist-packages/p_interfaces/libp_interfaces__rosidl_generator_py.so
[1.991s] -- Up-to-date symlink: /home/hans/ros2/task1/install/p_interfaces/local/lib/python3.10/dist-packages/p_interfaces/msg/__init__.py
[1.991s] -- Up-to-date symlink: /home/hans/ros2/task1/install/p_interfaces/local/lib/python3.10/dist-packages/p_interfaces/msg/_num.py
[1.992s] -- Up-to-date symlink: /home/hans/ros2/task1/install/p_interfaces/local/lib/python3.10/dist-packages/p_interfaces/msg/_num_s.c
[1.992s] -- Up-to-date symlink: /home/hans/ros2/task1/install/p_interfaces/local/lib/python3.10/dist-packages/p_interfaces/p_interfaces_s__rosidl_typesupport_c.cpython-310-x86_64-linux-gnu.so
[1.993s] -- Up-to-date symlink: /home/hans/ros2/task1/install/p_interfaces/local/lib/python3.10/dist-packages/p_interfaces/p_interfaces_s__rosidl_typesupport_fastrtps_c.cpython-310-x86_64-linux-gnu.so
[1.993s] -- Up-to-date symlink: /home/hans/ros2/task1/install/p_interfaces/local/lib/python3.10/dist-packages/p_interfaces/p_interfaces_s__rosidl_typesupport_introspection_c.cpython-310-x86_64-linux-gnu.so
[1.994s] -- Up-to-date symlink: /home/hans/ros2/task1/install/p_interfaces/local/lib/python3.10/dist-packages/p_interfaces/srv/__init__.py
[1.994s] -- Up-to-date symlink: /home/hans/ros2/task1/install/p_interfaces/local/lib/python3.10/dist-packages/p_interfaces/srv/_change_radius.py
[1.994s] -- Up-to-date symlink: /home/hans/ros2/task1/install/p_interfaces/local/lib/python3.10/dist-packages/p_interfaces/srv/_change_radius_s.c
[1.995s] -- Up-to-date symlink: /home/hans/ros2/task1/install/p_interfaces/local/lib/python3.10/dist-packages/p_interfaces/p_interfaces_s__rosidl_typesupport_fastrtps_c.cpython-310-x86_64-linux-gnu.so
[1.996s] -- Up-to-date symlink: /home/hans/ros2/task1/install/p_interfaces/local/lib/python3.10/dist-packages/p_interfaces/p_interfaces_s__rosidl_typesupport_introspection_c.cpython-310-x86_64-linux-gnu.so
[1.997s] -- Up-to-date symlink: /home/hans/ros2/task1/install/p_interfaces/local/lib/python3.10/dist-packages/p_interfaces/p_interfaces_s__rosidl_typesupport_c.cpython-310-x86_64-linux-gnu.so
[1.998s] -- Up-to-date symlink: /home/hans/ros2/task1/install/p_interfaces/share/p_interfaces/msg/Num.idl
[1.998s] -- Up-to-date symlink: /home/hans/ros2/task1/install/p_interfaces/share/p_interfaces/srv/ChangeRadius.idl
[1.999s] -- Up-to-date symlink: /home/hans/ros2/task1/install/p_interfaces/share/p_interfaces/msg/Num.msg
[1.999s] -- Up-to-date symlink: /home/hans/ros2/task1/install/p_interfaces/share/p_interfaces/srv/ChangeRadius.srv
[2.000s] -- Up-to-date symlink: /home/hans/ros2/task1/install/p_interfaces/share/p_interfaces/srv/ChangeRadius_Request.msg
[2.000s] -- Up-to-date symlink: /home/hans/ros2/task1/install/p_interfaces/share/p_interfaces/srv/ChangeRadius_Response.msg
[2.001s] -- Up-to-date symlink: /home/hans/ros2/task1/install/p_interfaces/share/ament_index/resource_index/package_run_dependencies/p_interfaces
[2.002s] -- Up-to-date symlink: /home/hans/ros2/task1/install/p_interfaces/share/ament_index/resource_index/parent_prefix_path/p_interfaces
[2.002s] -- Up-to-date symlink: /home/hans/ros2/task1/install/p_interfaces/share/p_interfaces/environment/ament_prefix_path.sh
[2.003s] -- Up-to-date symlink: /home/hans/ros2/task1/install/p_interfaces/share/p_interfaces/environment/ament_prefix_path.dsv
[2.003s] -- Up-to-date symlink: /home/hans/ros2/task1/install/p_interfaces/share/p_interfaces/environment/path.sh
[2.004s] -- Up-to-date symlink: /home/hans/ros2/task1/install/p_interfaces/share/p_interfaces/environment/path.dsv
[2.004s] -- Up-to-date symlink: /home/hans/ros2/task1/install/p_interfaces/share/p_interfaces/local_setup.bash
[2.005s] -- Up-to-date symlink: /home/hans/ros2/task1/install/p_interfaces/share/p_interfaces/local_setup.sh
[2.005s] -- Up-to-date symlink: /home/hans/ros2/task1/install/p_interfaces/share/p_interfaces/local_setup.zsh
[2.006s] -- Up-to-date symlink: /home/hans/ros2/task1/install/p_interfaces/share/p_interfaces/local_setup.dsv
[2.006s] -- Symlinking: /home/hans/ros2/task1/install/p_interfaces/share/p_interfaces/package.dsv
[2.027s] -- Up-to-date symlink: /home/hans/ros2/task1/install/p_interfaces/share/ament_index/resource_index/packages/p_interfaces
[2.028s] -- Up-to-date symlink: /home/hans/ros2/task1/install/p_interfaces/share/p_interfaces/cmake/rosidl_cmake-extras.cmake
[2.029s] -- Up-to-date symlink: /home/hans/ros2/task1/install/p_interfaces/share/p_interfaces/cmake/ament_cmake_export_dependencies-extras.cmake
[2.029s] -- Up-to-date symlink: /home/hans/ros2/task1/install/p_interfaces/share/p_interfaces/cmake/ament_cmake_export_include_directories-extras.cmake
[2.030s] -- Up-to-date symlink: /home/hans/ros2/task1/install/p_interfaces/share/p_interfaces/cmake/ament_cmake_export_libraries-extras.cmake
[2.031s] -- Up-to-date symlink: /home/hans/ros2/task1/install/p_interfaces/share/p_interfaces/cmake/ament_cmake_export_targets-extras.cmake
[2.032s] -- Up-to-date symlink: /home/hans/ros2/task1/install/p_interfaces/share/p_interfaces/cmake/rosidl_cmake_export_typesupport_targets-extras.cmake
[2.033s] -- Up-to-date symlink: /home/hans/ros2/task1/install/p_interfaces/share/p_interfaces/cmake/rosidl_cmake_export_typesupport_libraries-extras.cmake
[2.034s] -- Up-to-date symlink: /home/hans/ros2/task1/install/p_interfaces/share/p_interfaces/cmake/p_interfacesConfig.cmake
[2.034s] -- Up-to-date symlink: /home/hans/ros2/task1/install/p_interfaces/share/p_interfaces/cmake/p_interfacesConfig-version.cmake
[2.035s] -- Up-to-date symlink: /home/hans/ros2/task1/install/p_interfaces/share/p_interfaces/package.xml
[2.035s] -- Up-to-date: /home/hans/ros2/task1/install/p_interfaces/lib/libp_interfaces__rosidl_generator_c.so
[2.036s] -- Up-to-date: /home/hans/ros2/task1/install/p_interfaces/lib/libp_interfaces__rosidl_typesupport_fastrtps_c.so
[2.037s] -- Up-to-date: /home/hans/ros2/task1/install/p_interfaces/lib/libp_interfaces__rosidl_typesupport_fastrtps_cpp.so
[2.038s] -- Up-to-date: /home/hans/ros2/task1/install/p_interfaces/lib/libp_interfaces__rosidl_typesupport_introspection_c.so
[2.039s] -- Up-to-date: /home/hans/ros2/task1/install/p_interfaces/lib/libp_interfaces__rosidl_typesupport_c.so
[2.040s] -- Up-to-date: /home/hans/ros2/task1/install/p_interfaces/lib/libp_interfaces__rosidl_typesupport_introspection_cpp.so
[2.042s] -- Up-to-date: /home/hans/ros2/task1/install/p_interfaces/lib/libp_interfaces__rosidl_typesupport_cpp.so
[2.134s] Listing '/home/hans/ros2/task1/install/p_interfaces/local/lib/python3.10/dist-packages/p_interfaces'...
[2.135s] Listing '/home/hans/ros2/task1/install/p_interfaces/local/lib/python3.10/dist-packages/p_interfaces/msg'...
[2.135s] Listing '/home/hans/ros2/task1/install/p_interfaces/local/lib/python3.10/dist-packages/p_interfaces/srv'...
[2.143s] -- Up-to-date: /home/hans/ros2/task1/install/p_interfaces/lib/libp_interfaces__rosidl_generator_py.so
[2.145s] -- Up-to-date: /home/hans/ros2/task1/install/p_interfaces/share/p_interfaces/cmake/export_p_interfaces__rosidl_generator_cExport.cmake
[2.145s] -- Up-to-date: /home/hans/ros2/task1/install/p_interfaces/share/p_interfaces/cmake/export_p_interfaces__rosidl_generator_cExport-noconfig.cmake
[2.146s] -- Up-to-date: /home/hans/ros2/task1/install/p_interfaces/share/p_interfaces/cmake/export_p_interfaces__rosidl_typesupport_fastrtps_cExport.cmake
[2.146s] -- Up-to-date: /home/hans/ros2/task1/install/p_interfaces/share/p_interfaces/cmake/export_p_interfaces__rosidl_typesupport_fastrtps_cExport-noconfig.cmake
[2.146s] -- Up-to-date: /home/hans/ros2/task1/install/p_interfaces/share/p_interfaces/cmake/export_p_interfaces__rosidl_generator_cppExport.cmake
[2.147s] -- Up-to-date: /home/hans/ros2/task1/install/p_interfaces/share/p_interfaces/cmake/export_p_interfaces__rosidl_typesupport_fastrtps_cppExport.cmake
[2.147s] -- Up-to-date: /home/hans/ros2/task1/install/p_interfaces/share/p_interfaces/cmake/export_p_interfaces__rosidl_typesupport_fastrtps_cppExport-noconfig.cmake
[2.147s] -- Up-to-date: /home/hans/ros2/task1/install/p_interfaces/share/p_interfaces/cmake/p_interfaces__rosidl_typesupport_introspection_cExport.cmake
[2.147s] -- Up-to-date: /home/hans/ros2/task1/install/p_interfaces/share/p_interfaces/cmake/p_interfaces__rosidl_typesupport_introspection_cExport-noconfig.cmake
[2.148s] -- Up-to-date: /home/hans/ros2/task1/install/p_interfaces/share/p_interfaces/cmake/p_interfaces__rosidl_typesupport_cExport.cmake
[2.149s] -- Up-to-date: /home/hans/ros2/task1/install/p_interfaces/share/p_interfaces/cmake/p_interfaces__rosidl_typesupport_cExport-noconfig.cmake
[2.149s] -- Up-to-date: /home/hans/ros2/task1/install/p_interfaces/share/p_interfaces/cmake/p_interfaces__rosidl_typesupport_introspection_cppExport.cmake
[2.149s] -- Up-to-date: /home/hans/ros2/task1/install/p_interfaces/share/p_interfaces/cmake/p_interfaces__rosidl_typesupport_introspection_cppExport-noconfig.cmake
[2.149s] -- Up-to-date: /home/hans/ros2/task1/install/p_interfaces/share/p_interfaces/cmake/p_interfaces__rosidl_typesupport_cppExport.cmake
[2.150s] -- Up-to-date: /home/hans/ros2/task1/install/p_interfaces/share/p_interfaces/cmake/p_interfaces__rosidl_typesupport_cppExport-noconfig.cmake
[2.150s] -- Up-to-date: /home/hans/ros2/task1/install/p_interfaces/share/p_interfaces/cmake/export_p_interfaces__rosidl_generator_pyExport.cmake
[2.150s] -- Up-to-date: /home/hans/ros2/task1/install/p_interfaces/share/p_interfaces/cmake/export_p_interfaces__rosidl_generator_pyExport-noconfig.cmake
[2.156s] Invoked command in '/home/hans/ros2/task1/build/p_interfaces' returned '0': CMAKE_PREFIX_PATH=${CMAKE_PREFIX_PATH}:/home/hans/ros2/task1/install/ping_sonar_ros:/home/hans/ros2/task1/install/autonomous_rov:/home/hans/ros2/task1/install/ttbot_square:/home/hans/ros2/task1/install/p_controller:/opt/ros/humble /usr/bin/cmake --install /home/hans/ros2/task1/build/p_interfaces
