[0.012s] Invoking command in '/home/hans/ros2/task1/build/p_action_interfaces': CMAKE_PREFIX_PATH=${CMAKE_PREFIX_PATH}:/home/hans/ros2/task1/install/ttbot_square:/home/hans/ros2/task1/install/ping_sonar_ros:/home/hans/ros2/task1/install/p_controller:/home/hans/ros2/task1/install/autonomous_rov:/opt/ros/humble /usr/bin/cmake --build /home/hans/ros2/task1/build/p_action_interfaces -- -j8 -l8
[0.060s] [  3%] [34m[1mGenerating C code for ROS interfaces[0m
[0.072s] [  6%] [34m[1mGenerating C++ code for ROS interfaces[0m
[0.083s] [  6%] Built target ament_cmake_python_copy_p_action_interfaces
[0.372s] running egg_info
[0.373s] creating p_action_interfaces.egg-info
[0.373s] writing p_action_interfaces.egg-info/PKG-INFO
[0.373s] writing dependency_links to p_action_interfaces.egg-info/dependency_links.txt
[0.373s] writing top-level names to p_action_interfaces.egg-info/top_level.txt
[0.374s] writing manifest file 'p_action_interfaces.egg-info/SOURCES.txt'
[0.376s] reading manifest file 'p_action_interfaces.egg-info/SOURCES.txt'
[0.376s] writing manifest file 'p_action_interfaces.egg-info/SOURCES.txt'
[0.408s] [  6%] Built target ament_cmake_python_build_p_action_interfaces_egg
[0.587s] [  9%] [32mBuilding C object CMakeFiles/p_action_interfaces__rosidl_generator_c.dir/rosidl_generator_c/p_action_interfaces/action/detail/go_to_point__functions.c.o[0m
[0.626s] [  9%] Built target p_action_interfaces__cpp
[0.639s] [ 12%] [34m[1mGenerating C++ type support for eProsima Fast-RTPS[0m
[0.639s] [ 16%] [34m[1mGenerating C++ type support dispatch for ROS interfaces[0m
[0.639s] [ 19%] [34m[1mGenerating C++ introspection for ROS interfaces[0m
[0.767s] [ 22%] [32m[1mLinking C shared library libp_action_interfaces__rosidl_generator_c.so[0m
[0.813s] [ 22%] Built target p_action_interfaces__rosidl_generator_c
[0.826s] [ 25%] [34m[1mGenerating C type support for eProsima Fast-RTPS[0m
[0.830s] [ 32%] [34m[1mGenerating C type support dispatch for ROS interfaces[0m
[0.830s] [ 32%] [34m[1mGenerating C introspection for ROS interfaces[0m
[1.032s] [ 35%] [32mBuilding CXX object CMakeFiles/p_action_interfaces__rosidl_typesupport_cpp.dir/rosidl_typesupport_cpp/p_action_interfaces/action/go_to_point__type_support.cpp.o[0m
[1.216s] [ 38%] [32mBuilding CXX object CMakeFiles/p_action_interfaces__rosidl_typesupport_c.dir/rosidl_typesupport_c/p_action_interfaces/action/go_to_point__type_support.cpp.o[0m
[1.272s] [ 41%] [32mBuilding CXX object CMakeFiles/p_action_interfaces__rosidl_typesupport_introspection_cpp.dir/rosidl_typesupport_introspection_cpp/p_action_interfaces/action/detail/go_to_point__type_support.cpp.o[0m
[1.297s] [ 45%] [32m[1mLinking CXX shared library libp_action_interfaces__rosidl_typesupport_c.so[0m
[1.352s] [ 45%] Built target p_action_interfaces__rosidl_typesupport_c
[1.396s] [ 48%] [32mBuilding CXX object CMakeFiles/p_action_interfaces__rosidl_typesupport_fastrtps_cpp.dir/rosidl_typesupport_fastrtps_cpp/p_action_interfaces/action/detail/dds_fastrtps/go_to_point__type_support.cpp.o[0m
[1.512s] [ 51%] [32mBuilding C object CMakeFiles/p_action_interfaces__rosidl_typesupport_introspection_c.dir/rosidl_typesupport_introspection_c/p_action_interfaces/action/detail/go_to_point__type_support.c.o[0m
[1.578s] [ 54%] [32m[1mLinking C shared library libp_action_interfaces__rosidl_typesupport_introspection_c.so[0m
[1.624s] [ 54%] Built target p_action_interfaces__rosidl_typesupport_introspection_c
[1.653s] [ 58%] [32mBuilding CXX object CMakeFiles/p_action_interfaces__rosidl_typesupport_fastrtps_c.dir/rosidl_typesupport_fastrtps_c/p_action_interfaces/action/detail/go_to_point__type_support_c.cpp.o[0m
[1.755s] [ 61%] [32m[1mLinking CXX shared library libp_action_interfaces__rosidl_typesupport_cpp.so[0m
[1.809s] [ 61%] Built target p_action_interfaces__rosidl_typesupport_cpp
[2.059s] [ 64%] [32m[1mLinking CXX shared library libp_action_interfaces__rosidl_typesupport_introspection_cpp.so[0m
[2.133s] [ 67%] [32m[1mLinking CXX shared library libp_action_interfaces__rosidl_typesupport_fastrtps_cpp.so[0m
[2.151s] [ 70%] [32m[1mLinking CXX shared library libp_action_interfaces__rosidl_typesupport_fastrtps_c.so[0m
[2.171s] [ 70%] Built target p_action_interfaces__rosidl_typesupport_introspection_cpp
[2.264s] [ 70%] Built target p_action_interfaces__rosidl_typesupport_fastrtps_cpp
[2.282s] [ 70%] Built target p_action_interfaces__rosidl_typesupport_fastrtps_c
[2.310s] [ 70%] Built target p_action_interfaces
[2.339s] [ 74%] [34m[1mGenerating Python code for ROS interfaces[0m
[3.150s] [ 74%] Built target p_action_interfaces__py
[3.174s] [ 77%] [32mBuilding C object CMakeFiles/p_action_interfaces__rosidl_generator_py.dir/rosidl_generator_py/p_action_interfaces/action/_go_to_point_s.c.o[0m
[3.346s] [ 80%] [32m[1mLinking C shared library rosidl_generator_py/p_action_interfaces/libp_action_interfaces__rosidl_generator_py.so[0m
[3.395s] [ 80%] Built target p_action_interfaces__rosidl_generator_py
[3.418s] [ 90%] [32mBuilding C object CMakeFiles/p_action_interfaces__rosidl_typesupport_introspection_c__pyext.dir/rosidl_generator_py/p_action_interfaces/_p_action_interfaces_s.ep.rosidl_typesupport_introspection_c.c.o[0m
[3.418s] [ 90%] [32mBuilding C object CMakeFiles/p_action_interfaces__rosidl_typesupport_fastrtps_c__pyext.dir/rosidl_generator_py/p_action_interfaces/_p_action_interfaces_s.ep.rosidl_typesupport_fastrtps_c.c.o[0m
[3.418s] [ 90%] [32mBuilding C object CMakeFiles/p_action_interfaces__rosidl_typesupport_c__pyext.dir/rosidl_generator_py/p_action_interfaces/_p_action_interfaces_s.ep.rosidl_typesupport_c.c.o[0m
[3.558s] [ 96%] [32m[1mLinking C shared library rosidl_generator_py/p_action_interfaces/p_action_interfaces_s__rosidl_typesupport_fastrtps_c.cpython-310-x86_64-linux-gnu.so[0m
[3.558s] [ 96%] [32m[1mLinking C shared library rosidl_generator_py/p_action_interfaces/p_action_interfaces_s__rosidl_typesupport_introspection_c.cpython-310-x86_64-linux-gnu.so[0m
[3.561s] [100%] [32m[1mLinking C shared library rosidl_generator_py/p_action_interfaces/p_action_interfaces_s__rosidl_typesupport_c.cpython-310-x86_64-linux-gnu.so[0m
[3.610s] [100%] Built target p_action_interfaces__rosidl_typesupport_fastrtps_c__pyext
[3.610s] [100%] Built target p_action_interfaces__rosidl_typesupport_introspection_c__pyext
[3.612s] [100%] Built target p_action_interfaces__rosidl_typesupport_c__pyext
[3.627s] Invoked command in '/home/hans/ros2/task1/build/p_action_interfaces' returned '0': CMAKE_PREFIX_PATH=${CMAKE_PREFIX_PATH}:/home/hans/ros2/task1/install/ttbot_square:/home/hans/ros2/task1/install/ping_sonar_ros:/home/hans/ros2/task1/install/p_controller:/home/hans/ros2/task1/install/autonomous_rov:/opt/ros/humble /usr/bin/cmake --build /home/hans/ros2/task1/build/p_action_interfaces -- -j8 -l8
[3.639s] Invoking command in '/home/hans/ros2/task1/build/p_action_interfaces': CMAKE_PREFIX_PATH=${CMAKE_PREFIX_PATH}:/home/hans/ros2/task1/install/ttbot_square:/home/hans/ros2/task1/install/ping_sonar_ros:/home/hans/ros2/task1/install/p_controller:/home/hans/ros2/task1/install/autonomous_rov:/opt/ros/humble /usr/bin/cmake --install /home/hans/ros2/task1/build/p_action_interfaces
[3.648s] -- Install configuration: ""
[3.648s] -- Installing: /home/hans/ros2/task1/install/p_action_interfaces/share/ament_index/resource_index/rosidl_interfaces/p_action_interfaces
[3.648s] -- Installing: /home/hans/ros2/task1/install/p_action_interfaces/include/p_action_interfaces/p_action_interfaces
[3.649s] -- Installing: /home/hans/ros2/task1/install/p_action_interfaces/include/p_action_interfaces/p_action_interfaces/action
[3.649s] -- Installing: /home/hans/ros2/task1/install/p_action_interfaces/include/p_action_interfaces/p_action_interfaces/action/detail
[3.649s] -- Installing: /home/hans/ros2/task1/install/p_action_interfaces/include/p_action_interfaces/p_action_interfaces/action/detail/go_to_point__struct.h
[3.649s] -- Installing: /home/hans/ros2/task1/install/p_action_interfaces/include/p_action_interfaces/p_action_interfaces/action/detail/go_to_point__functions.c
[3.649s] -- Installing: /home/hans/ros2/task1/install/p_action_interfaces/include/p_action_interfaces/p_action_interfaces/action/detail/go_to_point__functions.h
[3.649s] -- Installing: /home/hans/ros2/task1/install/p_action_interfaces/include/p_action_interfaces/p_action_interfaces/action/detail/go_to_point__type_support.h
[3.650s] -- Installing: /home/hans/ros2/task1/install/p_action_interfaces/include/p_action_interfaces/p_action_interfaces/action/go_to_point.h
[3.650s] -- Installing: /home/hans/ros2/task1/install/p_action_interfaces/include/p_action_interfaces/p_action_interfaces/msg
[3.650s] -- Installing: /home/hans/ros2/task1/install/p_action_interfaces/include/p_action_interfaces/p_action_interfaces/msg/rosidl_generator_c__visibility_control.h
[3.650s] -- Installing: /home/hans/ros2/task1/install/p_action_interfaces/share/p_action_interfaces/environment/library_path.sh
[3.650s] -- Installing: /home/hans/ros2/task1/install/p_action_interfaces/share/p_action_interfaces/environment/library_path.dsv
[3.650s] -- Installing: /home/hans/ros2/task1/install/p_action_interfaces/lib/libp_action_interfaces__rosidl_generator_c.so
[3.651s] -- Set runtime path of "/home/hans/ros2/task1/install/p_action_interfaces/lib/libp_action_interfaces__rosidl_generator_c.so" to ""
[3.651s] -- Up-to-date: /home/hans/ros2/task1/install/p_action_interfaces/include/p_action_interfaces/p_action_interfaces
[3.651s] -- Up-to-date: /home/hans/ros2/task1/install/p_action_interfaces/include/p_action_interfaces/p_action_interfaces/action
[3.651s] -- Up-to-date: /home/hans/ros2/task1/install/p_action_interfaces/include/p_action_interfaces/p_action_interfaces/action/detail
[3.651s] -- Installing: /home/hans/ros2/task1/install/p_action_interfaces/include/p_action_interfaces/p_action_interfaces/action/detail/go_to_point__rosidl_typesupport_fastrtps_c.h
[3.652s] -- Up-to-date: /home/hans/ros2/task1/install/p_action_interfaces/include/p_action_interfaces/p_action_interfaces/msg
[3.652s] -- Installing: /home/hans/ros2/task1/install/p_action_interfaces/include/p_action_interfaces/p_action_interfaces/msg/rosidl_typesupport_fastrtps_c__visibility_control.h
[3.652s] -- Installing: /home/hans/ros2/task1/install/p_action_interfaces/lib/libp_action_interfaces__rosidl_typesupport_fastrtps_c.so
[3.652s] -- Set runtime path of "/home/hans/ros2/task1/install/p_action_interfaces/lib/libp_action_interfaces__rosidl_typesupport_fastrtps_c.so" to ""
[3.652s] -- Up-to-date: /home/hans/ros2/task1/install/p_action_interfaces/include/p_action_interfaces/p_action_interfaces
[3.652s] -- Up-to-date: /home/hans/ros2/task1/install/p_action_interfaces/include/p_action_interfaces/p_action_interfaces/action
[3.653s] -- Installing: /home/hans/ros2/task1/install/p_action_interfaces/include/p_action_interfaces/p_action_interfaces/action/go_to_point.hpp
[3.653s] -- Up-to-date: /home/hans/ros2/task1/install/p_action_interfaces/include/p_action_interfaces/p_action_interfaces/action/detail
[3.653s] -- Installing: /home/hans/ros2/task1/install/p_action_interfaces/include/p_action_interfaces/p_action_interfaces/action/detail/go_to_point__traits.hpp
[3.653s] -- Installing: /home/hans/ros2/task1/install/p_action_interfaces/include/p_action_interfaces/p_action_interfaces/action/detail/go_to_point__struct.hpp
[3.653s] -- Installing: /home/hans/ros2/task1/install/p_action_interfaces/include/p_action_interfaces/p_action_interfaces/action/detail/go_to_point__type_support.hpp
[3.653s] -- Installing: /home/hans/ros2/task1/install/p_action_interfaces/include/p_action_interfaces/p_action_interfaces/action/detail/go_to_point__builder.hpp
[3.654s] -- Up-to-date: /home/hans/ros2/task1/install/p_action_interfaces/include/p_action_interfaces/p_action_interfaces/msg
[3.654s] -- Installing: /home/hans/ros2/task1/install/p_action_interfaces/include/p_action_interfaces/p_action_interfaces/msg/rosidl_generator_cpp__visibility_control.hpp
[3.654s] -- Up-to-date: /home/hans/ros2/task1/install/p_action_interfaces/include/p_action_interfaces/p_action_interfaces
[3.654s] -- Up-to-date: /home/hans/ros2/task1/install/p_action_interfaces/include/p_action_interfaces/p_action_interfaces/action
[3.654s] -- Up-to-date: /home/hans/ros2/task1/install/p_action_interfaces/include/p_action_interfaces/p_action_interfaces/action/detail
[3.654s] -- Installing: /home/hans/ros2/task1/install/p_action_interfaces/include/p_action_interfaces/p_action_interfaces/action/detail/go_to_point__rosidl_typesupport_fastrtps_cpp.hpp
[3.654s] -- Installing: /home/hans/ros2/task1/install/p_action_interfaces/include/p_action_interfaces/p_action_interfaces/action/detail/dds_fastrtps
[3.654s] -- Up-to-date: /home/hans/ros2/task1/install/p_action_interfaces/include/p_action_interfaces/p_action_interfaces/msg
[3.654s] -- Installing: /home/hans/ros2/task1/install/p_action_interfaces/include/p_action_interfaces/p_action_interfaces/msg/rosidl_typesupport_fastrtps_cpp__visibility_control.h
[3.654s] -- Installing: /home/hans/ros2/task1/install/p_action_interfaces/lib/libp_action_interfaces__rosidl_typesupport_fastrtps_cpp.so
[3.655s] -- Set runtime path of "/home/hans/ros2/task1/install/p_action_interfaces/lib/libp_action_interfaces__rosidl_typesupport_fastrtps_cpp.so" to ""
[3.655s] -- Up-to-date: /home/hans/ros2/task1/install/p_action_interfaces/include/p_action_interfaces/p_action_interfaces
[3.655s] -- Up-to-date: /home/hans/ros2/task1/install/p_action_interfaces/include/p_action_interfaces/p_action_interfaces/action
[3.655s] -- Up-to-date: /home/hans/ros2/task1/install/p_action_interfaces/include/p_action_interfaces/p_action_interfaces/action/detail
[3.655s] -- Installing: /home/hans/ros2/task1/install/p_action_interfaces/include/p_action_interfaces/p_action_interfaces/action/detail/go_to_point__rosidl_typesupport_introspection_c.h
[3.655s] -- Installing: /home/hans/ros2/task1/install/p_action_interfaces/include/p_action_interfaces/p_action_interfaces/action/detail/go_to_point__type_support.c
[3.655s] -- Up-to-date: /home/hans/ros2/task1/install/p_action_interfaces/include/p_action_interfaces/p_action_interfaces/msg
[3.655s] -- Installing: /home/hans/ros2/task1/install/p_action_interfaces/include/p_action_interfaces/p_action_interfaces/msg/rosidl_typesupport_introspection_c__visibility_control.h
[3.655s] -- Installing: /home/hans/ros2/task1/install/p_action_interfaces/lib/libp_action_interfaces__rosidl_typesupport_introspection_c.so
[3.656s] -- Set runtime path of "/home/hans/ros2/task1/install/p_action_interfaces/lib/libp_action_interfaces__rosidl_typesupport_introspection_c.so" to ""
[3.656s] -- Installing: /home/hans/ros2/task1/install/p_action_interfaces/lib/libp_action_interfaces__rosidl_typesupport_c.so
[3.656s] -- Set runtime path of "/home/hans/ros2/task1/install/p_action_interfaces/lib/libp_action_interfaces__rosidl_typesupport_c.so" to ""
[3.657s] -- Up-to-date: /home/hans/ros2/task1/install/p_action_interfaces/include/p_action_interfaces/p_action_interfaces
[3.657s] -- Up-to-date: /home/hans/ros2/task1/install/p_action_interfaces/include/p_action_interfaces/p_action_interfaces/action
[3.657s] -- Up-to-date: /home/hans/ros2/task1/install/p_action_interfaces/include/p_action_interfaces/p_action_interfaces/action/detail
[3.657s] -- Installing: /home/hans/ros2/task1/install/p_action_interfaces/include/p_action_interfaces/p_action_interfaces/action/detail/go_to_point__rosidl_typesupport_introspection_cpp.hpp
[3.657s] -- Installing: /home/hans/ros2/task1/install/p_action_interfaces/include/p_action_interfaces/p_action_interfaces/action/detail/go_to_point__type_support.cpp
[3.657s] -- Installing: /home/hans/ros2/task1/install/p_action_interfaces/lib/libp_action_interfaces__rosidl_typesupport_introspection_cpp.so
[3.658s] -- Set runtime path of "/home/hans/ros2/task1/install/p_action_interfaces/lib/libp_action_interfaces__rosidl_typesupport_introspection_cpp.so" to ""
[3.658s] -- Installing: /home/hans/ros2/task1/install/p_action_interfaces/lib/libp_action_interfaces__rosidl_typesupport_cpp.so
[3.658s] -- Set runtime path of "/home/hans/ros2/task1/install/p_action_interfaces/lib/libp_action_interfaces__rosidl_typesupport_cpp.so" to ""
[3.658s] -- Installing: /home/hans/ros2/task1/install/p_action_interfaces/share/p_action_interfaces/environment/pythonpath.sh
[3.658s] -- Installing: /home/hans/ros2/task1/install/p_action_interfaces/share/p_action_interfaces/environment/pythonpath.dsv
[3.659s] -- Installing: /home/hans/ros2/task1/install/p_action_interfaces/local/lib/python3.10/dist-packages/p_action_interfaces-0.0.0-py3.10.egg-info
[3.659s] -- Installing: /home/hans/ros2/task1/install/p_action_interfaces/local/lib/python3.10/dist-packages/p_action_interfaces-0.0.0-py3.10.egg-info/SOURCES.txt
[3.659s] -- Installing: /home/hans/ros2/task1/install/p_action_interfaces/local/lib/python3.10/dist-packages/p_action_interfaces-0.0.0-py3.10.egg-info/top_level.txt
[3.659s] -- Installing: /home/hans/ros2/task1/install/p_action_interfaces/local/lib/python3.10/dist-packages/p_action_interfaces-0.0.0-py3.10.egg-info/dependency_links.txt
[3.659s] -- Installing: /home/hans/ros2/task1/install/p_action_interfaces/local/lib/python3.10/dist-packages/p_action_interfaces-0.0.0-py3.10.egg-info/PKG-INFO
[3.659s] -- Installing: /home/hans/ros2/task1/install/p_action_interfaces/local/lib/python3.10/dist-packages/p_action_interfaces
[3.660s] -- Installing: /home/hans/ros2/task1/install/p_action_interfaces/local/lib/python3.10/dist-packages/p_action_interfaces/_p_action_interfaces_s.ep.rosidl_typesupport_fastrtps_c.c
[3.660s] -- Installing: /home/hans/ros2/task1/install/p_action_interfaces/local/lib/python3.10/dist-packages/p_action_interfaces/action
[3.660s] -- Installing: /home/hans/ros2/task1/install/p_action_interfaces/local/lib/python3.10/dist-packages/p_action_interfaces/action/_go_to_point_s.c
[3.660s] -- Installing: /home/hans/ros2/task1/install/p_action_interfaces/local/lib/python3.10/dist-packages/p_action_interfaces/action/_go_to_point.py
[3.660s] -- Installing: /home/hans/ros2/task1/install/p_action_interfaces/local/lib/python3.10/dist-packages/p_action_interfaces/action/__init__.py
[3.660s] -- Installing: /home/hans/ros2/task1/install/p_action_interfaces/local/lib/python3.10/dist-packages/p_action_interfaces/p_action_interfaces_s__rosidl_typesupport_fastrtps_c.cpython-310-x86_64-linux-gnu.so
[3.661s] -- Installing: /home/hans/ros2/task1/install/p_action_interfaces/local/lib/python3.10/dist-packages/p_action_interfaces/_p_action_interfaces_s.ep.rosidl_typesupport_introspection_c.c
[3.661s] -- Installing: /home/hans/ros2/task1/install/p_action_interfaces/local/lib/python3.10/dist-packages/p_action_interfaces/_p_action_interfaces_s.ep.rosidl_typesupport_c.c
[3.661s] -- Installing: /home/hans/ros2/task1/install/p_action_interfaces/local/lib/python3.10/dist-packages/p_action_interfaces/p_action_interfaces_s__rosidl_typesupport_c.cpython-310-x86_64-linux-gnu.so
[3.661s] -- Installing: /home/hans/ros2/task1/install/p_action_interfaces/local/lib/python3.10/dist-packages/p_action_interfaces/__init__.py
[3.661s] -- Installing: /home/hans/ros2/task1/install/p_action_interfaces/local/lib/python3.10/dist-packages/p_action_interfaces/libp_action_interfaces__rosidl_generator_py.so
[3.661s] -- Installing: /home/hans/ros2/task1/install/p_action_interfaces/local/lib/python3.10/dist-packages/p_action_interfaces/p_action_interfaces_s__rosidl_typesupport_introspection_c.cpython-310-x86_64-linux-gnu.so
[3.711s] Listing '/home/hans/ros2/task1/install/p_action_interfaces/local/lib/python3.10/dist-packages/p_action_interfaces'...
[3.711s] Compiling '/home/hans/ros2/task1/install/p_action_interfaces/local/lib/python3.10/dist-packages/p_action_interfaces/__init__.py'...
[3.711s] Listing '/home/hans/ros2/task1/install/p_action_interfaces/local/lib/python3.10/dist-packages/p_action_interfaces/action'...
[3.711s] Compiling '/home/hans/ros2/task1/install/p_action_interfaces/local/lib/python3.10/dist-packages/p_action_interfaces/action/__init__.py'...
[3.711s] Compiling '/home/hans/ros2/task1/install/p_action_interfaces/local/lib/python3.10/dist-packages/p_action_interfaces/action/_go_to_point.py'...
[3.717s] -- Installing: /home/hans/ros2/task1/install/p_action_interfaces/local/lib/python3.10/dist-packages/p_action_interfaces/p_action_interfaces_s__rosidl_typesupport_fastrtps_c.cpython-310-x86_64-linux-gnu.so
[3.717s] -- Set runtime path of "/home/hans/ros2/task1/install/p_action_interfaces/local/lib/python3.10/dist-packages/p_action_interfaces/p_action_interfaces_s__rosidl_typesupport_fastrtps_c.cpython-310-x86_64-linux-gnu.so" to ""
[3.718s] -- Installing: /home/hans/ros2/task1/install/p_action_interfaces/local/lib/python3.10/dist-packages/p_action_interfaces/p_action_interfaces_s__rosidl_typesupport_introspection_c.cpython-310-x86_64-linux-gnu.so
[3.718s] -- Set runtime path of "/home/hans/ros2/task1/install/p_action_interfaces/local/lib/python3.10/dist-packages/p_action_interfaces/p_action_interfaces_s__rosidl_typesupport_introspection_c.cpython-310-x86_64-linux-gnu.so" to ""
[3.718s] -- Installing: /home/hans/ros2/task1/install/p_action_interfaces/local/lib/python3.10/dist-packages/p_action_interfaces/p_action_interfaces_s__rosidl_typesupport_c.cpython-310-x86_64-linux-gnu.so
[3.719s] -- Set runtime path of "/home/hans/ros2/task1/install/p_action_interfaces/local/lib/python3.10/dist-packages/p_action_interfaces/p_action_interfaces_s__rosidl_typesupport_c.cpython-310-x86_64-linux-gnu.so" to ""
[3.719s] -- Installing: /home/hans/ros2/task1/install/p_action_interfaces/lib/libp_action_interfaces__rosidl_generator_py.so
[3.719s] -- Set runtime path of "/home/hans/ros2/task1/install/p_action_interfaces/lib/libp_action_interfaces__rosidl_generator_py.so" to ""
[3.720s] -- Installing: /home/hans/ros2/task1/install/p_action_interfaces/share/p_action_interfaces/action/GoToPoint.idl
[3.720s] -- Installing: /home/hans/ros2/task1/install/p_action_interfaces/share/p_action_interfaces/action/GoToPoint.action
[3.720s] -- Installing: /home/hans/ros2/task1/install/p_action_interfaces/share/ament_index/resource_index/package_run_dependencies/p_action_interfaces
[3.720s] -- Installing: /home/hans/ros2/task1/install/p_action_interfaces/share/ament_index/resource_index/parent_prefix_path/p_action_interfaces
[3.720s] -- Installing: /home/hans/ros2/task1/install/p_action_interfaces/share/p_action_interfaces/environment/ament_prefix_path.sh
[3.720s] -- Installing: /home/hans/ros2/task1/install/p_action_interfaces/share/p_action_interfaces/environment/ament_prefix_path.dsv
[3.721s] -- Installing: /home/hans/ros2/task1/install/p_action_interfaces/share/p_action_interfaces/environment/path.sh
[3.721s] -- Installing: /home/hans/ros2/task1/install/p_action_interfaces/share/p_action_interfaces/environment/path.dsv
[3.721s] -- Installing: /home/hans/ros2/task1/install/p_action_interfaces/share/p_action_interfaces/local_setup.bash
[3.721s] -- Installing: /home/hans/ros2/task1/install/p_action_interfaces/share/p_action_interfaces/local_setup.sh
[3.721s] -- Installing: /home/hans/ros2/task1/install/p_action_interfaces/share/p_action_interfaces/local_setup.zsh
[3.721s] -- Installing: /home/hans/ros2/task1/install/p_action_interfaces/share/p_action_interfaces/local_setup.dsv
[3.722s] -- Up-to-date: /home/hans/ros2/task1/install/p_action_interfaces/share/p_action_interfaces/package.dsv
[3.722s] -- Installing: /home/hans/ros2/task1/install/p_action_interfaces/share/ament_index/resource_index/packages/p_action_interfaces
[3.722s] -- Installing: /home/hans/ros2/task1/install/p_action_interfaces/share/p_action_interfaces/cmake/export_p_action_interfaces__rosidl_generator_cExport.cmake
[3.722s] -- Installing: /home/hans/ros2/task1/install/p_action_interfaces/share/p_action_interfaces/cmake/export_p_action_interfaces__rosidl_generator_cExport-noconfig.cmake
[3.722s] -- Installing: /home/hans/ros2/task1/install/p_action_interfaces/share/p_action_interfaces/cmake/export_p_action_interfaces__rosidl_typesupport_fastrtps_cExport.cmake
[3.722s] -- Installing: /home/hans/ros2/task1/install/p_action_interfaces/share/p_action_interfaces/cmake/export_p_action_interfaces__rosidl_typesupport_fastrtps_cExport-noconfig.cmake
[3.723s] -- Installing: /home/hans/ros2/task1/install/p_action_interfaces/share/p_action_interfaces/cmake/export_p_action_interfaces__rosidl_generator_cppExport.cmake
[3.723s] -- Installing: /home/hans/ros2/task1/install/p_action_interfaces/share/p_action_interfaces/cmake/export_p_action_interfaces__rosidl_typesupport_fastrtps_cppExport.cmake
[3.723s] -- Installing: /home/hans/ros2/task1/install/p_action_interfaces/share/p_action_interfaces/cmake/export_p_action_interfaces__rosidl_typesupport_fastrtps_cppExport-noconfig.cmake
[3.723s] -- Installing: /home/hans/ros2/task1/install/p_action_interfaces/share/p_action_interfaces/cmake/p_action_interfaces__rosidl_typesupport_introspection_cExport.cmake
[3.723s] -- Installing: /home/hans/ros2/task1/install/p_action_interfaces/share/p_action_interfaces/cmake/p_action_interfaces__rosidl_typesupport_introspection_cExport-noconfig.cmake
[3.723s] -- Installing: /home/hans/ros2/task1/install/p_action_interfaces/share/p_action_interfaces/cmake/p_action_interfaces__rosidl_typesupport_cExport.cmake
[3.724s] -- Installing: /home/hans/ros2/task1/install/p_action_interfaces/share/p_action_interfaces/cmake/p_action_interfaces__rosidl_typesupport_cExport-noconfig.cmake
[3.724s] -- Installing: /home/hans/ros2/task1/install/p_action_interfaces/share/p_action_interfaces/cmake/p_action_interfaces__rosidl_typesupport_introspection_cppExport.cmake
[3.724s] -- Installing: /home/hans/ros2/task1/install/p_action_interfaces/share/p_action_interfaces/cmake/p_action_interfaces__rosidl_typesupport_introspection_cppExport-noconfig.cmake
[3.724s] -- Installing: /home/hans/ros2/task1/install/p_action_interfaces/share/p_action_interfaces/cmake/p_action_interfaces__rosidl_typesupport_cppExport.cmake
[3.724s] -- Installing: /home/hans/ros2/task1/install/p_action_interfaces/share/p_action_interfaces/cmake/p_action_interfaces__rosidl_typesupport_cppExport-noconfig.cmake
[3.724s] -- Installing: /home/hans/ros2/task1/install/p_action_interfaces/share/p_action_interfaces/cmake/export_p_action_interfaces__rosidl_generator_pyExport.cmake
[3.725s] -- Installing: /home/hans/ros2/task1/install/p_action_interfaces/share/p_action_interfaces/cmake/export_p_action_interfaces__rosidl_generator_pyExport-noconfig.cmake
[3.725s] -- Installing: /home/hans/ros2/task1/install/p_action_interfaces/share/p_action_interfaces/cmake/rosidl_cmake-extras.cmake
[3.725s] -- Installing: /home/hans/ros2/task1/install/p_action_interfaces/share/p_action_interfaces/cmake/ament_cmake_export_dependencies-extras.cmake
[3.725s] -- Installing: /home/hans/ros2/task1/install/p_action_interfaces/share/p_action_interfaces/cmake/ament_cmake_export_include_directories-extras.cmake
[3.725s] -- Installing: /home/hans/ros2/task1/install/p_action_interfaces/share/p_action_interfaces/cmake/ament_cmake_export_libraries-extras.cmake
[3.725s] -- Installing: /home/hans/ros2/task1/install/p_action_interfaces/share/p_action_interfaces/cmake/ament_cmake_export_targets-extras.cmake
[3.726s] -- Installing: /home/hans/ros2/task1/install/p_action_interfaces/share/p_action_interfaces/cmake/rosidl_cmake_export_typesupport_targets-extras.cmake
[3.726s] -- Installing: /home/hans/ros2/task1/install/p_action_interfaces/share/p_action_interfaces/cmake/rosidl_cmake_export_typesupport_libraries-extras.cmake
[3.726s] -- Installing: /home/hans/ros2/task1/install/p_action_interfaces/share/p_action_interfaces/cmake/p_action_interfacesConfig.cmake
[3.726s] -- Installing: /home/hans/ros2/task1/install/p_action_interfaces/share/p_action_interfaces/cmake/p_action_interfacesConfig-version.cmake
[3.726s] -- Installing: /home/hans/ros2/task1/install/p_action_interfaces/share/p_action_interfaces/package.xml
[3.729s] Invoked command in '/home/hans/ros2/task1/build/p_action_interfaces' returned '0': CMAKE_PREFIX_PATH=${CMAKE_PREFIX_PATH}:/home/hans/ros2/task1/install/ttbot_square:/home/hans/ros2/task1/install/ping_sonar_ros:/home/hans/ros2/task1/install/p_controller:/home/hans/ros2/task1/install/autonomous_rov:/opt/ros/humble /usr/bin/cmake --install /home/hans/ros2/task1/build/p_action_interfaces
