/home/hans/ros2/task1/install/ttbot_square/lib/python3.10/site-packages/ttbot_square/square_controller.py
/home/hans/ros2/task1/install/ttbot_square/lib/python3.10/site-packages/ttbot_square/controller_sub.py
/home/hans/ros2/task1/install/ttbot_square/lib/python3.10/site-packages/ttbot_square/sq_cont2.py
/home/hans/ros2/task1/install/ttbot_square/lib/python3.10/site-packages/ttbot_square/__init__.py
/home/hans/ros2/task1/install/ttbot_square/lib/python3.10/site-packages/ttbot_square/circ_cont.py
/home/hans/ros2/task1/install/ttbot_square/lib/python3.10/site-packages/ttbot_square/__pycache__/square_controller.cpython-310.pyc
/home/hans/ros2/task1/install/ttbot_square/lib/python3.10/site-packages/ttbot_square/__pycache__/controller_sub.cpython-310.pyc
/home/hans/ros2/task1/install/ttbot_square/lib/python3.10/site-packages/ttbot_square/__pycache__/sq_cont2.cpython-310.pyc
/home/hans/ros2/task1/install/ttbot_square/lib/python3.10/site-packages/ttbot_square/__pycache__/__init__.cpython-310.pyc
/home/hans/ros2/task1/install/ttbot_square/lib/python3.10/site-packages/ttbot_square/__pycache__/circ_cont.cpython-310.pyc
/home/hans/ros2/task1/install/ttbot_square/share/ament_index/resource_index/packages/ttbot_square
/home/hans/ros2/task1/install/ttbot_square/share/ttbot_square/package.xml
/home/hans/ros2/task1/install/ttbot_square/lib/python3.10/site-packages/ttbot_square-0.0.0-py3.10.egg-info/SOURCES.txt
/home/hans/ros2/task1/install/ttbot_square/lib/python3.10/site-packages/ttbot_square-0.0.0-py3.10.egg-info/top_level.txt
/home/hans/ros2/task1/install/ttbot_square/lib/python3.10/site-packages/ttbot_square-0.0.0-py3.10.egg-info/dependency_links.txt
/home/hans/ros2/task1/install/ttbot_square/lib/python3.10/site-packages/ttbot_square-0.0.0-py3.10.egg-info/requires.txt
/home/hans/ros2/task1/install/ttbot_square/lib/python3.10/site-packages/ttbot_square-0.0.0-py3.10.egg-info/entry_points.txt
/home/hans/ros2/task1/install/ttbot_square/lib/python3.10/site-packages/ttbot_square-0.0.0-py3.10.egg-info/PKG-INFO
/home/hans/ros2/task1/install/ttbot_square/lib/python3.10/site-packages/ttbot_square-0.0.0-py3.10.egg-info/zip-safe
/home/hans/ros2/task1/install/ttbot_square/lib/ttbot_square/circle_controller
/home/hans/ros2/task1/install/ttbot_square/lib/ttbot_square/square_abin
/home/hans/ros2/task1/install/ttbot_square/lib/ttbot_square/square_controller_node
