running egg_info
creating ../build/p_controller/p_controller.egg-info
writing ../build/p_controller/p_controller.egg-info/PKG-INFO
writing dependency_links to ../build/p_controller/p_controller.egg-info/dependency_links.txt
writing entry points to ../build/p_controller/p_controller.egg-info/entry_points.txt
writing requirements to ../build/p_controller/p_controller.egg-info/requires.txt
writing top-level names to ../build/p_controller/p_controller.egg-info/top_level.txt
writing manifest file '../build/p_controller/p_controller.egg-info/SOURCES.txt'
reading manifest file '../build/p_controller/p_controller.egg-info/SOURCES.txt'
writing manifest file '../build/p_controller/p_controller.egg-info/SOURCES.txt'
running build
running build_py
creating /home/hans/ros2/task1/src/build/p_controller/build
creating /home/hans/ros2/task1/src/build/p_controller/build/lib
creating /home/hans/ros2/task1/src/build/p_controller/build/lib/p_controller
copying p_controller/controller_subscriber.py -> /home/hans/ros2/task1/src/build/p_controller/build/lib/p_controller
copying p_controller/circle_controller.py -> /home/hans/ros2/task1/src/build/p_controller/build/lib/p_controller
copying p_controller/__init__.py -> /home/hans/ros2/task1/src/build/p_controller/build/lib/p_controller
running install
running install_lib
creating /home/hans/ros2/task1/src/install/p_controller/lib/python3.10/site-packages/p_controller
copying /home/hans/ros2/task1/src/build/p_controller/build/lib/p_controller/controller_subscriber.py -> /home/hans/ros2/task1/src/install/p_controller/lib/python3.10/site-packages/p_controller
copying /home/hans/ros2/task1/src/build/p_controller/build/lib/p_controller/circle_controller.py -> /home/hans/ros2/task1/src/install/p_controller/lib/python3.10/site-packages/p_controller
copying /home/hans/ros2/task1/src/build/p_controller/build/lib/p_controller/__init__.py -> /home/hans/ros2/task1/src/install/p_controller/lib/python3.10/site-packages/p_controller
byte-compiling /home/hans/ros2/task1/src/install/p_controller/lib/python3.10/site-packages/p_controller/controller_subscriber.py to controller_subscriber.cpython-310.pyc
byte-compiling /home/hans/ros2/task1/src/install/p_controller/lib/python3.10/site-packages/p_controller/circle_controller.py to circle_controller.cpython-310.pyc
byte-compiling /home/hans/ros2/task1/src/install/p_controller/lib/python3.10/site-packages/p_controller/__init__.py to __init__.cpython-310.pyc
running install_data
creating /home/hans/ros2/task1/src/install/p_controller/share/ament_index
creating /home/hans/ros2/task1/src/install/p_controller/share/ament_index/resource_index
creating /home/hans/ros2/task1/src/install/p_controller/share/ament_index/resource_index/packages
copying resource/p_controller -> /home/hans/ros2/task1/src/install/p_controller/share/ament_index/resource_index/packages
copying package.xml -> /home/hans/ros2/task1/src/install/p_controller/share/p_controller
running install_egg_info
Copying ../build/p_controller/p_controller.egg-info to /home/hans/ros2/task1/src/install/p_controller/lib/python3.10/site-packages/p_controller-0.0.0-py3.10.egg-info
running install_scripts
Installing circle_controller script to /home/hans/ros2/task1/src/install/p_controller/lib/p_controller
Installing controller_sub script to /home/hans/ros2/task1/src/install/p_controller/lib/p_controller
writing list of installed files to '/home/hans/ros2/task1/src/build/p_controller/install.log'
