[1.767s] Invoking command in '/home/hans/ros2/task1/src/autonomous_rov': PYTHONPATH=/home/hans/ros2/task1/build/autonomous_rov/prefix_override:/usr/lib/python3/dist-packages/colcon_core/task/python/colcon_distutils_commands:/home/hans/ros2/task1/install/autonomous_rov/lib/python3.10/site-packages:${PYTHONPATH} /usr/bin/python3 -W ignore:setup.py install is deprecated -W ignore:easy_install command is deprecated setup.py egg_info --egg-base ../../build/autonomous_rov build --build-base /home/hans/ros2/task1/build/autonomous_rov/build install --record /home/hans/ros2/task1/build/autonomous_rov/install.log --single-version-externally-managed install_data
[2.112s] running egg_info
[2.113s] writing ../../build/autonomous_rov/autonomous_rov.egg-info/PKG-INFO
[2.113s] writing dependency_links to ../../build/autonomous_rov/autonomous_rov.egg-info/dependency_links.txt
[2.113s] writing entry points to ../../build/autonomous_rov/autonomous_rov.egg-info/entry_points.txt
[2.113s] writing requirements to ../../build/autonomous_rov/autonomous_rov.egg-info/requires.txt
[2.114s] writing top-level names to ../../build/autonomous_rov/autonomous_rov.egg-info/top_level.txt
[2.116s] reading manifest file '../../build/autonomous_rov/autonomous_rov.egg-info/SOURCES.txt'
[2.118s] writing manifest file '../../build/autonomous_rov/autonomous_rov.egg-info/SOURCES.txt'
[2.118s] running build
[2.118s] running build_py
[2.119s] running install
[2.119s] running install_lib
[2.121s] running install_data
[2.121s] running install_egg_info
[2.125s] removing '/home/hans/ros2/task1/install/autonomous_rov/lib/python3.10/site-packages/autonomous_rov-0.0.0-py3.10.egg-info' (and everything under it)
[2.125s] Copying ../../build/autonomous_rov/autonomous_rov.egg-info to /home/hans/ros2/task1/install/autonomous_rov/lib/python3.10/site-packages/autonomous_rov-0.0.0-py3.10.egg-info
[2.126s] running install_scripts
[2.154s] Installing image_processing_tracker script to /home/hans/ros2/task1/install/autonomous_rov/lib/autonomous_rov
[2.155s] Installing listenerMIR script to /home/hans/ros2/task1/install/autonomous_rov/lib/autonomous_rov
[2.155s] Installing pinger_node script to /home/hans/ros2/task1/install/autonomous_rov/lib/autonomous_rov
[2.155s] Installing video script to /home/hans/ros2/task1/install/autonomous_rov/lib/autonomous_rov
[2.156s] writing list of installed files to '/home/hans/ros2/task1/build/autonomous_rov/install.log'
[2.190s] Invoked command in '/home/hans/ros2/task1/src/autonomous_rov' returned '0': PYTHONPATH=/home/hans/ros2/task1/build/autonomous_rov/prefix_override:/usr/lib/python3/dist-packages/colcon_core/task/python/colcon_distutils_commands:/home/hans/ros2/task1/install/autonomous_rov/lib/python3.10/site-packages:${PYTHONPATH} /usr/bin/python3 -W ignore:setup.py install is deprecated -W ignore:easy_install command is deprecated setup.py egg_info --egg-base ../../build/autonomous_rov build --build-base /home/hans/ros2/task1/build/autonomous_rov/build install --record /home/hans/ros2/task1/build/autonomous_rov/install.log --single-version-externally-managed install_data
