[2.147s] Invoking command in '/home/hans/ros2/task1/src/ping_sonar_ros-master': PYTHONPATH=/home/hans/ros2/task1/src/build/ping_sonar_ros/prefix_override:/usr/lib/python3/dist-packages/colcon_core/task/python/colcon_distutils_commands:/home/hans/ros2/task1/src/install/ping_sonar_ros/lib/python3.10/site-packages:${PYTHONPATH} /usr/bin/python3 -W ignore:setup.py install is deprecated -W ignore:easy_install command is deprecated setup.py egg_info --egg-base ../build/ping_sonar_ros build --build-base /home/hans/ros2/task1/src/build/ping_sonar_ros/build install --record /home/hans/ros2/task1/src/build/ping_sonar_ros/install.log --single-version-externally-managed install_data
[2.667s] running egg_info
[2.671s] creating ../build/ping_sonar_ros/ping_sonar_ros.egg-info
[2.672s] writing ../build/ping_sonar_ros/ping_sonar_ros.egg-info/PKG-INFO
[2.672s] writing dependency_links to ../build/ping_sonar_ros/ping_sonar_ros.egg-info/dependency_links.txt
[2.672s] writing entry points to ../build/ping_sonar_ros/ping_sonar_ros.egg-info/entry_points.txt
[2.672s] writing requirements to ../build/ping_sonar_ros/ping_sonar_ros.egg-info/requires.txt
[2.672s] writing top-level names to ../build/ping_sonar_ros/ping_sonar_ros.egg-info/top_level.txt
[2.674s] writing manifest file '../build/ping_sonar_ros/ping_sonar_ros.egg-info/SOURCES.txt'
[2.675s] reading manifest file '../build/ping_sonar_ros/ping_sonar_ros.egg-info/SOURCES.txt'
[2.678s] adding license file 'LICENSE'
[2.678s] writing manifest file '../build/ping_sonar_ros/ping_sonar_ros.egg-info/SOURCES.txt'
[2.681s] running build
[2.681s] running build_py
[2.682s] creating /home/hans/ros2/task1/src/build/ping_sonar_ros/build
[2.682s] creating /home/hans/ros2/task1/src/build/ping_sonar_ros/build/lib
[2.682s] creating /home/hans/ros2/task1/src/build/ping_sonar_ros/build/lib/ping_sonar_ros
[2.685s] copying ping_sonar_ros/range_pub_component.py -> /home/hans/ros2/task1/src/build/ping_sonar_ros/build/lib/ping_sonar_ros
[2.685s] copying ping_sonar_ros/ping1d_component.py -> /home/hans/ros2/task1/src/build/ping_sonar_ros/build/lib/ping_sonar_ros
[2.686s] copying ping_sonar_ros/__init__.py -> /home/hans/ros2/task1/src/build/ping_sonar_ros/build/lib/ping_sonar_ros
[2.686s] copying ping_sonar_ros/range_pub_node.py -> /home/hans/ros2/task1/src/build/ping_sonar_ros/build/lib/ping_sonar_ros
[2.686s] copying ping_sonar_ros/ping1d_node.py -> /home/hans/ros2/task1/src/build/ping_sonar_ros/build/lib/ping_sonar_ros
[2.687s] creating /home/hans/ros2/task1/src/build/ping_sonar_ros/build/lib/ping_sonar_ros/ping-python
[2.687s] creating /home/hans/ros2/task1/src/build/ping_sonar_ros/build/lib/ping_sonar_ros/ping-python/brping
[2.687s] copying ping_sonar_ros/ping-python/brping/ping360.py -> /home/hans/ros2/task1/src/build/ping_sonar_ros/build/lib/ping_sonar_ros/ping-python/brping
[2.687s] copying ping_sonar_ros/ping-python/brping/device.py -> /home/hans/ros2/task1/src/build/ping_sonar_ros/build/lib/ping_sonar_ros/ping-python/brping
[2.688s] copying ping_sonar_ros/ping-python/brping/ping1d.py -> /home/hans/ros2/task1/src/build/ping_sonar_ros/build/lib/ping_sonar_ros/ping-python/brping
[2.689s] copying ping_sonar_ros/ping-python/brping/definitions.py -> /home/hans/ros2/task1/src/build/ping_sonar_ros/build/lib/ping_sonar_ros/ping-python/brping
[2.689s] copying ping_sonar_ros/ping-python/brping/__init__.py -> /home/hans/ros2/task1/src/build/ping_sonar_ros/build/lib/ping_sonar_ros/ping-python/brping
[2.689s] copying ping_sonar_ros/ping-python/brping/pingmessage.py -> /home/hans/ros2/task1/src/build/ping_sonar_ros/build/lib/ping_sonar_ros/ping-python/brping
[2.690s] running install
[2.691s] running install_lib
[2.692s] creating /home/hans/ros2/task1/src/install/ping_sonar_ros/lib/python3.10/site-packages/ping_sonar_ros
[2.692s] copying /home/hans/ros2/task1/src/build/ping_sonar_ros/build/lib/ping_sonar_ros/range_pub_component.py -> /home/hans/ros2/task1/src/install/ping_sonar_ros/lib/python3.10/site-packages/ping_sonar_ros
[2.692s] creating /home/hans/ros2/task1/src/install/ping_sonar_ros/lib/python3.10/site-packages/ping_sonar_ros/ping-python
[2.692s] creating /home/hans/ros2/task1/src/install/ping_sonar_ros/lib/python3.10/site-packages/ping_sonar_ros/ping-python/brping
[2.692s] copying /home/hans/ros2/task1/src/build/ping_sonar_ros/build/lib/ping_sonar_ros/ping-python/brping/ping360.py -> /home/hans/ros2/task1/src/install/ping_sonar_ros/lib/python3.10/site-packages/ping_sonar_ros/ping-python/brping
[2.692s] copying /home/hans/ros2/task1/src/build/ping_sonar_ros/build/lib/ping_sonar_ros/ping-python/brping/device.py -> /home/hans/ros2/task1/src/install/ping_sonar_ros/lib/python3.10/site-packages/ping_sonar_ros/ping-python/brping
[2.693s] copying /home/hans/ros2/task1/src/build/ping_sonar_ros/build/lib/ping_sonar_ros/ping-python/brping/ping1d.py -> /home/hans/ros2/task1/src/install/ping_sonar_ros/lib/python3.10/site-packages/ping_sonar_ros/ping-python/brping
[2.693s] copying /home/hans/ros2/task1/src/build/ping_sonar_ros/build/lib/ping_sonar_ros/ping-python/brping/definitions.py -> /home/hans/ros2/task1/src/install/ping_sonar_ros/lib/python3.10/site-packages/ping_sonar_ros/ping-python/brping
[2.693s] copying /home/hans/ros2/task1/src/build/ping_sonar_ros/build/lib/ping_sonar_ros/ping-python/brping/__init__.py -> /home/hans/ros2/task1/src/install/ping_sonar_ros/lib/python3.10/site-packages/ping_sonar_ros/ping-python/brping
[2.693s] copying /home/hans/ros2/task1/src/build/ping_sonar_ros/build/lib/ping_sonar_ros/ping-python/brping/pingmessage.py -> /home/hans/ros2/task1/src/install/ping_sonar_ros/lib/python3.10/site-packages/ping_sonar_ros/ping-python/brping
[2.693s] copying /home/hans/ros2/task1/src/build/ping_sonar_ros/build/lib/ping_sonar_ros/ping1d_component.py -> /home/hans/ros2/task1/src/install/ping_sonar_ros/lib/python3.10/site-packages/ping_sonar_ros
[2.693s] copying /home/hans/ros2/task1/src/build/ping_sonar_ros/build/lib/ping_sonar_ros/__init__.py -> /home/hans/ros2/task1/src/install/ping_sonar_ros/lib/python3.10/site-packages/ping_sonar_ros
[2.694s] copying /home/hans/ros2/task1/src/build/ping_sonar_ros/build/lib/ping_sonar_ros/range_pub_node.py -> /home/hans/ros2/task1/src/install/ping_sonar_ros/lib/python3.10/site-packages/ping_sonar_ros
[2.694s] copying /home/hans/ros2/task1/src/build/ping_sonar_ros/build/lib/ping_sonar_ros/ping1d_node.py -> /home/hans/ros2/task1/src/install/ping_sonar_ros/lib/python3.10/site-packages/ping_sonar_ros
[2.694s] byte-compiling /home/hans/ros2/task1/src/install/ping_sonar_ros/lib/python3.10/site-packages/ping_sonar_ros/range_pub_component.py to range_pub_component.cpython-310.pyc
[2.694s] byte-compiling /home/hans/ros2/task1/src/install/ping_sonar_ros/lib/python3.10/site-packages/ping_sonar_ros/ping-python/brping/ping360.py to ping360.cpython-310.pyc
[2.697s] byte-compiling /home/hans/ros2/task1/src/install/ping_sonar_ros/lib/python3.10/site-packages/ping_sonar_ros/ping-python/brping/device.py to device.cpython-310.pyc
[2.700s] byte-compiling /home/hans/ros2/task1/src/install/ping_sonar_ros/lib/python3.10/site-packages/ping_sonar_ros/ping-python/brping/ping1d.py to ping1d.cpython-310.pyc
[2.702s] byte-compiling /home/hans/ros2/task1/src/install/ping_sonar_ros/lib/python3.10/site-packages/ping_sonar_ros/ping-python/brping/definitions.py to definitions.cpython-310.pyc
[2.705s] byte-compiling /home/hans/ros2/task1/src/install/ping_sonar_ros/lib/python3.10/site-packages/ping_sonar_ros/ping-python/brping/__init__.py to __init__.cpython-310.pyc
[2.705s] byte-compiling /home/hans/ros2/task1/src/install/ping_sonar_ros/lib/python3.10/site-packages/ping_sonar_ros/ping-python/brping/pingmessage.py to pingmessage.cpython-310.pyc
[2.706s] byte-compiling /home/hans/ros2/task1/src/install/ping_sonar_ros/lib/python3.10/site-packages/ping_sonar_ros/ping1d_component.py to ping1d_component.cpython-310.pyc
[2.707s] byte-compiling /home/hans/ros2/task1/src/install/ping_sonar_ros/lib/python3.10/site-packages/ping_sonar_ros/__init__.py to __init__.cpython-310.pyc
[2.707s] byte-compiling /home/hans/ros2/task1/src/install/ping_sonar_ros/lib/python3.10/site-packages/ping_sonar_ros/range_pub_node.py to range_pub_node.cpython-310.pyc
[2.707s] byte-compiling /home/hans/ros2/task1/src/install/ping_sonar_ros/lib/python3.10/site-packages/ping_sonar_ros/ping1d_node.py to ping1d_node.cpython-310.pyc
[2.707s] running install_data
[2.707s] creating /home/hans/ros2/task1/src/install/ping_sonar_ros/share/ament_index
[2.708s] creating /home/hans/ros2/task1/src/install/ping_sonar_ros/share/ament_index/resource_index
[2.708s] creating /home/hans/ros2/task1/src/install/ping_sonar_ros/share/ament_index/resource_index/packages
[2.708s] copying resource/ping_sonar_ros -> /home/hans/ros2/task1/src/install/ping_sonar_ros/share/ament_index/resource_index/packages
[2.708s] copying package.xml -> /home/hans/ros2/task1/src/install/ping_sonar_ros/share/ping_sonar_ros
[2.708s] creating /home/hans/ros2/task1/src/install/ping_sonar_ros/share/ping_sonar_ros/launch
[2.708s] copying launch/run_pinger.launch -> /home/hans/ros2/task1/src/install/ping_sonar_ros/share/ping_sonar_ros/launch/
[2.708s] copying launch/ping_sonar.launch.py -> /home/hans/ros2/task1/src/install/ping_sonar_ros/share/ping_sonar_ros/launch/
[2.708s] creating /home/hans/ros2/task1/src/install/ping_sonar_ros/share/ping_sonar_ros/rviz
[2.709s] copying rviz/ping_sonar.rviz -> /home/hans/ros2/task1/src/install/ping_sonar_ros/share/ping_sonar_ros/rviz/
[2.709s] running install_egg_info
[2.711s] Copying ../build/ping_sonar_ros/ping_sonar_ros.egg-info to /home/hans/ros2/task1/src/install/ping_sonar_ros/lib/python3.10/site-packages/ping_sonar_ros-0.0.0-py3.10.egg-info
[2.712s] running install_scripts
[2.759s] Installing ping1d_node script to /home/hans/ros2/task1/src/install/ping_sonar_ros/lib/ping_sonar_ros
[2.759s] Installing range_node script to /home/hans/ros2/task1/src/install/ping_sonar_ros/lib/ping_sonar_ros
[2.760s] writing list of installed files to '/home/hans/ros2/task1/src/build/ping_sonar_ros/install.log'
[2.844s] Invoked command in '/home/hans/ros2/task1/src/ping_sonar_ros-master' returned '0': PYTHONPATH=/home/hans/ros2/task1/src/build/ping_sonar_ros/prefix_override:/usr/lib/python3/dist-packages/colcon_core/task/python/colcon_distutils_commands:/home/hans/ros2/task1/src/install/ping_sonar_ros/lib/python3.10/site-packages:${PYTHONPATH} /usr/bin/python3 -W ignore:setup.py install is deprecated -W ignore:easy_install command is deprecated setup.py egg_info --egg-base ../build/ping_sonar_ros build --build-base /home/hans/ros2/task1/src/build/ping_sonar_ros/build install --record /home/hans/ros2/task1/src/build/ping_sonar_ros/install.log --single-version-externally-managed install_data
