[1.650s] Invoking command in '/home/hans/ros2/task1/src/p_controller': PYTHONPATH=/home/hans/ros2/task1/build/p_controller/prefix_override:/usr/lib/python3/dist-packages/colcon_core/task/python/colcon_distutils_commands:/home/hans/ros2/task1/install/p_controller/lib/python3.10/site-packages:${PYTHONPATH} /usr/bin/python3 -W ignore:setup.py install is deprecated -W ignore:easy_install command is deprecated setup.py egg_info --egg-base ../../build/p_controller build --build-base /home/hans/ros2/task1/build/p_controller/build install --record /home/hans/ros2/task1/build/p_controller/install.log --single-version-externally-managed install_data
[2.164s] running egg_info
[2.165s] writing ../../build/p_controller/p_controller.egg-info/PKG-INFO
[2.166s] writing dependency_links to ../../build/p_controller/p_controller.egg-info/dependency_links.txt
[2.166s] writing entry points to ../../build/p_controller/p_controller.egg-info/entry_points.txt
[2.166s] writing requirements to ../../build/p_controller/p_controller.egg-info/requires.txt
[2.166s] writing top-level names to ../../build/p_controller/p_controller.egg-info/top_level.txt
[2.170s] reading manifest file '../../build/p_controller/p_controller.egg-info/SOURCES.txt'
[2.171s] writing manifest file '../../build/p_controller/p_controller.egg-info/SOURCES.txt'
[2.171s] running build
[2.171s] running build_py
[2.172s] running install
[2.172s] running install_lib
[2.176s] running install_data
[2.176s] running install_egg_info
[2.180s] removing '/home/hans/ros2/task1/install/p_controller/lib/python3.10/site-packages/p_controller-0.0.0-py3.10.egg-info' (and everything under it)
[2.180s] Copying ../../build/p_controller/p_controller.egg-info to /home/hans/ros2/task1/install/p_controller/lib/python3.10/site-packages/p_controller-0.0.0-py3.10.egg-info
[2.182s] running install_scripts
[2.224s] Installing circle_controller script to /home/hans/ros2/task1/install/p_controller/lib/p_controller
[2.224s] Installing controller_sub script to /home/hans/ros2/task1/install/p_controller/lib/p_controller
[2.225s] writing list of installed files to '/home/hans/ros2/task1/build/p_controller/install.log'
[2.271s] Invoked command in '/home/hans/ros2/task1/src/p_controller' returned '0': PYTHONPATH=/home/hans/ros2/task1/build/p_controller/prefix_override:/usr/lib/python3/dist-packages/colcon_core/task/python/colcon_distutils_commands:/home/hans/ros2/task1/install/p_controller/lib/python3.10/site-packages:${PYTHONPATH} /usr/bin/python3 -W ignore:setup.py install is deprecated -W ignore:easy_install command is deprecated setup.py egg_info --egg-base ../../build/p_controller build --build-base /home/hans/ros2/task1/build/p_controller/build install --record /home/hans/ros2/task1/build/p_controller/install.log --single-version-externally-managed install_data
