[0.028s] Invoking command in '/home/hans/ros2/task1/build/p_interfaces': CMAKE_PREFIX_PATH=${CMAKE_PREFIX_PATH}:/home/hans/ros2/install/ttbot_square:/home/hans/ros2/task1/install/ttbot_square:/opt/ros/humble /usr/bin/cmake /home/hans/ros2/task1/src/p_interfaces -DCMAKE_INSTALL_PREFIX=/home/hans/ros2/task1/install/p_interfaces
[0.048s] -- Found ament_cmake: 1.3.11 (/opt/ros/humble/share/ament_cmake/cmake)
[0.256s] -- Override CMake install command with custom implementation using symlinks instead of copying resources
[0.273s] -- Found geometry_msgs: 4.2.4 (/opt/ros/humble/share/geometry_msgs/cmake)
[0.323s] -- Found rosidl_generator_c: 3.1.6 (/opt/ros/humble/share/rosidl_generator_c/cmake)
[0.328s] -- Found rosidl_adapter: 3.1.6 (/opt/ros/humble/share/rosidl_adapter/cmake)
[0.341s] -- Found rosidl_generator_cpp: 3.1.6 (/opt/ros/humble/share/rosidl_generator_cpp/cmake)
[0.360s] -- Using all available rosidl_typesupport_c: rosidl_typesupport_fastrtps_c;rosidl_typesupport_introspection_c
[0.387s] -- Using all available rosidl_typesupport_cpp: rosidl_typesupport_fastrtps_cpp;rosidl_typesupport_introspection_cpp
[0.451s] -- Found rosidl_default_generators: 1.2.0 (/opt/ros/humble/share/rosidl_default_generators/cmake)
[0.923s] -- Found ament_cmake_ros: 0.10.0 (/opt/ros/humble/share/ament_cmake_ros/cmake)
[1.604s] -- Using all available rosidl_typesupport_c: rosidl_typesupport_fastrtps_c;rosidl_typesupport_introspection_c
[1.873s] -- Using all available rosidl_typesupport_cpp: rosidl_typesupport_fastrtps_cpp;rosidl_typesupport_introspection_cpp
[1.909s] -- Found python_cmake_module: 0.10.0 (/opt/ros/humble/share/python_cmake_module/cmake)
[1.947s] -- Using PYTHON_EXECUTABLE: /usr/bin/python3
[1.947s] -- Using PYTHON_INCLUDE_DIRS: /usr/include/python3.10
[1.947s] -- Using PYTHON_LIBRARIES: /usr/lib/x86_64-linux-gnu/libpython3.10.so
[2.015s] -- Found ament_lint_auto: 0.12.11 (/opt/ros/humble/share/ament_lint_auto/cmake)
[2.033s] -- Added test 'lint_cmake' to check CMake code style
[2.037s] -- Added test 'xmllint' to check XML markup files
[2.042s] -- Configuring done
[2.112s] -- Generating done
[2.134s] -- Build files have been written to: /home/hans/ros2/task1/build/p_interfaces
[2.146s] Invoked command in '/home/hans/ros2/task1/build/p_interfaces' returned '0': CMAKE_PREFIX_PATH=${CMAKE_PREFIX_PATH}:/home/hans/ros2/install/ttbot_square:/home/hans/ros2/task1/install/ttbot_square:/opt/ros/humble /usr/bin/cmake /home/hans/ros2/task1/src/p_interfaces -DCMAKE_INSTALL_PREFIX=/home/hans/ros2/task1/install/p_interfaces
[2.149s] Invoking command in '/home/hans/ros2/task1/build/p_interfaces': CMAKE_PREFIX_PATH=${CMAKE_PREFIX_PATH}:/home/hans/ros2/install/ttbot_square:/home/hans/ros2/task1/install/ttbot_square:/opt/ros/humble /usr/bin/cmake --build /home/hans/ros2/task1/build/p_interfaces -- -j8 -l8
[2.221s] [35m[1mConsolidate compiler generated dependencies of target p_interfaces__rosidl_generator_c[0m
[2.239s] [  2%] Built target p_interfaces__cpp
[2.245s] [ 12%] Built target p_interfaces__rosidl_generator_c
[2.258s] [ 12%] Built target ament_cmake_python_symlink_p_interfaces
[2.264s] [35m[1mConsolidate compiler generated dependencies of target p_interfaces__rosidl_typesupport_fastrtps_cpp[0m
[2.272s] [35m[1mConsolidate compiler generated dependencies of target p_interfaces__rosidl_typesupport_cpp[0m
[2.272s] [35m[1mConsolidate compiler generated dependencies of target p_interfaces__rosidl_typesupport_introspection_cpp[0m
[2.274s] [35m[1mConsolidate compiler generated dependencies of target p_interfaces__rosidl_typesupport_c[0m
[2.274s] [35m[1mConsolidate compiler generated dependencies of target p_interfaces__rosidl_typesupport_fastrtps_c[0m
[2.277s] [35m[1mConsolidate compiler generated dependencies of target p_interfaces__rosidl_typesupport_introspection_c[0m
[2.302s] [ 23%] Built target p_interfaces__rosidl_typesupport_cpp
[2.305s] [ 41%] Built target p_interfaces__rosidl_typesupport_fastrtps_cpp
[2.305s] [ 43%] Built target p_interfaces__rosidl_typesupport_c
[2.305s] [ 53%] Built target p_interfaces__rosidl_typesupport_introspection_cpp
[2.309s] [ 64%] Built target p_interfaces__rosidl_typesupport_introspection_c
[2.312s] [ 74%] Built target p_interfaces__rosidl_typesupport_fastrtps_c
[2.348s] [ 74%] Built target p_interfaces
[2.384s] [ 76%] Built target p_interfaces__py
[2.404s] [35m[1mConsolidate compiler generated dependencies of target p_interfaces__rosidl_generator_py[0m
[2.428s] [ 84%] Built target p_interfaces__rosidl_generator_py
[2.448s] [35m[1mConsolidate compiler generated dependencies of target p_interfaces__rosidl_typesupport_introspection_c__pyext[0m
[2.448s] [35m[1mConsolidate compiler generated dependencies of target p_interfaces__rosidl_typesupport_c__pyext[0m
[2.454s] [35m[1mConsolidate compiler generated dependencies of target p_interfaces__rosidl_typesupport_fastrtps_c__pyext[0m
[2.473s] [ 89%] Built target p_interfaces__rosidl_typesupport_c__pyext
[2.474s] [ 94%] Built target p_interfaces__rosidl_typesupport_introspection_c__pyext
[2.487s] [100%] Built target p_interfaces__rosidl_typesupport_fastrtps_c__pyext
[2.703s] running egg_info
[2.705s] writing p_interfaces.egg-info/PKG-INFO
[2.705s] writing dependency_links to p_interfaces.egg-info/dependency_links.txt
[2.705s] writing top-level names to p_interfaces.egg-info/top_level.txt
[2.709s] reading manifest file 'p_interfaces.egg-info/SOURCES.txt'
[2.710s] writing manifest file 'p_interfaces.egg-info/SOURCES.txt'
[2.747s] [100%] Built target ament_cmake_python_build_p_interfaces_egg
[2.767s] Invoked command in '/home/hans/ros2/task1/build/p_interfaces' returned '0': CMAKE_PREFIX_PATH=${CMAKE_PREFIX_PATH}:/home/hans/ros2/install/ttbot_square:/home/hans/ros2/task1/install/ttbot_square:/opt/ros/humble /usr/bin/cmake --build /home/hans/ros2/task1/build/p_interfaces -- -j8 -l8
[2.783s] Invoking command in '/home/hans/ros2/task1/build/p_interfaces': CMAKE_PREFIX_PATH=${CMAKE_PREFIX_PATH}:/home/hans/ros2/install/ttbot_square:/home/hans/ros2/task1/install/ttbot_square:/opt/ros/humble /usr/bin/cmake --install /home/hans/ros2/task1/build/p_interfaces
[2.795s] -- Install configuration: ""
[2.796s] -- Execute custom install script
[2.796s] -- Up-to-date symlink: /home/hans/ros2/task1/install/p_interfaces/share/ament_index/resource_index/rosidl_interfaces/p_interfaces
[2.797s] -- Up-to-date symlink: /home/hans/ros2/task1/install/p_interfaces/include/p_interfaces/p_interfaces/msg/detail/num__functions.h
[2.798s] -- Up-to-date symlink: /home/hans/ros2/task1/install/p_interfaces/include/p_interfaces/p_interfaces/msg/detail/num__struct.h
[2.798s] -- Up-to-date symlink: /home/hans/ros2/task1/install/p_interfaces/include/p_interfaces/p_interfaces/msg/detail/num__type_support.h
[2.799s] -- Up-to-date symlink: /home/hans/ros2/task1/install/p_interfaces/include/p_interfaces/p_interfaces/msg/num.h
[2.799s] -- Up-to-date symlink: /home/hans/ros2/task1/install/p_interfaces/include/p_interfaces/p_interfaces/msg/rosidl_generator_c__visibility_control.h
[2.799s] -- Up-to-date symlink: /home/hans/ros2/task1/install/p_interfaces/include/p_interfaces/p_interfaces/srv/change_radius.h
[2.800s] -- Up-to-date symlink: /home/hans/ros2/task1/install/p_interfaces/include/p_interfaces/p_interfaces/srv/detail/change_radius__functions.h
[2.800s] -- Up-to-date symlink: /home/hans/ros2/task1/install/p_interfaces/include/p_interfaces/p_interfaces/srv/detail/change_radius__struct.h
[2.801s] -- Up-to-date symlink: /home/hans/ros2/task1/install/p_interfaces/include/p_interfaces/p_interfaces/srv/detail/change_radius__type_support.h
[2.801s] -- Up-to-date symlink: /home/hans/ros2/task1/install/p_interfaces/share/p_interfaces/environment/library_path.sh
[2.802s] -- Up-to-date symlink: /home/hans/ros2/task1/install/p_interfaces/share/p_interfaces/environment/library_path.dsv
[2.803s] -- Up-to-date symlink: /home/hans/ros2/task1/install/p_interfaces/include/p_interfaces/p_interfaces/msg/detail/num__rosidl_typesupport_fastrtps_c.h
[2.803s] -- Up-to-date symlink: /home/hans/ros2/task1/install/p_interfaces/include/p_interfaces/p_interfaces/msg/rosidl_typesupport_fastrtps_c__visibility_control.h
[2.804s] -- Up-to-date symlink: /home/hans/ros2/task1/install/p_interfaces/include/p_interfaces/p_interfaces/srv/detail/change_radius__rosidl_typesupport_fastrtps_c.h
[2.804s] -- Up-to-date symlink: /home/hans/ros2/task1/install/p_interfaces/include/p_interfaces/p_interfaces/msg/detail/num__builder.hpp
[2.805s] -- Up-to-date symlink: /home/hans/ros2/task1/install/p_interfaces/include/p_interfaces/p_interfaces/msg/detail/num__struct.hpp
[2.805s] -- Up-to-date symlink: /home/hans/ros2/task1/install/p_interfaces/include/p_interfaces/p_interfaces/msg/detail/num__traits.hpp
[2.806s] -- Up-to-date symlink: /home/hans/ros2/task1/install/p_interfaces/include/p_interfaces/p_interfaces/msg/detail/num__type_support.hpp
[2.806s] -- Up-to-date symlink: /home/hans/ros2/task1/install/p_interfaces/include/p_interfaces/p_interfaces/msg/num.hpp
[2.806s] -- Up-to-date symlink: /home/hans/ros2/task1/install/p_interfaces/include/p_interfaces/p_interfaces/msg/rosidl_generator_cpp__visibility_control.hpp
[2.807s] -- Up-to-date symlink: /home/hans/ros2/task1/install/p_interfaces/include/p_interfaces/p_interfaces/srv/change_radius.hpp
[2.807s] -- Up-to-date symlink: /home/hans/ros2/task1/install/p_interfaces/include/p_interfaces/p_interfaces/srv/detail/change_radius__builder.hpp
[2.807s] -- Up-to-date symlink: /home/hans/ros2/task1/install/p_interfaces/include/p_interfaces/p_interfaces/srv/detail/change_radius__struct.hpp
[2.808s] -- Up-to-date symlink: /home/hans/ros2/task1/install/p_interfaces/include/p_interfaces/p_interfaces/srv/detail/change_radius__traits.hpp
[2.808s] -- Up-to-date symlink: /home/hans/ros2/task1/install/p_interfaces/include/p_interfaces/p_interfaces/srv/detail/change_radius__type_support.hpp
[2.809s] -- Up-to-date symlink: /home/hans/ros2/task1/install/p_interfaces/include/p_interfaces/p_interfaces/msg/detail/num__rosidl_typesupport_fastrtps_cpp.hpp
[2.809s] -- Up-to-date symlink: /home/hans/ros2/task1/install/p_interfaces/include/p_interfaces/p_interfaces/msg/rosidl_typesupport_fastrtps_cpp__visibility_control.h
[2.810s] -- Up-to-date symlink: /home/hans/ros2/task1/install/p_interfaces/include/p_interfaces/p_interfaces/srv/detail/change_radius__rosidl_typesupport_fastrtps_cpp.hpp
[2.811s] -- Up-to-date symlink: /home/hans/ros2/task1/install/p_interfaces/include/p_interfaces/p_interfaces/msg/detail/num__rosidl_typesupport_introspection_c.h
[2.811s] -- Up-to-date symlink: /home/hans/ros2/task1/install/p_interfaces/include/p_interfaces/p_interfaces/msg/rosidl_typesupport_introspection_c__visibility_control.h
[2.811s] -- Up-to-date symlink: /home/hans/ros2/task1/install/p_interfaces/include/p_interfaces/p_interfaces/srv/detail/change_radius__rosidl_typesupport_introspection_c.h
[2.812s] -- Up-to-date symlink: /home/hans/ros2/task1/install/p_interfaces/include/p_interfaces/p_interfaces/msg/detail/num__rosidl_typesupport_introspection_cpp.hpp
[2.812s] -- Up-to-date symlink: /home/hans/ros2/task1/install/p_interfaces/include/p_interfaces/p_interfaces/srv/detail/change_radius__rosidl_typesupport_introspection_cpp.hpp
[2.812s] -- Up-to-date symlink: /home/hans/ros2/task1/install/p_interfaces/share/p_interfaces/environment/pythonpath.sh
[2.813s] -- Up-to-date symlink: /home/hans/ros2/task1/install/p_interfaces/share/p_interfaces/environment/pythonpath.dsv
[2.813s] -- Up-to-date symlink: /home/hans/ros2/task1/install/p_interfaces/local/lib/python3.10/dist-packages/p_interfaces-0.0.0-py3.10.egg-info/PKG-INFO
[2.814s] -- Up-to-date symlink: /home/hans/ros2/task1/install/p_interfaces/local/lib/python3.10/dist-packages/p_interfaces-0.0.0-py3.10.egg-info/SOURCES.txt
[2.814s] -- Up-to-date symlink: /home/hans/ros2/task1/install/p_interfaces/local/lib/python3.10/dist-packages/p_interfaces-0.0.0-py3.10.egg-info/dependency_links.txt
[2.814s] -- Up-to-date symlink: /home/hans/ros2/task1/install/p_interfaces/local/lib/python3.10/dist-packages/p_interfaces-0.0.0-py3.10.egg-info/top_level.txt
[2.815s] -- Up-to-date symlink: /home/hans/ros2/task1/install/p_interfaces/local/lib/python3.10/dist-packages/p_interfaces/__init__.py
[2.815s] -- Up-to-date symlink: /home/hans/ros2/task1/install/p_interfaces/local/lib/python3.10/dist-packages/p_interfaces/_p_interfaces_s.ep.rosidl_typesupport_c.c
[2.816s] -- Up-to-date symlink: /home/hans/ros2/task1/install/p_interfaces/local/lib/python3.10/dist-packages/p_interfaces/_p_interfaces_s.ep.rosidl_typesupport_fastrtps_c.c
[2.816s] -- Up-to-date symlink: /home/hans/ros2/task1/install/p_interfaces/local/lib/python3.10/dist-packages/p_interfaces/_p_interfaces_s.ep.rosidl_typesupport_introspection_c.c
[2.816s] -- Up-to-date symlink: /home/hans/ros2/task1/install/p_interfaces/local/lib/python3.10/dist-packages/p_interfaces/libp_interfaces__rosidl_generator_py.so
[2.817s] -- Up-to-date symlink: /home/hans/ros2/task1/install/p_interfaces/local/lib/python3.10/dist-packages/p_interfaces/msg/__init__.py
[2.817s] -- Up-to-date symlink: /home/hans/ros2/task1/install/p_interfaces/local/lib/python3.10/dist-packages/p_interfaces/msg/_num.py
[2.817s] -- Up-to-date symlink: /home/hans/ros2/task1/install/p_interfaces/local/lib/python3.10/dist-packages/p_interfaces/msg/_num_s.c
[2.818s] -- Up-to-date symlink: /home/hans/ros2/task1/install/p_interfaces/local/lib/python3.10/dist-packages/p_interfaces/p_interfaces_s__rosidl_typesupport_c.cpython-310-x86_64-linux-gnu.so
[2.818s] -- Up-to-date symlink: /home/hans/ros2/task1/install/p_interfaces/local/lib/python3.10/dist-packages/p_interfaces/p_interfaces_s__rosidl_typesupport_fastrtps_c.cpython-310-x86_64-linux-gnu.so
[2.818s] -- Up-to-date symlink: /home/hans/ros2/task1/install/p_interfaces/local/lib/python3.10/dist-packages/p_interfaces/p_interfaces_s__rosidl_typesupport_introspection_c.cpython-310-x86_64-linux-gnu.so
[2.818s] -- Up-to-date symlink: /home/hans/ros2/task1/install/p_interfaces/local/lib/python3.10/dist-packages/p_interfaces/srv/__init__.py
[2.818s] -- Up-to-date symlink: /home/hans/ros2/task1/install/p_interfaces/local/lib/python3.10/dist-packages/p_interfaces/srv/_change_radius.py
[2.819s] -- Up-to-date symlink: /home/hans/ros2/task1/install/p_interfaces/local/lib/python3.10/dist-packages/p_interfaces/srv/_change_radius_s.c
[2.819s] -- Up-to-date symlink: /home/hans/ros2/task1/install/p_interfaces/local/lib/python3.10/dist-packages/p_interfaces/p_interfaces_s__rosidl_typesupport_fastrtps_c.cpython-310-x86_64-linux-gnu.so
[2.819s] -- Up-to-date symlink: /home/hans/ros2/task1/install/p_interfaces/local/lib/python3.10/dist-packages/p_interfaces/p_interfaces_s__rosidl_typesupport_introspection_c.cpython-310-x86_64-linux-gnu.so
[2.820s] -- Up-to-date symlink: /home/hans/ros2/task1/install/p_interfaces/local/lib/python3.10/dist-packages/p_interfaces/p_interfaces_s__rosidl_typesupport_c.cpython-310-x86_64-linux-gnu.so
[2.821s] -- Up-to-date symlink: /home/hans/ros2/task1/install/p_interfaces/share/p_interfaces/msg/Num.idl
[2.821s] -- Up-to-date symlink: /home/hans/ros2/task1/install/p_interfaces/share/p_interfaces/srv/ChangeRadius.idl
[2.821s] -- Up-to-date symlink: /home/hans/ros2/task1/install/p_interfaces/share/p_interfaces/msg/Num.msg
[2.822s] -- Up-to-date symlink: /home/hans/ros2/task1/install/p_interfaces/share/p_interfaces/srv/ChangeRadius.srv
[2.822s] -- Up-to-date symlink: /home/hans/ros2/task1/install/p_interfaces/share/p_interfaces/srv/ChangeRadius_Request.msg
[2.822s] -- Up-to-date symlink: /home/hans/ros2/task1/install/p_interfaces/share/p_interfaces/srv/ChangeRadius_Response.msg
[2.822s] -- Up-to-date symlink: /home/hans/ros2/task1/install/p_interfaces/share/ament_index/resource_index/package_run_dependencies/p_interfaces
[2.823s] -- Up-to-date symlink: /home/hans/ros2/task1/install/p_interfaces/share/ament_index/resource_index/parent_prefix_path/p_interfaces
[2.823s] -- Up-to-date symlink: /home/hans/ros2/task1/install/p_interfaces/share/p_interfaces/environment/ament_prefix_path.sh
[2.824s] -- Up-to-date symlink: /home/hans/ros2/task1/install/p_interfaces/share/p_interfaces/environment/ament_prefix_path.dsv
[2.824s] -- Up-to-date symlink: /home/hans/ros2/task1/install/p_interfaces/share/p_interfaces/environment/path.sh
[2.824s] -- Up-to-date symlink: /home/hans/ros2/task1/install/p_interfaces/share/p_interfaces/environment/path.dsv
[2.824s] -- Up-to-date symlink: /home/hans/ros2/task1/install/p_interfaces/share/p_interfaces/local_setup.bash
[2.825s] -- Up-to-date symlink: /home/hans/ros2/task1/install/p_interfaces/share/p_interfaces/local_setup.sh
[2.825s] -- Up-to-date symlink: /home/hans/ros2/task1/install/p_interfaces/share/p_interfaces/local_setup.zsh
[2.825s] -- Up-to-date symlink: /home/hans/ros2/task1/install/p_interfaces/share/p_interfaces/local_setup.dsv
[2.826s] -- Symlinking: /home/hans/ros2/task1/install/p_interfaces/share/p_interfaces/package.dsv
[2.840s] -- Up-to-date symlink: /home/hans/ros2/task1/install/p_interfaces/share/ament_index/resource_index/packages/p_interfaces
[2.840s] -- Up-to-date symlink: /home/hans/ros2/task1/install/p_interfaces/share/p_interfaces/cmake/rosidl_cmake-extras.cmake
[2.840s] -- Up-to-date symlink: /home/hans/ros2/task1/install/p_interfaces/share/p_interfaces/cmake/ament_cmake_export_dependencies-extras.cmake
[2.841s] -- Up-to-date symlink: /home/hans/ros2/task1/install/p_interfaces/share/p_interfaces/cmake/ament_cmake_export_include_directories-extras.cmake
[2.841s] -- Up-to-date symlink: /home/hans/ros2/task1/install/p_interfaces/share/p_interfaces/cmake/ament_cmake_export_libraries-extras.cmake
[2.841s] -- Up-to-date symlink: /home/hans/ros2/task1/install/p_interfaces/share/p_interfaces/cmake/ament_cmake_export_targets-extras.cmake
[2.842s] -- Up-to-date symlink: /home/hans/ros2/task1/install/p_interfaces/share/p_interfaces/cmake/rosidl_cmake_export_typesupport_targets-extras.cmake
[2.842s] -- Up-to-date symlink: /home/hans/ros2/task1/install/p_interfaces/share/p_interfaces/cmake/rosidl_cmake_export_typesupport_libraries-extras.cmake
[2.842s] -- Up-to-date symlink: /home/hans/ros2/task1/install/p_interfaces/share/p_interfaces/cmake/p_interfacesConfig.cmake
[2.843s] -- Up-to-date symlink: /home/hans/ros2/task1/install/p_interfaces/share/p_interfaces/cmake/p_interfacesConfig-version.cmake
[2.843s] -- Up-to-date symlink: /home/hans/ros2/task1/install/p_interfaces/share/p_interfaces/package.xml
[2.844s] -- Up-to-date: /home/hans/ros2/task1/install/p_interfaces/lib/libp_interfaces__rosidl_generator_c.so
[2.844s] -- Up-to-date: /home/hans/ros2/task1/install/p_interfaces/lib/libp_interfaces__rosidl_typesupport_fastrtps_c.so
[2.845s] -- Up-to-date: /home/hans/ros2/task1/install/p_interfaces/lib/libp_interfaces__rosidl_typesupport_fastrtps_cpp.so
[2.846s] -- Up-to-date: /home/hans/ros2/task1/install/p_interfaces/lib/libp_interfaces__rosidl_typesupport_introspection_c.so
[2.846s] -- Up-to-date: /home/hans/ros2/task1/install/p_interfaces/lib/libp_interfaces__rosidl_typesupport_c.so
[2.847s] -- Up-to-date: /home/hans/ros2/task1/install/p_interfaces/lib/libp_interfaces__rosidl_typesupport_introspection_cpp.so
[2.848s] -- Up-to-date: /home/hans/ros2/task1/install/p_interfaces/lib/libp_interfaces__rosidl_typesupport_cpp.so
[2.899s] Listing '/home/hans/ros2/task1/install/p_interfaces/local/lib/python3.10/dist-packages/p_interfaces'...
[2.899s] Compiling '/home/hans/ros2/task1/install/p_interfaces/local/lib/python3.10/dist-packages/p_interfaces/__init__.py'...
[2.899s] Listing '/home/hans/ros2/task1/install/p_interfaces/local/lib/python3.10/dist-packages/p_interfaces/msg'...
[2.899s] Listing '/home/hans/ros2/task1/install/p_interfaces/local/lib/python3.10/dist-packages/p_interfaces/srv'...
[2.906s] -- Up-to-date: /home/hans/ros2/task1/install/p_interfaces/lib/libp_interfaces__rosidl_generator_py.so
[2.907s] -- Up-to-date: /home/hans/ros2/task1/install/p_interfaces/share/p_interfaces/cmake/export_p_interfaces__rosidl_generator_cExport.cmake
[2.907s] -- Up-to-date: /home/hans/ros2/task1/install/p_interfaces/share/p_interfaces/cmake/export_p_interfaces__rosidl_generator_cExport-noconfig.cmake
[2.907s] -- Up-to-date: /home/hans/ros2/task1/install/p_interfaces/share/p_interfaces/cmake/export_p_interfaces__rosidl_typesupport_fastrtps_cExport.cmake
[2.908s] -- Up-to-date: /home/hans/ros2/task1/install/p_interfaces/share/p_interfaces/cmake/export_p_interfaces__rosidl_typesupport_fastrtps_cExport-noconfig.cmake
[2.908s] -- Up-to-date: /home/hans/ros2/task1/install/p_interfaces/share/p_interfaces/cmake/export_p_interfaces__rosidl_generator_cppExport.cmake
[2.908s] -- Up-to-date: /home/hans/ros2/task1/install/p_interfaces/share/p_interfaces/cmake/export_p_interfaces__rosidl_typesupport_fastrtps_cppExport.cmake
[2.908s] -- Up-to-date: /home/hans/ros2/task1/install/p_interfaces/share/p_interfaces/cmake/export_p_interfaces__rosidl_typesupport_fastrtps_cppExport-noconfig.cmake
[2.908s] -- Up-to-date: /home/hans/ros2/task1/install/p_interfaces/share/p_interfaces/cmake/p_interfaces__rosidl_typesupport_introspection_cExport.cmake
[2.909s] -- Up-to-date: /home/hans/ros2/task1/install/p_interfaces/share/p_interfaces/cmake/p_interfaces__rosidl_typesupport_introspection_cExport-noconfig.cmake
[2.909s] -- Up-to-date: /home/hans/ros2/task1/install/p_interfaces/share/p_interfaces/cmake/p_interfaces__rosidl_typesupport_cExport.cmake
[2.909s] -- Up-to-date: /home/hans/ros2/task1/install/p_interfaces/share/p_interfaces/cmake/p_interfaces__rosidl_typesupport_cExport-noconfig.cmake
[2.909s] -- Up-to-date: /home/hans/ros2/task1/install/p_interfaces/share/p_interfaces/cmake/p_interfaces__rosidl_typesupport_introspection_cppExport.cmake
[2.909s] -- Up-to-date: /home/hans/ros2/task1/install/p_interfaces/share/p_interfaces/cmake/p_interfaces__rosidl_typesupport_introspection_cppExport-noconfig.cmake
[2.909s] -- Up-to-date: /home/hans/ros2/task1/install/p_interfaces/share/p_interfaces/cmake/p_interfaces__rosidl_typesupport_cppExport.cmake
[2.910s] -- Up-to-date: /home/hans/ros2/task1/install/p_interfaces/share/p_interfaces/cmake/p_interfaces__rosidl_typesupport_cppExport-noconfig.cmake
[2.910s] -- Up-to-date: /home/hans/ros2/task1/install/p_interfaces/share/p_interfaces/cmake/export_p_interfaces__rosidl_generator_pyExport.cmake
[2.910s] -- Up-to-date: /home/hans/ros2/task1/install/p_interfaces/share/p_interfaces/cmake/export_p_interfaces__rosidl_generator_pyExport-noconfig.cmake
[2.914s] Invoked command in '/home/hans/ros2/task1/build/p_interfaces' returned '0': CMAKE_PREFIX_PATH=${CMAKE_PREFIX_PATH}:/home/hans/ros2/install/ttbot_square:/home/hans/ros2/task1/install/ttbot_square:/opt/ros/humble /usr/bin/cmake --install /home/hans/ros2/task1/build/p_interfaces
