-- The C compiler identification is GNU 11.4.0
-- The CXX compiler identification is GNU 11.4.0
-- Detecting C compiler ABI info
-- Detecting C compiler ABI info - done
-- Check for working C compiler: /usr/bin/cc - skipped
-- Detecting C compile features
-- Detecting C compile features - done
-- Detecting CXX compiler ABI info
-- Detecting CXX compiler ABI info - done
-- Check for working CXX compiler: /usr/bin/c++ - skipped
-- Detecting CXX compile features
-- Detecting CXX compile features - done
-- Found ament_cmake: 1.3.11 (/opt/ros/humble/share/ament_cmake/cmake)
-- Found Python3: /usr/bin/python3 (found version "3.10.12") found components: Interpreter 
-- Override CMake install command with custom implementation using symlinks instead of copying resources
-- Found geometry_msgs: 4.2.4 (/opt/ros/humble/share/geometry_msgs/cmake)
-- Found rosidl_generator_c: 3.1.6 (/opt/ros/humble/share/rosidl_generator_c/cmake)
-- Found rosidl_adapter: 3.1.6 (/opt/ros/humble/share/rosidl_adapter/cmake)
-- Found rosidl_generator_cpp: 3.1.6 (/opt/ros/humble/share/rosidl_generator_cpp/cmake)
-- Using all available rosidl_typesupport_c: rosidl_typesupport_fastrtps_c;rosidl_typesupport_introspection_c
-- Using all available rosidl_typesupport_cpp: rosidl_typesupport_fastrtps_cpp;rosidl_typesupport_introspection_cpp
-- Found rosidl_default_generators: 1.2.0 (/opt/ros/humble/share/rosidl_default_generators/cmake)
-- Found ament_cmake_ros: 0.10.0 (/opt/ros/humble/share/ament_cmake_ros/cmake)
-- Using all available rosidl_typesupport_c: rosidl_typesupport_fastrtps_c;rosidl_typesupport_introspection_c
-- Using all available rosidl_typesupport_cpp: rosidl_typesupport_fastrtps_cpp;rosidl_typesupport_introspection_cpp
-- Found PythonInterp: /usr/bin/python3 (found suitable version "3.10.12", minimum required is "3.6") 
-- Found python_cmake_module: 0.10.0 (/opt/ros/humble/share/python_cmake_module/cmake)
-- Found PythonLibs: /usr/lib/x86_64-linux-gnu/libpython3.10.so (found suitable version "3.10.12", minimum required is "3.5") 
-- Using PYTHON_EXECUTABLE: /usr/bin/python3
-- Using PYTHON_INCLUDE_DIRS: /usr/include/python3.10
-- Using PYTHON_LIBRARIES: /usr/lib/x86_64-linux-gnu/libpython3.10.so
-- Found PythonExtra: .so  
-- Found ament_lint_auto: 0.12.11 (/opt/ros/humble/share/ament_lint_auto/cmake)
-- Added test 'lint_cmake' to check CMake code style
-- Added test 'xmllint' to check XML markup files
-- Configuring done
-- Generating done
-- Build files have been written to: /home/hans/ros2/task1/build/p_interfaces
[  2%] [34m[1mGenerating C code for ROS interfaces[0m
[  5%] [34m[1mGenerating C++ code for ROS interfaces[0m
[  5%] Built target ament_cmake_python_symlink_p_interfaces
running egg_info
creating p_interfaces.egg-info
writing p_interfaces.egg-info/PKG-INFO
writing dependency_links to p_interfaces.egg-info/dependency_links.txt
writing top-level names to p_interfaces.egg-info/top_level.txt
writing manifest file 'p_interfaces.egg-info/SOURCES.txt'
reading manifest file 'p_interfaces.egg-info/SOURCES.txt'
writing manifest file 'p_interfaces.egg-info/SOURCES.txt'
[  5%] Built target ament_cmake_python_build_p_interfaces_egg
[  5%] Built target p_interfaces__cpp
[ 10%] [32mBuilding C object CMakeFiles/p_interfaces__rosidl_generator_c.dir/rosidl_generator_c/p_interfaces/srv/detail/change_radius__functions.c.o[0m
[ 10%] [32mBuilding C object CMakeFiles/p_interfaces__rosidl_generator_c.dir/rosidl_generator_c/p_interfaces/msg/detail/num__functions.c.o[0m
[ 12%] [34m[1mGenerating C++ type support for eProsima Fast-RTPS[0m
[ 15%] [34m[1mGenerating C++ introspection for ROS interfaces[0m
[ 17%] [34m[1mGenerating C++ type support dispatch for ROS interfaces[0m
[ 20%] [32m[1mLinking C shared library libp_interfaces__rosidl_generator_c.so[0m
[ 20%] Built target p_interfaces__rosidl_generator_c
[ 23%] [34m[1mGenerating C type support for eProsima Fast-RTPS[0m
[ 28%] [34m[1mGenerating C type support dispatch for ROS interfaces[0m
[ 28%] [34m[1mGenerating C introspection for ROS interfaces[0m
[ 30%] [32mBuilding CXX object CMakeFiles/p_interfaces__rosidl_typesupport_c.dir/rosidl_typesupport_c/p_interfaces/srv/change_radius__type_support.cpp.o[0m
[ 33%] [32mBuilding CXX object CMakeFiles/p_interfaces__rosidl_typesupport_c.dir/rosidl_typesupport_c/p_interfaces/msg/num__type_support.cpp.o[0m
[ 35%] [32mBuilding CXX object CMakeFiles/p_interfaces__rosidl_typesupport_cpp.dir/rosidl_typesupport_cpp/p_interfaces/msg/num__type_support.cpp.o[0m
[ 38%] [32mBuilding CXX object CMakeFiles/p_interfaces__rosidl_typesupport_cpp.dir/rosidl_typesupport_cpp/p_interfaces/srv/change_radius__type_support.cpp.o[0m
[ 41%] [32m[1mLinking CXX shared library libp_interfaces__rosidl_typesupport_c.so[0m
[ 46%] [32mBuilding CXX object CMakeFiles/p_interfaces__rosidl_typesupport_introspection_cpp.dir/rosidl_typesupport_introspection_cpp/p_interfaces/srv/detail/change_radius__type_support.cpp.o[0m
[ 46%] [32mBuilding CXX object CMakeFiles/p_interfaces__rosidl_typesupport_introspection_cpp.dir/rosidl_typesupport_introspection_cpp/p_interfaces/msg/detail/num__type_support.cpp.o[0m
[ 48%] [32mBuilding CXX object CMakeFiles/p_interfaces__rosidl_typesupport_fastrtps_c.dir/rosidl_typesupport_fastrtps_c/p_interfaces/msg/detail/num__type_support_c.cpp.o[0m
[ 48%] Built target p_interfaces__rosidl_typesupport_c
[ 51%] [32mBuilding CXX object CMakeFiles/p_interfaces__rosidl_typesupport_fastrtps_c.dir/rosidl_typesupport_fastrtps_c/p_interfaces/srv/detail/change_radius__type_support_c.cpp.o[0m
[ 53%] [32mBuilding CXX object CMakeFiles/p_interfaces__rosidl_typesupport_fastrtps_cpp.dir/rosidl_typesupport_fastrtps_cpp/p_interfaces/msg/detail/dds_fastrtps/num__type_support.cpp.o[0m
[ 56%] [32mBuilding C object CMakeFiles/p_interfaces__rosidl_typesupport_introspection_c.dir/rosidl_typesupport_introspection_c/p_interfaces/msg/detail/num__type_support.c.o[0m
[ 58%] [32mBuilding C object CMakeFiles/p_interfaces__rosidl_typesupport_introspection_c.dir/rosidl_typesupport_introspection_c/p_interfaces/srv/detail/change_radius__type_support.c.o[0m
[ 61%] [32m[1mLinking C shared library libp_interfaces__rosidl_typesupport_introspection_c.so[0m
[ 61%] Built target p_interfaces__rosidl_typesupport_introspection_c
[ 64%] [32mBuilding CXX object CMakeFiles/p_interfaces__rosidl_typesupport_fastrtps_cpp.dir/rosidl_typesupport_fastrtps_cpp/p_interfaces/srv/detail/dds_fastrtps/change_radius__type_support.cpp.o[0m
[ 66%] [32m[1mLinking CXX shared library libp_interfaces__rosidl_typesupport_cpp.so[0m
[ 66%] Built target p_interfaces__rosidl_typesupport_cpp
[ 69%] [32m[1mLinking CXX shared library libp_interfaces__rosidl_typesupport_introspection_cpp.so[0m
[ 71%] [32m[1mLinking CXX shared library libp_interfaces__rosidl_typesupport_fastrtps_c.so[0m
[ 71%] Built target p_interfaces__rosidl_typesupport_introspection_cpp
[ 71%] Built target p_interfaces__rosidl_typesupport_fastrtps_c
[ 74%] [32m[1mLinking CXX shared library libp_interfaces__rosidl_typesupport_fastrtps_cpp.so[0m
[ 74%] Built target p_interfaces__rosidl_typesupport_fastrtps_cpp
[ 74%] Built target p_interfaces
[ 76%] [34m[1mGenerating Python code for ROS interfaces[0m
[ 76%] Built target p_interfaces__py
[ 82%] [32mBuilding C object CMakeFiles/p_interfaces__rosidl_generator_py.dir/rosidl_generator_py/p_interfaces/msg/_num_s.c.o[0m
[ 82%] [32mBuilding C object CMakeFiles/p_interfaces__rosidl_generator_py.dir/rosidl_generator_py/p_interfaces/srv/_change_radius_s.c.o[0m
[ 84%] [32m[1mLinking C shared library rosidl_generator_py/p_interfaces/libp_interfaces__rosidl_generator_py.so[0m
[ 84%] Built target p_interfaces__rosidl_generator_py
[ 92%] [32mBuilding C object CMakeFiles/p_interfaces__rosidl_typesupport_c__pyext.dir/rosidl_generator_py/p_interfaces/_p_interfaces_s.ep.rosidl_typesupport_c.c.o[0m
[ 92%] [32mBuilding C object CMakeFiles/p_interfaces__rosidl_typesupport_introspection_c__pyext.dir/rosidl_generator_py/p_interfaces/_p_interfaces_s.ep.rosidl_typesupport_introspection_c.c.o[0m
[ 92%] [32mBuilding C object CMakeFiles/p_interfaces__rosidl_typesupport_fastrtps_c__pyext.dir/rosidl_generator_py/p_interfaces/_p_interfaces_s.ep.rosidl_typesupport_fastrtps_c.c.o[0m
[ 97%] [32m[1mLinking C shared library rosidl_generator_py/p_interfaces/p_interfaces_s__rosidl_typesupport_introspection_c.cpython-310-x86_64-linux-gnu.so[0m
[ 97%] [32m[1mLinking C shared library rosidl_generator_py/p_interfaces/p_interfaces_s__rosidl_typesupport_c.cpython-310-x86_64-linux-gnu.so[0m
[100%] [32m[1mLinking C shared library rosidl_generator_py/p_interfaces/p_interfaces_s__rosidl_typesupport_fastrtps_c.cpython-310-x86_64-linux-gnu.so[0m
[100%] Built target p_interfaces__rosidl_typesupport_c__pyext
[100%] Built target p_interfaces__rosidl_typesupport_introspection_c__pyext
[100%] Built target p_interfaces__rosidl_typesupport_fastrtps_c__pyext
-- Install configuration: ""
-- Execute custom install script
-- Symlinking: /home/hans/ros2/task1/install/p_interfaces/share/ament_index/resource_index/rosidl_interfaces/p_interfaces
-- Symlinking: /home/hans/ros2/task1/install/p_interfaces/include/p_interfaces/p_interfaces/msg/detail/num__functions.h
-- Symlinking: /home/hans/ros2/task1/install/p_interfaces/include/p_interfaces/p_interfaces/msg/detail/num__struct.h
-- Symlinking: /home/hans/ros2/task1/install/p_interfaces/include/p_interfaces/p_interfaces/msg/detail/num__type_support.h
-- Symlinking: /home/hans/ros2/task1/install/p_interfaces/include/p_interfaces/p_interfaces/msg/num.h
-- Symlinking: /home/hans/ros2/task1/install/p_interfaces/include/p_interfaces/p_interfaces/msg/rosidl_generator_c__visibility_control.h
-- Symlinking: /home/hans/ros2/task1/install/p_interfaces/include/p_interfaces/p_interfaces/srv/change_radius.h
-- Symlinking: /home/hans/ros2/task1/install/p_interfaces/include/p_interfaces/p_interfaces/srv/detail/change_radius__functions.h
-- Symlinking: /home/hans/ros2/task1/install/p_interfaces/include/p_interfaces/p_interfaces/srv/detail/change_radius__struct.h
-- Symlinking: /home/hans/ros2/task1/install/p_interfaces/include/p_interfaces/p_interfaces/srv/detail/change_radius__type_support.h
-- Symlinking: /home/hans/ros2/task1/install/p_interfaces/share/p_interfaces/environment/library_path.sh
-- Symlinking: /home/hans/ros2/task1/install/p_interfaces/share/p_interfaces/environment/library_path.dsv
-- Symlinking: /home/hans/ros2/task1/install/p_interfaces/include/p_interfaces/p_interfaces/msg/detail/num__rosidl_typesupport_fastrtps_c.h
-- Symlinking: /home/hans/ros2/task1/install/p_interfaces/include/p_interfaces/p_interfaces/msg/rosidl_typesupport_fastrtps_c__visibility_control.h
-- Symlinking: /home/hans/ros2/task1/install/p_interfaces/include/p_interfaces/p_interfaces/srv/detail/change_radius__rosidl_typesupport_fastrtps_c.h
-- Symlinking: /home/hans/ros2/task1/install/p_interfaces/include/p_interfaces/p_interfaces/msg/detail/num__builder.hpp
-- Symlinking: /home/hans/ros2/task1/install/p_interfaces/include/p_interfaces/p_interfaces/msg/detail/num__struct.hpp
-- Symlinking: /home/hans/ros2/task1/install/p_interfaces/include/p_interfaces/p_interfaces/msg/detail/num__traits.hpp
-- Symlinking: /home/hans/ros2/task1/install/p_interfaces/include/p_interfaces/p_interfaces/msg/detail/num__type_support.hpp
-- Symlinking: /home/hans/ros2/task1/install/p_interfaces/include/p_interfaces/p_interfaces/msg/num.hpp
-- Symlinking: /home/hans/ros2/task1/install/p_interfaces/include/p_interfaces/p_interfaces/msg/rosidl_generator_cpp__visibility_control.hpp
-- Symlinking: /home/hans/ros2/task1/install/p_interfaces/include/p_interfaces/p_interfaces/srv/change_radius.hpp
-- Symlinking: /home/hans/ros2/task1/install/p_interfaces/include/p_interfaces/p_interfaces/srv/detail/change_radius__builder.hpp
-- Symlinking: /home/hans/ros2/task1/install/p_interfaces/include/p_interfaces/p_interfaces/srv/detail/change_radius__struct.hpp
-- Symlinking: /home/hans/ros2/task1/install/p_interfaces/include/p_interfaces/p_interfaces/srv/detail/change_radius__traits.hpp
-- Symlinking: /home/hans/ros2/task1/install/p_interfaces/include/p_interfaces/p_interfaces/srv/detail/change_radius__type_support.hpp
-- Symlinking: /home/hans/ros2/task1/install/p_interfaces/include/p_interfaces/p_interfaces/msg/detail/num__rosidl_typesupport_fastrtps_cpp.hpp
-- Symlinking: /home/hans/ros2/task1/install/p_interfaces/include/p_interfaces/p_interfaces/msg/rosidl_typesupport_fastrtps_cpp__visibility_control.h
-- Symlinking: /home/hans/ros2/task1/install/p_interfaces/include/p_interfaces/p_interfaces/srv/detail/change_radius__rosidl_typesupport_fastrtps_cpp.hpp
-- Symlinking: /home/hans/ros2/task1/install/p_interfaces/include/p_interfaces/p_interfaces/msg/detail/num__rosidl_typesupport_introspection_c.h
-- Symlinking: /home/hans/ros2/task1/install/p_interfaces/include/p_interfaces/p_interfaces/msg/rosidl_typesupport_introspection_c__visibility_control.h
-- Symlinking: /home/hans/ros2/task1/install/p_interfaces/include/p_interfaces/p_interfaces/srv/detail/change_radius__rosidl_typesupport_introspection_c.h
-- Symlinking: /home/hans/ros2/task1/install/p_interfaces/include/p_interfaces/p_interfaces/msg/detail/num__rosidl_typesupport_introspection_cpp.hpp
-- Symlinking: /home/hans/ros2/task1/install/p_interfaces/include/p_interfaces/p_interfaces/srv/detail/change_radius__rosidl_typesupport_introspection_cpp.hpp
-- Symlinking: /home/hans/ros2/task1/install/p_interfaces/share/p_interfaces/environment/pythonpath.sh
-- Symlinking: /home/hans/ros2/task1/install/p_interfaces/share/p_interfaces/environment/pythonpath.dsv
-- Symlinking: /home/hans/ros2/task1/install/p_interfaces/local/lib/python3.10/dist-packages/p_interfaces-0.0.0-py3.10.egg-info/PKG-INFO
-- Symlinking: /home/hans/ros2/task1/install/p_interfaces/local/lib/python3.10/dist-packages/p_interfaces-0.0.0-py3.10.egg-info/SOURCES.txt
-- Symlinking: /home/hans/ros2/task1/install/p_interfaces/local/lib/python3.10/dist-packages/p_interfaces-0.0.0-py3.10.egg-info/dependency_links.txt
-- Symlinking: /home/hans/ros2/task1/install/p_interfaces/local/lib/python3.10/dist-packages/p_interfaces-0.0.0-py3.10.egg-info/top_level.txt
-- Symlinking: /home/hans/ros2/task1/install/p_interfaces/local/lib/python3.10/dist-packages/p_interfaces/__init__.py
-- Symlinking: /home/hans/ros2/task1/install/p_interfaces/local/lib/python3.10/dist-packages/p_interfaces/_p_interfaces_s.ep.rosidl_typesupport_c.c
-- Symlinking: /home/hans/ros2/task1/install/p_interfaces/local/lib/python3.10/dist-packages/p_interfaces/_p_interfaces_s.ep.rosidl_typesupport_fastrtps_c.c
-- Symlinking: /home/hans/ros2/task1/install/p_interfaces/local/lib/python3.10/dist-packages/p_interfaces/_p_interfaces_s.ep.rosidl_typesupport_introspection_c.c
-- Symlinking: /home/hans/ros2/task1/install/p_interfaces/local/lib/python3.10/dist-packages/p_interfaces/libp_interfaces__rosidl_generator_py.so
-- Symlinking: /home/hans/ros2/task1/install/p_interfaces/local/lib/python3.10/dist-packages/p_interfaces/msg/__init__.py
-- Symlinking: /home/hans/ros2/task1/install/p_interfaces/local/lib/python3.10/dist-packages/p_interfaces/msg/_num.py
-- Symlinking: /home/hans/ros2/task1/install/p_interfaces/local/lib/python3.10/dist-packages/p_interfaces/msg/_num_s.c
-- Symlinking: /home/hans/ros2/task1/install/p_interfaces/local/lib/python3.10/dist-packages/p_interfaces/p_interfaces_s__rosidl_typesupport_c.cpython-310-x86_64-linux-gnu.so
-- Symlinking: /home/hans/ros2/task1/install/p_interfaces/local/lib/python3.10/dist-packages/p_interfaces/p_interfaces_s__rosidl_typesupport_fastrtps_c.cpython-310-x86_64-linux-gnu.so
-- Symlinking: /home/hans/ros2/task1/install/p_interfaces/local/lib/python3.10/dist-packages/p_interfaces/p_interfaces_s__rosidl_typesupport_introspection_c.cpython-310-x86_64-linux-gnu.so
-- Symlinking: /home/hans/ros2/task1/install/p_interfaces/local/lib/python3.10/dist-packages/p_interfaces/srv/__init__.py
-- Symlinking: /home/hans/ros2/task1/install/p_interfaces/local/lib/python3.10/dist-packages/p_interfaces/srv/_change_radius.py
-- Symlinking: /home/hans/ros2/task1/install/p_interfaces/local/lib/python3.10/dist-packages/p_interfaces/srv/_change_radius_s.c
-- Up-to-date symlink: /home/hans/ros2/task1/install/p_interfaces/local/lib/python3.10/dist-packages/p_interfaces/p_interfaces_s__rosidl_typesupport_fastrtps_c.cpython-310-x86_64-linux-gnu.so
-- Up-to-date symlink: /home/hans/ros2/task1/install/p_interfaces/local/lib/python3.10/dist-packages/p_interfaces/p_interfaces_s__rosidl_typesupport_introspection_c.cpython-310-x86_64-linux-gnu.so
-- Up-to-date symlink: /home/hans/ros2/task1/install/p_interfaces/local/lib/python3.10/dist-packages/p_interfaces/p_interfaces_s__rosidl_typesupport_c.cpython-310-x86_64-linux-gnu.so
-- Symlinking: /home/hans/ros2/task1/install/p_interfaces/share/p_interfaces/msg/Num.idl
-- Symlinking: /home/hans/ros2/task1/install/p_interfaces/share/p_interfaces/srv/ChangeRadius.idl
-- Symlinking: /home/hans/ros2/task1/install/p_interfaces/share/p_interfaces/msg/Num.msg
-- Symlinking: /home/hans/ros2/task1/install/p_interfaces/share/p_interfaces/srv/ChangeRadius.srv
-- Symlinking: /home/hans/ros2/task1/install/p_interfaces/share/p_interfaces/srv/ChangeRadius_Request.msg
-- Symlinking: /home/hans/ros2/task1/install/p_interfaces/share/p_interfaces/srv/ChangeRadius_Response.msg
-- Symlinking: /home/hans/ros2/task1/install/p_interfaces/share/ament_index/resource_index/package_run_dependencies/p_interfaces
-- Symlinking: /home/hans/ros2/task1/install/p_interfaces/share/ament_index/resource_index/parent_prefix_path/p_interfaces
-- Symlinking: /home/hans/ros2/task1/install/p_interfaces/share/p_interfaces/environment/ament_prefix_path.sh
-- Symlinking: /home/hans/ros2/task1/install/p_interfaces/share/p_interfaces/environment/ament_prefix_path.dsv
-- Symlinking: /home/hans/ros2/task1/install/p_interfaces/share/p_interfaces/environment/path.sh
-- Symlinking: /home/hans/ros2/task1/install/p_interfaces/share/p_interfaces/environment/path.dsv
-- Symlinking: /home/hans/ros2/task1/install/p_interfaces/share/p_interfaces/local_setup.bash
-- Symlinking: /home/hans/ros2/task1/install/p_interfaces/share/p_interfaces/local_setup.sh
-- Symlinking: /home/hans/ros2/task1/install/p_interfaces/share/p_interfaces/local_setup.zsh
-- Symlinking: /home/hans/ros2/task1/install/p_interfaces/share/p_interfaces/local_setup.dsv
-- Symlinking: /home/hans/ros2/task1/install/p_interfaces/share/p_interfaces/package.dsv
-- Symlinking: /home/hans/ros2/task1/install/p_interfaces/share/ament_index/resource_index/packages/p_interfaces
-- Symlinking: /home/hans/ros2/task1/install/p_interfaces/share/p_interfaces/cmake/rosidl_cmake-extras.cmake
-- Symlinking: /home/hans/ros2/task1/install/p_interfaces/share/p_interfaces/cmake/ament_cmake_export_dependencies-extras.cmake
-- Symlinking: /home/hans/ros2/task1/install/p_interfaces/share/p_interfaces/cmake/ament_cmake_export_include_directories-extras.cmake
-- Symlinking: /home/hans/ros2/task1/install/p_interfaces/share/p_interfaces/cmake/ament_cmake_export_libraries-extras.cmake
-- Symlinking: /home/hans/ros2/task1/install/p_interfaces/share/p_interfaces/cmake/ament_cmake_export_targets-extras.cmake
-- Symlinking: /home/hans/ros2/task1/install/p_interfaces/share/p_interfaces/cmake/rosidl_cmake_export_typesupport_targets-extras.cmake
-- Symlinking: /home/hans/ros2/task1/install/p_interfaces/share/p_interfaces/cmake/rosidl_cmake_export_typesupport_libraries-extras.cmake
-- Symlinking: /home/hans/ros2/task1/install/p_interfaces/share/p_interfaces/cmake/p_interfacesConfig.cmake
-- Symlinking: /home/hans/ros2/task1/install/p_interfaces/share/p_interfaces/cmake/p_interfacesConfig-version.cmake
-- Symlinking: /home/hans/ros2/task1/install/p_interfaces/share/p_interfaces/package.xml
-- Installing: /home/hans/ros2/task1/install/p_interfaces/lib/libp_interfaces__rosidl_generator_c.so
-- Set runtime path of "/home/hans/ros2/task1/install/p_interfaces/lib/libp_interfaces__rosidl_generator_c.so" to ""
-- Installing: /home/hans/ros2/task1/install/p_interfaces/lib/libp_interfaces__rosidl_typesupport_fastrtps_c.so
-- Set runtime path of "/home/hans/ros2/task1/install/p_interfaces/lib/libp_interfaces__rosidl_typesupport_fastrtps_c.so" to ""
-- Installing: /home/hans/ros2/task1/install/p_interfaces/lib/libp_interfaces__rosidl_typesupport_fastrtps_cpp.so
-- Set runtime path of "/home/hans/ros2/task1/install/p_interfaces/lib/libp_interfaces__rosidl_typesupport_fastrtps_cpp.so" to ""
-- Installing: /home/hans/ros2/task1/install/p_interfaces/lib/libp_interfaces__rosidl_typesupport_introspection_c.so
-- Set runtime path of "/home/hans/ros2/task1/install/p_interfaces/lib/libp_interfaces__rosidl_typesupport_introspection_c.so" to ""
-- Installing: /home/hans/ros2/task1/install/p_interfaces/lib/libp_interfaces__rosidl_typesupport_c.so
-- Set runtime path of "/home/hans/ros2/task1/install/p_interfaces/lib/libp_interfaces__rosidl_typesupport_c.so" to ""
-- Installing: /home/hans/ros2/task1/install/p_interfaces/lib/libp_interfaces__rosidl_typesupport_introspection_cpp.so
-- Set runtime path of "/home/hans/ros2/task1/install/p_interfaces/lib/libp_interfaces__rosidl_typesupport_introspection_cpp.so" to ""
-- Installing: /home/hans/ros2/task1/install/p_interfaces/lib/libp_interfaces__rosidl_typesupport_cpp.so
-- Set runtime path of "/home/hans/ros2/task1/install/p_interfaces/lib/libp_interfaces__rosidl_typesupport_cpp.so" to ""
Listing '/home/hans/ros2/task1/install/p_interfaces/local/lib/python3.10/dist-packages/p_interfaces'...
Compiling '/home/hans/ros2/task1/install/p_interfaces/local/lib/python3.10/dist-packages/p_interfaces/__init__.py'...
Listing '/home/hans/ros2/task1/install/p_interfaces/local/lib/python3.10/dist-packages/p_interfaces/msg'...
Compiling '/home/hans/ros2/task1/install/p_interfaces/local/lib/python3.10/dist-packages/p_interfaces/msg/__init__.py'...
Compiling '/home/hans/ros2/task1/install/p_interfaces/local/lib/python3.10/dist-packages/p_interfaces/msg/_num.py'...
Listing '/home/hans/ros2/task1/install/p_interfaces/local/lib/python3.10/dist-packages/p_interfaces/srv'...
Compiling '/home/hans/ros2/task1/install/p_interfaces/local/lib/python3.10/dist-packages/p_interfaces/srv/__init__.py'...
Compiling '/home/hans/ros2/task1/install/p_interfaces/local/lib/python3.10/dist-packages/p_interfaces/srv/_change_radius.py'...
-- Installing: /home/hans/ros2/task1/install/p_interfaces/lib/libp_interfaces__rosidl_generator_py.so
-- Set runtime path of "/home/hans/ros2/task1/install/p_interfaces/lib/libp_interfaces__rosidl_generator_py.so" to ""
-- Installing: /home/hans/ros2/task1/install/p_interfaces/share/p_interfaces/cmake/export_p_interfaces__rosidl_generator_cExport.cmake
-- Installing: /home/hans/ros2/task1/install/p_interfaces/share/p_interfaces/cmake/export_p_interfaces__rosidl_generator_cExport-noconfig.cmake
-- Installing: /home/hans/ros2/task1/install/p_interfaces/share/p_interfaces/cmake/export_p_interfaces__rosidl_typesupport_fastrtps_cExport.cmake
-- Installing: /home/hans/ros2/task1/install/p_interfaces/share/p_interfaces/cmake/export_p_interfaces__rosidl_typesupport_fastrtps_cExport-noconfig.cmake
-- Installing: /home/hans/ros2/task1/install/p_interfaces/share/p_interfaces/cmake/export_p_interfaces__rosidl_generator_cppExport.cmake
-- Installing: /home/hans/ros2/task1/install/p_interfaces/share/p_interfaces/cmake/export_p_interfaces__rosidl_typesupport_fastrtps_cppExport.cmake
-- Installing: /home/hans/ros2/task1/install/p_interfaces/share/p_interfaces/cmake/export_p_interfaces__rosidl_typesupport_fastrtps_cppExport-noconfig.cmake
-- Installing: /home/hans/ros2/task1/install/p_interfaces/share/p_interfaces/cmake/p_interfaces__rosidl_typesupport_introspection_cExport.cmake
-- Installing: /home/hans/ros2/task1/install/p_interfaces/share/p_interfaces/cmake/p_interfaces__rosidl_typesupport_introspection_cExport-noconfig.cmake
-- Installing: /home/hans/ros2/task1/install/p_interfaces/share/p_interfaces/cmake/p_interfaces__rosidl_typesupport_cExport.cmake
-- Installing: /home/hans/ros2/task1/install/p_interfaces/share/p_interfaces/cmake/p_interfaces__rosidl_typesupport_cExport-noconfig.cmake
-- Installing: /home/hans/ros2/task1/install/p_interfaces/share/p_interfaces/cmake/p_interfaces__rosidl_typesupport_introspection_cppExport.cmake
-- Installing: /home/hans/ros2/task1/install/p_interfaces/share/p_interfaces/cmake/p_interfaces__rosidl_typesupport_introspection_cppExport-noconfig.cmake
-- Installing: /home/hans/ros2/task1/install/p_interfaces/share/p_interfaces/cmake/p_interfaces__rosidl_typesupport_cppExport.cmake
-- Installing: /home/hans/ros2/task1/install/p_interfaces/share/p_interfaces/cmake/p_interfaces__rosidl_typesupport_cppExport-noconfig.cmake
-- Installing: /home/hans/ros2/task1/install/p_interfaces/share/p_interfaces/cmake/export_p_interfaces__rosidl_generator_pyExport.cmake
-- Installing: /home/hans/ros2/task1/install/p_interfaces/share/p_interfaces/cmake/export_p_interfaces__rosidl_generator_pyExport-noconfig.cmake
