[0.015s] Invoking command in '/home/hans/ros2/task1/build/p_interfaces': CMAKE_PREFIX_PATH=${CMAKE_PREFIX_PATH}:/home/hans/ros2_ws/install/p_controller:/home/hans/ros2_ws/install/exapmle1:/home/hans/ros2_ws/install/autonomous_rov:/home/hans/ros2/task1/install/ttbot_square:/opt/ros/humble /usr/bin/cmake /home/hans/ros2/task1/src/p_interfaces -DAMENT_CMAKE_SYMLINK_INSTALL=1 -DCMAKE_INSTALL_PREFIX=/home/hans/ros2/task1/install/p_interfaces
[0.071s] -- The C compiler identification is GNU 11.4.0
[0.133s] -- The CXX compiler identification is GNU 11.4.0
[0.141s] -- Detecting C compiler ABI info
[0.212s] -- Detecting C compiler ABI info - done
[0.220s] -- Check for working C compiler: /usr/bin/cc - skipped
[0.220s] -- Detecting C compile features
[0.220s] -- Detecting C compile features - done
[0.223s] -- Detecting CXX compiler ABI info
[0.310s] -- Detecting CXX compiler ABI info - done
[0.320s] -- Check for working CXX compiler: /usr/bin/c++ - skipped
[0.320s] -- Detecting CXX compile features
[0.321s] -- Detecting CXX compile features - done
[0.324s] -- Found ament_cmake: 1.3.11 (/opt/ros/humble/share/ament_cmake/cmake)
[0.504s] -- Found Python3: /usr/bin/python3 (found version "3.10.12") found components: Interpreter 
[0.572s] -- Override CMake install command with custom implementation using symlinks instead of copying resources
[0.599s] -- Found geometry_msgs: 4.2.4 (/opt/ros/humble/share/geometry_msgs/cmake)
[0.639s] -- Found rosidl_generator_c: 3.1.6 (/opt/ros/humble/share/rosidl_generator_c/cmake)
[0.645s] -- Found rosidl_adapter: 3.1.6 (/opt/ros/humble/share/rosidl_adapter/cmake)
[0.655s] -- Found rosidl_generator_cpp: 3.1.6 (/opt/ros/humble/share/rosidl_generator_cpp/cmake)
[0.670s] -- Using all available rosidl_typesupport_c: rosidl_typesupport_fastrtps_c;rosidl_typesupport_introspection_c
[0.689s] -- Using all available rosidl_typesupport_cpp: rosidl_typesupport_fastrtps_cpp;rosidl_typesupport_introspection_cpp
[0.733s] -- Found rosidl_default_generators: 1.2.0 (/opt/ros/humble/share/rosidl_default_generators/cmake)
[1.060s] -- Found ament_cmake_ros: 0.10.0 (/opt/ros/humble/share/ament_cmake_ros/cmake)
[1.500s] -- Using all available rosidl_typesupport_c: rosidl_typesupport_fastrtps_c;rosidl_typesupport_introspection_c
[1.669s] -- Using all available rosidl_typesupport_cpp: rosidl_typesupport_fastrtps_cpp;rosidl_typesupport_introspection_cpp
[1.712s] -- Found PythonInterp: /usr/bin/python3 (found suitable version "3.10.12", minimum required is "3.6") 
[1.713s] -- Found python_cmake_module: 0.10.0 (/opt/ros/humble/share/python_cmake_module/cmake)
[1.742s] -- Found PythonLibs: /usr/lib/x86_64-linux-gnu/libpython3.10.so (found suitable version "3.10.12", minimum required is "3.5") 
[1.742s] -- Using PYTHON_EXECUTABLE: /usr/bin/python3
[1.742s] -- Using PYTHON_INCLUDE_DIRS: /usr/include/python3.10
[1.743s] -- Using PYTHON_LIBRARIES: /usr/lib/x86_64-linux-gnu/libpython3.10.so
[1.765s] -- Found PythonExtra: .so  
[1.830s] -- Found ament_lint_auto: 0.12.11 (/opt/ros/humble/share/ament_lint_auto/cmake)
[1.851s] -- Added test 'lint_cmake' to check CMake code style
[1.852s] -- Added test 'xmllint' to check XML markup files
[1.856s] -- Configuring done
[1.893s] -- Generating done
[1.905s] -- Build files have been written to: /home/hans/ros2/task1/build/p_interfaces
[1.914s] Invoked command in '/home/hans/ros2/task1/build/p_interfaces' returned '0': CMAKE_PREFIX_PATH=${CMAKE_PREFIX_PATH}:/home/hans/ros2_ws/install/p_controller:/home/hans/ros2_ws/install/exapmle1:/home/hans/ros2_ws/install/autonomous_rov:/home/hans/ros2/task1/install/ttbot_square:/opt/ros/humble /usr/bin/cmake /home/hans/ros2/task1/src/p_interfaces -DAMENT_CMAKE_SYMLINK_INSTALL=1 -DCMAKE_INSTALL_PREFIX=/home/hans/ros2/task1/install/p_interfaces
[1.916s] Invoking command in '/home/hans/ros2/task1/build/p_interfaces': CMAKE_PREFIX_PATH=${CMAKE_PREFIX_PATH}:/home/hans/ros2_ws/install/p_controller:/home/hans/ros2_ws/install/exapmle1:/home/hans/ros2_ws/install/autonomous_rov:/home/hans/ros2/task1/install/ttbot_square:/opt/ros/humble /usr/bin/cmake --build /home/hans/ros2/task1/build/p_interfaces -- -j8 -l8
[1.960s] [  2%] [34m[1mGenerating C code for ROS interfaces[0m
[1.971s] [  5%] [34m[1mGenerating C++ code for ROS interfaces[0m
[1.980s] [  5%] Built target ament_cmake_python_symlink_p_interfaces
[2.227s] running egg_info
[2.227s] creating p_interfaces.egg-info
[2.228s] writing p_interfaces.egg-info/PKG-INFO
[2.228s] writing dependency_links to p_interfaces.egg-info/dependency_links.txt
[2.228s] writing top-level names to p_interfaces.egg-info/top_level.txt
[2.228s] writing manifest file 'p_interfaces.egg-info/SOURCES.txt'
[2.232s] reading manifest file 'p_interfaces.egg-info/SOURCES.txt'
[2.232s] writing manifest file 'p_interfaces.egg-info/SOURCES.txt'
[2.260s] [  5%] Built target ament_cmake_python_build_p_interfaces_egg
[2.328s] [  5%] Built target p_interfaces__cpp
[2.331s] [ 10%] [32mBuilding C object CMakeFiles/p_interfaces__rosidl_generator_c.dir/rosidl_generator_c/p_interfaces/srv/detail/change_radius__functions.c.o[0m
[2.331s] [ 10%] [32mBuilding C object CMakeFiles/p_interfaces__rosidl_generator_c.dir/rosidl_generator_c/p_interfaces/msg/detail/num__functions.c.o[0m
[2.340s] [ 12%] [34m[1mGenerating C++ type support for eProsima Fast-RTPS[0m
[2.341s] [ 15%] [34m[1mGenerating C++ introspection for ROS interfaces[0m
[2.343s] [ 17%] [34m[1mGenerating C++ type support dispatch for ROS interfaces[0m
[2.408s] [ 20%] [32m[1mLinking C shared library libp_interfaces__rosidl_generator_c.so[0m
[2.452s] [ 20%] Built target p_interfaces__rosidl_generator_c
[2.464s] [ 23%] [34m[1mGenerating C type support for eProsima Fast-RTPS[0m
[2.468s] [ 28%] [34m[1mGenerating C type support dispatch for ROS interfaces[0m
[2.468s] [ 28%] [34m[1mGenerating C introspection for ROS interfaces[0m
[2.745s] [ 30%] [32mBuilding CXX object CMakeFiles/p_interfaces__rosidl_typesupport_c.dir/rosidl_typesupport_c/p_interfaces/srv/change_radius__type_support.cpp.o[0m
[2.748s] [ 33%] [32mBuilding CXX object CMakeFiles/p_interfaces__rosidl_typesupport_c.dir/rosidl_typesupport_c/p_interfaces/msg/num__type_support.cpp.o[0m
[2.799s] [ 35%] [32mBuilding CXX object CMakeFiles/p_interfaces__rosidl_typesupport_cpp.dir/rosidl_typesupport_cpp/p_interfaces/msg/num__type_support.cpp.o[0m
[2.800s] [ 38%] [32mBuilding CXX object CMakeFiles/p_interfaces__rosidl_typesupport_cpp.dir/rosidl_typesupport_cpp/p_interfaces/srv/change_radius__type_support.cpp.o[0m
[2.805s] [ 41%] [32m[1mLinking CXX shared library libp_interfaces__rosidl_typesupport_c.so[0m
[2.808s] [ 46%] [32mBuilding CXX object CMakeFiles/p_interfaces__rosidl_typesupport_introspection_cpp.dir/rosidl_typesupport_introspection_cpp/p_interfaces/srv/detail/change_radius__type_support.cpp.o[0m
[2.810s] [ 46%] [32mBuilding CXX object CMakeFiles/p_interfaces__rosidl_typesupport_introspection_cpp.dir/rosidl_typesupport_introspection_cpp/p_interfaces/msg/detail/num__type_support.cpp.o[0m
[2.833s] [ 48%] [32mBuilding CXX object CMakeFiles/p_interfaces__rosidl_typesupport_fastrtps_c.dir/rosidl_typesupport_fastrtps_c/p_interfaces/msg/detail/num__type_support_c.cpp.o[0m
[2.884s] [ 48%] Built target p_interfaces__rosidl_typesupport_c
[2.898s] [ 51%] [32mBuilding CXX object CMakeFiles/p_interfaces__rosidl_typesupport_fastrtps_c.dir/rosidl_typesupport_fastrtps_c/p_interfaces/srv/detail/change_radius__type_support_c.cpp.o[0m
[2.918s] [ 53%] [32mBuilding CXX object CMakeFiles/p_interfaces__rosidl_typesupport_fastrtps_cpp.dir/rosidl_typesupport_fastrtps_cpp/p_interfaces/msg/detail/dds_fastrtps/num__type_support.cpp.o[0m
[3.058s] [ 56%] [32mBuilding C object CMakeFiles/p_interfaces__rosidl_typesupport_introspection_c.dir/rosidl_typesupport_introspection_c/p_interfaces/msg/detail/num__type_support.c.o[0m
[3.119s] [ 58%] [32mBuilding C object CMakeFiles/p_interfaces__rosidl_typesupport_introspection_c.dir/rosidl_typesupport_introspection_c/p_interfaces/srv/detail/change_radius__type_support.c.o[0m
[3.186s] [ 61%] [32m[1mLinking C shared library libp_interfaces__rosidl_typesupport_introspection_c.so[0m
[3.242s] [ 61%] Built target p_interfaces__rosidl_typesupport_introspection_c
[3.259s] [ 64%] [32mBuilding CXX object CMakeFiles/p_interfaces__rosidl_typesupport_fastrtps_cpp.dir/rosidl_typesupport_fastrtps_cpp/p_interfaces/srv/detail/dds_fastrtps/change_radius__type_support.cpp.o[0m
[3.313s] [ 66%] [32m[1mLinking CXX shared library libp_interfaces__rosidl_typesupport_cpp.so[0m
[3.392s] [ 66%] Built target p_interfaces__rosidl_typesupport_cpp
[3.486s] [ 69%] [32m[1mLinking CXX shared library libp_interfaces__rosidl_typesupport_introspection_cpp.so[0m
[3.495s] [ 71%] [32m[1mLinking CXX shared library libp_interfaces__rosidl_typesupport_fastrtps_c.so[0m
[3.574s] [ 71%] Built target p_interfaces__rosidl_typesupport_introspection_cpp
[3.606s] [ 71%] Built target p_interfaces__rosidl_typesupport_fastrtps_c
[3.806s] [ 74%] [32m[1mLinking CXX shared library libp_interfaces__rosidl_typesupport_fastrtps_cpp.so[0m
[3.899s] [ 74%] Built target p_interfaces__rosidl_typesupport_fastrtps_cpp
[3.923s] [ 74%] Built target p_interfaces
[3.947s] [ 76%] [34m[1mGenerating Python code for ROS interfaces[0m
[4.375s] [ 76%] Built target p_interfaces__py
[4.398s] [ 82%] [32mBuilding C object CMakeFiles/p_interfaces__rosidl_generator_py.dir/rosidl_generator_py/p_interfaces/msg/_num_s.c.o[0m
[4.398s] [ 82%] [32mBuilding C object CMakeFiles/p_interfaces__rosidl_generator_py.dir/rosidl_generator_py/p_interfaces/srv/_change_radius_s.c.o[0m
[4.525s] [ 84%] [32m[1mLinking C shared library rosidl_generator_py/p_interfaces/libp_interfaces__rosidl_generator_py.so[0m
[4.572s] [ 84%] Built target p_interfaces__rosidl_generator_py
[4.595s] [ 92%] [32mBuilding C object CMakeFiles/p_interfaces__rosidl_typesupport_c__pyext.dir/rosidl_generator_py/p_interfaces/_p_interfaces_s.ep.rosidl_typesupport_c.c.o[0m
[4.595s] [ 92%] [32mBuilding C object CMakeFiles/p_interfaces__rosidl_typesupport_introspection_c__pyext.dir/rosidl_generator_py/p_interfaces/_p_interfaces_s.ep.rosidl_typesupport_introspection_c.c.o[0m
[4.595s] [ 92%] [32mBuilding C object CMakeFiles/p_interfaces__rosidl_typesupport_fastrtps_c__pyext.dir/rosidl_generator_py/p_interfaces/_p_interfaces_s.ep.rosidl_typesupport_fastrtps_c.c.o[0m
[4.709s] [ 97%] [32m[1mLinking C shared library rosidl_generator_py/p_interfaces/p_interfaces_s__rosidl_typesupport_introspection_c.cpython-310-x86_64-linux-gnu.so[0m
[4.709s] [ 97%] [32m[1mLinking C shared library rosidl_generator_py/p_interfaces/p_interfaces_s__rosidl_typesupport_c.cpython-310-x86_64-linux-gnu.so[0m
[4.710s] [100%] [32m[1mLinking C shared library rosidl_generator_py/p_interfaces/p_interfaces_s__rosidl_typesupport_fastrtps_c.cpython-310-x86_64-linux-gnu.so[0m
[4.754s] [100%] Built target p_interfaces__rosidl_typesupport_c__pyext
[4.754s] [100%] Built target p_interfaces__rosidl_typesupport_introspection_c__pyext
[4.754s] [100%] Built target p_interfaces__rosidl_typesupport_fastrtps_c__pyext
[4.767s] Invoked command in '/home/hans/ros2/task1/build/p_interfaces' returned '0': CMAKE_PREFIX_PATH=${CMAKE_PREFIX_PATH}:/home/hans/ros2_ws/install/p_controller:/home/hans/ros2_ws/install/exapmle1:/home/hans/ros2_ws/install/autonomous_rov:/home/hans/ros2/task1/install/ttbot_square:/opt/ros/humble /usr/bin/cmake --build /home/hans/ros2/task1/build/p_interfaces -- -j8 -l8
[4.779s] Invoking command in '/home/hans/ros2/task1/build/p_interfaces': CMAKE_PREFIX_PATH=${CMAKE_PREFIX_PATH}:/home/hans/ros2_ws/install/p_controller:/home/hans/ros2_ws/install/exapmle1:/home/hans/ros2_ws/install/autonomous_rov:/home/hans/ros2/task1/install/ttbot_square:/opt/ros/humble /usr/bin/cmake --install /home/hans/ros2/task1/build/p_interfaces
[4.787s] -- Install configuration: ""
[4.787s] -- Execute custom install script
[4.788s] -- Symlinking: /home/hans/ros2/task1/install/p_interfaces/share/ament_index/resource_index/rosidl_interfaces/p_interfaces
[4.798s] -- Symlinking: /home/hans/ros2/task1/install/p_interfaces/include/p_interfaces/p_interfaces/msg/detail/num__functions.h
[4.808s] -- Symlinking: /home/hans/ros2/task1/install/p_interfaces/include/p_interfaces/p_interfaces/msg/detail/num__struct.h
[4.818s] -- Symlinking: /home/hans/ros2/task1/install/p_interfaces/include/p_interfaces/p_interfaces/msg/detail/num__type_support.h
[4.827s] -- Symlinking: /home/hans/ros2/task1/install/p_interfaces/include/p_interfaces/p_interfaces/msg/num.h
[4.837s] -- Symlinking: /home/hans/ros2/task1/install/p_interfaces/include/p_interfaces/p_interfaces/msg/rosidl_generator_c__visibility_control.h
[4.847s] -- Symlinking: /home/hans/ros2/task1/install/p_interfaces/include/p_interfaces/p_interfaces/srv/change_radius.h
[4.856s] -- Symlinking: /home/hans/ros2/task1/install/p_interfaces/include/p_interfaces/p_interfaces/srv/detail/change_radius__functions.h
[4.866s] -- Symlinking: /home/hans/ros2/task1/install/p_interfaces/include/p_interfaces/p_interfaces/srv/detail/change_radius__struct.h
[4.876s] -- Symlinking: /home/hans/ros2/task1/install/p_interfaces/include/p_interfaces/p_interfaces/srv/detail/change_radius__type_support.h
[4.886s] -- Symlinking: /home/hans/ros2/task1/install/p_interfaces/share/p_interfaces/environment/library_path.sh
[4.895s] -- Symlinking: /home/hans/ros2/task1/install/p_interfaces/share/p_interfaces/environment/library_path.dsv
[4.906s] -- Symlinking: /home/hans/ros2/task1/install/p_interfaces/include/p_interfaces/p_interfaces/msg/detail/num__rosidl_typesupport_fastrtps_c.h
[4.915s] -- Symlinking: /home/hans/ros2/task1/install/p_interfaces/include/p_interfaces/p_interfaces/msg/rosidl_typesupport_fastrtps_c__visibility_control.h
[4.925s] -- Symlinking: /home/hans/ros2/task1/install/p_interfaces/include/p_interfaces/p_interfaces/srv/detail/change_radius__rosidl_typesupport_fastrtps_c.h
[4.935s] -- Symlinking: /home/hans/ros2/task1/install/p_interfaces/include/p_interfaces/p_interfaces/msg/detail/num__builder.hpp
[4.945s] -- Symlinking: /home/hans/ros2/task1/install/p_interfaces/include/p_interfaces/p_interfaces/msg/detail/num__struct.hpp
[4.955s] -- Symlinking: /home/hans/ros2/task1/install/p_interfaces/include/p_interfaces/p_interfaces/msg/detail/num__traits.hpp
[4.965s] -- Symlinking: /home/hans/ros2/task1/install/p_interfaces/include/p_interfaces/p_interfaces/msg/detail/num__type_support.hpp
[4.975s] -- Symlinking: /home/hans/ros2/task1/install/p_interfaces/include/p_interfaces/p_interfaces/msg/num.hpp
[4.985s] -- Symlinking: /home/hans/ros2/task1/install/p_interfaces/include/p_interfaces/p_interfaces/msg/rosidl_generator_cpp__visibility_control.hpp
[4.995s] -- Symlinking: /home/hans/ros2/task1/install/p_interfaces/include/p_interfaces/p_interfaces/srv/change_radius.hpp
[5.005s] -- Symlinking: /home/hans/ros2/task1/install/p_interfaces/include/p_interfaces/p_interfaces/srv/detail/change_radius__builder.hpp
[5.014s] -- Symlinking: /home/hans/ros2/task1/install/p_interfaces/include/p_interfaces/p_interfaces/srv/detail/change_radius__struct.hpp
[5.024s] -- Symlinking: /home/hans/ros2/task1/install/p_interfaces/include/p_interfaces/p_interfaces/srv/detail/change_radius__traits.hpp
[5.034s] -- Symlinking: /home/hans/ros2/task1/install/p_interfaces/include/p_interfaces/p_interfaces/srv/detail/change_radius__type_support.hpp
[5.044s] -- Symlinking: /home/hans/ros2/task1/install/p_interfaces/include/p_interfaces/p_interfaces/msg/detail/num__rosidl_typesupport_fastrtps_cpp.hpp
[5.053s] -- Symlinking: /home/hans/ros2/task1/install/p_interfaces/include/p_interfaces/p_interfaces/msg/rosidl_typesupport_fastrtps_cpp__visibility_control.h
[5.063s] -- Symlinking: /home/hans/ros2/task1/install/p_interfaces/include/p_interfaces/p_interfaces/srv/detail/change_radius__rosidl_typesupport_fastrtps_cpp.hpp
[5.073s] -- Symlinking: /home/hans/ros2/task1/install/p_interfaces/include/p_interfaces/p_interfaces/msg/detail/num__rosidl_typesupport_introspection_c.h
[5.082s] -- Symlinking: /home/hans/ros2/task1/install/p_interfaces/include/p_interfaces/p_interfaces/msg/rosidl_typesupport_introspection_c__visibility_control.h
[5.092s] -- Symlinking: /home/hans/ros2/task1/install/p_interfaces/include/p_interfaces/p_interfaces/srv/detail/change_radius__rosidl_typesupport_introspection_c.h
[5.101s] -- Symlinking: /home/hans/ros2/task1/install/p_interfaces/include/p_interfaces/p_interfaces/msg/detail/num__rosidl_typesupport_introspection_cpp.hpp
[5.111s] -- Symlinking: /home/hans/ros2/task1/install/p_interfaces/include/p_interfaces/p_interfaces/srv/detail/change_radius__rosidl_typesupport_introspection_cpp.hpp
[5.121s] -- Symlinking: /home/hans/ros2/task1/install/p_interfaces/share/p_interfaces/environment/pythonpath.sh
[5.131s] -- Symlinking: /home/hans/ros2/task1/install/p_interfaces/share/p_interfaces/environment/pythonpath.dsv
[5.141s] -- Symlinking: /home/hans/ros2/task1/install/p_interfaces/local/lib/python3.10/dist-packages/p_interfaces-0.0.0-py3.10.egg-info/PKG-INFO
[5.151s] -- Symlinking: /home/hans/ros2/task1/install/p_interfaces/local/lib/python3.10/dist-packages/p_interfaces-0.0.0-py3.10.egg-info/SOURCES.txt
[5.160s] -- Symlinking: /home/hans/ros2/task1/install/p_interfaces/local/lib/python3.10/dist-packages/p_interfaces-0.0.0-py3.10.egg-info/dependency_links.txt
[5.170s] -- Symlinking: /home/hans/ros2/task1/install/p_interfaces/local/lib/python3.10/dist-packages/p_interfaces-0.0.0-py3.10.egg-info/top_level.txt
[5.181s] -- Symlinking: /home/hans/ros2/task1/install/p_interfaces/local/lib/python3.10/dist-packages/p_interfaces/__init__.py
[5.190s] -- Symlinking: /home/hans/ros2/task1/install/p_interfaces/local/lib/python3.10/dist-packages/p_interfaces/_p_interfaces_s.ep.rosidl_typesupport_c.c
[5.200s] -- Symlinking: /home/hans/ros2/task1/install/p_interfaces/local/lib/python3.10/dist-packages/p_interfaces/_p_interfaces_s.ep.rosidl_typesupport_fastrtps_c.c
[5.210s] -- Symlinking: /home/hans/ros2/task1/install/p_interfaces/local/lib/python3.10/dist-packages/p_interfaces/_p_interfaces_s.ep.rosidl_typesupport_introspection_c.c
[5.220s] -- Symlinking: /home/hans/ros2/task1/install/p_interfaces/local/lib/python3.10/dist-packages/p_interfaces/libp_interfaces__rosidl_generator_py.so
[5.229s] -- Symlinking: /home/hans/ros2/task1/install/p_interfaces/local/lib/python3.10/dist-packages/p_interfaces/msg/__init__.py
[5.239s] -- Symlinking: /home/hans/ros2/task1/install/p_interfaces/local/lib/python3.10/dist-packages/p_interfaces/msg/_num.py
[5.249s] -- Symlinking: /home/hans/ros2/task1/install/p_interfaces/local/lib/python3.10/dist-packages/p_interfaces/msg/_num_s.c
[5.259s] -- Symlinking: /home/hans/ros2/task1/install/p_interfaces/local/lib/python3.10/dist-packages/p_interfaces/p_interfaces_s__rosidl_typesupport_c.cpython-310-x86_64-linux-gnu.so
[5.268s] -- Symlinking: /home/hans/ros2/task1/install/p_interfaces/local/lib/python3.10/dist-packages/p_interfaces/p_interfaces_s__rosidl_typesupport_fastrtps_c.cpython-310-x86_64-linux-gnu.so
[5.277s] -- Symlinking: /home/hans/ros2/task1/install/p_interfaces/local/lib/python3.10/dist-packages/p_interfaces/p_interfaces_s__rosidl_typesupport_introspection_c.cpython-310-x86_64-linux-gnu.so
[5.287s] -- Symlinking: /home/hans/ros2/task1/install/p_interfaces/local/lib/python3.10/dist-packages/p_interfaces/srv/__init__.py
[5.297s] -- Symlinking: /home/hans/ros2/task1/install/p_interfaces/local/lib/python3.10/dist-packages/p_interfaces/srv/_change_radius.py
[5.307s] -- Symlinking: /home/hans/ros2/task1/install/p_interfaces/local/lib/python3.10/dist-packages/p_interfaces/srv/_change_radius_s.c
[5.316s] -- Up-to-date symlink: /home/hans/ros2/task1/install/p_interfaces/local/lib/python3.10/dist-packages/p_interfaces/p_interfaces_s__rosidl_typesupport_fastrtps_c.cpython-310-x86_64-linux-gnu.so
[5.317s] -- Up-to-date symlink: /home/hans/ros2/task1/install/p_interfaces/local/lib/python3.10/dist-packages/p_interfaces/p_interfaces_s__rosidl_typesupport_introspection_c.cpython-310-x86_64-linux-gnu.so
[5.317s] -- Up-to-date symlink: /home/hans/ros2/task1/install/p_interfaces/local/lib/python3.10/dist-packages/p_interfaces/p_interfaces_s__rosidl_typesupport_c.cpython-310-x86_64-linux-gnu.so
[5.317s] -- Symlinking: /home/hans/ros2/task1/install/p_interfaces/share/p_interfaces/msg/Num.idl
[5.327s] -- Symlinking: /home/hans/ros2/task1/install/p_interfaces/share/p_interfaces/srv/ChangeRadius.idl
[5.337s] -- Symlinking: /home/hans/ros2/task1/install/p_interfaces/share/p_interfaces/msg/Num.msg
[5.347s] -- Symlinking: /home/hans/ros2/task1/install/p_interfaces/share/p_interfaces/srv/ChangeRadius.srv
[5.357s] -- Symlinking: /home/hans/ros2/task1/install/p_interfaces/share/p_interfaces/srv/ChangeRadius_Request.msg
[5.366s] -- Symlinking: /home/hans/ros2/task1/install/p_interfaces/share/p_interfaces/srv/ChangeRadius_Response.msg
[5.376s] -- Symlinking: /home/hans/ros2/task1/install/p_interfaces/share/ament_index/resource_index/package_run_dependencies/p_interfaces
[5.386s] -- Symlinking: /home/hans/ros2/task1/install/p_interfaces/share/ament_index/resource_index/parent_prefix_path/p_interfaces
[5.396s] -- Symlinking: /home/hans/ros2/task1/install/p_interfaces/share/p_interfaces/environment/ament_prefix_path.sh
[5.406s] -- Symlinking: /home/hans/ros2/task1/install/p_interfaces/share/p_interfaces/environment/ament_prefix_path.dsv
[5.415s] -- Symlinking: /home/hans/ros2/task1/install/p_interfaces/share/p_interfaces/environment/path.sh
[5.425s] -- Symlinking: /home/hans/ros2/task1/install/p_interfaces/share/p_interfaces/environment/path.dsv
[5.435s] -- Symlinking: /home/hans/ros2/task1/install/p_interfaces/share/p_interfaces/local_setup.bash
[5.445s] -- Symlinking: /home/hans/ros2/task1/install/p_interfaces/share/p_interfaces/local_setup.sh
[5.455s] -- Symlinking: /home/hans/ros2/task1/install/p_interfaces/share/p_interfaces/local_setup.zsh
[5.464s] -- Symlinking: /home/hans/ros2/task1/install/p_interfaces/share/p_interfaces/local_setup.dsv
[5.474s] -- Symlinking: /home/hans/ros2/task1/install/p_interfaces/share/p_interfaces/package.dsv
[5.483s] -- Symlinking: /home/hans/ros2/task1/install/p_interfaces/share/ament_index/resource_index/packages/p_interfaces
[5.493s] -- Symlinking: /home/hans/ros2/task1/install/p_interfaces/share/p_interfaces/cmake/rosidl_cmake-extras.cmake
[5.503s] -- Symlinking: /home/hans/ros2/task1/install/p_interfaces/share/p_interfaces/cmake/ament_cmake_export_dependencies-extras.cmake
[5.513s] -- Symlinking: /home/hans/ros2/task1/install/p_interfaces/share/p_interfaces/cmake/ament_cmake_export_include_directories-extras.cmake
[5.523s] -- Symlinking: /home/hans/ros2/task1/install/p_interfaces/share/p_interfaces/cmake/ament_cmake_export_libraries-extras.cmake
[5.532s] -- Symlinking: /home/hans/ros2/task1/install/p_interfaces/share/p_interfaces/cmake/ament_cmake_export_targets-extras.cmake
[5.543s] -- Symlinking: /home/hans/ros2/task1/install/p_interfaces/share/p_interfaces/cmake/rosidl_cmake_export_typesupport_targets-extras.cmake
[5.552s] -- Symlinking: /home/hans/ros2/task1/install/p_interfaces/share/p_interfaces/cmake/rosidl_cmake_export_typesupport_libraries-extras.cmake
[5.562s] -- Symlinking: /home/hans/ros2/task1/install/p_interfaces/share/p_interfaces/cmake/p_interfacesConfig.cmake
[5.572s] -- Symlinking: /home/hans/ros2/task1/install/p_interfaces/share/p_interfaces/cmake/p_interfacesConfig-version.cmake
[5.582s] -- Symlinking: /home/hans/ros2/task1/install/p_interfaces/share/p_interfaces/package.xml
[5.591s] -- Installing: /home/hans/ros2/task1/install/p_interfaces/lib/libp_interfaces__rosidl_generator_c.so
[5.592s] -- Set runtime path of "/home/hans/ros2/task1/install/p_interfaces/lib/libp_interfaces__rosidl_generator_c.so" to ""
[5.592s] -- Installing: /home/hans/ros2/task1/install/p_interfaces/lib/libp_interfaces__rosidl_typesupport_fastrtps_c.so
[5.592s] -- Set runtime path of "/home/hans/ros2/task1/install/p_interfaces/lib/libp_interfaces__rosidl_typesupport_fastrtps_c.so" to ""
[5.593s] -- Installing: /home/hans/ros2/task1/install/p_interfaces/lib/libp_interfaces__rosidl_typesupport_fastrtps_cpp.so
[5.593s] -- Set runtime path of "/home/hans/ros2/task1/install/p_interfaces/lib/libp_interfaces__rosidl_typesupport_fastrtps_cpp.so" to ""
[5.593s] -- Installing: /home/hans/ros2/task1/install/p_interfaces/lib/libp_interfaces__rosidl_typesupport_introspection_c.so
[5.594s] -- Set runtime path of "/home/hans/ros2/task1/install/p_interfaces/lib/libp_interfaces__rosidl_typesupport_introspection_c.so" to ""
[5.594s] -- Installing: /home/hans/ros2/task1/install/p_interfaces/lib/libp_interfaces__rosidl_typesupport_c.so
[5.594s] -- Set runtime path of "/home/hans/ros2/task1/install/p_interfaces/lib/libp_interfaces__rosidl_typesupport_c.so" to ""
[5.594s] -- Installing: /home/hans/ros2/task1/install/p_interfaces/lib/libp_interfaces__rosidl_typesupport_introspection_cpp.so
[5.595s] -- Set runtime path of "/home/hans/ros2/task1/install/p_interfaces/lib/libp_interfaces__rosidl_typesupport_introspection_cpp.so" to ""
[5.595s] -- Installing: /home/hans/ros2/task1/install/p_interfaces/lib/libp_interfaces__rosidl_typesupport_cpp.so
[5.595s] -- Set runtime path of "/home/hans/ros2/task1/install/p_interfaces/lib/libp_interfaces__rosidl_typesupport_cpp.so" to ""
[5.636s] Listing '/home/hans/ros2/task1/install/p_interfaces/local/lib/python3.10/dist-packages/p_interfaces'...
[5.637s] Compiling '/home/hans/ros2/task1/install/p_interfaces/local/lib/python3.10/dist-packages/p_interfaces/__init__.py'...
[5.637s] Listing '/home/hans/ros2/task1/install/p_interfaces/local/lib/python3.10/dist-packages/p_interfaces/msg'...
[5.637s] Compiling '/home/hans/ros2/task1/install/p_interfaces/local/lib/python3.10/dist-packages/p_interfaces/msg/__init__.py'...
[5.637s] Compiling '/home/hans/ros2/task1/install/p_interfaces/local/lib/python3.10/dist-packages/p_interfaces/msg/_num.py'...
[5.637s] Listing '/home/hans/ros2/task1/install/p_interfaces/local/lib/python3.10/dist-packages/p_interfaces/srv'...
[5.637s] Compiling '/home/hans/ros2/task1/install/p_interfaces/local/lib/python3.10/dist-packages/p_interfaces/srv/__init__.py'...
[5.637s] Compiling '/home/hans/ros2/task1/install/p_interfaces/local/lib/python3.10/dist-packages/p_interfaces/srv/_change_radius.py'...
[5.642s] -- Installing: /home/hans/ros2/task1/install/p_interfaces/lib/libp_interfaces__rosidl_generator_py.so
[5.642s] -- Set runtime path of "/home/hans/ros2/task1/install/p_interfaces/lib/libp_interfaces__rosidl_generator_py.so" to ""
[5.643s] -- Installing: /home/hans/ros2/task1/install/p_interfaces/share/p_interfaces/cmake/export_p_interfaces__rosidl_generator_cExport.cmake
[5.643s] -- Installing: /home/hans/ros2/task1/install/p_interfaces/share/p_interfaces/cmake/export_p_interfaces__rosidl_generator_cExport-noconfig.cmake
[5.643s] -- Installing: /home/hans/ros2/task1/install/p_interfaces/share/p_interfaces/cmake/export_p_interfaces__rosidl_typesupport_fastrtps_cExport.cmake
[5.643s] -- Installing: /home/hans/ros2/task1/install/p_interfaces/share/p_interfaces/cmake/export_p_interfaces__rosidl_typesupport_fastrtps_cExport-noconfig.cmake
[5.643s] -- Installing: /home/hans/ros2/task1/install/p_interfaces/share/p_interfaces/cmake/export_p_interfaces__rosidl_generator_cppExport.cmake
[5.643s] -- Installing: /home/hans/ros2/task1/install/p_interfaces/share/p_interfaces/cmake/export_p_interfaces__rosidl_typesupport_fastrtps_cppExport.cmake
[5.643s] -- Installing: /home/hans/ros2/task1/install/p_interfaces/share/p_interfaces/cmake/export_p_interfaces__rosidl_typesupport_fastrtps_cppExport-noconfig.cmake
[5.644s] -- Installing: /home/hans/ros2/task1/install/p_interfaces/share/p_interfaces/cmake/p_interfaces__rosidl_typesupport_introspection_cExport.cmake
[5.644s] -- Installing: /home/hans/ros2/task1/install/p_interfaces/share/p_interfaces/cmake/p_interfaces__rosidl_typesupport_introspection_cExport-noconfig.cmake
[5.644s] -- Installing: /home/hans/ros2/task1/install/p_interfaces/share/p_interfaces/cmake/p_interfaces__rosidl_typesupport_cExport.cmake
[5.644s] -- Installing: /home/hans/ros2/task1/install/p_interfaces/share/p_interfaces/cmake/p_interfaces__rosidl_typesupport_cExport-noconfig.cmake
[5.644s] -- Installing: /home/hans/ros2/task1/install/p_interfaces/share/p_interfaces/cmake/p_interfaces__rosidl_typesupport_introspection_cppExport.cmake
[5.644s] -- Installing: /home/hans/ros2/task1/install/p_interfaces/share/p_interfaces/cmake/p_interfaces__rosidl_typesupport_introspection_cppExport-noconfig.cmake
[5.645s] -- Installing: /home/hans/ros2/task1/install/p_interfaces/share/p_interfaces/cmake/p_interfaces__rosidl_typesupport_cppExport.cmake
[5.645s] -- Installing: /home/hans/ros2/task1/install/p_interfaces/share/p_interfaces/cmake/p_interfaces__rosidl_typesupport_cppExport-noconfig.cmake
[5.645s] -- Installing: /home/hans/ros2/task1/install/p_interfaces/share/p_interfaces/cmake/export_p_interfaces__rosidl_generator_pyExport.cmake
[5.645s] -- Installing: /home/hans/ros2/task1/install/p_interfaces/share/p_interfaces/cmake/export_p_interfaces__rosidl_generator_pyExport-noconfig.cmake
[5.648s] Invoked command in '/home/hans/ros2/task1/build/p_interfaces' returned '0': CMAKE_PREFIX_PATH=${CMAKE_PREFIX_PATH}:/home/hans/ros2_ws/install/p_controller:/home/hans/ros2_ws/install/exapmle1:/home/hans/ros2_ws/install/autonomous_rov:/home/hans/ros2/task1/install/ttbot_square:/opt/ros/humble /usr/bin/cmake --install /home/hans/ros2/task1/build/p_interfaces
