[1.914s] Invoking command in '/home/hans/ros2/task1/src/ttbot_square': PYTHONPATH=/home/hans/ros2/task1/build/ttbot_square/prefix_override:/usr/lib/python3/dist-packages/colcon_core/task/python/colcon_distutils_commands:/home/hans/ros2/task1/install/ttbot_square/lib/python3.10/site-packages:${PYTHONPATH} /usr/bin/python3 -W ignore:setup.py install is deprecated -W ignore:easy_install command is deprecated setup.py egg_info --egg-base ../../build/ttbot_square build --build-base /home/hans/ros2/task1/build/ttbot_square/build install --record /home/hans/ros2/task1/build/ttbot_square/install.log --single-version-externally-managed install_data
[2.226s] running egg_info
[2.227s] writing ../../build/ttbot_square/ttbot_square.egg-info/PKG-INFO
[2.227s] writing dependency_links to ../../build/ttbot_square/ttbot_square.egg-info/dependency_links.txt
[2.227s] writing entry points to ../../build/ttbot_square/ttbot_square.egg-info/entry_points.txt
[2.228s] writing requirements to ../../build/ttbot_square/ttbot_square.egg-info/requires.txt
[2.228s] writing top-level names to ../../build/ttbot_square/ttbot_square.egg-info/top_level.txt
[2.230s] reading manifest file '../../build/ttbot_square/ttbot_square.egg-info/SOURCES.txt'
[2.231s] writing manifest file '../../build/ttbot_square/ttbot_square.egg-info/SOURCES.txt'
[2.231s] running build
[2.231s] running build_py
[2.231s] running install
[2.231s] running install_lib
[2.233s] byte-compiling /home/hans/ros2/task1/install/ttbot_square/lib/python3.10/site-packages/ttbot_square/circ_cont.py to circ_cont.cpython-310.pyc
[2.233s] running install_data
[2.233s]   File "/home/hans/ros2/task1/install/ttbot_square/lib/python3.10/site-packages/ttbot_square/circ_cont.py", line 37
[2.234s]     def change_radius_callback(self,request,response)
[2.234s]                                                      ^
[2.234s] SyntaxError: expected ':'
[2.234s] 
[2.234s] running install_egg_info
[2.236s] removing '/home/hans/ros2/task1/install/ttbot_square/lib/python3.10/site-packages/ttbot_square-0.0.0-py3.10.egg-info' (and everything under it)
[2.236s] Copying ../../build/ttbot_square/ttbot_square.egg-info to /home/hans/ros2/task1/install/ttbot_square/lib/python3.10/site-packages/ttbot_square-0.0.0-py3.10.egg-info
[2.237s] running install_scripts
[2.262s] Installing circle_controller script to /home/hans/ros2/task1/install/ttbot_square/lib/ttbot_square
[2.262s] Installing square_abin script to /home/hans/ros2/task1/install/ttbot_square/lib/ttbot_square
[2.262s] Installing square_controller_node script to /home/hans/ros2/task1/install/ttbot_square/lib/ttbot_square
[2.262s] writing list of installed files to '/home/hans/ros2/task1/build/ttbot_square/install.log'
[2.295s] Invoked command in '/home/hans/ros2/task1/src/ttbot_square' returned '0': PYTHONPATH=/home/hans/ros2/task1/build/ttbot_square/prefix_override:/usr/lib/python3/dist-packages/colcon_core/task/python/colcon_distutils_commands:/home/hans/ros2/task1/install/ttbot_square/lib/python3.10/site-packages:${PYTHONPATH} /usr/bin/python3 -W ignore:setup.py install is deprecated -W ignore:easy_install command is deprecated setup.py egg_info --egg-base ../../build/ttbot_square build --build-base /home/hans/ros2/task1/build/ttbot_square/build install --record /home/hans/ros2/task1/build/ttbot_square/install.log --single-version-externally-managed install_data
