running egg_info
writing ../../build/p_controller/p_controller.egg-info/PKG-INFO
writing dependency_links to ../../build/p_controller/p_controller.egg-info/dependency_links.txt
writing entry points to ../../build/p_controller/p_controller.egg-info/entry_points.txt
writing requirements to ../../build/p_controller/p_controller.egg-info/requires.txt
writing top-level names to ../../build/p_controller/p_controller.egg-info/top_level.txt
reading manifest file '../../build/p_controller/p_controller.egg-info/SOURCES.txt'
writing manifest file '../../build/p_controller/p_controller.egg-info/SOURCES.txt'
running build
running build_py
running install
running install_lib
running install_data
running install_egg_info
removing '/home/hans/ros2/task1/install/p_controller/lib/python3.10/site-packages/p_controller-0.0.0-py3.10.egg-info' (and everything under it)
Copying ../../build/p_controller/p_controller.egg-info to /home/hans/ros2/task1/install/p_controller/lib/python3.10/site-packages/p_controller-0.0.0-py3.10.egg-info
running install_scripts
Installing circle_controller script to /home/hans/ros2/task1/install/p_controller/lib/p_controller
Installing controller_sub script to /home/hans/ros2/task1/install/p_controller/lib/p_controller
writing list of installed files to '/home/hans/ros2/task1/build/p_controller/install.log'
