running egg_info
writing ../../build/p_action_example/p_action_example.egg-info/PKG-INFO
writing dependency_links to ../../build/p_action_example/p_action_example.egg-info/dependency_links.txt
writing entry points to ../../build/p_action_example/p_action_example.egg-info/entry_points.txt
writing requirements to ../../build/p_action_example/p_action_example.egg-info/requires.txt
writing top-level names to ../../build/p_action_example/p_action_example.egg-info/top_level.txt
reading manifest file '../../build/p_action_example/p_action_example.egg-info/SOURCES.txt'
adding license file 'LICENSE'
writing manifest file '../../build/p_action_example/p_action_example.egg-info/SOURCES.txt'
running build
running build_py
copying p_action_example/p_action_server.py -> /home/hans/ros2/task1/build/p_action_example/build/lib/p_action_example
copying p_action_example/go_to_goal.py -> /home/hans/ros2/task1/build/p_action_example/build/lib/p_action_example
running install
running install_lib
copying /home/hans/ros2/task1/build/p_action_example/build/lib/p_action_example/p_action_server.py -> /home/hans/ros2/task1/install/p_action_example/lib/python3.10/site-packages/p_action_example
copying /home/hans/ros2/task1/build/p_action_example/build/lib/p_action_example/go_to_goal.py -> /home/hans/ros2/task1/install/p_action_example/lib/python3.10/site-packages/p_action_example
byte-compiling /home/hans/ros2/task1/install/p_action_example/lib/python3.10/site-packages/p_action_example/p_action_server.py to p_action_server.cpython-310.pyc
byte-compiling /home/hans/ros2/task1/install/p_action_example/lib/python3.10/site-packages/p_action_example/go_to_goal.py to go_to_goal.cpython-310.pyc
running install_data
creating /home/hans/ros2/task1/install/p_action_example/share/ament_index/resource_index/ament_python
copying resource/p_action_example -> /home/hans/ros2/task1/install/p_action_example/share/ament_index/resource_index/ament_python
running install_egg_info
Copying ../../build/p_action_example/p_action_example.egg-info to /home/hans/ros2/task1/install/p_action_example/lib/python3.10/site-packages/p_action_example-0.0.1-py3.10.egg-info
running install_scripts
Installing go_to_goal script to /home/hans/ros2/task1/install/p_action_example/lib/p_action_example
writing list of installed files to '/home/hans/ros2/task1/build/p_action_example/install.log'
