[  3%] [34m[1mGenerating C code for ROS interfaces[0m
[  6%] [34m[1mGenerating C++ code for ROS interfaces[0m
[  6%] Built target ament_cmake_python_copy_p_action_interfaces
running egg_info
writing p_action_interfaces.egg-info/PKG-INFO
writing dependency_links to p_action_interfaces.egg-info/dependency_links.txt
writing top-level names to p_action_interfaces.egg-info/top_level.txt
reading manifest file 'p_action_interfaces.egg-info/SOURCES.txt'
writing manifest file 'p_action_interfaces.egg-info/SOURCES.txt'
[  6%] Built target ament_cmake_python_build_p_action_interfaces_egg
[  6%] Built target p_action_interfaces__cpp
[  9%] [34m[1mGenerating C++ introspection for ROS interfaces[0m
[ 16%] [34m[1mGenerating C++ type support dispatch for ROS interfaces[0m
[ 16%] [34m[1mGenerating C++ type support for eProsima Fast-RTPS[0m
[ 19%] [32mBuilding C object CMakeFiles/p_action_interfaces__rosidl_generator_c.dir/rosidl_generator_c/p_action_interfaces/action/detail/go_to_point__functions.c.o[0m
[ 22%] [32m[1mLinking C shared library libp_action_interfaces__rosidl_generator_c.so[0m
[ 22%] Built target p_action_interfaces__rosidl_generator_c
[ 25%] [34m[1mGenerating C introspection for ROS interfaces[0m
[ 29%] [34m[1mGenerating C type support for eProsima Fast-RTPS[0m
[ 32%] [34m[1mGenerating C type support dispatch for ROS interfaces[0m
[ 35%] [32mBuilding CXX object CMakeFiles/p_action_interfaces__rosidl_typesupport_cpp.dir/rosidl_typesupport_cpp/p_action_interfaces/action/go_to_point__type_support.cpp.o[0m
[ 38%] [32mBuilding CXX object CMakeFiles/p_action_interfaces__rosidl_typesupport_fastrtps_cpp.dir/rosidl_typesupport_fastrtps_cpp/p_action_interfaces/action/detail/dds_fastrtps/go_to_point__type_support.cpp.o[0m
[ 41%] [32mBuilding CXX object CMakeFiles/p_action_interfaces__rosidl_typesupport_introspection_cpp.dir/rosidl_typesupport_introspection_cpp/p_action_interfaces/action/detail/go_to_point__type_support.cpp.o[0m
[ 45%] [32mBuilding CXX object CMakeFiles/p_action_interfaces__rosidl_typesupport_c.dir/rosidl_typesupport_c/p_action_interfaces/action/go_to_point__type_support.cpp.o[0m
[ 48%] [32m[1mLinking CXX shared library libp_action_interfaces__rosidl_typesupport_c.so[0m
[ 48%] Built target p_action_interfaces__rosidl_typesupport_c
[ 51%] [32mBuilding C object CMakeFiles/p_action_interfaces__rosidl_typesupport_introspection_c.dir/rosidl_typesupport_introspection_c/p_action_interfaces/action/detail/go_to_point__type_support.c.o[0m
[ 54%] [32mBuilding CXX object CMakeFiles/p_action_interfaces__rosidl_typesupport_fastrtps_c.dir/rosidl_typesupport_fastrtps_c/p_action_interfaces/action/detail/go_to_point__type_support_c.cpp.o[0m
[ 58%] [32m[1mLinking C shared library libp_action_interfaces__rosidl_typesupport_introspection_c.so[0m
[ 58%] Built target p_action_interfaces__rosidl_typesupport_introspection_c
[ 61%] [32m[1mLinking CXX shared library libp_action_interfaces__rosidl_typesupport_cpp.so[0m
[ 61%] Built target p_action_interfaces__rosidl_typesupport_cpp
[ 64%] [32m[1mLinking CXX shared library libp_action_interfaces__rosidl_typesupport_introspection_cpp.so[0m
[ 67%] [32m[1mLinking CXX shared library libp_action_interfaces__rosidl_typesupport_fastrtps_cpp.so[0m
[ 67%] Built target p_action_interfaces__rosidl_typesupport_introspection_cpp
[ 70%] [32m[1mLinking CXX shared library libp_action_interfaces__rosidl_typesupport_fastrtps_c.so[0m
[ 70%] Built target p_action_interfaces__rosidl_typesupport_fastrtps_cpp
[ 70%] Built target p_action_interfaces__rosidl_typesupport_fastrtps_c
[ 70%] Built target p_action_interfaces
[ 74%] [34m[1mGenerating Python code for ROS interfaces[0m
[ 74%] Built target p_action_interfaces__py
[ 77%] [32mBuilding C object CMakeFiles/p_action_interfaces__rosidl_generator_py.dir/rosidl_generator_py/p_action_interfaces/action/_go_to_point_s.c.o[0m
[ 80%] [32m[1mLinking C shared library rosidl_generator_py/p_action_interfaces/libp_action_interfaces__rosidl_generator_py.so[0m
[ 80%] Built target p_action_interfaces__rosidl_generator_py
[ 87%] [32mBuilding C object CMakeFiles/p_action_interfaces__rosidl_typesupport_c__pyext.dir/rosidl_generator_py/p_action_interfaces/_p_action_interfaces_s.ep.rosidl_typesupport_c.c.o[0m
[ 87%] [32mBuilding C object CMakeFiles/p_action_interfaces__rosidl_typesupport_fastrtps_c__pyext.dir/rosidl_generator_py/p_action_interfaces/_p_action_interfaces_s.ep.rosidl_typesupport_fastrtps_c.c.o[0m
[ 90%] [32mBuilding C object CMakeFiles/p_action_interfaces__rosidl_typesupport_introspection_c__pyext.dir/rosidl_generator_py/p_action_interfaces/_p_action_interfaces_s.ep.rosidl_typesupport_introspection_c.c.o[0m
[ 93%] [32m[1mLinking C shared library rosidl_generator_py/p_action_interfaces/p_action_interfaces_s__rosidl_typesupport_c.cpython-310-x86_64-linux-gnu.so[0m
[100%] [32m[1mLinking C shared library rosidl_generator_py/p_action_interfaces/p_action_interfaces_s__rosidl_typesupport_introspection_c.cpython-310-x86_64-linux-gnu.so[0m
[100%] [32m[1mLinking C shared library rosidl_generator_py/p_action_interfaces/p_action_interfaces_s__rosidl_typesupport_fastrtps_c.cpython-310-x86_64-linux-gnu.so[0m
[100%] Built target p_action_interfaces__rosidl_typesupport_c__pyext
[100%] Built target p_action_interfaces__rosidl_typesupport_introspection_c__pyext
[100%] Built target p_action_interfaces__rosidl_typesupport_fastrtps_c__pyext
