[0.380s] Invoking command in '/home/hans/ros2/task1/build/p_action_interfaces': CMAKE_PREFIX_PATH=${CMAKE_PREFIX_PATH}:/home/hans/ros2/task1/install/ttbot_square:/home/hans/ros2/task1/install/ping_sonar_ros:/home/hans/ros2/task1/install/p_controller:/home/hans/ros2/task1/install/autonomous_rov:/opt/ros/humble /usr/bin/cmake --build /home/hans/ros2/task1/build/p_action_interfaces -- -j8 -l8
[0.739s] [  3%] [34m[1mGenerating C code for ROS interfaces[0m
[0.739s] [  6%] [34m[1mGenerating C++ code for ROS interfaces[0m
[0.739s] [  6%] Built target ament_cmake_python_copy_p_action_interfaces
[0.818s] running egg_info
[0.819s] writing p_action_interfaces.egg-info/PKG-INFO
[0.819s] writing dependency_links to p_action_interfaces.egg-info/dependency_links.txt
[0.819s] writing top-level names to p_action_interfaces.egg-info/top_level.txt
[0.822s] reading manifest file 'p_action_interfaces.egg-info/SOURCES.txt'
[0.823s] writing manifest file 'p_action_interfaces.egg-info/SOURCES.txt'
[0.857s] [  6%] Built target ament_cmake_python_build_p_action_interfaces_egg
[1.037s] [  6%] Built target p_action_interfaces__cpp
[1.053s] [  9%] [34m[1mGenerating C++ introspection for ROS interfaces[0m
[1.055s] [ 16%] [34m[1mGenerating C++ type support dispatch for ROS interfaces[0m
[1.056s] [ 16%] [34m[1mGenerating C++ type support for eProsima Fast-RTPS[0m
[1.058s] [ 19%] [32mBuilding C object CMakeFiles/p_action_interfaces__rosidl_generator_c.dir/rosidl_generator_c/p_action_interfaces/action/detail/go_to_point__functions.c.o[0m
[1.314s] [ 22%] [32m[1mLinking C shared library libp_action_interfaces__rosidl_generator_c.so[0m
[1.379s] [ 22%] Built target p_action_interfaces__rosidl_generator_c
[1.395s] [ 25%] [34m[1mGenerating C introspection for ROS interfaces[0m
[1.397s] [ 29%] [34m[1mGenerating C type support for eProsima Fast-RTPS[0m
[1.402s] [ 32%] [34m[1mGenerating C type support dispatch for ROS interfaces[0m
[1.723s] [ 35%] [32mBuilding CXX object CMakeFiles/p_action_interfaces__rosidl_typesupport_cpp.dir/rosidl_typesupport_cpp/p_action_interfaces/action/go_to_point__type_support.cpp.o[0m
[1.832s] [ 38%] [32mBuilding CXX object CMakeFiles/p_action_interfaces__rosidl_typesupport_fastrtps_cpp.dir/rosidl_typesupport_fastrtps_cpp/p_action_interfaces/action/detail/dds_fastrtps/go_to_point__type_support.cpp.o[0m
[1.846s] [ 41%] [32mBuilding CXX object CMakeFiles/p_action_interfaces__rosidl_typesupport_introspection_cpp.dir/rosidl_typesupport_introspection_cpp/p_action_interfaces/action/detail/go_to_point__type_support.cpp.o[0m
[1.961s] [ 45%] [32mBuilding CXX object CMakeFiles/p_action_interfaces__rosidl_typesupport_c.dir/rosidl_typesupport_c/p_action_interfaces/action/go_to_point__type_support.cpp.o[0m
[2.025s] [ 48%] [32m[1mLinking CXX shared library libp_action_interfaces__rosidl_typesupport_c.so[0m
[2.083s] [ 48%] Built target p_action_interfaces__rosidl_typesupport_c
[2.209s] [ 51%] [32mBuilding C object CMakeFiles/p_action_interfaces__rosidl_typesupport_introspection_c.dir/rosidl_typesupport_introspection_c/p_action_interfaces/action/detail/go_to_point__type_support.c.o[0m
[2.272s] [ 54%] [32mBuilding CXX object CMakeFiles/p_action_interfaces__rosidl_typesupport_fastrtps_c.dir/rosidl_typesupport_fastrtps_c/p_action_interfaces/action/detail/go_to_point__type_support_c.cpp.o[0m
[2.288s] [ 58%] [32m[1mLinking C shared library libp_action_interfaces__rosidl_typesupport_introspection_c.so[0m
[2.353s] [ 58%] Built target p_action_interfaces__rosidl_typesupport_introspection_c
[2.479s] [ 61%] [32m[1mLinking CXX shared library libp_action_interfaces__rosidl_typesupport_cpp.so[0m
[2.535s] [ 61%] Built target p_action_interfaces__rosidl_typesupport_cpp
[2.650s] [ 64%] [32m[1mLinking CXX shared library libp_action_interfaces__rosidl_typesupport_introspection_cpp.so[0m
[2.704s] [ 67%] [32m[1mLinking CXX shared library libp_action_interfaces__rosidl_typesupport_fastrtps_cpp.so[0m
[2.763s] [ 67%] Built target p_action_interfaces__rosidl_typesupport_introspection_cpp
[2.816s] [ 70%] [32m[1mLinking CXX shared library libp_action_interfaces__rosidl_typesupport_fastrtps_c.so[0m
[2.828s] [ 70%] Built target p_action_interfaces__rosidl_typesupport_fastrtps_cpp
[2.931s] [ 70%] Built target p_action_interfaces__rosidl_typesupport_fastrtps_c
[2.956s] [ 70%] Built target p_action_interfaces
[2.981s] [ 74%] [34m[1mGenerating Python code for ROS interfaces[0m
[3.780s] [ 74%] Built target p_action_interfaces__py
[3.806s] [ 77%] [32mBuilding C object CMakeFiles/p_action_interfaces__rosidl_generator_py.dir/rosidl_generator_py/p_action_interfaces/action/_go_to_point_s.c.o[0m
[3.966s] [ 80%] [32m[1mLinking C shared library rosidl_generator_py/p_action_interfaces/libp_action_interfaces__rosidl_generator_py.so[0m
[4.016s] [ 80%] Built target p_action_interfaces__rosidl_generator_py
[4.041s] [ 87%] [32mBuilding C object CMakeFiles/p_action_interfaces__rosidl_typesupport_c__pyext.dir/rosidl_generator_py/p_action_interfaces/_p_action_interfaces_s.ep.rosidl_typesupport_c.c.o[0m
[4.041s] [ 87%] [32mBuilding C object CMakeFiles/p_action_interfaces__rosidl_typesupport_fastrtps_c__pyext.dir/rosidl_generator_py/p_action_interfaces/_p_action_interfaces_s.ep.rosidl_typesupport_fastrtps_c.c.o[0m
[4.041s] [ 90%] [32mBuilding C object CMakeFiles/p_action_interfaces__rosidl_typesupport_introspection_c__pyext.dir/rosidl_generator_py/p_action_interfaces/_p_action_interfaces_s.ep.rosidl_typesupport_introspection_c.c.o[0m
[4.180s] [ 93%] [32m[1mLinking C shared library rosidl_generator_py/p_action_interfaces/p_action_interfaces_s__rosidl_typesupport_c.cpython-310-x86_64-linux-gnu.so[0m
[4.185s] [100%] [32m[1mLinking C shared library rosidl_generator_py/p_action_interfaces/p_action_interfaces_s__rosidl_typesupport_introspection_c.cpython-310-x86_64-linux-gnu.so[0m
[4.185s] [100%] [32m[1mLinking C shared library rosidl_generator_py/p_action_interfaces/p_action_interfaces_s__rosidl_typesupport_fastrtps_c.cpython-310-x86_64-linux-gnu.so[0m
[4.234s] [100%] Built target p_action_interfaces__rosidl_typesupport_c__pyext
[4.238s] [100%] Built target p_action_interfaces__rosidl_typesupport_introspection_c__pyext
[4.238s] [100%] Built target p_action_interfaces__rosidl_typesupport_fastrtps_c__pyext
