[0.114s] DEBUG:colcon:Command line arguments: ['/usr/bin/colcon', 'build', '--packages-select', 'p_action_example']
[0.114s] DEBUG:colcon:Parsed command line arguments: Namespace(log_base=None, log_level=None, verb_name='build', build_base='build', install_base='install', merge_install=False, symlink_install=False, test_result_base=None, continue_on_error=False, executor='parallel', parallel_workers=8, event_handlers=None, ignore_user_meta=False, metas=['./colcon.meta'], base_paths=['.'], packages_ignore=None, packages_ignore_regex=None, paths=None, packages_up_to=None, packages_up_to_regex=None, packages_above=None, packages_above_and_dependencies=None, packages_above_depth=None, packages_select_by_dep=None, packages_skip_by_dep=None, packages_skip_up_to=None, packages_select_build_failed=False, packages_skip_build_finished=False, packages_select_test_failures=False, packages_skip_test_passed=False, packages_select=['p_action_example'], packages_skip=None, packages_select_regex=None, packages_skip_regex=None, packages_start=None, packages_end=None, allow_overriding=[], cmake_args=None, cmake_target=None, cmake_target_skip_unavailable=False, cmake_clean_cache=False, cmake_clean_first=False, cmake_force_configure=False, ament_cmake_args=None, catkin_cmake_args=None, catkin_skip_building_tests=False, verb_parser=<colcon_defaults.argument_parser.defaults.DefaultArgumentsDecorator object at 0x763de7e3a500>, verb_extension=<colcon_core.verb.build.BuildVerb object at 0x763de7e39ff0>, main=<bound method BuildVerb.main of <colcon_core.verb.build.BuildVerb object at 0x763de7e39ff0>>)
[0.287s] Level 1:colcon.colcon_core.package_discovery:discover_packages(colcon_meta) check parameters
[0.287s] Level 1:colcon.colcon_core.package_discovery:discover_packages(recursive) check parameters
[0.287s] Level 1:colcon.colcon_core.package_discovery:discover_packages(ignore) check parameters
[0.287s] Level 1:colcon.colcon_core.package_discovery:discover_packages(path) check parameters
[0.287s] Level 1:colcon.colcon_core.package_discovery:discover_packages(colcon_meta) discover
[0.287s] Level 1:colcon.colcon_core.package_discovery:discover_packages(recursive) discover
[0.287s] INFO:colcon.colcon_core.package_discovery:Crawling recursively for packages in '/home/hans/ros2/task1'
[0.287s] Level 1:colcon.colcon_core.package_identification:_identify(.) by extensions ['ignore', 'ignore_ament_install']
[0.287s] Level 1:colcon.colcon_core.package_identification:_identify(.) by extension 'ignore'
[0.287s] Level 1:colcon.colcon_core.package_identification:_identify(.) by extension 'ignore_ament_install'
[0.287s] Level 1:colcon.colcon_core.package_identification:_identify(.) by extensions ['colcon_pkg']
[0.287s] Level 1:colcon.colcon_core.package_identification:_identify(.) by extension 'colcon_pkg'
[0.287s] Level 1:colcon.colcon_core.package_identification:_identify(.) by extensions ['colcon_meta']
[0.287s] Level 1:colcon.colcon_core.package_identification:_identify(.) by extension 'colcon_meta'
[0.287s] Level 1:colcon.colcon_core.package_identification:_identify(.) by extensions ['ros']
[0.287s] Level 1:colcon.colcon_core.package_identification:_identify(.) by extension 'ros'
[0.299s] Level 1:colcon.colcon_core.package_identification:_identify(.) by extensions ['cmake', 'python']
[0.299s] Level 1:colcon.colcon_core.package_identification:_identify(.) by extension 'cmake'
[0.299s] Level 1:colcon.colcon_core.package_identification:_identify(.) by extension 'python'
[0.299s] Level 1:colcon.colcon_core.package_identification:_identify(.) by extensions ['python_setup_py']
[0.299s] Level 1:colcon.colcon_core.package_identification:_identify(.) by extension 'python_setup_py'
[0.299s] Level 1:colcon.colcon_core.package_identification:_identify(build) by extensions ['ignore', 'ignore_ament_install']
[0.299s] Level 1:colcon.colcon_core.package_identification:_identify(build) by extension 'ignore'
[0.299s] Level 1:colcon.colcon_core.package_identification:_identify(build) ignored
[0.299s] Level 1:colcon.colcon_core.package_identification:_identify(install) by extensions ['ignore', 'ignore_ament_install']
[0.299s] Level 1:colcon.colcon_core.package_identification:_identify(install) by extension 'ignore'
[0.299s] Level 1:colcon.colcon_core.package_identification:_identify(install) ignored
[0.300s] Level 1:colcon.colcon_core.package_identification:_identify(log) by extensions ['ignore', 'ignore_ament_install']
[0.300s] Level 1:colcon.colcon_core.package_identification:_identify(log) by extension 'ignore'
[0.300s] Level 1:colcon.colcon_core.package_identification:_identify(log) ignored
[0.300s] Level 1:colcon.colcon_core.package_identification:_identify(mybag.bag) by extensions ['ignore', 'ignore_ament_install']
[0.300s] Level 1:colcon.colcon_core.package_identification:_identify(mybag.bag) by extension 'ignore'
[0.300s] Level 1:colcon.colcon_core.package_identification:_identify(mybag.bag) by extension 'ignore_ament_install'
[0.300s] Level 1:colcon.colcon_core.package_identification:_identify(mybag.bag) by extensions ['colcon_pkg']
[0.300s] Level 1:colcon.colcon_core.package_identification:_identify(mybag.bag) by extension 'colcon_pkg'
[0.300s] Level 1:colcon.colcon_core.package_identification:_identify(mybag.bag) by extensions ['colcon_meta']
[0.300s] Level 1:colcon.colcon_core.package_identification:_identify(mybag.bag) by extension 'colcon_meta'
[0.300s] Level 1:colcon.colcon_core.package_identification:_identify(mybag.bag) by extensions ['ros']
[0.300s] Level 1:colcon.colcon_core.package_identification:_identify(mybag.bag) by extension 'ros'
[0.301s] Level 1:colcon.colcon_core.package_identification:_identify(mybag.bag) by extensions ['cmake', 'python']
[0.301s] Level 1:colcon.colcon_core.package_identification:_identify(mybag.bag) by extension 'cmake'
[0.301s] Level 1:colcon.colcon_core.package_identification:_identify(mybag.bag) by extension 'python'
[0.301s] Level 1:colcon.colcon_core.package_identification:_identify(mybag.bag) by extensions ['python_setup_py']
[0.301s] Level 1:colcon.colcon_core.package_identification:_identify(mybag.bag) by extension 'python_setup_py'
[0.301s] Level 1:colcon.colcon_core.package_identification:_identify(src) by extensions ['ignore', 'ignore_ament_install']
[0.301s] Level 1:colcon.colcon_core.package_identification:_identify(src) by extension 'ignore'
[0.301s] Level 1:colcon.colcon_core.package_identification:_identify(src) by extension 'ignore_ament_install'
[0.301s] Level 1:colcon.colcon_core.package_identification:_identify(src) by extensions ['colcon_pkg']
[0.301s] Level 1:colcon.colcon_core.package_identification:_identify(src) by extension 'colcon_pkg'
[0.301s] Level 1:colcon.colcon_core.package_identification:_identify(src) by extensions ['colcon_meta']
[0.301s] Level 1:colcon.colcon_core.package_identification:_identify(src) by extension 'colcon_meta'
[0.302s] Level 1:colcon.colcon_core.package_identification:_identify(src) by extensions ['ros']
[0.302s] Level 1:colcon.colcon_core.package_identification:_identify(src) by extension 'ros'
[0.302s] Level 1:colcon.colcon_core.package_identification:_identify(src) by extensions ['cmake', 'python']
[0.302s] Level 1:colcon.colcon_core.package_identification:_identify(src) by extension 'cmake'
[0.302s] Level 1:colcon.colcon_core.package_identification:_identify(src) by extension 'python'
[0.302s] Level 1:colcon.colcon_core.package_identification:_identify(src) by extensions ['python_setup_py']
[0.302s] Level 1:colcon.colcon_core.package_identification:_identify(src) by extension 'python_setup_py'
[0.302s] Level 1:colcon.colcon_core.package_identification:_identify(src/autonomous_rov) by extensions ['ignore', 'ignore_ament_install']
[0.302s] Level 1:colcon.colcon_core.package_identification:_identify(src/autonomous_rov) by extension 'ignore'
[0.302s] Level 1:colcon.colcon_core.package_identification:_identify(src/autonomous_rov) by extension 'ignore_ament_install'
[0.302s] Level 1:colcon.colcon_core.package_identification:_identify(src/autonomous_rov) by extensions ['colcon_pkg']
[0.302s] Level 1:colcon.colcon_core.package_identification:_identify(src/autonomous_rov) by extension 'colcon_pkg'
[0.302s] Level 1:colcon.colcon_core.package_identification:_identify(src/autonomous_rov) by extensions ['colcon_meta']
[0.303s] Level 1:colcon.colcon_core.package_identification:_identify(src/autonomous_rov) by extension 'colcon_meta'
[0.303s] Level 1:colcon.colcon_core.package_identification:_identify(src/autonomous_rov) by extensions ['ros']
[0.303s] Level 1:colcon.colcon_core.package_identification:_identify(src/autonomous_rov) by extension 'ros'
[0.305s] DEBUG:colcon.colcon_core.package_identification:Package 'src/autonomous_rov' with type 'ros.ament_python' and name 'autonomous_rov'
[0.305s] Level 1:colcon.colcon_core.package_identification:_identify(src/build) by extensions ['ignore', 'ignore_ament_install']
[0.305s] Level 1:colcon.colcon_core.package_identification:_identify(src/build) by extension 'ignore'
[0.305s] Level 1:colcon.colcon_core.package_identification:_identify(src/build) ignored
[0.306s] Level 1:colcon.colcon_core.package_identification:_identify(src/install) by extensions ['ignore', 'ignore_ament_install']
[0.306s] Level 1:colcon.colcon_core.package_identification:_identify(src/install) by extension 'ignore'
[0.306s] Level 1:colcon.colcon_core.package_identification:_identify(src/install) ignored
[0.306s] Level 1:colcon.colcon_core.package_identification:_identify(src/log) by extensions ['ignore', 'ignore_ament_install']
[0.306s] Level 1:colcon.colcon_core.package_identification:_identify(src/log) by extension 'ignore'
[0.306s] Level 1:colcon.colcon_core.package_identification:_identify(src/log) ignored
[0.306s] Level 1:colcon.colcon_core.package_identification:_identify(src/p_action_example) by extensions ['ignore', 'ignore_ament_install']
[0.306s] Level 1:colcon.colcon_core.package_identification:_identify(src/p_action_example) by extension 'ignore'
[0.307s] Level 1:colcon.colcon_core.package_identification:_identify(src/p_action_example) by extension 'ignore_ament_install'
[0.307s] Level 1:colcon.colcon_core.package_identification:_identify(src/p_action_example) by extensions ['colcon_pkg']
[0.307s] Level 1:colcon.colcon_core.package_identification:_identify(src/p_action_example) by extension 'colcon_pkg'
[0.307s] Level 1:colcon.colcon_core.package_identification:_identify(src/p_action_example) by extensions ['colcon_meta']
[0.307s] Level 1:colcon.colcon_core.package_identification:_identify(src/p_action_example) by extension 'colcon_meta'
[0.307s] Level 1:colcon.colcon_core.package_identification:_identify(src/p_action_example) by extensions ['ros']
[0.307s] Level 1:colcon.colcon_core.package_identification:_identify(src/p_action_example) by extension 'ros'
[0.307s] DEBUG:colcon.colcon_core.package_identification:Package 'src/p_action_example' with type 'ros.ament_python' and name 'p_action_example'
[0.308s] Level 1:colcon.colcon_core.package_identification:_identify(src/p_action_interfaces) by extensions ['ignore', 'ignore_ament_install']
[0.308s] Level 1:colcon.colcon_core.package_identification:_identify(src/p_action_interfaces) by extension 'ignore'
[0.308s] Level 1:colcon.colcon_core.package_identification:_identify(src/p_action_interfaces) by extension 'ignore_ament_install'
[0.308s] Level 1:colcon.colcon_core.package_identification:_identify(src/p_action_interfaces) by extensions ['colcon_pkg']
[0.308s] Level 1:colcon.colcon_core.package_identification:_identify(src/p_action_interfaces) by extension 'colcon_pkg'
[0.308s] Level 1:colcon.colcon_core.package_identification:_identify(src/p_action_interfaces) by extensions ['colcon_meta']
[0.308s] Level 1:colcon.colcon_core.package_identification:_identify(src/p_action_interfaces) by extension 'colcon_meta'
[0.308s] Level 1:colcon.colcon_core.package_identification:_identify(src/p_action_interfaces) by extensions ['ros']
[0.308s] Level 1:colcon.colcon_core.package_identification:_identify(src/p_action_interfaces) by extension 'ros'
[0.309s] DEBUG:colcon.colcon_core.package_identification:Package 'src/p_action_interfaces' with type 'ros.ament_cmake' and name 'p_action_interfaces'
[0.309s] Level 1:colcon.colcon_core.package_identification:_identify(src/p_controller) by extensions ['ignore', 'ignore_ament_install']
[0.309s] Level 1:colcon.colcon_core.package_identification:_identify(src/p_controller) by extension 'ignore'
[0.309s] Level 1:colcon.colcon_core.package_identification:_identify(src/p_controller) by extension 'ignore_ament_install'
[0.310s] Level 1:colcon.colcon_core.package_identification:_identify(src/p_controller) by extensions ['colcon_pkg']
[0.310s] Level 1:colcon.colcon_core.package_identification:_identify(src/p_controller) by extension 'colcon_pkg'
[0.310s] Level 1:colcon.colcon_core.package_identification:_identify(src/p_controller) by extensions ['colcon_meta']
[0.310s] Level 1:colcon.colcon_core.package_identification:_identify(src/p_controller) by extension 'colcon_meta'
[0.310s] Level 1:colcon.colcon_core.package_identification:_identify(src/p_controller) by extensions ['ros']
[0.310s] Level 1:colcon.colcon_core.package_identification:_identify(src/p_controller) by extension 'ros'
[0.310s] DEBUG:colcon.colcon_core.package_identification:Package 'src/p_controller' with type 'ros.ament_python' and name 'p_controller'
[0.311s] Level 1:colcon.colcon_core.package_identification:_identify(src/p_interfaces) by extensions ['ignore', 'ignore_ament_install']
[0.311s] Level 1:colcon.colcon_core.package_identification:_identify(src/p_interfaces) by extension 'ignore'
[0.311s] Level 1:colcon.colcon_core.package_identification:_identify(src/p_interfaces) by extension 'ignore_ament_install'
[0.311s] Level 1:colcon.colcon_core.package_identification:_identify(src/p_interfaces) by extensions ['colcon_pkg']
[0.311s] Level 1:colcon.colcon_core.package_identification:_identify(src/p_interfaces) by extension 'colcon_pkg'
[0.311s] Level 1:colcon.colcon_core.package_identification:_identify(src/p_interfaces) by extensions ['colcon_meta']
[0.311s] Level 1:colcon.colcon_core.package_identification:_identify(src/p_interfaces) by extension 'colcon_meta'
[0.311s] Level 1:colcon.colcon_core.package_identification:_identify(src/p_interfaces) by extensions ['ros']
[0.311s] Level 1:colcon.colcon_core.package_identification:_identify(src/p_interfaces) by extension 'ros'
[0.312s] DEBUG:colcon.colcon_core.package_identification:Package 'src/p_interfaces' with type 'ros.ament_cmake' and name 'p_interfaces'
[0.312s] Level 1:colcon.colcon_core.package_identification:_identify(src/ping_sonar_ros-master) by extensions ['ignore', 'ignore_ament_install']
[0.312s] Level 1:colcon.colcon_core.package_identification:_identify(src/ping_sonar_ros-master) by extension 'ignore'
[0.312s] Level 1:colcon.colcon_core.package_identification:_identify(src/ping_sonar_ros-master) by extension 'ignore_ament_install'
[0.312s] Level 1:colcon.colcon_core.package_identification:_identify(src/ping_sonar_ros-master) by extensions ['colcon_pkg']
[0.312s] Level 1:colcon.colcon_core.package_identification:_identify(src/ping_sonar_ros-master) by extension 'colcon_pkg'
[0.312s] Level 1:colcon.colcon_core.package_identification:_identify(src/ping_sonar_ros-master) by extensions ['colcon_meta']
[0.313s] Level 1:colcon.colcon_core.package_identification:_identify(src/ping_sonar_ros-master) by extension 'colcon_meta'
[0.313s] Level 1:colcon.colcon_core.package_identification:_identify(src/ping_sonar_ros-master) by extensions ['ros']
[0.313s] Level 1:colcon.colcon_core.package_identification:_identify(src/ping_sonar_ros-master) by extension 'ros'
[0.313s] DEBUG:colcon.colcon_core.package_identification:Package 'src/ping_sonar_ros-master' with type 'ros.ament_python' and name 'ping_sonar_ros'
[0.313s] Level 1:colcon.colcon_core.package_identification:_identify(src/ttbot_square) by extensions ['ignore', 'ignore_ament_install']
[0.313s] Level 1:colcon.colcon_core.package_identification:_identify(src/ttbot_square) by extension 'ignore'
[0.314s] Level 1:colcon.colcon_core.package_identification:_identify(src/ttbot_square) by extension 'ignore_ament_install'
[0.314s] Level 1:colcon.colcon_core.package_identification:_identify(src/ttbot_square) by extensions ['colcon_pkg']
[0.314s] Level 1:colcon.colcon_core.package_identification:_identify(src/ttbot_square) by extension 'colcon_pkg'
[0.314s] Level 1:colcon.colcon_core.package_identification:_identify(src/ttbot_square) by extensions ['colcon_meta']
[0.314s] Level 1:colcon.colcon_core.package_identification:_identify(src/ttbot_square) by extension 'colcon_meta'
[0.314s] Level 1:colcon.colcon_core.package_identification:_identify(src/ttbot_square) by extensions ['ros']
[0.314s] Level 1:colcon.colcon_core.package_identification:_identify(src/ttbot_square) by extension 'ros'
[0.314s] DEBUG:colcon.colcon_core.package_identification:Package 'src/ttbot_square' with type 'ros.ament_python' and name 'ttbot_square'
[0.315s] Level 1:colcon.colcon_core.package_discovery:discover_packages(recursive) using defaults
[0.315s] Level 1:colcon.colcon_core.package_discovery:discover_packages(ignore) discover
[0.315s] Level 1:colcon.colcon_core.package_discovery:discover_packages(ignore) using defaults
[0.315s] Level 1:colcon.colcon_core.package_discovery:discover_packages(path) discover
[0.315s] Level 1:colcon.colcon_core.package_discovery:discover_packages(path) using defaults
[0.348s] INFO:colcon.colcon_core.package_selection:Skipping not selected package 'autonomous_rov' in 'src/autonomous_rov'
[0.348s] INFO:colcon.colcon_core.package_selection:Skipping not selected package 'p_action_interfaces' in 'src/p_action_interfaces'
[0.348s] INFO:colcon.colcon_core.package_selection:Skipping not selected package 'p_interfaces' in 'src/p_interfaces'
[0.348s] INFO:colcon.colcon_core.package_selection:Skipping not selected package 'ping_sonar_ros' in 'src/ping_sonar_ros-master'
[0.348s] INFO:colcon.colcon_core.package_selection:Skipping not selected package 'ttbot_square' in 'src/ttbot_square'
[0.348s] INFO:colcon.colcon_core.package_selection:Skipping not selected package 'p_controller' in 'src/p_controller'
[0.348s] Level 1:colcon.colcon_core.package_discovery:discover_packages(prefix_path) check parameters
[0.349s] Level 1:colcon.colcon_core.package_discovery:discover_packages(prefix_path) discover
[0.351s] DEBUG:colcon.colcon_installed_package_information.package_discovery:Found 8 installed packages in /home/hans/ros2/task1/install
[0.352s] DEBUG:colcon.colcon_installed_package_information.package_discovery:Found 7 installed packages in /home/hans/ros2/task1/src/install
[0.354s] DEBUG:colcon.colcon_installed_package_information.package_discovery:Found 278 installed packages in /opt/ros/humble
[0.356s] Level 1:colcon.colcon_core.package_discovery:discover_packages(prefix_path) using defaults
[0.401s] Level 5:colcon.colcon_core.verb:set package 'p_action_example' build argument 'cmake_args' from command line to 'None'
[0.401s] Level 5:colcon.colcon_core.verb:set package 'p_action_example' build argument 'cmake_target' from command line to 'None'
[0.401s] Level 5:colcon.colcon_core.verb:set package 'p_action_example' build argument 'cmake_target_skip_unavailable' from command line to 'False'
[0.401s] Level 5:colcon.colcon_core.verb:set package 'p_action_example' build argument 'cmake_clean_cache' from command line to 'False'
[0.401s] Level 5:colcon.colcon_core.verb:set package 'p_action_example' build argument 'cmake_clean_first' from command line to 'False'
[0.401s] Level 5:colcon.colcon_core.verb:set package 'p_action_example' build argument 'cmake_force_configure' from command line to 'False'
[0.401s] Level 5:colcon.colcon_core.verb:set package 'p_action_example' build argument 'ament_cmake_args' from command line to 'None'
[0.401s] Level 5:colcon.colcon_core.verb:set package 'p_action_example' build argument 'catkin_cmake_args' from command line to 'None'
[0.401s] Level 5:colcon.colcon_core.verb:set package 'p_action_example' build argument 'catkin_skip_building_tests' from command line to 'False'
[0.401s] DEBUG:colcon.colcon_core.verb:Building package 'p_action_example' with the following arguments: {'ament_cmake_args': None, 'build_base': '/home/hans/ros2/task1/build/p_action_example', 'catkin_cmake_args': None, 'catkin_skip_building_tests': False, 'cmake_args': None, 'cmake_clean_cache': False, 'cmake_clean_first': False, 'cmake_force_configure': False, 'cmake_target': None, 'cmake_target_skip_unavailable': False, 'install_base': '/home/hans/ros2/task1/install/p_action_example', 'merge_install': False, 'path': '/home/hans/ros2/task1/src/p_action_example', 'symlink_install': False, 'test_result_base': None}
[0.402s] INFO:colcon.colcon_core.executor:Executing jobs using 'parallel' executor
[0.403s] DEBUG:colcon.colcon_parallel_executor.executor.parallel:run_until_complete
[0.403s] INFO:colcon.colcon_ros.task.ament_python.build:Building ROS package in '/home/hans/ros2/task1/src/p_action_example' with build type 'ament_python'
[0.403s] Level 1:colcon.colcon_core.shell:create_environment_hook('p_action_example', 'ament_prefix_path')
[0.406s] INFO:colcon.colcon_core.plugin_system:Skipping extension 'colcon_core.shell.bat': Not used on non-Windows systems
[0.406s] INFO:colcon.colcon_core.shell:Creating environment hook '/home/hans/ros2/task1/install/p_action_example/share/p_action_example/hook/ament_prefix_path.ps1'
[0.406s] INFO:colcon.colcon_core.shell:Creating environment descriptor '/home/hans/ros2/task1/install/p_action_example/share/p_action_example/hook/ament_prefix_path.dsv'
[0.407s] INFO:colcon.colcon_core.shell:Creating environment hook '/home/hans/ros2/task1/install/p_action_example/share/p_action_example/hook/ament_prefix_path.sh'
[0.408s] INFO:colcon.colcon_core.shell:Skip shell extension 'powershell' for command environment: Not usable outside of PowerShell
[0.408s] DEBUG:colcon.colcon_core.shell:Skip shell extension 'dsv' for command environment
[0.690s] INFO:colcon.colcon_core.task.python.build:Building Python package in '/home/hans/ros2/task1/src/p_action_example'
[0.690s] INFO:colcon.colcon_core.shell:Skip shell extension 'powershell' for command environment: Not usable outside of PowerShell
[0.690s] DEBUG:colcon.colcon_core.shell:Skip shell extension 'dsv' for command environment
[1.064s] DEBUG:colcon.colcon_core.event_handler.log_command:Invoking command in '/home/hans/ros2/task1/src/p_action_example': PYTHONPATH=/home/hans/ros2/task1/build/p_action_example/prefix_override:/usr/lib/python3/dist-packages/colcon_core/task/python/colcon_distutils_commands:/home/hans/ros2/task1/install/p_action_example/lib/python3.10/site-packages:${PYTHONPATH} /usr/bin/python3 -W ignore:setup.py install is deprecated -W ignore:easy_install command is deprecated setup.py egg_info --egg-base ../../build/p_action_example build --build-base /home/hans/ros2/task1/build/p_action_example/build install --record /home/hans/ros2/task1/build/p_action_example/install.log --single-version-externally-managed install_data
[1.393s] DEBUG:colcon.colcon_core.event_handler.log_command:Invoked command in '/home/hans/ros2/task1/src/p_action_example' returned '0': PYTHONPATH=/home/hans/ros2/task1/build/p_action_example/prefix_override:/usr/lib/python3/dist-packages/colcon_core/task/python/colcon_distutils_commands:/home/hans/ros2/task1/install/p_action_example/lib/python3.10/site-packages:${PYTHONPATH} /usr/bin/python3 -W ignore:setup.py install is deprecated -W ignore:easy_install command is deprecated setup.py egg_info --egg-base ../../build/p_action_example build --build-base /home/hans/ros2/task1/build/p_action_example/build install --record /home/hans/ros2/task1/build/p_action_example/install.log --single-version-externally-managed install_data
[1.396s] Level 1:colcon.colcon_core.environment:checking '/home/hans/ros2/task1/install/p_action_example' for CMake module files
[1.396s] Level 1:colcon.colcon_core.environment:checking '/home/hans/ros2/task1/install/p_action_example' for CMake config files
[1.397s] Level 1:colcon.colcon_core.environment:checking '/home/hans/ros2/task1/install/p_action_example/lib'
[1.397s] Level 1:colcon.colcon_core.environment:checking '/home/hans/ros2/task1/install/p_action_example/bin'
[1.398s] Level 1:colcon.colcon_core.environment:checking '/home/hans/ros2/task1/install/p_action_example/lib/pkgconfig/p_action_example.pc'
[1.398s] Level 1:colcon.colcon_core.environment:checking '/home/hans/ros2/task1/install/p_action_example/lib/python3.10/site-packages'
[1.398s] Level 1:colcon.colcon_core.shell:create_environment_hook('p_action_example', 'pythonpath')
[1.398s] INFO:colcon.colcon_core.shell:Creating environment hook '/home/hans/ros2/task1/install/p_action_example/share/p_action_example/hook/pythonpath.ps1'
[1.399s] INFO:colcon.colcon_core.shell:Creating environment descriptor '/home/hans/ros2/task1/install/p_action_example/share/p_action_example/hook/pythonpath.dsv'
[1.399s] INFO:colcon.colcon_core.shell:Creating environment hook '/home/hans/ros2/task1/install/p_action_example/share/p_action_example/hook/pythonpath.sh'
[1.400s] Level 1:colcon.colcon_core.environment:checking '/home/hans/ros2/task1/install/p_action_example/bin'
[1.400s] Level 1:colcon.colcon_core.environment:create_environment_scripts_only(p_action_example)
[1.400s] INFO:colcon.colcon_core.shell:Creating package script '/home/hans/ros2/task1/install/p_action_example/share/p_action_example/package.ps1'
[1.401s] INFO:colcon.colcon_core.shell:Creating package descriptor '/home/hans/ros2/task1/install/p_action_example/share/p_action_example/package.dsv'
[1.402s] INFO:colcon.colcon_core.shell:Creating package script '/home/hans/ros2/task1/install/p_action_example/share/p_action_example/package.sh'
[1.403s] INFO:colcon.colcon_core.shell:Creating package script '/home/hans/ros2/task1/install/p_action_example/share/p_action_example/package.bash'
[1.404s] INFO:colcon.colcon_core.shell:Creating package script '/home/hans/ros2/task1/install/p_action_example/share/p_action_example/package.zsh'
[1.404s] Level 1:colcon.colcon_core.environment:create_file_with_runtime_dependencies(/home/hans/ros2/task1/install/p_action_example/share/colcon-core/packages/p_action_example)
[1.405s] DEBUG:colcon.colcon_parallel_executor.executor.parallel:closing loop
[1.405s] DEBUG:colcon.colcon_parallel_executor.executor.parallel:loop closed
[1.405s] DEBUG:colcon.colcon_parallel_executor.executor.parallel:run_until_complete finished with '0'
[1.405s] DEBUG:colcon.colcon_core.event_reactor:joining thread
[1.412s] INFO:colcon.colcon_core.plugin_system:Skipping extension 'colcon_notification.desktop_notification.terminal_notifier': Not used on non-Darwin systems
[1.412s] INFO:colcon.colcon_core.plugin_system:Skipping extension 'colcon_notification.desktop_notification.win32': Not used on non-Windows systems
[1.412s] INFO:colcon.colcon_notification.desktop_notification:Sending desktop notification using 'notify2'
[1.424s] DEBUG:colcon.colcon_core.event_reactor:joined thread
[1.424s] INFO:colcon.colcon_core.shell:Creating prefix script '/home/hans/ros2/task1/install/local_setup.ps1'
[1.425s] INFO:colcon.colcon_core.shell:Creating prefix util module '/home/hans/ros2/task1/install/_local_setup_util_ps1.py'
[1.427s] INFO:colcon.colcon_core.shell:Creating prefix chain script '/home/hans/ros2/task1/install/setup.ps1'
[1.430s] INFO:colcon.colcon_core.shell:Creating prefix script '/home/hans/ros2/task1/install/local_setup.sh'
[1.431s] INFO:colcon.colcon_core.shell:Creating prefix util module '/home/hans/ros2/task1/install/_local_setup_util_sh.py'
[1.432s] INFO:colcon.colcon_core.shell:Creating prefix chain script '/home/hans/ros2/task1/install/setup.sh'
[1.434s] INFO:colcon.colcon_core.shell:Creating prefix script '/home/hans/ros2/task1/install/local_setup.bash'
[1.435s] INFO:colcon.colcon_core.shell:Creating prefix chain script '/home/hans/ros2/task1/install/setup.bash'
[1.437s] INFO:colcon.colcon_core.shell:Creating prefix script '/home/hans/ros2/task1/install/local_setup.zsh'
[1.438s] INFO:colcon.colcon_core.shell:Creating prefix chain script '/home/hans/ros2/task1/install/setup.zsh'
