[0.614s] Invoking command in '/home/hans/ros2/task1/build/ttbot_square': PYTHONPATH=/home/hans/ros2/task1/build/ttbot_square/prefix_override:/usr/lib/python3/dist-packages/colcon_core/task/python/colcon_distutils_commands:/home/hans/ros2/task1/install/ttbot_square/lib/python3.10/site-packages:${PYTHONPATH} /usr/bin/python3 -W ignore:setup.py install is deprecated -W ignore:easy_install command is deprecated setup.py develop --editable --build-directory /home/hans/ros2/task1/build/ttbot_square/build --no-deps symlink_data --force
[0.882s] running develop
[1.037s] running egg_info
[1.038s] writing ttbot_square.egg-info/PKG-INFO
[1.038s] writing dependency_links to ttbot_square.egg-info/dependency_links.txt
[1.038s] writing entry points to ttbot_square.egg-info/entry_points.txt
[1.038s] writing requirements to ttbot_square.egg-info/requires.txt
[1.038s] writing top-level names to ttbot_square.egg-info/top_level.txt
[1.040s] reading manifest file 'ttbot_square.egg-info/SOURCES.txt'
[1.041s] writing manifest file 'ttbot_square.egg-info/SOURCES.txt'
[1.042s] running build_ext
[1.042s] Creating /home/hans/ros2/task1/install/ttbot_square/lib/python3.10/site-packages/ttbot-square.egg-link (link to .)
[1.043s] Installing circ_controller script to /home/hans/ros2/task1/install/ttbot_square/lib/ttbot_square
[1.043s] Installing square_abin script to /home/hans/ros2/task1/install/ttbot_square/lib/ttbot_square
[1.043s] Installing square_controller_node script to /home/hans/ros2/task1/install/ttbot_square/lib/ttbot_square
[1.043s] 
[1.044s] Installed /home/hans/ros2/task1/build/ttbot_square
[1.044s] running symlink_data
[1.044s] symbolically linking /home/hans/ros2/task1/build/ttbot_square/resource/ttbot_square -> /home/hans/ros2/task1/install/ttbot_square/share/ament_index/resource_index/packages
[1.044s] symbolically linking /home/hans/ros2/task1/build/ttbot_square/package.xml -> /home/hans/ros2/task1/install/ttbot_square/share/ttbot_square
[1.072s] Invoked command in '/home/hans/ros2/task1/build/ttbot_square' returned '0': PYTHONPATH=/home/hans/ros2/task1/build/ttbot_square/prefix_override:/usr/lib/python3/dist-packages/colcon_core/task/python/colcon_distutils_commands:/home/hans/ros2/task1/install/ttbot_square/lib/python3.10/site-packages:${PYTHONPATH} /usr/bin/python3 -W ignore:setup.py install is deprecated -W ignore:easy_install command is deprecated setup.py develop --editable --build-directory /home/hans/ros2/task1/build/ttbot_square/build --no-deps symlink_data --force
