[0.995s] Invoking command in '/home/hans/ros2/task1/build/ttbot_square': PYTHONPATH=/home/hans/ros2/task1/build/ttbot_square/prefix_override:/usr/lib/python3/dist-packages/colcon_core/task/python/colcon_distutils_commands:/home/hans/ros2/task1/install/ttbot_square/lib/python3.10/site-packages:${PYTHONPATH} /usr/bin/python3 -W ignore:setup.py install is deprecated -W ignore:easy_install command is deprecated setup.py develop --uninstall --editable --build-directory /home/hans/ros2/task1/build/ttbot_square/build
[1.399s] running develop
[1.655s] Removing /home/hans/ros2/task1/install/ttbot_square/lib/python3.10/site-packages/ttbot-square.egg-link (link to .)
[1.693s] Invoked command in '/home/hans/ros2/task1/build/ttbot_square' returned '0': PYTHONPATH=/home/hans/ros2/task1/build/ttbot_square/prefix_override:/usr/lib/python3/dist-packages/colcon_core/task/python/colcon_distutils_commands:/home/hans/ros2/task1/install/ttbot_square/lib/python3.10/site-packages:${PYTHONPATH} /usr/bin/python3 -W ignore:setup.py install is deprecated -W ignore:easy_install command is deprecated setup.py develop --uninstall --editable --build-directory /home/hans/ros2/task1/build/ttbot_square/build
[1.697s] Invoking command in '/home/hans/ros2/task1/src/ttbot_square': PYTHONPATH=/home/hans/ros2/task1/build/ttbot_square/prefix_override:/usr/lib/python3/dist-packages/colcon_core/task/python/colcon_distutils_commands:/home/hans/ros2/task1/install/ttbot_square/lib/python3.10/site-packages:${PYTHONPATH} /usr/bin/python3 -W ignore:setup.py install is deprecated -W ignore:easy_install command is deprecated setup.py egg_info --egg-base ../../build/ttbot_square build --build-base /home/hans/ros2/task1/build/ttbot_square/build install --record /home/hans/ros2/task1/build/ttbot_square/install.log --single-version-externally-managed install_data --force
[2.082s] running egg_info
[2.083s] writing ../../build/ttbot_square/ttbot_square.egg-info/PKG-INFO
[2.083s] writing dependency_links to ../../build/ttbot_square/ttbot_square.egg-info/dependency_links.txt
[2.084s] writing entry points to ../../build/ttbot_square/ttbot_square.egg-info/entry_points.txt
[2.084s] writing requirements to ../../build/ttbot_square/ttbot_square.egg-info/requires.txt
[2.084s] writing top-level names to ../../build/ttbot_square/ttbot_square.egg-info/top_level.txt
[2.087s] reading manifest file '../../build/ttbot_square/ttbot_square.egg-info/SOURCES.txt'
[2.089s] writing manifest file '../../build/ttbot_square/ttbot_square.egg-info/SOURCES.txt'
[2.089s] running build
[2.089s] running build_py
[2.090s] running install
[2.091s] running install_lib
[2.092s] creating /home/hans/ros2/task1/install/ttbot_square/lib/python3.10/site-packages/ttbot_square
[2.092s] copying /home/hans/ros2/task1/build/ttbot_square/build/lib/ttbot_square/square_controller.py -> /home/hans/ros2/task1/install/ttbot_square/lib/python3.10/site-packages/ttbot_square
[2.092s] copying /home/hans/ros2/task1/build/ttbot_square/build/lib/ttbot_square/controller_sub.py -> /home/hans/ros2/task1/install/ttbot_square/lib/python3.10/site-packages/ttbot_square
[2.093s] copying /home/hans/ros2/task1/build/ttbot_square/build/lib/ttbot_square/sq_cont2.py -> /home/hans/ros2/task1/install/ttbot_square/lib/python3.10/site-packages/ttbot_square
[2.093s] copying /home/hans/ros2/task1/build/ttbot_square/build/lib/ttbot_square/__init__.py -> /home/hans/ros2/task1/install/ttbot_square/lib/python3.10/site-packages/ttbot_square
[2.094s] copying /home/hans/ros2/task1/build/ttbot_square/build/lib/ttbot_square/circ_cont.py -> /home/hans/ros2/task1/install/ttbot_square/lib/python3.10/site-packages/ttbot_square
[2.095s] byte-compiling /home/hans/ros2/task1/install/ttbot_square/lib/python3.10/site-packages/ttbot_square/square_controller.py to square_controller.cpython-310.pyc
[2.096s] byte-compiling /home/hans/ros2/task1/install/ttbot_square/lib/python3.10/site-packages/ttbot_square/controller_sub.py to controller_sub.cpython-310.pyc
[2.096s] byte-compiling /home/hans/ros2/task1/install/ttbot_square/lib/python3.10/site-packages/ttbot_square/sq_cont2.py to sq_cont2.cpython-310.pyc
[2.097s] byte-compiling /home/hans/ros2/task1/install/ttbot_square/lib/python3.10/site-packages/ttbot_square/__init__.py to __init__.cpython-310.pyc
[2.098s] byte-compiling /home/hans/ros2/task1/install/ttbot_square/lib/python3.10/site-packages/ttbot_square/circ_cont.py to circ_cont.cpython-310.pyc
[2.098s] running install_data
[2.099s] copying resource/ttbot_square -> /home/hans/ros2/task1/install/ttbot_square/share/ament_index/resource_index/packages
[2.099s] copying package.xml -> /home/hans/ros2/task1/install/ttbot_square/share/ttbot_square
[2.099s] running install_egg_info
[2.102s] Copying ../../build/ttbot_square/ttbot_square.egg-info to /home/hans/ros2/task1/install/ttbot_square/lib/python3.10/site-packages/ttbot_square-0.0.0-py3.10.egg-info
[2.104s] running install_scripts
[2.143s] Installing circle_controller script to /home/hans/ros2/task1/install/ttbot_square/lib/ttbot_square
[2.143s] Installing square_abin script to /home/hans/ros2/task1/install/ttbot_square/lib/ttbot_square
[2.144s] Installing square_controller_node script to /home/hans/ros2/task1/install/ttbot_square/lib/ttbot_square
[2.144s] writing list of installed files to '/home/hans/ros2/task1/build/ttbot_square/install.log'
[2.182s] Invoked command in '/home/hans/ros2/task1/src/ttbot_square' returned '0': PYTHONPATH=/home/hans/ros2/task1/build/ttbot_square/prefix_override:/usr/lib/python3/dist-packages/colcon_core/task/python/colcon_distutils_commands:/home/hans/ros2/task1/install/ttbot_square/lib/python3.10/site-packages:${PYTHONPATH} /usr/bin/python3 -W ignore:setup.py install is deprecated -W ignore:easy_install command is deprecated setup.py egg_info --egg-base ../../build/ttbot_square build --build-base /home/hans/ros2/task1/build/ttbot_square/build install --record /home/hans/ros2/task1/build/ttbot_square/install.log --single-version-externally-managed install_data --force
