[0.113s] DEBUG:colcon:Command line arguments: ['/usr/bin/colcon', 'build']
[0.113s] DEBUG:colcon:Parsed command line arguments: Namespace(log_base=None, log_level=None, verb_name='build', build_base='build', install_base='install', merge_install=False, symlink_install=False, test_result_base=None, continue_on_error=False, executor='parallel', parallel_workers=8, event_handlers=None, ignore_user_meta=False, metas=['./colcon.meta'], base_paths=['.'], packages_ignore=None, packages_ignore_regex=None, paths=None, packages_up_to=None, packages_up_to_regex=None, packages_above=None, packages_above_and_dependencies=None, packages_above_depth=None, packages_select_by_dep=None, packages_skip_by_dep=None, packages_skip_up_to=None, packages_select_build_failed=False, packages_skip_build_finished=False, packages_select_test_failures=False, packages_skip_test_passed=False, packages_select=None, packages_skip=None, packages_select_regex=None, packages_skip_regex=None, packages_start=None, packages_end=None, allow_overriding=[], cmake_args=None, cmake_target=None, cmake_target_skip_unavailable=False, cmake_clean_cache=False, cmake_clean_first=False, cmake_force_configure=False, ament_cmake_args=None, catkin_cmake_args=None, catkin_skip_building_tests=False, verb_parser=<colcon_defaults.argument_parser.defaults.DefaultArgumentsDecorator object at 0x7b8ddbf52590>, verb_extension=<colcon_core.verb.build.BuildVerb object at 0x7b8ddbf52080>, main=<bound method BuildVerb.main of <colcon_core.verb.build.BuildVerb object at 0x7b8ddbf52080>>)
[0.283s] Level 1:colcon.colcon_core.package_discovery:discover_packages(colcon_meta) check parameters
[0.283s] Level 1:colcon.colcon_core.package_discovery:discover_packages(recursive) check parameters
[0.284s] Level 1:colcon.colcon_core.package_discovery:discover_packages(ignore) check parameters
[0.284s] Level 1:colcon.colcon_core.package_discovery:discover_packages(path) check parameters
[0.284s] Level 1:colcon.colcon_core.package_discovery:discover_packages(colcon_meta) discover
[0.284s] Level 1:colcon.colcon_core.package_discovery:discover_packages(recursive) discover
[0.284s] INFO:colcon.colcon_core.package_discovery:Crawling recursively for packages in '/home/hans/ros2/task1'
[0.284s] Level 1:colcon.colcon_core.package_identification:_identify(.) by extensions ['ignore', 'ignore_ament_install']
[0.284s] Level 1:colcon.colcon_core.package_identification:_identify(.) by extension 'ignore'
[0.284s] Level 1:colcon.colcon_core.package_identification:_identify(.) by extension 'ignore_ament_install'
[0.284s] Level 1:colcon.colcon_core.package_identification:_identify(.) by extensions ['colcon_pkg']
[0.284s] Level 1:colcon.colcon_core.package_identification:_identify(.) by extension 'colcon_pkg'
[0.284s] Level 1:colcon.colcon_core.package_identification:_identify(.) by extensions ['colcon_meta']
[0.284s] Level 1:colcon.colcon_core.package_identification:_identify(.) by extension 'colcon_meta'
[0.284s] Level 1:colcon.colcon_core.package_identification:_identify(.) by extensions ['ros']
[0.284s] Level 1:colcon.colcon_core.package_identification:_identify(.) by extension 'ros'
[0.295s] Level 1:colcon.colcon_core.package_identification:_identify(.) by extensions ['cmake', 'python']
[0.295s] Level 1:colcon.colcon_core.package_identification:_identify(.) by extension 'cmake'
[0.295s] Level 1:colcon.colcon_core.package_identification:_identify(.) by extension 'python'
[0.296s] Level 1:colcon.colcon_core.package_identification:_identify(.) by extensions ['python_setup_py']
[0.296s] Level 1:colcon.colcon_core.package_identification:_identify(.) by extension 'python_setup_py'
[0.296s] Level 1:colcon.colcon_core.package_identification:_identify(build) by extensions ['ignore', 'ignore_ament_install']
[0.296s] Level 1:colcon.colcon_core.package_identification:_identify(build) by extension 'ignore'
[0.296s] Level 1:colcon.colcon_core.package_identification:_identify(build) ignored
[0.296s] Level 1:colcon.colcon_core.package_identification:_identify(install) by extensions ['ignore', 'ignore_ament_install']
[0.296s] Level 1:colcon.colcon_core.package_identification:_identify(install) by extension 'ignore'
[0.296s] Level 1:colcon.colcon_core.package_identification:_identify(install) ignored
[0.296s] Level 1:colcon.colcon_core.package_identification:_identify(log) by extensions ['ignore', 'ignore_ament_install']
[0.296s] Level 1:colcon.colcon_core.package_identification:_identify(log) by extension 'ignore'
[0.296s] Level 1:colcon.colcon_core.package_identification:_identify(log) ignored
[0.296s] Level 1:colcon.colcon_core.package_identification:_identify(mybag.bag) by extensions ['ignore', 'ignore_ament_install']
[0.297s] Level 1:colcon.colcon_core.package_identification:_identify(mybag.bag) by extension 'ignore'
[0.297s] Level 1:colcon.colcon_core.package_identification:_identify(mybag.bag) by extension 'ignore_ament_install'
[0.297s] Level 1:colcon.colcon_core.package_identification:_identify(mybag.bag) by extensions ['colcon_pkg']
[0.297s] Level 1:colcon.colcon_core.package_identification:_identify(mybag.bag) by extension 'colcon_pkg'
[0.297s] Level 1:colcon.colcon_core.package_identification:_identify(mybag.bag) by extensions ['colcon_meta']
[0.297s] Level 1:colcon.colcon_core.package_identification:_identify(mybag.bag) by extension 'colcon_meta'
[0.297s] Level 1:colcon.colcon_core.package_identification:_identify(mybag.bag) by extensions ['ros']
[0.297s] Level 1:colcon.colcon_core.package_identification:_identify(mybag.bag) by extension 'ros'
[0.297s] Level 1:colcon.colcon_core.package_identification:_identify(mybag.bag) by extensions ['cmake', 'python']
[0.297s] Level 1:colcon.colcon_core.package_identification:_identify(mybag.bag) by extension 'cmake'
[0.297s] Level 1:colcon.colcon_core.package_identification:_identify(mybag.bag) by extension 'python'
[0.297s] Level 1:colcon.colcon_core.package_identification:_identify(mybag.bag) by extensions ['python_setup_py']
[0.297s] Level 1:colcon.colcon_core.package_identification:_identify(mybag.bag) by extension 'python_setup_py'
[0.297s] Level 1:colcon.colcon_core.package_identification:_identify(src) by extensions ['ignore', 'ignore_ament_install']
[0.297s] Level 1:colcon.colcon_core.package_identification:_identify(src) by extension 'ignore'
[0.297s] Level 1:colcon.colcon_core.package_identification:_identify(src) by extension 'ignore_ament_install'
[0.297s] Level 1:colcon.colcon_core.package_identification:_identify(src) by extensions ['colcon_pkg']
[0.297s] Level 1:colcon.colcon_core.package_identification:_identify(src) by extension 'colcon_pkg'
[0.297s] Level 1:colcon.colcon_core.package_identification:_identify(src) by extensions ['colcon_meta']
[0.297s] Level 1:colcon.colcon_core.package_identification:_identify(src) by extension 'colcon_meta'
[0.298s] Level 1:colcon.colcon_core.package_identification:_identify(src) by extensions ['ros']
[0.298s] Level 1:colcon.colcon_core.package_identification:_identify(src) by extension 'ros'
[0.298s] Level 1:colcon.colcon_core.package_identification:_identify(src) by extensions ['cmake', 'python']
[0.298s] Level 1:colcon.colcon_core.package_identification:_identify(src) by extension 'cmake'
[0.298s] Level 1:colcon.colcon_core.package_identification:_identify(src) by extension 'python'
[0.298s] Level 1:colcon.colcon_core.package_identification:_identify(src) by extensions ['python_setup_py']
[0.298s] Level 1:colcon.colcon_core.package_identification:_identify(src) by extension 'python_setup_py'
[0.298s] Level 1:colcon.colcon_core.package_identification:_identify(src/autonomous_rov) by extensions ['ignore', 'ignore_ament_install']
[0.298s] Level 1:colcon.colcon_core.package_identification:_identify(src/autonomous_rov) by extension 'ignore'
[0.298s] Level 1:colcon.colcon_core.package_identification:_identify(src/autonomous_rov) by extension 'ignore_ament_install'
[0.298s] Level 1:colcon.colcon_core.package_identification:_identify(src/autonomous_rov) by extensions ['colcon_pkg']
[0.298s] Level 1:colcon.colcon_core.package_identification:_identify(src/autonomous_rov) by extension 'colcon_pkg'
[0.298s] Level 1:colcon.colcon_core.package_identification:_identify(src/autonomous_rov) by extensions ['colcon_meta']
[0.298s] Level 1:colcon.colcon_core.package_identification:_identify(src/autonomous_rov) by extension 'colcon_meta'
[0.298s] Level 1:colcon.colcon_core.package_identification:_identify(src/autonomous_rov) by extensions ['ros']
[0.298s] Level 1:colcon.colcon_core.package_identification:_identify(src/autonomous_rov) by extension 'ros'
[0.301s] DEBUG:colcon.colcon_core.package_identification:Package 'src/autonomous_rov' with type 'ros.ament_python' and name 'autonomous_rov'
[0.301s] Level 1:colcon.colcon_core.package_identification:_identify(src/build) by extensions ['ignore', 'ignore_ament_install']
[0.301s] Level 1:colcon.colcon_core.package_identification:_identify(src/build) by extension 'ignore'
[0.301s] Level 1:colcon.colcon_core.package_identification:_identify(src/build) ignored
[0.301s] Level 1:colcon.colcon_core.package_identification:_identify(src/install) by extensions ['ignore', 'ignore_ament_install']
[0.301s] Level 1:colcon.colcon_core.package_identification:_identify(src/install) by extension 'ignore'
[0.301s] Level 1:colcon.colcon_core.package_identification:_identify(src/install) ignored
[0.301s] Level 1:colcon.colcon_core.package_identification:_identify(src/log) by extensions ['ignore', 'ignore_ament_install']
[0.301s] Level 1:colcon.colcon_core.package_identification:_identify(src/log) by extension 'ignore'
[0.301s] Level 1:colcon.colcon_core.package_identification:_identify(src/log) ignored
[0.301s] Level 1:colcon.colcon_core.package_identification:_identify(src/p_action_example) by extensions ['ignore', 'ignore_ament_install']
[0.302s] Level 1:colcon.colcon_core.package_identification:_identify(src/p_action_example) by extension 'ignore'
[0.302s] Level 1:colcon.colcon_core.package_identification:_identify(src/p_action_example) by extension 'ignore_ament_install'
[0.302s] Level 1:colcon.colcon_core.package_identification:_identify(src/p_action_example) by extensions ['colcon_pkg']
[0.302s] Level 1:colcon.colcon_core.package_identification:_identify(src/p_action_example) by extension 'colcon_pkg'
[0.302s] Level 1:colcon.colcon_core.package_identification:_identify(src/p_action_example) by extensions ['colcon_meta']
[0.302s] Level 1:colcon.colcon_core.package_identification:_identify(src/p_action_example) by extension 'colcon_meta'
[0.302s] Level 1:colcon.colcon_core.package_identification:_identify(src/p_action_example) by extensions ['ros']
[0.302s] Level 1:colcon.colcon_core.package_identification:_identify(src/p_action_example) by extension 'ros'
[0.303s] DEBUG:colcon.colcon_core.package_identification:Package 'src/p_action_example' with type 'ros.ament_python' and name 'p_action_example'
[0.303s] Level 1:colcon.colcon_core.package_identification:_identify(src/p_action_interfaces) by extensions ['ignore', 'ignore_ament_install']
[0.303s] Level 1:colcon.colcon_core.package_identification:_identify(src/p_action_interfaces) by extension 'ignore'
[0.303s] Level 1:colcon.colcon_core.package_identification:_identify(src/p_action_interfaces) by extension 'ignore_ament_install'
[0.303s] Level 1:colcon.colcon_core.package_identification:_identify(src/p_action_interfaces) by extensions ['colcon_pkg']
[0.303s] Level 1:colcon.colcon_core.package_identification:_identify(src/p_action_interfaces) by extension 'colcon_pkg'
[0.303s] Level 1:colcon.colcon_core.package_identification:_identify(src/p_action_interfaces) by extensions ['colcon_meta']
[0.303s] Level 1:colcon.colcon_core.package_identification:_identify(src/p_action_interfaces) by extension 'colcon_meta'
[0.303s] Level 1:colcon.colcon_core.package_identification:_identify(src/p_action_interfaces) by extensions ['ros']
[0.303s] Level 1:colcon.colcon_core.package_identification:_identify(src/p_action_interfaces) by extension 'ros'
[0.304s] DEBUG:colcon.colcon_core.package_identification:Package 'src/p_action_interfaces' with type 'ros.ament_cmake' and name 'p_action_interfaces'
[0.304s] Level 1:colcon.colcon_core.package_identification:_identify(src/p_controller) by extensions ['ignore', 'ignore_ament_install']
[0.304s] Level 1:colcon.colcon_core.package_identification:_identify(src/p_controller) by extension 'ignore'
[0.304s] Level 1:colcon.colcon_core.package_identification:_identify(src/p_controller) by extension 'ignore_ament_install'
[0.304s] Level 1:colcon.colcon_core.package_identification:_identify(src/p_controller) by extensions ['colcon_pkg']
[0.304s] Level 1:colcon.colcon_core.package_identification:_identify(src/p_controller) by extension 'colcon_pkg'
[0.304s] Level 1:colcon.colcon_core.package_identification:_identify(src/p_controller) by extensions ['colcon_meta']
[0.304s] Level 1:colcon.colcon_core.package_identification:_identify(src/p_controller) by extension 'colcon_meta'
[0.304s] Level 1:colcon.colcon_core.package_identification:_identify(src/p_controller) by extensions ['ros']
[0.304s] Level 1:colcon.colcon_core.package_identification:_identify(src/p_controller) by extension 'ros'
[0.305s] DEBUG:colcon.colcon_core.package_identification:Package 'src/p_controller' with type 'ros.ament_python' and name 'p_controller'
[0.305s] Level 1:colcon.colcon_core.package_identification:_identify(src/p_interfaces) by extensions ['ignore', 'ignore_ament_install']
[0.305s] Level 1:colcon.colcon_core.package_identification:_identify(src/p_interfaces) by extension 'ignore'
[0.305s] Level 1:colcon.colcon_core.package_identification:_identify(src/p_interfaces) by extension 'ignore_ament_install'
[0.305s] Level 1:colcon.colcon_core.package_identification:_identify(src/p_interfaces) by extensions ['colcon_pkg']
[0.305s] Level 1:colcon.colcon_core.package_identification:_identify(src/p_interfaces) by extension 'colcon_pkg'
[0.305s] Level 1:colcon.colcon_core.package_identification:_identify(src/p_interfaces) by extensions ['colcon_meta']
[0.305s] Level 1:colcon.colcon_core.package_identification:_identify(src/p_interfaces) by extension 'colcon_meta'
[0.305s] Level 1:colcon.colcon_core.package_identification:_identify(src/p_interfaces) by extensions ['ros']
[0.305s] Level 1:colcon.colcon_core.package_identification:_identify(src/p_interfaces) by extension 'ros'
[0.306s] DEBUG:colcon.colcon_core.package_identification:Package 'src/p_interfaces' with type 'ros.ament_cmake' and name 'p_interfaces'
[0.306s] Level 1:colcon.colcon_core.package_identification:_identify(src/ping_sonar_ros-master) by extensions ['ignore', 'ignore_ament_install']
[0.306s] Level 1:colcon.colcon_core.package_identification:_identify(src/ping_sonar_ros-master) by extension 'ignore'
[0.306s] Level 1:colcon.colcon_core.package_identification:_identify(src/ping_sonar_ros-master) by extension 'ignore_ament_install'
[0.306s] Level 1:colcon.colcon_core.package_identification:_identify(src/ping_sonar_ros-master) by extensions ['colcon_pkg']
[0.306s] Level 1:colcon.colcon_core.package_identification:_identify(src/ping_sonar_ros-master) by extension 'colcon_pkg'
[0.306s] Level 1:colcon.colcon_core.package_identification:_identify(src/ping_sonar_ros-master) by extensions ['colcon_meta']
[0.306s] Level 1:colcon.colcon_core.package_identification:_identify(src/ping_sonar_ros-master) by extension 'colcon_meta'
[0.306s] Level 1:colcon.colcon_core.package_identification:_identify(src/ping_sonar_ros-master) by extensions ['ros']
[0.306s] Level 1:colcon.colcon_core.package_identification:_identify(src/ping_sonar_ros-master) by extension 'ros'
[0.307s] DEBUG:colcon.colcon_core.package_identification:Package 'src/ping_sonar_ros-master' with type 'ros.ament_python' and name 'ping_sonar_ros'
[0.307s] Level 1:colcon.colcon_core.package_identification:_identify(src/ttbot_square) by extensions ['ignore', 'ignore_ament_install']
[0.307s] Level 1:colcon.colcon_core.package_identification:_identify(src/ttbot_square) by extension 'ignore'
[0.307s] Level 1:colcon.colcon_core.package_identification:_identify(src/ttbot_square) by extension 'ignore_ament_install'
[0.307s] Level 1:colcon.colcon_core.package_identification:_identify(src/ttbot_square) by extensions ['colcon_pkg']
[0.307s] Level 1:colcon.colcon_core.package_identification:_identify(src/ttbot_square) by extension 'colcon_pkg'
[0.307s] Level 1:colcon.colcon_core.package_identification:_identify(src/ttbot_square) by extensions ['colcon_meta']
[0.307s] Level 1:colcon.colcon_core.package_identification:_identify(src/ttbot_square) by extension 'colcon_meta'
[0.307s] Level 1:colcon.colcon_core.package_identification:_identify(src/ttbot_square) by extensions ['ros']
[0.307s] Level 1:colcon.colcon_core.package_identification:_identify(src/ttbot_square) by extension 'ros'
[0.308s] DEBUG:colcon.colcon_core.package_identification:Package 'src/ttbot_square' with type 'ros.ament_python' and name 'ttbot_square'
[0.308s] Level 1:colcon.colcon_core.package_discovery:discover_packages(recursive) using defaults
[0.308s] Level 1:colcon.colcon_core.package_discovery:discover_packages(ignore) discover
[0.308s] Level 1:colcon.colcon_core.package_discovery:discover_packages(ignore) using defaults
[0.308s] Level 1:colcon.colcon_core.package_discovery:discover_packages(path) discover
[0.308s] Level 1:colcon.colcon_core.package_discovery:discover_packages(path) using defaults
[0.341s] Level 1:colcon.colcon_core.package_discovery:discover_packages(prefix_path) check parameters
[0.342s] Level 1:colcon.colcon_core.package_discovery:discover_packages(prefix_path) discover
[0.344s] DEBUG:colcon.colcon_installed_package_information.package_discovery:Found 8 installed packages in /home/hans/ros2/task1/install
[0.345s] DEBUG:colcon.colcon_installed_package_information.package_discovery:Found 7 installed packages in /home/hans/ros2/task1/src/install
[0.347s] DEBUG:colcon.colcon_installed_package_information.package_discovery:Found 278 installed packages in /opt/ros/humble
[0.349s] Level 1:colcon.colcon_core.package_discovery:discover_packages(prefix_path) using defaults
[0.392s] Level 5:colcon.colcon_core.verb:set package 'autonomous_rov' build argument 'cmake_args' from command line to 'None'
[0.392s] Level 5:colcon.colcon_core.verb:set package 'autonomous_rov' build argument 'cmake_target' from command line to 'None'
[0.392s] Level 5:colcon.colcon_core.verb:set package 'autonomous_rov' build argument 'cmake_target_skip_unavailable' from command line to 'False'
[0.392s] Level 5:colcon.colcon_core.verb:set package 'autonomous_rov' build argument 'cmake_clean_cache' from command line to 'False'
[0.392s] Level 5:colcon.colcon_core.verb:set package 'autonomous_rov' build argument 'cmake_clean_first' from command line to 'False'
[0.392s] Level 5:colcon.colcon_core.verb:set package 'autonomous_rov' build argument 'cmake_force_configure' from command line to 'False'
[0.392s] Level 5:colcon.colcon_core.verb:set package 'autonomous_rov' build argument 'ament_cmake_args' from command line to 'None'
[0.392s] Level 5:colcon.colcon_core.verb:set package 'autonomous_rov' build argument 'catkin_cmake_args' from command line to 'None'
[0.392s] Level 5:colcon.colcon_core.verb:set package 'autonomous_rov' build argument 'catkin_skip_building_tests' from command line to 'False'
[0.392s] DEBUG:colcon.colcon_core.verb:Building package 'autonomous_rov' with the following arguments: {'ament_cmake_args': None, 'build_base': '/home/hans/ros2/task1/build/autonomous_rov', 'catkin_cmake_args': None, 'catkin_skip_building_tests': False, 'cmake_args': None, 'cmake_clean_cache': False, 'cmake_clean_first': False, 'cmake_force_configure': False, 'cmake_target': None, 'cmake_target_skip_unavailable': False, 'install_base': '/home/hans/ros2/task1/install/autonomous_rov', 'merge_install': False, 'path': '/home/hans/ros2/task1/src/autonomous_rov', 'symlink_install': False, 'test_result_base': None}
[0.393s] Level 5:colcon.colcon_core.verb:set package 'p_action_interfaces' build argument 'cmake_args' from command line to 'None'
[0.393s] Level 5:colcon.colcon_core.verb:set package 'p_action_interfaces' build argument 'cmake_target' from command line to 'None'
[0.393s] Level 5:colcon.colcon_core.verb:set package 'p_action_interfaces' build argument 'cmake_target_skip_unavailable' from command line to 'False'
[0.393s] Level 5:colcon.colcon_core.verb:set package 'p_action_interfaces' build argument 'cmake_clean_cache' from command line to 'False'
[0.393s] Level 5:colcon.colcon_core.verb:set package 'p_action_interfaces' build argument 'cmake_clean_first' from command line to 'False'
[0.393s] Level 5:colcon.colcon_core.verb:set package 'p_action_interfaces' build argument 'cmake_force_configure' from command line to 'False'
[0.393s] Level 5:colcon.colcon_core.verb:set package 'p_action_interfaces' build argument 'ament_cmake_args' from command line to 'None'
[0.393s] Level 5:colcon.colcon_core.verb:set package 'p_action_interfaces' build argument 'catkin_cmake_args' from command line to 'None'
[0.393s] Level 5:colcon.colcon_core.verb:set package 'p_action_interfaces' build argument 'catkin_skip_building_tests' from command line to 'False'
[0.393s] DEBUG:colcon.colcon_core.verb:Building package 'p_action_interfaces' with the following arguments: {'ament_cmake_args': None, 'build_base': '/home/hans/ros2/task1/build/p_action_interfaces', 'catkin_cmake_args': None, 'catkin_skip_building_tests': False, 'cmake_args': None, 'cmake_clean_cache': False, 'cmake_clean_first': False, 'cmake_force_configure': False, 'cmake_target': None, 'cmake_target_skip_unavailable': False, 'install_base': '/home/hans/ros2/task1/install/p_action_interfaces', 'merge_install': False, 'path': '/home/hans/ros2/task1/src/p_action_interfaces', 'symlink_install': False, 'test_result_base': None}
[0.393s] Level 5:colcon.colcon_core.verb:set package 'p_interfaces' build argument 'cmake_args' from command line to 'None'
[0.393s] Level 5:colcon.colcon_core.verb:set package 'p_interfaces' build argument 'cmake_target' from command line to 'None'
[0.393s] Level 5:colcon.colcon_core.verb:set package 'p_interfaces' build argument 'cmake_target_skip_unavailable' from command line to 'False'
[0.393s] Level 5:colcon.colcon_core.verb:set package 'p_interfaces' build argument 'cmake_clean_cache' from command line to 'False'
[0.393s] Level 5:colcon.colcon_core.verb:set package 'p_interfaces' build argument 'cmake_clean_first' from command line to 'False'
[0.393s] Level 5:colcon.colcon_core.verb:set package 'p_interfaces' build argument 'cmake_force_configure' from command line to 'False'
[0.393s] Level 5:colcon.colcon_core.verb:set package 'p_interfaces' build argument 'ament_cmake_args' from command line to 'None'
[0.393s] Level 5:colcon.colcon_core.verb:set package 'p_interfaces' build argument 'catkin_cmake_args' from command line to 'None'
[0.393s] Level 5:colcon.colcon_core.verb:set package 'p_interfaces' build argument 'catkin_skip_building_tests' from command line to 'False'
[0.394s] DEBUG:colcon.colcon_core.verb:Building package 'p_interfaces' with the following arguments: {'ament_cmake_args': None, 'build_base': '/home/hans/ros2/task1/build/p_interfaces', 'catkin_cmake_args': None, 'catkin_skip_building_tests': False, 'cmake_args': None, 'cmake_clean_cache': False, 'cmake_clean_first': False, 'cmake_force_configure': False, 'cmake_target': None, 'cmake_target_skip_unavailable': False, 'install_base': '/home/hans/ros2/task1/install/p_interfaces', 'merge_install': False, 'path': '/home/hans/ros2/task1/src/p_interfaces', 'symlink_install': False, 'test_result_base': None}
[0.394s] Level 5:colcon.colcon_core.verb:set package 'ping_sonar_ros' build argument 'cmake_args' from command line to 'None'
[0.394s] Level 5:colcon.colcon_core.verb:set package 'ping_sonar_ros' build argument 'cmake_target' from command line to 'None'
[0.394s] Level 5:colcon.colcon_core.verb:set package 'ping_sonar_ros' build argument 'cmake_target_skip_unavailable' from command line to 'False'
[0.394s] Level 5:colcon.colcon_core.verb:set package 'ping_sonar_ros' build argument 'cmake_clean_cache' from command line to 'False'
[0.394s] Level 5:colcon.colcon_core.verb:set package 'ping_sonar_ros' build argument 'cmake_clean_first' from command line to 'False'
[0.394s] Level 5:colcon.colcon_core.verb:set package 'ping_sonar_ros' build argument 'cmake_force_configure' from command line to 'False'
[0.394s] Level 5:colcon.colcon_core.verb:set package 'ping_sonar_ros' build argument 'ament_cmake_args' from command line to 'None'
[0.394s] Level 5:colcon.colcon_core.verb:set package 'ping_sonar_ros' build argument 'catkin_cmake_args' from command line to 'None'
[0.394s] Level 5:colcon.colcon_core.verb:set package 'ping_sonar_ros' build argument 'catkin_skip_building_tests' from command line to 'False'
[0.394s] DEBUG:colcon.colcon_core.verb:Building package 'ping_sonar_ros' with the following arguments: {'ament_cmake_args': None, 'build_base': '/home/hans/ros2/task1/build/ping_sonar_ros', 'catkin_cmake_args': None, 'catkin_skip_building_tests': False, 'cmake_args': None, 'cmake_clean_cache': False, 'cmake_clean_first': False, 'cmake_force_configure': False, 'cmake_target': None, 'cmake_target_skip_unavailable': False, 'install_base': '/home/hans/ros2/task1/install/ping_sonar_ros', 'merge_install': False, 'path': '/home/hans/ros2/task1/src/ping_sonar_ros-master', 'symlink_install': False, 'test_result_base': None}
[0.394s] Level 5:colcon.colcon_core.verb:set package 'ttbot_square' build argument 'cmake_args' from command line to 'None'
[0.394s] Level 5:colcon.colcon_core.verb:set package 'ttbot_square' build argument 'cmake_target' from command line to 'None'
[0.394s] Level 5:colcon.colcon_core.verb:set package 'ttbot_square' build argument 'cmake_target_skip_unavailable' from command line to 'False'
[0.394s] Level 5:colcon.colcon_core.verb:set package 'ttbot_square' build argument 'cmake_clean_cache' from command line to 'False'
[0.395s] Level 5:colcon.colcon_core.verb:set package 'ttbot_square' build argument 'cmake_clean_first' from command line to 'False'
[0.395s] Level 5:colcon.colcon_core.verb:set package 'ttbot_square' build argument 'cmake_force_configure' from command line to 'False'
[0.395s] Level 5:colcon.colcon_core.verb:set package 'ttbot_square' build argument 'ament_cmake_args' from command line to 'None'
[0.395s] Level 5:colcon.colcon_core.verb:set package 'ttbot_square' build argument 'catkin_cmake_args' from command line to 'None'
[0.395s] Level 5:colcon.colcon_core.verb:set package 'ttbot_square' build argument 'catkin_skip_building_tests' from command line to 'False'
[0.395s] DEBUG:colcon.colcon_core.verb:Building package 'ttbot_square' with the following arguments: {'ament_cmake_args': None, 'build_base': '/home/hans/ros2/task1/build/ttbot_square', 'catkin_cmake_args': None, 'catkin_skip_building_tests': False, 'cmake_args': None, 'cmake_clean_cache': False, 'cmake_clean_first': False, 'cmake_force_configure': False, 'cmake_target': None, 'cmake_target_skip_unavailable': False, 'install_base': '/home/hans/ros2/task1/install/ttbot_square', 'merge_install': False, 'path': '/home/hans/ros2/task1/src/ttbot_square', 'symlink_install': False, 'test_result_base': None}
[0.395s] Level 5:colcon.colcon_core.verb:set package 'p_action_example' build argument 'cmake_args' from command line to 'None'
[0.395s] Level 5:colcon.colcon_core.verb:set package 'p_action_example' build argument 'cmake_target' from command line to 'None'
[0.395s] Level 5:colcon.colcon_core.verb:set package 'p_action_example' build argument 'cmake_target_skip_unavailable' from command line to 'False'
[0.395s] Level 5:colcon.colcon_core.verb:set package 'p_action_example' build argument 'cmake_clean_cache' from command line to 'False'
[0.395s] Level 5:colcon.colcon_core.verb:set package 'p_action_example' build argument 'cmake_clean_first' from command line to 'False'
[0.395s] Level 5:colcon.colcon_core.verb:set package 'p_action_example' build argument 'cmake_force_configure' from command line to 'False'
[0.395s] Level 5:colcon.colcon_core.verb:set package 'p_action_example' build argument 'ament_cmake_args' from command line to 'None'
[0.395s] Level 5:colcon.colcon_core.verb:set package 'p_action_example' build argument 'catkin_cmake_args' from command line to 'None'
[0.395s] Level 5:colcon.colcon_core.verb:set package 'p_action_example' build argument 'catkin_skip_building_tests' from command line to 'False'
[0.395s] DEBUG:colcon.colcon_core.verb:Building package 'p_action_example' with the following arguments: {'ament_cmake_args': None, 'build_base': '/home/hans/ros2/task1/build/p_action_example', 'catkin_cmake_args': None, 'catkin_skip_building_tests': False, 'cmake_args': None, 'cmake_clean_cache': False, 'cmake_clean_first': False, 'cmake_force_configure': False, 'cmake_target': None, 'cmake_target_skip_unavailable': False, 'install_base': '/home/hans/ros2/task1/install/p_action_example', 'merge_install': False, 'path': '/home/hans/ros2/task1/src/p_action_example', 'symlink_install': False, 'test_result_base': None}
[0.396s] Level 5:colcon.colcon_core.verb:set package 'p_controller' build argument 'cmake_args' from command line to 'None'
[0.396s] Level 5:colcon.colcon_core.verb:set package 'p_controller' build argument 'cmake_target' from command line to 'None'
[0.396s] Level 5:colcon.colcon_core.verb:set package 'p_controller' build argument 'cmake_target_skip_unavailable' from command line to 'False'
[0.396s] Level 5:colcon.colcon_core.verb:set package 'p_controller' build argument 'cmake_clean_cache' from command line to 'False'
[0.396s] Level 5:colcon.colcon_core.verb:set package 'p_controller' build argument 'cmake_clean_first' from command line to 'False'
[0.396s] Level 5:colcon.colcon_core.verb:set package 'p_controller' build argument 'cmake_force_configure' from command line to 'False'
[0.396s] Level 5:colcon.colcon_core.verb:set package 'p_controller' build argument 'ament_cmake_args' from command line to 'None'
[0.396s] Level 5:colcon.colcon_core.verb:set package 'p_controller' build argument 'catkin_cmake_args' from command line to 'None'
[0.396s] Level 5:colcon.colcon_core.verb:set package 'p_controller' build argument 'catkin_skip_building_tests' from command line to 'False'
[0.396s] DEBUG:colcon.colcon_core.verb:Building package 'p_controller' with the following arguments: {'ament_cmake_args': None, 'build_base': '/home/hans/ros2/task1/build/p_controller', 'catkin_cmake_args': None, 'catkin_skip_building_tests': False, 'cmake_args': None, 'cmake_clean_cache': False, 'cmake_clean_first': False, 'cmake_force_configure': False, 'cmake_target': None, 'cmake_target_skip_unavailable': False, 'install_base': '/home/hans/ros2/task1/install/p_controller', 'merge_install': False, 'path': '/home/hans/ros2/task1/src/p_controller', 'symlink_install': False, 'test_result_base': None}
[0.396s] INFO:colcon.colcon_core.executor:Executing jobs using 'parallel' executor
[0.397s] DEBUG:colcon.colcon_parallel_executor.executor.parallel:run_until_complete
[0.398s] INFO:colcon.colcon_ros.task.ament_cmake.build:Building ROS package in '/home/hans/ros2/task1/src/p_action_interfaces' with build type 'ament_cmake'
[0.398s] INFO:colcon.colcon_cmake.task.cmake.build:Building CMake package in '/home/hans/ros2/task1/src/p_action_interfaces'
[0.400s] INFO:colcon.colcon_core.plugin_system:Skipping extension 'colcon_core.shell.bat': Not used on non-Windows systems
[0.400s] INFO:colcon.colcon_core.shell:Skip shell extension 'powershell' for command environment: Not usable outside of PowerShell
[0.400s] DEBUG:colcon.colcon_core.shell:Skip shell extension 'dsv' for command environment
[0.405s] INFO:colcon.colcon_ros.task.ament_cmake.build:Building ROS package in '/home/hans/ros2/task1/src/p_interfaces' with build type 'ament_cmake'
[0.405s] INFO:colcon.colcon_cmake.task.cmake.build:Building CMake package in '/home/hans/ros2/task1/src/p_interfaces'
[0.405s] INFO:colcon.colcon_core.shell:Skip shell extension 'powershell' for command environment: Not usable outside of PowerShell
[0.405s] DEBUG:colcon.colcon_core.shell:Skip shell extension 'dsv' for command environment
[0.410s] INFO:colcon.colcon_ros.task.ament_python.build:Building ROS package in '/home/hans/ros2/task1/src/autonomous_rov' with build type 'ament_python'
[0.410s] Level 1:colcon.colcon_core.shell:create_environment_hook('autonomous_rov', 'ament_prefix_path')
[0.410s] INFO:colcon.colcon_core.shell:Creating environment hook '/home/hans/ros2/task1/install/autonomous_rov/share/autonomous_rov/hook/ament_prefix_path.ps1'
[0.411s] INFO:colcon.colcon_core.shell:Creating environment descriptor '/home/hans/ros2/task1/install/autonomous_rov/share/autonomous_rov/hook/ament_prefix_path.dsv'
[0.412s] INFO:colcon.colcon_core.shell:Creating environment hook '/home/hans/ros2/task1/install/autonomous_rov/share/autonomous_rov/hook/ament_prefix_path.sh'
[0.413s] INFO:colcon.colcon_core.shell:Skip shell extension 'powershell' for command environment: Not usable outside of PowerShell
[0.413s] DEBUG:colcon.colcon_core.shell:Skip shell extension 'dsv' for command environment
[0.418s] INFO:colcon.colcon_ros.task.ament_python.build:Building ROS package in '/home/hans/ros2/task1/src/ping_sonar_ros-master' with build type 'ament_python'
[0.418s] Level 1:colcon.colcon_core.shell:create_environment_hook('ping_sonar_ros', 'ament_prefix_path')
[0.418s] INFO:colcon.colcon_core.shell:Creating environment hook '/home/hans/ros2/task1/install/ping_sonar_ros/share/ping_sonar_ros/hook/ament_prefix_path.ps1'
[0.419s] INFO:colcon.colcon_core.shell:Creating environment descriptor '/home/hans/ros2/task1/install/ping_sonar_ros/share/ping_sonar_ros/hook/ament_prefix_path.dsv'
[0.420s] INFO:colcon.colcon_core.shell:Creating environment hook '/home/hans/ros2/task1/install/ping_sonar_ros/share/ping_sonar_ros/hook/ament_prefix_path.sh'
[0.420s] INFO:colcon.colcon_core.shell:Skip shell extension 'powershell' for command environment: Not usable outside of PowerShell
[0.421s] DEBUG:colcon.colcon_core.shell:Skip shell extension 'dsv' for command environment
[0.425s] INFO:colcon.colcon_ros.task.ament_python.build:Building ROS package in '/home/hans/ros2/task1/src/ttbot_square' with build type 'ament_python'
[0.425s] Level 1:colcon.colcon_core.shell:create_environment_hook('ttbot_square', 'ament_prefix_path')
[0.426s] INFO:colcon.colcon_core.shell:Creating environment hook '/home/hans/ros2/task1/install/ttbot_square/share/ttbot_square/hook/ament_prefix_path.ps1'
[0.427s] INFO:colcon.colcon_core.shell:Creating environment descriptor '/home/hans/ros2/task1/install/ttbot_square/share/ttbot_square/hook/ament_prefix_path.dsv'
[0.428s] INFO:colcon.colcon_core.shell:Creating environment hook '/home/hans/ros2/task1/install/ttbot_square/share/ttbot_square/hook/ament_prefix_path.sh'
[0.429s] INFO:colcon.colcon_core.shell:Skip shell extension 'powershell' for command environment: Not usable outside of PowerShell
[0.429s] DEBUG:colcon.colcon_core.shell:Skip shell extension 'dsv' for command environment
[0.438s] DEBUG:colcon.colcon_core.event_handler.log_command:Invoking command in '/home/hans/ros2/task1/build/p_action_interfaces': CMAKE_PREFIX_PATH=${CMAKE_PREFIX_PATH}:/home/hans/ros2/task1/install/ttbot_square:/home/hans/ros2/task1/install/ping_sonar_ros:/home/hans/ros2/task1/install/p_controller:/home/hans/ros2/task1/install/p_action_example:/home/hans/ros2/task1/install/autonomous_rov:/home/hans/ros2/task1/src/install/ttbot_square:/home/hans/ros2/task1/src/install/ping_sonar_ros:/home/hans/ros2/task1/src/install/p_controller:/home/hans/ros2/task1/src/install/p_action_example:/home/hans/ros2/task1/src/install/autonomous_rov:/opt/ros/humble /usr/bin/cmake --build /home/hans/ros2/task1/build/p_action_interfaces -- -j8 -l8
[0.448s] DEBUG:colcon.colcon_core.event_handler.log_command:Invoking command in '/home/hans/ros2/task1/build/p_interfaces': CMAKE_PREFIX_PATH=${CMAKE_PREFIX_PATH}:/home/hans/ros2/task1/install/ttbot_square:/home/hans/ros2/task1/install/ping_sonar_ros:/home/hans/ros2/task1/install/p_controller:/home/hans/ros2/task1/install/p_action_example:/home/hans/ros2/task1/install/autonomous_rov:/home/hans/ros2/task1/src/install/ttbot_square:/home/hans/ros2/task1/src/install/ping_sonar_ros:/home/hans/ros2/task1/src/install/p_controller:/home/hans/ros2/task1/src/install/p_action_example:/home/hans/ros2/task1/src/install/autonomous_rov:/opt/ros/humble /usr/bin/cmake --build /home/hans/ros2/task1/build/p_interfaces -- -j8 -l8
[0.851s] INFO:colcon.colcon_core.task.python.build:Building Python package in '/home/hans/ros2/task1/src/autonomous_rov'
[0.851s] INFO:colcon.colcon_core.shell:Skip shell extension 'powershell' for command environment: Not usable outside of PowerShell
[0.851s] DEBUG:colcon.colcon_core.shell:Skip shell extension 'dsv' for command environment
[1.155s] INFO:colcon.colcon_core.task.python.build:Building Python package in '/home/hans/ros2/task1/src/ping_sonar_ros-master'
[1.156s] INFO:colcon.colcon_core.shell:Skip shell extension 'powershell' for command environment: Not usable outside of PowerShell
[1.156s] DEBUG:colcon.colcon_core.shell:Skip shell extension 'dsv' for command environment
[1.170s] DEBUG:colcon.colcon_core.event_handler.log_command:Invoked command in '/home/hans/ros2/task1/build/p_interfaces' returned '0': CMAKE_PREFIX_PATH=${CMAKE_PREFIX_PATH}:/home/hans/ros2/task1/install/ttbot_square:/home/hans/ros2/task1/install/ping_sonar_ros:/home/hans/ros2/task1/install/p_controller:/home/hans/ros2/task1/install/p_action_example:/home/hans/ros2/task1/install/autonomous_rov:/home/hans/ros2/task1/src/install/ttbot_square:/home/hans/ros2/task1/src/install/ping_sonar_ros:/home/hans/ros2/task1/src/install/p_controller:/home/hans/ros2/task1/src/install/p_action_example:/home/hans/ros2/task1/src/install/autonomous_rov:/opt/ros/humble /usr/bin/cmake --build /home/hans/ros2/task1/build/p_interfaces -- -j8 -l8
[1.178s] DEBUG:colcon.colcon_core.event_handler.log_command:Invoking command in '/home/hans/ros2/task1/build/p_interfaces': CMAKE_PREFIX_PATH=${CMAKE_PREFIX_PATH}:/home/hans/ros2/task1/install/ttbot_square:/home/hans/ros2/task1/install/ping_sonar_ros:/home/hans/ros2/task1/install/p_controller:/home/hans/ros2/task1/install/p_action_example:/home/hans/ros2/task1/install/autonomous_rov:/home/hans/ros2/task1/src/install/ttbot_square:/home/hans/ros2/task1/src/install/ping_sonar_ros:/home/hans/ros2/task1/src/install/p_controller:/home/hans/ros2/task1/src/install/p_action_example:/home/hans/ros2/task1/src/install/autonomous_rov:/opt/ros/humble /usr/bin/cmake --install /home/hans/ros2/task1/build/p_interfaces
[1.461s] INFO:colcon.colcon_core.task.python.build:Building Python package in '/home/hans/ros2/task1/src/ttbot_square'
[1.462s] INFO:colcon.colcon_core.shell:Skip shell extension 'powershell' for command environment: Not usable outside of PowerShell
[1.462s] DEBUG:colcon.colcon_core.shell:Skip shell extension 'dsv' for command environment
[1.467s] DEBUG:colcon.colcon_core.event_handler.log_command:Invoked command in '/home/hans/ros2/task1/build/p_action_interfaces' returned '0': CMAKE_PREFIX_PATH=${CMAKE_PREFIX_PATH}:/home/hans/ros2/task1/install/ttbot_square:/home/hans/ros2/task1/install/ping_sonar_ros:/home/hans/ros2/task1/install/p_controller:/home/hans/ros2/task1/install/p_action_example:/home/hans/ros2/task1/install/autonomous_rov:/home/hans/ros2/task1/src/install/ttbot_square:/home/hans/ros2/task1/src/install/ping_sonar_ros:/home/hans/ros2/task1/src/install/p_controller:/home/hans/ros2/task1/src/install/p_action_example:/home/hans/ros2/task1/src/install/autonomous_rov:/opt/ros/humble /usr/bin/cmake --build /home/hans/ros2/task1/build/p_action_interfaces -- -j8 -l8
[1.470s] DEBUG:colcon.colcon_core.event_handler.log_command:Invoking command in '/home/hans/ros2/task1/build/p_action_interfaces': CMAKE_PREFIX_PATH=${CMAKE_PREFIX_PATH}:/home/hans/ros2/task1/install/ttbot_square:/home/hans/ros2/task1/install/ping_sonar_ros:/home/hans/ros2/task1/install/p_controller:/home/hans/ros2/task1/install/p_action_example:/home/hans/ros2/task1/install/autonomous_rov:/home/hans/ros2/task1/src/install/ttbot_square:/home/hans/ros2/task1/src/install/ping_sonar_ros:/home/hans/ros2/task1/src/install/p_controller:/home/hans/ros2/task1/src/install/p_action_example:/home/hans/ros2/task1/src/install/autonomous_rov:/opt/ros/humble /usr/bin/cmake --install /home/hans/ros2/task1/build/p_action_interfaces
[1.481s] Level 1:colcon.colcon_core.environment:create_environment_scripts_only(p_interfaces)
[1.491s] Level 1:colcon.colcon_core.environment:checking '/home/hans/ros2/task1/install/p_interfaces' for CMake module files
[1.495s] Level 1:colcon.colcon_core.environment:checking '/home/hans/ros2/task1/install/p_interfaces' for CMake config files
[1.501s] Level 1:colcon.colcon_core.shell:create_environment_hook('p_interfaces', 'cmake_prefix_path')
[1.501s] INFO:colcon.colcon_core.shell:Creating environment hook '/home/hans/ros2/task1/install/p_interfaces/share/p_interfaces/hook/cmake_prefix_path.ps1'
[1.503s] INFO:colcon.colcon_core.shell:Creating environment descriptor '/home/hans/ros2/task1/install/p_interfaces/share/p_interfaces/hook/cmake_prefix_path.dsv'
[1.504s] INFO:colcon.colcon_core.shell:Creating environment hook '/home/hans/ros2/task1/install/p_interfaces/share/p_interfaces/hook/cmake_prefix_path.sh'
[1.506s] Level 1:colcon.colcon_core.environment:checking '/home/hans/ros2/task1/install/p_interfaces/lib'
[1.506s] Level 1:colcon.colcon_core.shell:create_environment_hook('p_interfaces', 'ld_library_path_lib')
[1.507s] INFO:colcon.colcon_core.shell:Creating environment hook '/home/hans/ros2/task1/install/p_interfaces/share/p_interfaces/hook/ld_library_path_lib.ps1'
[1.508s] INFO:colcon.colcon_core.shell:Creating environment descriptor '/home/hans/ros2/task1/install/p_interfaces/share/p_interfaces/hook/ld_library_path_lib.dsv'
[1.509s] INFO:colcon.colcon_core.shell:Creating environment hook '/home/hans/ros2/task1/install/p_interfaces/share/p_interfaces/hook/ld_library_path_lib.sh'
[1.510s] Level 1:colcon.colcon_core.environment:checking '/home/hans/ros2/task1/install/p_interfaces/bin'
[1.510s] Level 1:colcon.colcon_core.environment:checking '/home/hans/ros2/task1/install/p_interfaces/lib/pkgconfig/p_interfaces.pc'
[1.511s] Level 1:colcon.colcon_core.environment:checking '/home/hans/ros2/task1/install/p_interfaces/lib/python3.10/site-packages'
[1.511s] Level 1:colcon.colcon_core.environment:checking '/home/hans/ros2/task1/install/p_interfaces/bin'
[1.512s] INFO:colcon.colcon_core.shell:Creating package script '/home/hans/ros2/task1/install/p_interfaces/share/p_interfaces/package.ps1'
[1.514s] INFO:colcon.colcon_core.shell:Creating package descriptor '/home/hans/ros2/task1/install/p_interfaces/share/p_interfaces/package.dsv'
[1.516s] DEBUG:colcon.colcon_core.event_handler.log_command:Invoked command in '/home/hans/ros2/task1/build/p_interfaces' returned '0': CMAKE_PREFIX_PATH=${CMAKE_PREFIX_PATH}:/home/hans/ros2/task1/install/ttbot_square:/home/hans/ros2/task1/install/ping_sonar_ros:/home/hans/ros2/task1/install/p_controller:/home/hans/ros2/task1/install/p_action_example:/home/hans/ros2/task1/install/autonomous_rov:/home/hans/ros2/task1/src/install/ttbot_square:/home/hans/ros2/task1/src/install/ping_sonar_ros:/home/hans/ros2/task1/src/install/p_controller:/home/hans/ros2/task1/src/install/p_action_example:/home/hans/ros2/task1/src/install/autonomous_rov:/opt/ros/humble /usr/bin/cmake --install /home/hans/ros2/task1/build/p_interfaces
[1.516s] INFO:colcon.colcon_core.shell:Creating package script '/home/hans/ros2/task1/install/p_interfaces/share/p_interfaces/package.sh'
[1.518s] INFO:colcon.colcon_core.shell:Creating package script '/home/hans/ros2/task1/install/p_interfaces/share/p_interfaces/package.bash'
[1.520s] INFO:colcon.colcon_core.shell:Creating package script '/home/hans/ros2/task1/install/p_interfaces/share/p_interfaces/package.zsh'
[1.522s] Level 1:colcon.colcon_core.environment:create_file_with_runtime_dependencies(/home/hans/ros2/task1/install/p_interfaces/share/colcon-core/packages/p_interfaces)
[1.524s] Level 1:colcon.colcon_core.environment:create_environment_scripts_only(p_interfaces)
[1.525s] Level 1:colcon.colcon_core.environment:checking '/home/hans/ros2/task1/install/p_interfaces' for CMake module files
[1.530s] Level 1:colcon.colcon_core.environment:checking '/home/hans/ros2/task1/install/p_interfaces' for CMake config files
[1.534s] Level 1:colcon.colcon_core.shell:create_environment_hook('p_interfaces', 'cmake_prefix_path')
[1.535s] INFO:colcon.colcon_core.shell:Creating environment hook '/home/hans/ros2/task1/install/p_interfaces/share/p_interfaces/hook/cmake_prefix_path.ps1'
[1.536s] INFO:colcon.colcon_core.shell:Creating environment descriptor '/home/hans/ros2/task1/install/p_interfaces/share/p_interfaces/hook/cmake_prefix_path.dsv'
[1.537s] INFO:colcon.colcon_core.shell:Creating environment hook '/home/hans/ros2/task1/install/p_interfaces/share/p_interfaces/hook/cmake_prefix_path.sh'
[1.538s] Level 1:colcon.colcon_core.environment:checking '/home/hans/ros2/task1/install/p_interfaces/lib'
[1.539s] Level 1:colcon.colcon_core.shell:create_environment_hook('p_interfaces', 'ld_library_path_lib')
[1.539s] INFO:colcon.colcon_core.shell:Creating environment hook '/home/hans/ros2/task1/install/p_interfaces/share/p_interfaces/hook/ld_library_path_lib.ps1'
[1.540s] INFO:colcon.colcon_core.shell:Creating environment descriptor '/home/hans/ros2/task1/install/p_interfaces/share/p_interfaces/hook/ld_library_path_lib.dsv'
[1.540s] INFO:colcon.colcon_core.shell:Creating environment hook '/home/hans/ros2/task1/install/p_interfaces/share/p_interfaces/hook/ld_library_path_lib.sh'
[1.541s] Level 1:colcon.colcon_core.environment:checking '/home/hans/ros2/task1/install/p_interfaces/bin'
[1.541s] Level 1:colcon.colcon_core.environment:checking '/home/hans/ros2/task1/install/p_interfaces/lib/pkgconfig/p_interfaces.pc'
[1.542s] Level 1:colcon.colcon_core.environment:checking '/home/hans/ros2/task1/install/p_interfaces/lib/python3.10/site-packages'
[1.542s] Level 1:colcon.colcon_core.environment:checking '/home/hans/ros2/task1/install/p_interfaces/bin'
[1.543s] INFO:colcon.colcon_core.shell:Creating package script '/home/hans/ros2/task1/install/p_interfaces/share/p_interfaces/package.ps1'
[1.544s] INFO:colcon.colcon_core.shell:Creating package descriptor '/home/hans/ros2/task1/install/p_interfaces/share/p_interfaces/package.dsv'
[1.545s] INFO:colcon.colcon_core.shell:Creating package script '/home/hans/ros2/task1/install/p_interfaces/share/p_interfaces/package.sh'
[1.546s] INFO:colcon.colcon_core.shell:Creating package script '/home/hans/ros2/task1/install/p_interfaces/share/p_interfaces/package.bash'
[1.548s] INFO:colcon.colcon_core.shell:Creating package script '/home/hans/ros2/task1/install/p_interfaces/share/p_interfaces/package.zsh'
[1.551s] Level 1:colcon.colcon_core.environment:create_file_with_runtime_dependencies(/home/hans/ros2/task1/install/p_interfaces/share/colcon-core/packages/p_interfaces)
[1.558s] INFO:colcon.colcon_ros.task.ament_python.build:Building ROS package in '/home/hans/ros2/task1/src/p_controller' with build type 'ament_python'
[1.558s] Level 1:colcon.colcon_core.shell:create_environment_hook('p_controller', 'ament_prefix_path')
[1.559s] INFO:colcon.colcon_core.shell:Creating environment hook '/home/hans/ros2/task1/install/p_controller/share/p_controller/hook/ament_prefix_path.ps1'
[1.560s] INFO:colcon.colcon_core.shell:Creating environment descriptor '/home/hans/ros2/task1/install/p_controller/share/p_controller/hook/ament_prefix_path.dsv'
[1.561s] INFO:colcon.colcon_core.shell:Creating environment hook '/home/hans/ros2/task1/install/p_controller/share/p_controller/hook/ament_prefix_path.sh'
[1.562s] INFO:colcon.colcon_core.shell:Skip shell extension 'powershell' for command environment: Not usable outside of PowerShell
[1.562s] DEBUG:colcon.colcon_core.shell:Skip shell extension 'dsv' for command environment
[1.571s] Level 1:colcon.colcon_core.environment:create_environment_scripts_only(p_action_interfaces)
[1.572s] Level 1:colcon.colcon_core.environment:checking '/home/hans/ros2/task1/install/p_action_interfaces' for CMake module files
[1.573s] Level 1:colcon.colcon_core.environment:checking '/home/hans/ros2/task1/install/p_action_interfaces' for CMake config files
[1.574s] DEBUG:colcon.colcon_core.event_handler.log_command:Invoked command in '/home/hans/ros2/task1/build/p_action_interfaces' returned '0': CMAKE_PREFIX_PATH=${CMAKE_PREFIX_PATH}:/home/hans/ros2/task1/install/ttbot_square:/home/hans/ros2/task1/install/ping_sonar_ros:/home/hans/ros2/task1/install/p_controller:/home/hans/ros2/task1/install/p_action_example:/home/hans/ros2/task1/install/autonomous_rov:/home/hans/ros2/task1/src/install/ttbot_square:/home/hans/ros2/task1/src/install/ping_sonar_ros:/home/hans/ros2/task1/src/install/p_controller:/home/hans/ros2/task1/src/install/p_action_example:/home/hans/ros2/task1/src/install/autonomous_rov:/opt/ros/humble /usr/bin/cmake --install /home/hans/ros2/task1/build/p_action_interfaces
[1.575s] Level 1:colcon.colcon_core.shell:create_environment_hook('p_action_interfaces', 'cmake_prefix_path')
[1.575s] INFO:colcon.colcon_core.shell:Creating environment hook '/home/hans/ros2/task1/install/p_action_interfaces/share/p_action_interfaces/hook/cmake_prefix_path.ps1'
[1.576s] INFO:colcon.colcon_core.shell:Creating environment descriptor '/home/hans/ros2/task1/install/p_action_interfaces/share/p_action_interfaces/hook/cmake_prefix_path.dsv'
[1.578s] INFO:colcon.colcon_core.shell:Creating environment hook '/home/hans/ros2/task1/install/p_action_interfaces/share/p_action_interfaces/hook/cmake_prefix_path.sh'
[1.579s] Level 1:colcon.colcon_core.environment:checking '/home/hans/ros2/task1/install/p_action_interfaces/lib'
[1.579s] Level 1:colcon.colcon_core.shell:create_environment_hook('p_action_interfaces', 'ld_library_path_lib')
[1.579s] INFO:colcon.colcon_core.shell:Creating environment hook '/home/hans/ros2/task1/install/p_action_interfaces/share/p_action_interfaces/hook/ld_library_path_lib.ps1'
[1.580s] INFO:colcon.colcon_core.shell:Creating environment descriptor '/home/hans/ros2/task1/install/p_action_interfaces/share/p_action_interfaces/hook/ld_library_path_lib.dsv'
[1.580s] INFO:colcon.colcon_core.shell:Creating environment hook '/home/hans/ros2/task1/install/p_action_interfaces/share/p_action_interfaces/hook/ld_library_path_lib.sh'
[1.581s] Level 1:colcon.colcon_core.environment:checking '/home/hans/ros2/task1/install/p_action_interfaces/bin'
[1.581s] Level 1:colcon.colcon_core.environment:checking '/home/hans/ros2/task1/install/p_action_interfaces/lib/pkgconfig/p_action_interfaces.pc'
[1.582s] Level 1:colcon.colcon_core.environment:checking '/home/hans/ros2/task1/install/p_action_interfaces/lib/python3.10/site-packages'
[1.582s] Level 1:colcon.colcon_core.environment:checking '/home/hans/ros2/task1/install/p_action_interfaces/bin'
[1.583s] INFO:colcon.colcon_core.shell:Creating package script '/home/hans/ros2/task1/install/p_action_interfaces/share/p_action_interfaces/package.ps1'
[1.584s] INFO:colcon.colcon_core.shell:Creating package descriptor '/home/hans/ros2/task1/install/p_action_interfaces/share/p_action_interfaces/package.dsv'
[1.585s] INFO:colcon.colcon_core.shell:Creating package script '/home/hans/ros2/task1/install/p_action_interfaces/share/p_action_interfaces/package.sh'
[1.585s] INFO:colcon.colcon_core.shell:Creating package script '/home/hans/ros2/task1/install/p_action_interfaces/share/p_action_interfaces/package.bash'
[1.586s] INFO:colcon.colcon_core.shell:Creating package script '/home/hans/ros2/task1/install/p_action_interfaces/share/p_action_interfaces/package.zsh'
[1.587s] Level 1:colcon.colcon_core.environment:create_file_with_runtime_dependencies(/home/hans/ros2/task1/install/p_action_interfaces/share/colcon-core/packages/p_action_interfaces)
[1.588s] Level 1:colcon.colcon_core.environment:create_environment_scripts_only(p_action_interfaces)
[1.589s] Level 1:colcon.colcon_core.environment:checking '/home/hans/ros2/task1/install/p_action_interfaces' for CMake module files
[1.590s] Level 1:colcon.colcon_core.environment:checking '/home/hans/ros2/task1/install/p_action_interfaces' for CMake config files
[1.591s] Level 1:colcon.colcon_core.shell:create_environment_hook('p_action_interfaces', 'cmake_prefix_path')
[1.591s] INFO:colcon.colcon_core.shell:Creating environment hook '/home/hans/ros2/task1/install/p_action_interfaces/share/p_action_interfaces/hook/cmake_prefix_path.ps1'
[1.592s] INFO:colcon.colcon_core.shell:Creating environment descriptor '/home/hans/ros2/task1/install/p_action_interfaces/share/p_action_interfaces/hook/cmake_prefix_path.dsv'
[1.593s] INFO:colcon.colcon_core.shell:Creating environment hook '/home/hans/ros2/task1/install/p_action_interfaces/share/p_action_interfaces/hook/cmake_prefix_path.sh'
[1.594s] Level 1:colcon.colcon_core.environment:checking '/home/hans/ros2/task1/install/p_action_interfaces/lib'
[1.594s] Level 1:colcon.colcon_core.shell:create_environment_hook('p_action_interfaces', 'ld_library_path_lib')
[1.595s] INFO:colcon.colcon_core.shell:Creating environment hook '/home/hans/ros2/task1/install/p_action_interfaces/share/p_action_interfaces/hook/ld_library_path_lib.ps1'
[1.596s] INFO:colcon.colcon_core.shell:Creating environment descriptor '/home/hans/ros2/task1/install/p_action_interfaces/share/p_action_interfaces/hook/ld_library_path_lib.dsv'
[1.597s] INFO:colcon.colcon_core.shell:Creating environment hook '/home/hans/ros2/task1/install/p_action_interfaces/share/p_action_interfaces/hook/ld_library_path_lib.sh'
[1.597s] Level 1:colcon.colcon_core.environment:checking '/home/hans/ros2/task1/install/p_action_interfaces/bin'
[1.597s] Level 1:colcon.colcon_core.environment:checking '/home/hans/ros2/task1/install/p_action_interfaces/lib/pkgconfig/p_action_interfaces.pc'
[1.598s] Level 1:colcon.colcon_core.environment:checking '/home/hans/ros2/task1/install/p_action_interfaces/lib/python3.10/site-packages'
[1.598s] Level 1:colcon.colcon_core.environment:checking '/home/hans/ros2/task1/install/p_action_interfaces/bin'
[1.599s] INFO:colcon.colcon_core.shell:Creating package script '/home/hans/ros2/task1/install/p_action_interfaces/share/p_action_interfaces/package.ps1'
[1.600s] INFO:colcon.colcon_core.shell:Creating package descriptor '/home/hans/ros2/task1/install/p_action_interfaces/share/p_action_interfaces/package.dsv'
[1.601s] INFO:colcon.colcon_core.shell:Creating package script '/home/hans/ros2/task1/install/p_action_interfaces/share/p_action_interfaces/package.sh'
[1.602s] INFO:colcon.colcon_core.shell:Creating package script '/home/hans/ros2/task1/install/p_action_interfaces/share/p_action_interfaces/package.bash'
[1.603s] INFO:colcon.colcon_core.shell:Creating package script '/home/hans/ros2/task1/install/p_action_interfaces/share/p_action_interfaces/package.zsh'
[1.604s] Level 1:colcon.colcon_core.environment:create_file_with_runtime_dependencies(/home/hans/ros2/task1/install/p_action_interfaces/share/colcon-core/packages/p_action_interfaces)
[1.605s] INFO:colcon.colcon_ros.task.ament_python.build:Building ROS package in '/home/hans/ros2/task1/src/p_action_example' with build type 'ament_python'
[1.605s] Level 1:colcon.colcon_core.shell:create_environment_hook('p_action_example', 'ament_prefix_path')
[1.606s] INFO:colcon.colcon_core.shell:Creating environment hook '/home/hans/ros2/task1/install/p_action_example/share/p_action_example/hook/ament_prefix_path.ps1'
[1.606s] INFO:colcon.colcon_core.shell:Creating environment descriptor '/home/hans/ros2/task1/install/p_action_example/share/p_action_example/hook/ament_prefix_path.dsv'
[1.607s] INFO:colcon.colcon_core.shell:Creating environment hook '/home/hans/ros2/task1/install/p_action_example/share/p_action_example/hook/ament_prefix_path.sh'
[1.608s] INFO:colcon.colcon_core.shell:Skip shell extension 'powershell' for command environment: Not usable outside of PowerShell
[1.608s] DEBUG:colcon.colcon_core.shell:Skip shell extension 'dsv' for command environment
[1.954s] INFO:colcon.colcon_core.task.python.build:Building Python package in '/home/hans/ros2/task1/src/p_controller'
[1.954s] INFO:colcon.colcon_core.shell:Skip shell extension 'powershell' for command environment: Not usable outside of PowerShell
[1.954s] DEBUG:colcon.colcon_core.shell:Skip shell extension 'dsv' for command environment
[2.264s] INFO:colcon.colcon_core.task.python.build:Building Python package in '/home/hans/ros2/task1/src/p_action_example'
[2.264s] INFO:colcon.colcon_core.shell:Skip shell extension 'powershell' for command environment: Not usable outside of PowerShell
[2.264s] DEBUG:colcon.colcon_core.shell:Skip shell extension 'dsv' for command environment
[2.273s] DEBUG:colcon.colcon_core.event_handler.log_command:Invoking command in '/home/hans/ros2/task1/src/ping_sonar_ros-master': PYTHONPATH=/home/hans/ros2/task1/build/ping_sonar_ros/prefix_override:/usr/lib/python3/dist-packages/colcon_core/task/python/colcon_distutils_commands:/home/hans/ros2/task1/install/ping_sonar_ros/lib/python3.10/site-packages:${PYTHONPATH} /usr/bin/python3 -W ignore:setup.py install is deprecated -W ignore:easy_install command is deprecated setup.py egg_info --egg-base ../../build/ping_sonar_ros build --build-base /home/hans/ros2/task1/build/ping_sonar_ros/build install --record /home/hans/ros2/task1/build/ping_sonar_ros/install.log --single-version-externally-managed install_data
[2.276s] DEBUG:colcon.colcon_core.event_handler.log_command:Invoking command in '/home/hans/ros2/task1/src/autonomous_rov': PYTHONPATH=/home/hans/ros2/task1/build/autonomous_rov/prefix_override:/usr/lib/python3/dist-packages/colcon_core/task/python/colcon_distutils_commands:/home/hans/ros2/task1/install/autonomous_rov/lib/python3.10/site-packages:${PYTHONPATH} /usr/bin/python3 -W ignore:setup.py install is deprecated -W ignore:easy_install command is deprecated setup.py egg_info --egg-base ../../build/autonomous_rov build --build-base /home/hans/ros2/task1/build/autonomous_rov/build install --record /home/hans/ros2/task1/build/autonomous_rov/install.log --single-version-externally-managed install_data
[2.287s] DEBUG:colcon.colcon_core.event_handler.log_command:Invoking command in '/home/hans/ros2/task1/src/ttbot_square': PYTHONPATH=/home/hans/ros2/task1/build/ttbot_square/prefix_override:/usr/lib/python3/dist-packages/colcon_core/task/python/colcon_distutils_commands:/home/hans/ros2/task1/install/ttbot_square/lib/python3.10/site-packages:${PYTHONPATH} /usr/bin/python3 -W ignore:setup.py install is deprecated -W ignore:easy_install command is deprecated setup.py egg_info --egg-base ../../build/ttbot_square build --build-base /home/hans/ros2/task1/build/ttbot_square/build install --record /home/hans/ros2/task1/build/ttbot_square/install.log --single-version-externally-managed install_data
[2.680s] Level 1:colcon.colcon_core.environment:checking '/home/hans/ros2/task1/install/ttbot_square' for CMake module files
[2.681s] DEBUG:colcon.colcon_core.event_handler.log_command:Invoked command in '/home/hans/ros2/task1/src/ttbot_square' returned '0': PYTHONPATH=/home/hans/ros2/task1/build/ttbot_square/prefix_override:/usr/lib/python3/dist-packages/colcon_core/task/python/colcon_distutils_commands:/home/hans/ros2/task1/install/ttbot_square/lib/python3.10/site-packages:${PYTHONPATH} /usr/bin/python3 -W ignore:setup.py install is deprecated -W ignore:easy_install command is deprecated setup.py egg_info --egg-base ../../build/ttbot_square build --build-base /home/hans/ros2/task1/build/ttbot_square/build install --record /home/hans/ros2/task1/build/ttbot_square/install.log --single-version-externally-managed install_data
[2.682s] Level 1:colcon.colcon_core.environment:checking '/home/hans/ros2/task1/install/ttbot_square' for CMake config files
[2.682s] Level 1:colcon.colcon_core.environment:checking '/home/hans/ros2/task1/install/ttbot_square/lib'
[2.683s] Level 1:colcon.colcon_core.environment:checking '/home/hans/ros2/task1/install/ttbot_square/bin'
[2.683s] Level 1:colcon.colcon_core.environment:checking '/home/hans/ros2/task1/install/ttbot_square/lib/pkgconfig/ttbot_square.pc'
[2.683s] Level 1:colcon.colcon_core.environment:checking '/home/hans/ros2/task1/install/ttbot_square/lib/python3.10/site-packages'
[2.683s] Level 1:colcon.colcon_core.shell:create_environment_hook('ttbot_square', 'pythonpath')
[2.684s] INFO:colcon.colcon_core.shell:Creating environment hook '/home/hans/ros2/task1/install/ttbot_square/share/ttbot_square/hook/pythonpath.ps1'
[2.685s] INFO:colcon.colcon_core.shell:Creating environment descriptor '/home/hans/ros2/task1/install/ttbot_square/share/ttbot_square/hook/pythonpath.dsv'
[2.686s] INFO:colcon.colcon_core.shell:Creating environment hook '/home/hans/ros2/task1/install/ttbot_square/share/ttbot_square/hook/pythonpath.sh'
[2.687s] Level 1:colcon.colcon_core.environment:checking '/home/hans/ros2/task1/install/ttbot_square/bin'
[2.687s] Level 1:colcon.colcon_core.environment:create_environment_scripts_only(ttbot_square)
[2.688s] INFO:colcon.colcon_core.shell:Creating package script '/home/hans/ros2/task1/install/ttbot_square/share/ttbot_square/package.ps1'
[2.689s] INFO:colcon.colcon_core.shell:Creating package descriptor '/home/hans/ros2/task1/install/ttbot_square/share/ttbot_square/package.dsv'
[2.689s] INFO:colcon.colcon_core.shell:Creating package script '/home/hans/ros2/task1/install/ttbot_square/share/ttbot_square/package.sh'
[2.690s] INFO:colcon.colcon_core.shell:Creating package script '/home/hans/ros2/task1/install/ttbot_square/share/ttbot_square/package.bash'
[2.691s] INFO:colcon.colcon_core.shell:Creating package script '/home/hans/ros2/task1/install/ttbot_square/share/ttbot_square/package.zsh'
[2.692s] Level 1:colcon.colcon_core.environment:create_file_with_runtime_dependencies(/home/hans/ros2/task1/install/ttbot_square/share/colcon-core/packages/ttbot_square)
[2.693s] Level 1:colcon.colcon_core.environment:checking '/home/hans/ros2/task1/install/autonomous_rov' for CMake module files
[2.694s] DEBUG:colcon.colcon_core.event_handler.log_command:Invoked command in '/home/hans/ros2/task1/src/autonomous_rov' returned '0': PYTHONPATH=/home/hans/ros2/task1/build/autonomous_rov/prefix_override:/usr/lib/python3/dist-packages/colcon_core/task/python/colcon_distutils_commands:/home/hans/ros2/task1/install/autonomous_rov/lib/python3.10/site-packages:${PYTHONPATH} /usr/bin/python3 -W ignore:setup.py install is deprecated -W ignore:easy_install command is deprecated setup.py egg_info --egg-base ../../build/autonomous_rov build --build-base /home/hans/ros2/task1/build/autonomous_rov/build install --record /home/hans/ros2/task1/build/autonomous_rov/install.log --single-version-externally-managed install_data
[2.695s] Level 1:colcon.colcon_core.environment:checking '/home/hans/ros2/task1/install/autonomous_rov' for CMake config files
[2.696s] Level 1:colcon.colcon_core.environment:checking '/home/hans/ros2/task1/install/autonomous_rov/lib'
[2.696s] Level 1:colcon.colcon_core.environment:checking '/home/hans/ros2/task1/install/autonomous_rov/bin'
[2.696s] Level 1:colcon.colcon_core.environment:checking '/home/hans/ros2/task1/install/autonomous_rov/lib/pkgconfig/autonomous_rov.pc'
[2.696s] Level 1:colcon.colcon_core.environment:checking '/home/hans/ros2/task1/install/autonomous_rov/lib/python3.10/site-packages'
[2.697s] Level 1:colcon.colcon_core.shell:create_environment_hook('autonomous_rov', 'pythonpath')
[2.697s] INFO:colcon.colcon_core.shell:Creating environment hook '/home/hans/ros2/task1/install/autonomous_rov/share/autonomous_rov/hook/pythonpath.ps1'
[2.698s] INFO:colcon.colcon_core.shell:Creating environment descriptor '/home/hans/ros2/task1/install/autonomous_rov/share/autonomous_rov/hook/pythonpath.dsv'
[2.699s] INFO:colcon.colcon_core.shell:Creating environment hook '/home/hans/ros2/task1/install/autonomous_rov/share/autonomous_rov/hook/pythonpath.sh'
[2.700s] Level 1:colcon.colcon_core.environment:checking '/home/hans/ros2/task1/install/autonomous_rov/bin'
[2.700s] Level 1:colcon.colcon_core.environment:create_environment_scripts_only(autonomous_rov)
[2.700s] INFO:colcon.colcon_core.shell:Creating package script '/home/hans/ros2/task1/install/autonomous_rov/share/autonomous_rov/package.ps1'
[2.701s] INFO:colcon.colcon_core.shell:Creating package descriptor '/home/hans/ros2/task1/install/autonomous_rov/share/autonomous_rov/package.dsv'
[2.702s] INFO:colcon.colcon_core.shell:Creating package script '/home/hans/ros2/task1/install/autonomous_rov/share/autonomous_rov/package.sh'
[2.703s] INFO:colcon.colcon_core.shell:Creating package script '/home/hans/ros2/task1/install/autonomous_rov/share/autonomous_rov/package.bash'
[2.704s] INFO:colcon.colcon_core.shell:Creating package script '/home/hans/ros2/task1/install/autonomous_rov/share/autonomous_rov/package.zsh'
[2.705s] Level 1:colcon.colcon_core.environment:create_file_with_runtime_dependencies(/home/hans/ros2/task1/install/autonomous_rov/share/colcon-core/packages/autonomous_rov)
[2.707s] Level 1:colcon.colcon_core.environment:checking '/home/hans/ros2/task1/install/ping_sonar_ros' for CMake module files
[2.708s] DEBUG:colcon.colcon_core.event_handler.log_command:Invoked command in '/home/hans/ros2/task1/src/ping_sonar_ros-master' returned '0': PYTHONPATH=/home/hans/ros2/task1/build/ping_sonar_ros/prefix_override:/usr/lib/python3/dist-packages/colcon_core/task/python/colcon_distutils_commands:/home/hans/ros2/task1/install/ping_sonar_ros/lib/python3.10/site-packages:${PYTHONPATH} /usr/bin/python3 -W ignore:setup.py install is deprecated -W ignore:easy_install command is deprecated setup.py egg_info --egg-base ../../build/ping_sonar_ros build --build-base /home/hans/ros2/task1/build/ping_sonar_ros/build install --record /home/hans/ros2/task1/build/ping_sonar_ros/install.log --single-version-externally-managed install_data
[2.709s] Level 1:colcon.colcon_core.environment:checking '/home/hans/ros2/task1/install/ping_sonar_ros' for CMake config files
[2.710s] Level 1:colcon.colcon_core.environment:checking '/home/hans/ros2/task1/install/ping_sonar_ros/lib'
[2.710s] Level 1:colcon.colcon_core.environment:checking '/home/hans/ros2/task1/install/ping_sonar_ros/bin'
[2.710s] Level 1:colcon.colcon_core.environment:checking '/home/hans/ros2/task1/install/ping_sonar_ros/lib/pkgconfig/ping_sonar_ros.pc'
[2.710s] Level 1:colcon.colcon_core.environment:checking '/home/hans/ros2/task1/install/ping_sonar_ros/lib/python3.10/site-packages'
[2.710s] Level 1:colcon.colcon_core.shell:create_environment_hook('ping_sonar_ros', 'pythonpath')
[2.711s] INFO:colcon.colcon_core.shell:Creating environment hook '/home/hans/ros2/task1/install/ping_sonar_ros/share/ping_sonar_ros/hook/pythonpath.ps1'
[2.711s] INFO:colcon.colcon_core.shell:Creating environment descriptor '/home/hans/ros2/task1/install/ping_sonar_ros/share/ping_sonar_ros/hook/pythonpath.dsv'
[2.712s] INFO:colcon.colcon_core.shell:Creating environment hook '/home/hans/ros2/task1/install/ping_sonar_ros/share/ping_sonar_ros/hook/pythonpath.sh'
[2.713s] Level 1:colcon.colcon_core.environment:checking '/home/hans/ros2/task1/install/ping_sonar_ros/bin'
[2.713s] Level 1:colcon.colcon_core.environment:create_environment_scripts_only(ping_sonar_ros)
[2.714s] INFO:colcon.colcon_core.shell:Creating package script '/home/hans/ros2/task1/install/ping_sonar_ros/share/ping_sonar_ros/package.ps1'
[2.714s] INFO:colcon.colcon_core.shell:Creating package descriptor '/home/hans/ros2/task1/install/ping_sonar_ros/share/ping_sonar_ros/package.dsv'
[2.715s] INFO:colcon.colcon_core.shell:Creating package script '/home/hans/ros2/task1/install/ping_sonar_ros/share/ping_sonar_ros/package.sh'
[2.716s] INFO:colcon.colcon_core.shell:Creating package script '/home/hans/ros2/task1/install/ping_sonar_ros/share/ping_sonar_ros/package.bash'
[2.717s] INFO:colcon.colcon_core.shell:Creating package script '/home/hans/ros2/task1/install/ping_sonar_ros/share/ping_sonar_ros/package.zsh'
[2.717s] Level 1:colcon.colcon_core.environment:create_file_with_runtime_dependencies(/home/hans/ros2/task1/install/ping_sonar_ros/share/colcon-core/packages/ping_sonar_ros)
[2.895s] DEBUG:colcon.colcon_core.event_handler.log_command:Invoking command in '/home/hans/ros2/task1/src/p_controller': PYTHONPATH=/home/hans/ros2/task1/build/p_controller/prefix_override:/usr/lib/python3/dist-packages/colcon_core/task/python/colcon_distutils_commands:/home/hans/ros2/task1/install/p_controller/lib/python3.10/site-packages:${PYTHONPATH} /usr/bin/python3 -W ignore:setup.py install is deprecated -W ignore:easy_install command is deprecated setup.py egg_info --egg-base ../../build/p_controller build --build-base /home/hans/ros2/task1/build/p_controller/build install --record /home/hans/ros2/task1/build/p_controller/install.log --single-version-externally-managed install_data
[2.905s] DEBUG:colcon.colcon_core.event_handler.log_command:Invoking command in '/home/hans/ros2/task1/src/p_action_example': CMAKE_PREFIX_PATH=/home/hans/ros2/task1/install/p_action_interfaces:/home/hans/ros2/task1/install/p_interfaces:/home/hans/ros2/task1/install/p_interface:/home/hans/ros2/task1/src/install/p_interfaces:/home/hans/ros2/task1/src/install/p_action_interfaces LD_LIBRARY_PATH=/home/hans/ros2/task1/install/p_action_interfaces/lib:/home/hans/ros2/task1/install/p_interfaces/lib:/home/hans/ros2/task1/src/install/p_interfaces/lib:/home/hans/ros2/task1/src/install/p_action_interfaces/lib:/opt/ros/humble/opt/rviz_ogre_vendor/lib:/opt/ros/humble/lib/x86_64-linux-gnu:/opt/ros/humble/lib PYTHONPATH=/home/hans/ros2/task1/build/p_action_example/prefix_override:/usr/lib/python3/dist-packages/colcon_core/task/python/colcon_distutils_commands:/home/hans/ros2/task1/install/p_action_example/lib/python3.10/site-packages:${PYTHONPATH} /usr/bin/python3 -W ignore:setup.py install is deprecated -W ignore:easy_install command is deprecated setup.py egg_info --egg-base ../../build/p_action_example build --build-base /home/hans/ros2/task1/build/p_action_example/build install --record /home/hans/ros2/task1/build/p_action_example/install.log --single-version-externally-managed install_data
[3.253s] Level 1:colcon.colcon_core.environment:checking '/home/hans/ros2/task1/install/p_action_example' for CMake module files
[3.254s] DEBUG:colcon.colcon_core.event_handler.log_command:Invoked command in '/home/hans/ros2/task1/src/p_action_example' returned '0': CMAKE_PREFIX_PATH=/home/hans/ros2/task1/install/p_action_interfaces:/home/hans/ros2/task1/install/p_interfaces:/home/hans/ros2/task1/install/p_interface:/home/hans/ros2/task1/src/install/p_interfaces:/home/hans/ros2/task1/src/install/p_action_interfaces LD_LIBRARY_PATH=/home/hans/ros2/task1/install/p_action_interfaces/lib:/home/hans/ros2/task1/install/p_interfaces/lib:/home/hans/ros2/task1/src/install/p_interfaces/lib:/home/hans/ros2/task1/src/install/p_action_interfaces/lib:/opt/ros/humble/opt/rviz_ogre_vendor/lib:/opt/ros/humble/lib/x86_64-linux-gnu:/opt/ros/humble/lib PYTHONPATH=/home/hans/ros2/task1/build/p_action_example/prefix_override:/usr/lib/python3/dist-packages/colcon_core/task/python/colcon_distutils_commands:/home/hans/ros2/task1/install/p_action_example/lib/python3.10/site-packages:${PYTHONPATH} /usr/bin/python3 -W ignore:setup.py install is deprecated -W ignore:easy_install command is deprecated setup.py egg_info --egg-base ../../build/p_action_example build --build-base /home/hans/ros2/task1/build/p_action_example/build install --record /home/hans/ros2/task1/build/p_action_example/install.log --single-version-externally-managed install_data
[3.255s] Level 1:colcon.colcon_core.environment:checking '/home/hans/ros2/task1/install/p_action_example' for CMake config files
[3.256s] Level 1:colcon.colcon_core.environment:checking '/home/hans/ros2/task1/install/p_action_example/lib'
[3.256s] Level 1:colcon.colcon_core.environment:checking '/home/hans/ros2/task1/install/p_action_example/bin'
[3.256s] Level 1:colcon.colcon_core.environment:checking '/home/hans/ros2/task1/install/p_action_example/lib/pkgconfig/p_action_example.pc'
[3.256s] Level 1:colcon.colcon_core.environment:checking '/home/hans/ros2/task1/install/p_action_example/lib/python3.10/site-packages'
[3.257s] Level 1:colcon.colcon_core.shell:create_environment_hook('p_action_example', 'pythonpath')
[3.257s] INFO:colcon.colcon_core.shell:Creating environment hook '/home/hans/ros2/task1/install/p_action_example/share/p_action_example/hook/pythonpath.ps1'
[3.258s] INFO:colcon.colcon_core.shell:Creating environment descriptor '/home/hans/ros2/task1/install/p_action_example/share/p_action_example/hook/pythonpath.dsv'
[3.258s] INFO:colcon.colcon_core.shell:Creating environment hook '/home/hans/ros2/task1/install/p_action_example/share/p_action_example/hook/pythonpath.sh'
[3.259s] Level 1:colcon.colcon_core.environment:checking '/home/hans/ros2/task1/install/p_action_example/bin'
[3.259s] Level 1:colcon.colcon_core.environment:create_environment_scripts_only(p_action_example)
[3.260s] INFO:colcon.colcon_core.shell:Creating package script '/home/hans/ros2/task1/install/p_action_example/share/p_action_example/package.ps1'
[3.260s] INFO:colcon.colcon_core.shell:Creating package descriptor '/home/hans/ros2/task1/install/p_action_example/share/p_action_example/package.dsv'
[3.261s] INFO:colcon.colcon_core.shell:Creating package script '/home/hans/ros2/task1/install/p_action_example/share/p_action_example/package.sh'
[3.262s] INFO:colcon.colcon_core.shell:Creating package script '/home/hans/ros2/task1/install/p_action_example/share/p_action_example/package.bash'
[3.262s] INFO:colcon.colcon_core.shell:Creating package script '/home/hans/ros2/task1/install/p_action_example/share/p_action_example/package.zsh'
[3.263s] Level 1:colcon.colcon_core.environment:create_file_with_runtime_dependencies(/home/hans/ros2/task1/install/p_action_example/share/colcon-core/packages/p_action_example)
[3.264s] Level 1:colcon.colcon_core.environment:checking '/home/hans/ros2/task1/install/p_controller' for CMake module files
[3.265s] DEBUG:colcon.colcon_core.event_handler.log_command:Invoked command in '/home/hans/ros2/task1/src/p_controller' returned '0': PYTHONPATH=/home/hans/ros2/task1/build/p_controller/prefix_override:/usr/lib/python3/dist-packages/colcon_core/task/python/colcon_distutils_commands:/home/hans/ros2/task1/install/p_controller/lib/python3.10/site-packages:${PYTHONPATH} /usr/bin/python3 -W ignore:setup.py install is deprecated -W ignore:easy_install command is deprecated setup.py egg_info --egg-base ../../build/p_controller build --build-base /home/hans/ros2/task1/build/p_controller/build install --record /home/hans/ros2/task1/build/p_controller/install.log --single-version-externally-managed install_data
[3.266s] Level 1:colcon.colcon_core.environment:checking '/home/hans/ros2/task1/install/p_controller' for CMake config files
[3.267s] Level 1:colcon.colcon_core.environment:checking '/home/hans/ros2/task1/install/p_controller/lib'
[3.267s] Level 1:colcon.colcon_core.environment:checking '/home/hans/ros2/task1/install/p_controller/bin'
[3.267s] Level 1:colcon.colcon_core.environment:checking '/home/hans/ros2/task1/install/p_controller/lib/pkgconfig/p_controller.pc'
[3.267s] Level 1:colcon.colcon_core.environment:checking '/home/hans/ros2/task1/install/p_controller/lib/python3.10/site-packages'
[3.267s] Level 1:colcon.colcon_core.shell:create_environment_hook('p_controller', 'pythonpath')
[3.267s] INFO:colcon.colcon_core.shell:Creating environment hook '/home/hans/ros2/task1/install/p_controller/share/p_controller/hook/pythonpath.ps1'
[3.268s] INFO:colcon.colcon_core.shell:Creating environment descriptor '/home/hans/ros2/task1/install/p_controller/share/p_controller/hook/pythonpath.dsv'
[3.269s] INFO:colcon.colcon_core.shell:Creating environment hook '/home/hans/ros2/task1/install/p_controller/share/p_controller/hook/pythonpath.sh'
[3.269s] Level 1:colcon.colcon_core.environment:checking '/home/hans/ros2/task1/install/p_controller/bin'
[3.269s] Level 1:colcon.colcon_core.environment:create_environment_scripts_only(p_controller)
[3.270s] INFO:colcon.colcon_core.shell:Creating package script '/home/hans/ros2/task1/install/p_controller/share/p_controller/package.ps1'
[3.271s] INFO:colcon.colcon_core.shell:Creating package descriptor '/home/hans/ros2/task1/install/p_controller/share/p_controller/package.dsv'
[3.271s] INFO:colcon.colcon_core.shell:Creating package script '/home/hans/ros2/task1/install/p_controller/share/p_controller/package.sh'
[3.272s] INFO:colcon.colcon_core.shell:Creating package script '/home/hans/ros2/task1/install/p_controller/share/p_controller/package.bash'
[3.272s] INFO:colcon.colcon_core.shell:Creating package script '/home/hans/ros2/task1/install/p_controller/share/p_controller/package.zsh'
[3.273s] Level 1:colcon.colcon_core.environment:create_file_with_runtime_dependencies(/home/hans/ros2/task1/install/p_controller/share/colcon-core/packages/p_controller)
[3.273s] DEBUG:colcon.colcon_parallel_executor.executor.parallel:closing loop
[3.274s] DEBUG:colcon.colcon_parallel_executor.executor.parallel:loop closed
[3.274s] DEBUG:colcon.colcon_parallel_executor.executor.parallel:run_until_complete finished with '0'
[3.274s] DEBUG:colcon.colcon_core.event_reactor:joining thread
[3.283s] INFO:colcon.colcon_core.plugin_system:Skipping extension 'colcon_notification.desktop_notification.terminal_notifier': Not used on non-Darwin systems
[3.283s] INFO:colcon.colcon_core.plugin_system:Skipping extension 'colcon_notification.desktop_notification.win32': Not used on non-Windows systems
[3.283s] INFO:colcon.colcon_notification.desktop_notification:Sending desktop notification using 'notify2'
[3.297s] DEBUG:colcon.colcon_core.event_reactor:joined thread
[3.297s] INFO:colcon.colcon_core.shell:Creating prefix script '/home/hans/ros2/task1/install/local_setup.ps1'
[3.298s] INFO:colcon.colcon_core.shell:Creating prefix util module '/home/hans/ros2/task1/install/_local_setup_util_ps1.py'
[3.301s] INFO:colcon.colcon_core.shell:Creating prefix chain script '/home/hans/ros2/task1/install/setup.ps1'
[3.304s] INFO:colcon.colcon_core.shell:Creating prefix script '/home/hans/ros2/task1/install/local_setup.sh'
[3.304s] INFO:colcon.colcon_core.shell:Creating prefix util module '/home/hans/ros2/task1/install/_local_setup_util_sh.py'
[3.305s] INFO:colcon.colcon_core.shell:Creating prefix chain script '/home/hans/ros2/task1/install/setup.sh'
[3.307s] INFO:colcon.colcon_core.shell:Creating prefix script '/home/hans/ros2/task1/install/local_setup.bash'
[3.308s] INFO:colcon.colcon_core.shell:Creating prefix chain script '/home/hans/ros2/task1/install/setup.bash'
[3.310s] INFO:colcon.colcon_core.shell:Creating prefix script '/home/hans/ros2/task1/install/local_setup.zsh'
[3.310s] INFO:colcon.colcon_core.shell:Creating prefix chain script '/home/hans/ros2/task1/install/setup.zsh'
