[0.151s] DEBUG:colcon:Command line arguments: ['/usr/bin/colcon', 'build']
[0.151s] DEBUG:colcon:Parsed command line arguments: Namespace(log_base=None, log_level=None, verb_name='build', build_base='build', install_base='install', merge_install=False, symlink_install=False, test_result_base=None, continue_on_error=False, executor='parallel', parallel_workers=8, event_handlers=None, ignore_user_meta=False, metas=['./colcon.meta'], base_paths=['.'], packages_ignore=None, packages_ignore_regex=None, paths=None, packages_up_to=None, packages_up_to_regex=None, packages_above=None, packages_above_and_dependencies=None, packages_above_depth=None, packages_select_by_dep=None, packages_skip_by_dep=None, packages_skip_up_to=None, packages_select_build_failed=False, packages_skip_build_finished=False, packages_select_test_failures=False, packages_skip_test_passed=False, packages_select=None, packages_skip=None, packages_select_regex=None, packages_skip_regex=None, packages_start=None, packages_end=None, allow_overriding=[], cmake_args=None, cmake_target=None, cmake_target_skip_unavailable=False, cmake_clean_cache=False, cmake_clean_first=False, cmake_force_configure=False, ament_cmake_args=None, catkin_cmake_args=None, catkin_skip_building_tests=False, verb_parser=<colcon_defaults.argument_parser.defaults.DefaultArgumentsDecorator object at 0x78c79ff12500>, verb_extension=<colcon_core.verb.build.BuildVerb object at 0x78c79ff11ff0>, main=<bound method BuildVerb.main of <colcon_core.verb.build.BuildVerb object at 0x78c79ff11ff0>>)
[0.363s] Level 1:colcon.colcon_core.package_discovery:discover_packages(colcon_meta) check parameters
[0.363s] Level 1:colcon.colcon_core.package_discovery:discover_packages(recursive) check parameters
[0.363s] Level 1:colcon.colcon_core.package_discovery:discover_packages(ignore) check parameters
[0.363s] Level 1:colcon.colcon_core.package_discovery:discover_packages(path) check parameters
[0.363s] Level 1:colcon.colcon_core.package_discovery:discover_packages(colcon_meta) discover
[0.363s] Level 1:colcon.colcon_core.package_discovery:discover_packages(recursive) discover
[0.363s] INFO:colcon.colcon_core.package_discovery:Crawling recursively for packages in '/home/hans/ros2/task1'
[0.363s] Level 1:colcon.colcon_core.package_identification:_identify(.) by extensions ['ignore', 'ignore_ament_install']
[0.363s] Level 1:colcon.colcon_core.package_identification:_identify(.) by extension 'ignore'
[0.363s] Level 1:colcon.colcon_core.package_identification:_identify(.) by extension 'ignore_ament_install'
[0.363s] Level 1:colcon.colcon_core.package_identification:_identify(.) by extensions ['colcon_pkg']
[0.363s] Level 1:colcon.colcon_core.package_identification:_identify(.) by extension 'colcon_pkg'
[0.363s] Level 1:colcon.colcon_core.package_identification:_identify(.) by extensions ['colcon_meta']
[0.363s] Level 1:colcon.colcon_core.package_identification:_identify(.) by extension 'colcon_meta'
[0.363s] Level 1:colcon.colcon_core.package_identification:_identify(.) by extensions ['ros']
[0.363s] Level 1:colcon.colcon_core.package_identification:_identify(.) by extension 'ros'
[0.377s] Level 1:colcon.colcon_core.package_identification:_identify(.) by extensions ['cmake', 'python']
[0.377s] Level 1:colcon.colcon_core.package_identification:_identify(.) by extension 'cmake'
[0.377s] Level 1:colcon.colcon_core.package_identification:_identify(.) by extension 'python'
[0.377s] Level 1:colcon.colcon_core.package_identification:_identify(.) by extensions ['python_setup_py']
[0.378s] Level 1:colcon.colcon_core.package_identification:_identify(.) by extension 'python_setup_py'
[0.378s] Level 1:colcon.colcon_core.package_identification:_identify(build) by extensions ['ignore', 'ignore_ament_install']
[0.378s] Level 1:colcon.colcon_core.package_identification:_identify(build) by extension 'ignore'
[0.378s] Level 1:colcon.colcon_core.package_identification:_identify(build) ignored
[0.378s] Level 1:colcon.colcon_core.package_identification:_identify(install) by extensions ['ignore', 'ignore_ament_install']
[0.378s] Level 1:colcon.colcon_core.package_identification:_identify(install) by extension 'ignore'
[0.378s] Level 1:colcon.colcon_core.package_identification:_identify(install) ignored
[0.378s] Level 1:colcon.colcon_core.package_identification:_identify(log) by extensions ['ignore', 'ignore_ament_install']
[0.378s] Level 1:colcon.colcon_core.package_identification:_identify(log) by extension 'ignore'
[0.378s] Level 1:colcon.colcon_core.package_identification:_identify(log) ignored
[0.379s] Level 1:colcon.colcon_core.package_identification:_identify(mybag.bag) by extensions ['ignore', 'ignore_ament_install']
[0.379s] Level 1:colcon.colcon_core.package_identification:_identify(mybag.bag) by extension 'ignore'
[0.379s] Level 1:colcon.colcon_core.package_identification:_identify(mybag.bag) by extension 'ignore_ament_install'
[0.379s] Level 1:colcon.colcon_core.package_identification:_identify(mybag.bag) by extensions ['colcon_pkg']
[0.379s] Level 1:colcon.colcon_core.package_identification:_identify(mybag.bag) by extension 'colcon_pkg'
[0.379s] Level 1:colcon.colcon_core.package_identification:_identify(mybag.bag) by extensions ['colcon_meta']
[0.379s] Level 1:colcon.colcon_core.package_identification:_identify(mybag.bag) by extension 'colcon_meta'
[0.379s] Level 1:colcon.colcon_core.package_identification:_identify(mybag.bag) by extensions ['ros']
[0.379s] Level 1:colcon.colcon_core.package_identification:_identify(mybag.bag) by extension 'ros'
[0.379s] Level 1:colcon.colcon_core.package_identification:_identify(mybag.bag) by extensions ['cmake', 'python']
[0.379s] Level 1:colcon.colcon_core.package_identification:_identify(mybag.bag) by extension 'cmake'
[0.379s] Level 1:colcon.colcon_core.package_identification:_identify(mybag.bag) by extension 'python'
[0.379s] Level 1:colcon.colcon_core.package_identification:_identify(mybag.bag) by extensions ['python_setup_py']
[0.379s] Level 1:colcon.colcon_core.package_identification:_identify(mybag.bag) by extension 'python_setup_py'
[0.379s] Level 1:colcon.colcon_core.package_identification:_identify(src) by extensions ['ignore', 'ignore_ament_install']
[0.379s] Level 1:colcon.colcon_core.package_identification:_identify(src) by extension 'ignore'
[0.380s] Level 1:colcon.colcon_core.package_identification:_identify(src) by extension 'ignore_ament_install'
[0.380s] Level 1:colcon.colcon_core.package_identification:_identify(src) by extensions ['colcon_pkg']
[0.380s] Level 1:colcon.colcon_core.package_identification:_identify(src) by extension 'colcon_pkg'
[0.380s] Level 1:colcon.colcon_core.package_identification:_identify(src) by extensions ['colcon_meta']
[0.380s] Level 1:colcon.colcon_core.package_identification:_identify(src) by extension 'colcon_meta'
[0.380s] Level 1:colcon.colcon_core.package_identification:_identify(src) by extensions ['ros']
[0.380s] Level 1:colcon.colcon_core.package_identification:_identify(src) by extension 'ros'
[0.380s] Level 1:colcon.colcon_core.package_identification:_identify(src) by extensions ['cmake', 'python']
[0.380s] Level 1:colcon.colcon_core.package_identification:_identify(src) by extension 'cmake'
[0.380s] Level 1:colcon.colcon_core.package_identification:_identify(src) by extension 'python'
[0.380s] Level 1:colcon.colcon_core.package_identification:_identify(src) by extensions ['python_setup_py']
[0.380s] Level 1:colcon.colcon_core.package_identification:_identify(src) by extension 'python_setup_py'
[0.380s] Level 1:colcon.colcon_core.package_identification:_identify(src/autonomous_rov) by extensions ['ignore', 'ignore_ament_install']
[0.380s] Level 1:colcon.colcon_core.package_identification:_identify(src/autonomous_rov) by extension 'ignore'
[0.380s] Level 1:colcon.colcon_core.package_identification:_identify(src/autonomous_rov) by extension 'ignore_ament_install'
[0.380s] Level 1:colcon.colcon_core.package_identification:_identify(src/autonomous_rov) by extensions ['colcon_pkg']
[0.380s] Level 1:colcon.colcon_core.package_identification:_identify(src/autonomous_rov) by extension 'colcon_pkg'
[0.380s] Level 1:colcon.colcon_core.package_identification:_identify(src/autonomous_rov) by extensions ['colcon_meta']
[0.381s] Level 1:colcon.colcon_core.package_identification:_identify(src/autonomous_rov) by extension 'colcon_meta'
[0.381s] Level 1:colcon.colcon_core.package_identification:_identify(src/autonomous_rov) by extensions ['ros']
[0.381s] Level 1:colcon.colcon_core.package_identification:_identify(src/autonomous_rov) by extension 'ros'
[0.383s] DEBUG:colcon.colcon_core.package_identification:Package 'src/autonomous_rov' with type 'ros.ament_python' and name 'autonomous_rov'
[0.383s] Level 1:colcon.colcon_core.package_identification:_identify(src/build) by extensions ['ignore', 'ignore_ament_install']
[0.384s] Level 1:colcon.colcon_core.package_identification:_identify(src/build) by extension 'ignore'
[0.384s] Level 1:colcon.colcon_core.package_identification:_identify(src/build) ignored
[0.384s] Level 1:colcon.colcon_core.package_identification:_identify(src/install) by extensions ['ignore', 'ignore_ament_install']
[0.384s] Level 1:colcon.colcon_core.package_identification:_identify(src/install) by extension 'ignore'
[0.384s] Level 1:colcon.colcon_core.package_identification:_identify(src/install) ignored
[0.384s] Level 1:colcon.colcon_core.package_identification:_identify(src/log) by extensions ['ignore', 'ignore_ament_install']
[0.384s] Level 1:colcon.colcon_core.package_identification:_identify(src/log) by extension 'ignore'
[0.384s] Level 1:colcon.colcon_core.package_identification:_identify(src/log) ignored
[0.384s] Level 1:colcon.colcon_core.package_identification:_identify(src/p_action_example) by extensions ['ignore', 'ignore_ament_install']
[0.384s] Level 1:colcon.colcon_core.package_identification:_identify(src/p_action_example) by extension 'ignore'
[0.384s] Level 1:colcon.colcon_core.package_identification:_identify(src/p_action_example) by extension 'ignore_ament_install'
[0.385s] Level 1:colcon.colcon_core.package_identification:_identify(src/p_action_example) by extensions ['colcon_pkg']
[0.385s] Level 1:colcon.colcon_core.package_identification:_identify(src/p_action_example) by extension 'colcon_pkg'
[0.385s] Level 1:colcon.colcon_core.package_identification:_identify(src/p_action_example) by extensions ['colcon_meta']
[0.385s] Level 1:colcon.colcon_core.package_identification:_identify(src/p_action_example) by extension 'colcon_meta'
[0.385s] Level 1:colcon.colcon_core.package_identification:_identify(src/p_action_example) by extensions ['ros']
[0.385s] Level 1:colcon.colcon_core.package_identification:_identify(src/p_action_example) by extension 'ros'
[0.386s] DEBUG:colcon.colcon_core.package_identification:Package 'src/p_action_example' with type 'ros.ament_python' and name 'p_action_example'
[0.386s] Level 1:colcon.colcon_core.package_identification:_identify(src/p_action_interfaces) by extensions ['ignore', 'ignore_ament_install']
[0.386s] Level 1:colcon.colcon_core.package_identification:_identify(src/p_action_interfaces) by extension 'ignore'
[0.387s] Level 1:colcon.colcon_core.package_identification:_identify(src/p_action_interfaces) by extension 'ignore_ament_install'
[0.387s] Level 1:colcon.colcon_core.package_identification:_identify(src/p_action_interfaces) by extensions ['colcon_pkg']
[0.387s] Level 1:colcon.colcon_core.package_identification:_identify(src/p_action_interfaces) by extension 'colcon_pkg'
[0.387s] Level 1:colcon.colcon_core.package_identification:_identify(src/p_action_interfaces) by extensions ['colcon_meta']
[0.387s] Level 1:colcon.colcon_core.package_identification:_identify(src/p_action_interfaces) by extension 'colcon_meta'
[0.387s] Level 1:colcon.colcon_core.package_identification:_identify(src/p_action_interfaces) by extensions ['ros']
[0.387s] Level 1:colcon.colcon_core.package_identification:_identify(src/p_action_interfaces) by extension 'ros'
[0.388s] DEBUG:colcon.colcon_core.package_identification:Package 'src/p_action_interfaces' with type 'ros.ament_cmake' and name 'p_action_interfaces'
[0.388s] Level 1:colcon.colcon_core.package_identification:_identify(src/p_controller) by extensions ['ignore', 'ignore_ament_install']
[0.388s] Level 1:colcon.colcon_core.package_identification:_identify(src/p_controller) by extension 'ignore'
[0.388s] Level 1:colcon.colcon_core.package_identification:_identify(src/p_controller) by extension 'ignore_ament_install'
[0.388s] Level 1:colcon.colcon_core.package_identification:_identify(src/p_controller) by extensions ['colcon_pkg']
[0.388s] Level 1:colcon.colcon_core.package_identification:_identify(src/p_controller) by extension 'colcon_pkg'
[0.388s] Level 1:colcon.colcon_core.package_identification:_identify(src/p_controller) by extensions ['colcon_meta']
[0.388s] Level 1:colcon.colcon_core.package_identification:_identify(src/p_controller) by extension 'colcon_meta'
[0.388s] Level 1:colcon.colcon_core.package_identification:_identify(src/p_controller) by extensions ['ros']
[0.388s] Level 1:colcon.colcon_core.package_identification:_identify(src/p_controller) by extension 'ros'
[0.389s] DEBUG:colcon.colcon_core.package_identification:Package 'src/p_controller' with type 'ros.ament_python' and name 'p_controller'
[0.389s] Level 1:colcon.colcon_core.package_identification:_identify(src/p_interfaces) by extensions ['ignore', 'ignore_ament_install']
[0.389s] Level 1:colcon.colcon_core.package_identification:_identify(src/p_interfaces) by extension 'ignore'
[0.390s] Level 1:colcon.colcon_core.package_identification:_identify(src/p_interfaces) by extension 'ignore_ament_install'
[0.390s] Level 1:colcon.colcon_core.package_identification:_identify(src/p_interfaces) by extensions ['colcon_pkg']
[0.390s] Level 1:colcon.colcon_core.package_identification:_identify(src/p_interfaces) by extension 'colcon_pkg'
[0.390s] Level 1:colcon.colcon_core.package_identification:_identify(src/p_interfaces) by extensions ['colcon_meta']
[0.390s] Level 1:colcon.colcon_core.package_identification:_identify(src/p_interfaces) by extension 'colcon_meta'
[0.390s] Level 1:colcon.colcon_core.package_identification:_identify(src/p_interfaces) by extensions ['ros']
[0.390s] Level 1:colcon.colcon_core.package_identification:_identify(src/p_interfaces) by extension 'ros'
[0.391s] DEBUG:colcon.colcon_core.package_identification:Package 'src/p_interfaces' with type 'ros.ament_cmake' and name 'p_interfaces'
[0.391s] Level 1:colcon.colcon_core.package_identification:_identify(src/ping_sonar_ros-master) by extensions ['ignore', 'ignore_ament_install']
[0.391s] Level 1:colcon.colcon_core.package_identification:_identify(src/ping_sonar_ros-master) by extension 'ignore'
[0.391s] Level 1:colcon.colcon_core.package_identification:_identify(src/ping_sonar_ros-master) by extension 'ignore_ament_install'
[0.391s] Level 1:colcon.colcon_core.package_identification:_identify(src/ping_sonar_ros-master) by extensions ['colcon_pkg']
[0.391s] Level 1:colcon.colcon_core.package_identification:_identify(src/ping_sonar_ros-master) by extension 'colcon_pkg'
[0.391s] Level 1:colcon.colcon_core.package_identification:_identify(src/ping_sonar_ros-master) by extensions ['colcon_meta']
[0.391s] Level 1:colcon.colcon_core.package_identification:_identify(src/ping_sonar_ros-master) by extension 'colcon_meta'
[0.391s] Level 1:colcon.colcon_core.package_identification:_identify(src/ping_sonar_ros-master) by extensions ['ros']
[0.391s] Level 1:colcon.colcon_core.package_identification:_identify(src/ping_sonar_ros-master) by extension 'ros'
[0.392s] DEBUG:colcon.colcon_core.package_identification:Package 'src/ping_sonar_ros-master' with type 'ros.ament_python' and name 'ping_sonar_ros'
[0.392s] Level 1:colcon.colcon_core.package_identification:_identify(src/ttbot_square) by extensions ['ignore', 'ignore_ament_install']
[0.392s] Level 1:colcon.colcon_core.package_identification:_identify(src/ttbot_square) by extension 'ignore'
[0.392s] Level 1:colcon.colcon_core.package_identification:_identify(src/ttbot_square) by extension 'ignore_ament_install'
[0.392s] Level 1:colcon.colcon_core.package_identification:_identify(src/ttbot_square) by extensions ['colcon_pkg']
[0.392s] Level 1:colcon.colcon_core.package_identification:_identify(src/ttbot_square) by extension 'colcon_pkg'
[0.392s] Level 1:colcon.colcon_core.package_identification:_identify(src/ttbot_square) by extensions ['colcon_meta']
[0.392s] Level 1:colcon.colcon_core.package_identification:_identify(src/ttbot_square) by extension 'colcon_meta'
[0.392s] Level 1:colcon.colcon_core.package_identification:_identify(src/ttbot_square) by extensions ['ros']
[0.392s] Level 1:colcon.colcon_core.package_identification:_identify(src/ttbot_square) by extension 'ros'
[0.393s] DEBUG:colcon.colcon_core.package_identification:Package 'src/ttbot_square' with type 'ros.ament_python' and name 'ttbot_square'
[0.393s] Level 1:colcon.colcon_core.package_discovery:discover_packages(recursive) using defaults
[0.393s] Level 1:colcon.colcon_core.package_discovery:discover_packages(ignore) discover
[0.393s] Level 1:colcon.colcon_core.package_discovery:discover_packages(ignore) using defaults
[0.393s] Level 1:colcon.colcon_core.package_discovery:discover_packages(path) discover
[0.393s] Level 1:colcon.colcon_core.package_discovery:discover_packages(path) using defaults
[0.433s] Level 1:colcon.colcon_core.package_discovery:discover_packages(prefix_path) check parameters
[0.433s] Level 1:colcon.colcon_core.package_discovery:discover_packages(prefix_path) discover
[0.436s] DEBUG:colcon.colcon_installed_package_information.package_discovery:Found 8 installed packages in /home/hans/ros2/task1/install
[0.437s] DEBUG:colcon.colcon_installed_package_information.package_discovery:Found 7 installed packages in /home/hans/ros2/task1/src/install
[0.440s] DEBUG:colcon.colcon_installed_package_information.package_discovery:Found 278 installed packages in /opt/ros/humble
[0.442s] Level 1:colcon.colcon_core.package_discovery:discover_packages(prefix_path) using defaults
[0.491s] Level 5:colcon.colcon_core.verb:set package 'autonomous_rov' build argument 'cmake_args' from command line to 'None'
[0.491s] Level 5:colcon.colcon_core.verb:set package 'autonomous_rov' build argument 'cmake_target' from command line to 'None'
[0.491s] Level 5:colcon.colcon_core.verb:set package 'autonomous_rov' build argument 'cmake_target_skip_unavailable' from command line to 'False'
[0.491s] Level 5:colcon.colcon_core.verb:set package 'autonomous_rov' build argument 'cmake_clean_cache' from command line to 'False'
[0.491s] Level 5:colcon.colcon_core.verb:set package 'autonomous_rov' build argument 'cmake_clean_first' from command line to 'False'
[0.491s] Level 5:colcon.colcon_core.verb:set package 'autonomous_rov' build argument 'cmake_force_configure' from command line to 'False'
[0.491s] Level 5:colcon.colcon_core.verb:set package 'autonomous_rov' build argument 'ament_cmake_args' from command line to 'None'
[0.491s] Level 5:colcon.colcon_core.verb:set package 'autonomous_rov' build argument 'catkin_cmake_args' from command line to 'None'
[0.491s] Level 5:colcon.colcon_core.verb:set package 'autonomous_rov' build argument 'catkin_skip_building_tests' from command line to 'False'
[0.491s] DEBUG:colcon.colcon_core.verb:Building package 'autonomous_rov' with the following arguments: {'ament_cmake_args': None, 'build_base': '/home/hans/ros2/task1/build/autonomous_rov', 'catkin_cmake_args': None, 'catkin_skip_building_tests': False, 'cmake_args': None, 'cmake_clean_cache': False, 'cmake_clean_first': False, 'cmake_force_configure': False, 'cmake_target': None, 'cmake_target_skip_unavailable': False, 'install_base': '/home/hans/ros2/task1/install/autonomous_rov', 'merge_install': False, 'path': '/home/hans/ros2/task1/src/autonomous_rov', 'symlink_install': False, 'test_result_base': None}
[0.492s] Level 5:colcon.colcon_core.verb:set package 'p_action_interfaces' build argument 'cmake_args' from command line to 'None'
[0.492s] Level 5:colcon.colcon_core.verb:set package 'p_action_interfaces' build argument 'cmake_target' from command line to 'None'
[0.492s] Level 5:colcon.colcon_core.verb:set package 'p_action_interfaces' build argument 'cmake_target_skip_unavailable' from command line to 'False'
[0.492s] Level 5:colcon.colcon_core.verb:set package 'p_action_interfaces' build argument 'cmake_clean_cache' from command line to 'False'
[0.492s] Level 5:colcon.colcon_core.verb:set package 'p_action_interfaces' build argument 'cmake_clean_first' from command line to 'False'
[0.492s] Level 5:colcon.colcon_core.verb:set package 'p_action_interfaces' build argument 'cmake_force_configure' from command line to 'False'
[0.492s] Level 5:colcon.colcon_core.verb:set package 'p_action_interfaces' build argument 'ament_cmake_args' from command line to 'None'
[0.492s] Level 5:colcon.colcon_core.verb:set package 'p_action_interfaces' build argument 'catkin_cmake_args' from command line to 'None'
[0.492s] Level 5:colcon.colcon_core.verb:set package 'p_action_interfaces' build argument 'catkin_skip_building_tests' from command line to 'False'
[0.492s] DEBUG:colcon.colcon_core.verb:Building package 'p_action_interfaces' with the following arguments: {'ament_cmake_args': None, 'build_base': '/home/hans/ros2/task1/build/p_action_interfaces', 'catkin_cmake_args': None, 'catkin_skip_building_tests': False, 'cmake_args': None, 'cmake_clean_cache': False, 'cmake_clean_first': False, 'cmake_force_configure': False, 'cmake_target': None, 'cmake_target_skip_unavailable': False, 'install_base': '/home/hans/ros2/task1/install/p_action_interfaces', 'merge_install': False, 'path': '/home/hans/ros2/task1/src/p_action_interfaces', 'symlink_install': False, 'test_result_base': None}
[0.492s] Level 5:colcon.colcon_core.verb:set package 'p_interfaces' build argument 'cmake_args' from command line to 'None'
[0.492s] Level 5:colcon.colcon_core.verb:set package 'p_interfaces' build argument 'cmake_target' from command line to 'None'
[0.492s] Level 5:colcon.colcon_core.verb:set package 'p_interfaces' build argument 'cmake_target_skip_unavailable' from command line to 'False'
[0.492s] Level 5:colcon.colcon_core.verb:set package 'p_interfaces' build argument 'cmake_clean_cache' from command line to 'False'
[0.492s] Level 5:colcon.colcon_core.verb:set package 'p_interfaces' build argument 'cmake_clean_first' from command line to 'False'
[0.493s] Level 5:colcon.colcon_core.verb:set package 'p_interfaces' build argument 'cmake_force_configure' from command line to 'False'
[0.493s] Level 5:colcon.colcon_core.verb:set package 'p_interfaces' build argument 'ament_cmake_args' from command line to 'None'
[0.493s] Level 5:colcon.colcon_core.verb:set package 'p_interfaces' build argument 'catkin_cmake_args' from command line to 'None'
[0.493s] Level 5:colcon.colcon_core.verb:set package 'p_interfaces' build argument 'catkin_skip_building_tests' from command line to 'False'
[0.493s] DEBUG:colcon.colcon_core.verb:Building package 'p_interfaces' with the following arguments: {'ament_cmake_args': None, 'build_base': '/home/hans/ros2/task1/build/p_interfaces', 'catkin_cmake_args': None, 'catkin_skip_building_tests': False, 'cmake_args': None, 'cmake_clean_cache': False, 'cmake_clean_first': False, 'cmake_force_configure': False, 'cmake_target': None, 'cmake_target_skip_unavailable': False, 'install_base': '/home/hans/ros2/task1/install/p_interfaces', 'merge_install': False, 'path': '/home/hans/ros2/task1/src/p_interfaces', 'symlink_install': False, 'test_result_base': None}
[0.493s] Level 5:colcon.colcon_core.verb:set package 'ping_sonar_ros' build argument 'cmake_args' from command line to 'None'
[0.493s] Level 5:colcon.colcon_core.verb:set package 'ping_sonar_ros' build argument 'cmake_target' from command line to 'None'
[0.493s] Level 5:colcon.colcon_core.verb:set package 'ping_sonar_ros' build argument 'cmake_target_skip_unavailable' from command line to 'False'
[0.493s] Level 5:colcon.colcon_core.verb:set package 'ping_sonar_ros' build argument 'cmake_clean_cache' from command line to 'False'
[0.493s] Level 5:colcon.colcon_core.verb:set package 'ping_sonar_ros' build argument 'cmake_clean_first' from command line to 'False'
[0.493s] Level 5:colcon.colcon_core.verb:set package 'ping_sonar_ros' build argument 'cmake_force_configure' from command line to 'False'
[0.493s] Level 5:colcon.colcon_core.verb:set package 'ping_sonar_ros' build argument 'ament_cmake_args' from command line to 'None'
[0.493s] Level 5:colcon.colcon_core.verb:set package 'ping_sonar_ros' build argument 'catkin_cmake_args' from command line to 'None'
[0.493s] Level 5:colcon.colcon_core.verb:set package 'ping_sonar_ros' build argument 'catkin_skip_building_tests' from command line to 'False'
[0.493s] DEBUG:colcon.colcon_core.verb:Building package 'ping_sonar_ros' with the following arguments: {'ament_cmake_args': None, 'build_base': '/home/hans/ros2/task1/build/ping_sonar_ros', 'catkin_cmake_args': None, 'catkin_skip_building_tests': False, 'cmake_args': None, 'cmake_clean_cache': False, 'cmake_clean_first': False, 'cmake_force_configure': False, 'cmake_target': None, 'cmake_target_skip_unavailable': False, 'install_base': '/home/hans/ros2/task1/install/ping_sonar_ros', 'merge_install': False, 'path': '/home/hans/ros2/task1/src/ping_sonar_ros-master', 'symlink_install': False, 'test_result_base': None}
[0.494s] Level 5:colcon.colcon_core.verb:set package 'ttbot_square' build argument 'cmake_args' from command line to 'None'
[0.494s] Level 5:colcon.colcon_core.verb:set package 'ttbot_square' build argument 'cmake_target' from command line to 'None'
[0.494s] Level 5:colcon.colcon_core.verb:set package 'ttbot_square' build argument 'cmake_target_skip_unavailable' from command line to 'False'
[0.494s] Level 5:colcon.colcon_core.verb:set package 'ttbot_square' build argument 'cmake_clean_cache' from command line to 'False'
[0.494s] Level 5:colcon.colcon_core.verb:set package 'ttbot_square' build argument 'cmake_clean_first' from command line to 'False'
[0.494s] Level 5:colcon.colcon_core.verb:set package 'ttbot_square' build argument 'cmake_force_configure' from command line to 'False'
[0.494s] Level 5:colcon.colcon_core.verb:set package 'ttbot_square' build argument 'ament_cmake_args' from command line to 'None'
[0.494s] Level 5:colcon.colcon_core.verb:set package 'ttbot_square' build argument 'catkin_cmake_args' from command line to 'None'
[0.494s] Level 5:colcon.colcon_core.verb:set package 'ttbot_square' build argument 'catkin_skip_building_tests' from command line to 'False'
[0.494s] DEBUG:colcon.colcon_core.verb:Building package 'ttbot_square' with the following arguments: {'ament_cmake_args': None, 'build_base': '/home/hans/ros2/task1/build/ttbot_square', 'catkin_cmake_args': None, 'catkin_skip_building_tests': False, 'cmake_args': None, 'cmake_clean_cache': False, 'cmake_clean_first': False, 'cmake_force_configure': False, 'cmake_target': None, 'cmake_target_skip_unavailable': False, 'install_base': '/home/hans/ros2/task1/install/ttbot_square', 'merge_install': False, 'path': '/home/hans/ros2/task1/src/ttbot_square', 'symlink_install': False, 'test_result_base': None}
[0.494s] Level 5:colcon.colcon_core.verb:set package 'p_action_example' build argument 'cmake_args' from command line to 'None'
[0.495s] Level 5:colcon.colcon_core.verb:set package 'p_action_example' build argument 'cmake_target' from command line to 'None'
[0.495s] Level 5:colcon.colcon_core.verb:set package 'p_action_example' build argument 'cmake_target_skip_unavailable' from command line to 'False'
[0.495s] Level 5:colcon.colcon_core.verb:set package 'p_action_example' build argument 'cmake_clean_cache' from command line to 'False'
[0.495s] Level 5:colcon.colcon_core.verb:set package 'p_action_example' build argument 'cmake_clean_first' from command line to 'False'
[0.495s] Level 5:colcon.colcon_core.verb:set package 'p_action_example' build argument 'cmake_force_configure' from command line to 'False'
[0.495s] Level 5:colcon.colcon_core.verb:set package 'p_action_example' build argument 'ament_cmake_args' from command line to 'None'
[0.495s] Level 5:colcon.colcon_core.verb:set package 'p_action_example' build argument 'catkin_cmake_args' from command line to 'None'
[0.495s] Level 5:colcon.colcon_core.verb:set package 'p_action_example' build argument 'catkin_skip_building_tests' from command line to 'False'
[0.495s] DEBUG:colcon.colcon_core.verb:Building package 'p_action_example' with the following arguments: {'ament_cmake_args': None, 'build_base': '/home/hans/ros2/task1/build/p_action_example', 'catkin_cmake_args': None, 'catkin_skip_building_tests': False, 'cmake_args': None, 'cmake_clean_cache': False, 'cmake_clean_first': False, 'cmake_force_configure': False, 'cmake_target': None, 'cmake_target_skip_unavailable': False, 'install_base': '/home/hans/ros2/task1/install/p_action_example', 'merge_install': False, 'path': '/home/hans/ros2/task1/src/p_action_example', 'symlink_install': False, 'test_result_base': None}
[0.495s] Level 5:colcon.colcon_core.verb:set package 'p_controller' build argument 'cmake_args' from command line to 'None'
[0.495s] Level 5:colcon.colcon_core.verb:set package 'p_controller' build argument 'cmake_target' from command line to 'None'
[0.495s] Level 5:colcon.colcon_core.verb:set package 'p_controller' build argument 'cmake_target_skip_unavailable' from command line to 'False'
[0.495s] Level 5:colcon.colcon_core.verb:set package 'p_controller' build argument 'cmake_clean_cache' from command line to 'False'
[0.495s] Level 5:colcon.colcon_core.verb:set package 'p_controller' build argument 'cmake_clean_first' from command line to 'False'
[0.495s] Level 5:colcon.colcon_core.verb:set package 'p_controller' build argument 'cmake_force_configure' from command line to 'False'
[0.495s] Level 5:colcon.colcon_core.verb:set package 'p_controller' build argument 'ament_cmake_args' from command line to 'None'
[0.495s] Level 5:colcon.colcon_core.verb:set package 'p_controller' build argument 'catkin_cmake_args' from command line to 'None'
[0.495s] Level 5:colcon.colcon_core.verb:set package 'p_controller' build argument 'catkin_skip_building_tests' from command line to 'False'
[0.495s] DEBUG:colcon.colcon_core.verb:Building package 'p_controller' with the following arguments: {'ament_cmake_args': None, 'build_base': '/home/hans/ros2/task1/build/p_controller', 'catkin_cmake_args': None, 'catkin_skip_building_tests': False, 'cmake_args': None, 'cmake_clean_cache': False, 'cmake_clean_first': False, 'cmake_force_configure': False, 'cmake_target': None, 'cmake_target_skip_unavailable': False, 'install_base': '/home/hans/ros2/task1/install/p_controller', 'merge_install': False, 'path': '/home/hans/ros2/task1/src/p_controller', 'symlink_install': False, 'test_result_base': None}
[0.496s] INFO:colcon.colcon_core.executor:Executing jobs using 'parallel' executor
[0.497s] DEBUG:colcon.colcon_parallel_executor.executor.parallel:run_until_complete
[0.497s] INFO:colcon.colcon_ros.task.ament_cmake.build:Building ROS package in '/home/hans/ros2/task1/src/p_action_interfaces' with build type 'ament_cmake'
[0.497s] INFO:colcon.colcon_cmake.task.cmake.build:Building CMake package in '/home/hans/ros2/task1/src/p_action_interfaces'
[0.501s] INFO:colcon.colcon_core.plugin_system:Skipping extension 'colcon_core.shell.bat': Not used on non-Windows systems
[0.501s] INFO:colcon.colcon_core.shell:Skip shell extension 'powershell' for command environment: Not usable outside of PowerShell
[0.501s] DEBUG:colcon.colcon_core.shell:Skip shell extension 'dsv' for command environment
[0.506s] INFO:colcon.colcon_ros.task.ament_cmake.build:Building ROS package in '/home/hans/ros2/task1/src/p_interfaces' with build type 'ament_cmake'
[0.506s] INFO:colcon.colcon_cmake.task.cmake.build:Building CMake package in '/home/hans/ros2/task1/src/p_interfaces'
[0.507s] INFO:colcon.colcon_core.shell:Skip shell extension 'powershell' for command environment: Not usable outside of PowerShell
[0.507s] DEBUG:colcon.colcon_core.shell:Skip shell extension 'dsv' for command environment
[0.512s] INFO:colcon.colcon_ros.task.ament_python.build:Building ROS package in '/home/hans/ros2/task1/src/autonomous_rov' with build type 'ament_python'
[0.512s] Level 1:colcon.colcon_core.shell:create_environment_hook('autonomous_rov', 'ament_prefix_path')
[0.513s] INFO:colcon.colcon_core.shell:Creating environment hook '/home/hans/ros2/task1/install/autonomous_rov/share/autonomous_rov/hook/ament_prefix_path.ps1'
[0.514s] INFO:colcon.colcon_core.shell:Creating environment descriptor '/home/hans/ros2/task1/install/autonomous_rov/share/autonomous_rov/hook/ament_prefix_path.dsv'
[0.514s] INFO:colcon.colcon_core.shell:Creating environment hook '/home/hans/ros2/task1/install/autonomous_rov/share/autonomous_rov/hook/ament_prefix_path.sh'
[0.515s] INFO:colcon.colcon_core.shell:Skip shell extension 'powershell' for command environment: Not usable outside of PowerShell
[0.515s] DEBUG:colcon.colcon_core.shell:Skip shell extension 'dsv' for command environment
[0.521s] INFO:colcon.colcon_ros.task.ament_python.build:Building ROS package in '/home/hans/ros2/task1/src/ping_sonar_ros-master' with build type 'ament_python'
[0.521s] Level 1:colcon.colcon_core.shell:create_environment_hook('ping_sonar_ros', 'ament_prefix_path')
[0.521s] INFO:colcon.colcon_core.shell:Creating environment hook '/home/hans/ros2/task1/install/ping_sonar_ros/share/ping_sonar_ros/hook/ament_prefix_path.ps1'
[0.522s] INFO:colcon.colcon_core.shell:Creating environment descriptor '/home/hans/ros2/task1/install/ping_sonar_ros/share/ping_sonar_ros/hook/ament_prefix_path.dsv'
[0.523s] INFO:colcon.colcon_core.shell:Creating environment hook '/home/hans/ros2/task1/install/ping_sonar_ros/share/ping_sonar_ros/hook/ament_prefix_path.sh'
[0.524s] INFO:colcon.colcon_core.shell:Skip shell extension 'powershell' for command environment: Not usable outside of PowerShell
[0.524s] DEBUG:colcon.colcon_core.shell:Skip shell extension 'dsv' for command environment
[0.530s] INFO:colcon.colcon_ros.task.ament_python.build:Building ROS package in '/home/hans/ros2/task1/src/ttbot_square' with build type 'ament_python'
[0.530s] Level 1:colcon.colcon_core.shell:create_environment_hook('ttbot_square', 'ament_prefix_path')
[0.530s] INFO:colcon.colcon_core.shell:Creating environment hook '/home/hans/ros2/task1/install/ttbot_square/share/ttbot_square/hook/ament_prefix_path.ps1'
[0.532s] INFO:colcon.colcon_core.shell:Creating environment descriptor '/home/hans/ros2/task1/install/ttbot_square/share/ttbot_square/hook/ament_prefix_path.dsv'
[0.532s] INFO:colcon.colcon_core.shell:Creating environment hook '/home/hans/ros2/task1/install/ttbot_square/share/ttbot_square/hook/ament_prefix_path.sh'
[0.534s] INFO:colcon.colcon_core.shell:Skip shell extension 'powershell' for command environment: Not usable outside of PowerShell
[0.534s] DEBUG:colcon.colcon_core.shell:Skip shell extension 'dsv' for command environment
[0.546s] DEBUG:colcon.colcon_core.event_handler.log_command:Invoking command in '/home/hans/ros2/task1/build/p_action_interfaces': CMAKE_PREFIX_PATH=${CMAKE_PREFIX_PATH}:/home/hans/ros2/task1/src/install/ttbot_square:/home/hans/ros2/task1/src/install/ping_sonar_ros:/home/hans/ros2/task1/src/install/p_controller:/home/hans/ros2/task1/src/install/p_action_example:/home/hans/ros2/task1/src/install/autonomous_rov:/home/hans/ros2/task1/install/p_action_example:/home/hans/ros2/task1/install/ttbot_square:/home/hans/ros2/task1/install/ping_sonar_ros:/home/hans/ros2/task1/install/p_controller:/home/hans/ros2/task1/install/autonomous_rov:/opt/ros/humble /usr/bin/cmake --build /home/hans/ros2/task1/build/p_action_interfaces -- -j8 -l8
[0.553s] DEBUG:colcon.colcon_core.event_handler.log_command:Invoking command in '/home/hans/ros2/task1/build/p_interfaces': CMAKE_PREFIX_PATH=${CMAKE_PREFIX_PATH}:/home/hans/ros2/task1/src/install/ttbot_square:/home/hans/ros2/task1/src/install/ping_sonar_ros:/home/hans/ros2/task1/src/install/p_controller:/home/hans/ros2/task1/src/install/p_action_example:/home/hans/ros2/task1/src/install/autonomous_rov:/home/hans/ros2/task1/install/p_action_example:/home/hans/ros2/task1/install/ttbot_square:/home/hans/ros2/task1/install/ping_sonar_ros:/home/hans/ros2/task1/install/p_controller:/home/hans/ros2/task1/install/autonomous_rov:/opt/ros/humble /usr/bin/cmake --build /home/hans/ros2/task1/build/p_interfaces -- -j8 -l8
[1.019s] INFO:colcon.colcon_core.task.python.build:Building Python package in '/home/hans/ros2/task1/src/autonomous_rov'
[1.019s] INFO:colcon.colcon_core.shell:Skip shell extension 'powershell' for command environment: Not usable outside of PowerShell
[1.019s] DEBUG:colcon.colcon_core.shell:Skip shell extension 'dsv' for command environment
[1.532s] INFO:colcon.colcon_core.task.python.build:Building Python package in '/home/hans/ros2/task1/src/ping_sonar_ros-master'
[1.532s] INFO:colcon.colcon_core.shell:Skip shell extension 'powershell' for command environment: Not usable outside of PowerShell
[1.532s] DEBUG:colcon.colcon_core.shell:Skip shell extension 'dsv' for command environment
[1.555s] DEBUG:colcon.colcon_core.event_handler.log_command:Invoked command in '/home/hans/ros2/task1/build/p_action_interfaces' returned '0': CMAKE_PREFIX_PATH=${CMAKE_PREFIX_PATH}:/home/hans/ros2/task1/src/install/ttbot_square:/home/hans/ros2/task1/src/install/ping_sonar_ros:/home/hans/ros2/task1/src/install/p_controller:/home/hans/ros2/task1/src/install/p_action_example:/home/hans/ros2/task1/src/install/autonomous_rov:/home/hans/ros2/task1/install/p_action_example:/home/hans/ros2/task1/install/ttbot_square:/home/hans/ros2/task1/install/ping_sonar_ros:/home/hans/ros2/task1/install/p_controller:/home/hans/ros2/task1/install/autonomous_rov:/opt/ros/humble /usr/bin/cmake --build /home/hans/ros2/task1/build/p_action_interfaces -- -j8 -l8
[1.564s] DEBUG:colcon.colcon_core.event_handler.log_command:Invoking command in '/home/hans/ros2/task1/build/p_action_interfaces': CMAKE_PREFIX_PATH=${CMAKE_PREFIX_PATH}:/home/hans/ros2/task1/src/install/ttbot_square:/home/hans/ros2/task1/src/install/ping_sonar_ros:/home/hans/ros2/task1/src/install/p_controller:/home/hans/ros2/task1/src/install/p_action_example:/home/hans/ros2/task1/src/install/autonomous_rov:/home/hans/ros2/task1/install/p_action_example:/home/hans/ros2/task1/install/ttbot_square:/home/hans/ros2/task1/install/ping_sonar_ros:/home/hans/ros2/task1/install/p_controller:/home/hans/ros2/task1/install/autonomous_rov:/opt/ros/humble /usr/bin/cmake --install /home/hans/ros2/task1/build/p_action_interfaces
[2.057s] INFO:colcon.colcon_core.task.python.build:Building Python package in '/home/hans/ros2/task1/src/ttbot_square'
[2.057s] INFO:colcon.colcon_core.shell:Skip shell extension 'powershell' for command environment: Not usable outside of PowerShell
[2.057s] DEBUG:colcon.colcon_core.shell:Skip shell extension 'dsv' for command environment
[2.066s] DEBUG:colcon.colcon_core.event_handler.log_command:Invoked command in '/home/hans/ros2/task1/build/p_interfaces' returned '0': CMAKE_PREFIX_PATH=${CMAKE_PREFIX_PATH}:/home/hans/ros2/task1/src/install/ttbot_square:/home/hans/ros2/task1/src/install/ping_sonar_ros:/home/hans/ros2/task1/src/install/p_controller:/home/hans/ros2/task1/src/install/p_action_example:/home/hans/ros2/task1/src/install/autonomous_rov:/home/hans/ros2/task1/install/p_action_example:/home/hans/ros2/task1/install/ttbot_square:/home/hans/ros2/task1/install/ping_sonar_ros:/home/hans/ros2/task1/install/p_controller:/home/hans/ros2/task1/install/autonomous_rov:/opt/ros/humble /usr/bin/cmake --build /home/hans/ros2/task1/build/p_interfaces -- -j8 -l8
[2.071s] DEBUG:colcon.colcon_core.event_handler.log_command:Invoking command in '/home/hans/ros2/task1/build/p_interfaces': CMAKE_PREFIX_PATH=${CMAKE_PREFIX_PATH}:/home/hans/ros2/task1/src/install/ttbot_square:/home/hans/ros2/task1/src/install/ping_sonar_ros:/home/hans/ros2/task1/src/install/p_controller:/home/hans/ros2/task1/src/install/p_action_example:/home/hans/ros2/task1/src/install/autonomous_rov:/home/hans/ros2/task1/install/p_action_example:/home/hans/ros2/task1/install/ttbot_square:/home/hans/ros2/task1/install/ping_sonar_ros:/home/hans/ros2/task1/install/p_controller:/home/hans/ros2/task1/install/autonomous_rov:/opt/ros/humble /usr/bin/cmake --install /home/hans/ros2/task1/build/p_interfaces
[2.093s] Level 1:colcon.colcon_core.environment:create_environment_scripts_only(p_action_interfaces)
[2.107s] Level 1:colcon.colcon_core.environment:checking '/home/hans/ros2/task1/install/p_action_interfaces' for CMake module files
[2.111s] Level 1:colcon.colcon_core.environment:checking '/home/hans/ros2/task1/install/p_action_interfaces' for CMake config files
[2.118s] Level 1:colcon.colcon_core.shell:create_environment_hook('p_action_interfaces', 'cmake_prefix_path')
[2.118s] INFO:colcon.colcon_core.shell:Creating environment hook '/home/hans/ros2/task1/install/p_action_interfaces/share/p_action_interfaces/hook/cmake_prefix_path.ps1'
[2.120s] INFO:colcon.colcon_core.shell:Creating environment descriptor '/home/hans/ros2/task1/install/p_action_interfaces/share/p_action_interfaces/hook/cmake_prefix_path.dsv'
[2.124s] INFO:colcon.colcon_core.shell:Creating environment hook '/home/hans/ros2/task1/install/p_action_interfaces/share/p_action_interfaces/hook/cmake_prefix_path.sh'
[2.127s] Level 1:colcon.colcon_core.environment:checking '/home/hans/ros2/task1/install/p_action_interfaces/lib'
[2.128s] DEBUG:colcon.colcon_core.event_handler.log_command:Invoked command in '/home/hans/ros2/task1/build/p_action_interfaces' returned '0': CMAKE_PREFIX_PATH=${CMAKE_PREFIX_PATH}:/home/hans/ros2/task1/src/install/ttbot_square:/home/hans/ros2/task1/src/install/ping_sonar_ros:/home/hans/ros2/task1/src/install/p_controller:/home/hans/ros2/task1/src/install/p_action_example:/home/hans/ros2/task1/src/install/autonomous_rov:/home/hans/ros2/task1/install/p_action_example:/home/hans/ros2/task1/install/ttbot_square:/home/hans/ros2/task1/install/ping_sonar_ros:/home/hans/ros2/task1/install/p_controller:/home/hans/ros2/task1/install/autonomous_rov:/opt/ros/humble /usr/bin/cmake --install /home/hans/ros2/task1/build/p_action_interfaces
[2.129s] Level 1:colcon.colcon_core.shell:create_environment_hook('p_action_interfaces', 'ld_library_path_lib')
[2.129s] INFO:colcon.colcon_core.shell:Creating environment hook '/home/hans/ros2/task1/install/p_action_interfaces/share/p_action_interfaces/hook/ld_library_path_lib.ps1'
[2.135s] INFO:colcon.colcon_core.shell:Creating environment descriptor '/home/hans/ros2/task1/install/p_action_interfaces/share/p_action_interfaces/hook/ld_library_path_lib.dsv'
[2.136s] INFO:colcon.colcon_core.shell:Creating environment hook '/home/hans/ros2/task1/install/p_action_interfaces/share/p_action_interfaces/hook/ld_library_path_lib.sh'
[2.139s] Level 1:colcon.colcon_core.environment:checking '/home/hans/ros2/task1/install/p_action_interfaces/bin'
[2.140s] Level 1:colcon.colcon_core.environment:checking '/home/hans/ros2/task1/install/p_action_interfaces/lib/pkgconfig/p_action_interfaces.pc'
[2.141s] Level 1:colcon.colcon_core.environment:checking '/home/hans/ros2/task1/install/p_action_interfaces/lib/python3.10/site-packages'
[2.142s] Level 1:colcon.colcon_core.environment:checking '/home/hans/ros2/task1/install/p_action_interfaces/bin'
[2.143s] INFO:colcon.colcon_core.shell:Creating package script '/home/hans/ros2/task1/install/p_action_interfaces/share/p_action_interfaces/package.ps1'
[2.146s] INFO:colcon.colcon_core.shell:Creating package descriptor '/home/hans/ros2/task1/install/p_action_interfaces/share/p_action_interfaces/package.dsv'
[2.149s] INFO:colcon.colcon_core.shell:Creating package script '/home/hans/ros2/task1/install/p_action_interfaces/share/p_action_interfaces/package.sh'
[2.151s] INFO:colcon.colcon_core.shell:Creating package script '/home/hans/ros2/task1/install/p_action_interfaces/share/p_action_interfaces/package.bash'
[2.154s] INFO:colcon.colcon_core.shell:Creating package script '/home/hans/ros2/task1/install/p_action_interfaces/share/p_action_interfaces/package.zsh'
[2.156s] Level 1:colcon.colcon_core.environment:create_file_with_runtime_dependencies(/home/hans/ros2/task1/install/p_action_interfaces/share/colcon-core/packages/p_action_interfaces)
[2.157s] Level 1:colcon.colcon_core.environment:create_environment_scripts_only(p_action_interfaces)
[2.158s] Level 1:colcon.colcon_core.environment:checking '/home/hans/ros2/task1/install/p_action_interfaces' for CMake module files
[2.158s] Level 1:colcon.colcon_core.environment:checking '/home/hans/ros2/task1/install/p_action_interfaces' for CMake config files
[2.159s] Level 1:colcon.colcon_core.shell:create_environment_hook('p_action_interfaces', 'cmake_prefix_path')
[2.159s] INFO:colcon.colcon_core.shell:Creating environment hook '/home/hans/ros2/task1/install/p_action_interfaces/share/p_action_interfaces/hook/cmake_prefix_path.ps1'
[2.160s] INFO:colcon.colcon_core.shell:Creating environment descriptor '/home/hans/ros2/task1/install/p_action_interfaces/share/p_action_interfaces/hook/cmake_prefix_path.dsv'
[2.160s] INFO:colcon.colcon_core.shell:Creating environment hook '/home/hans/ros2/task1/install/p_action_interfaces/share/p_action_interfaces/hook/cmake_prefix_path.sh'
[2.161s] Level 1:colcon.colcon_core.environment:checking '/home/hans/ros2/task1/install/p_action_interfaces/lib'
[2.161s] Level 1:colcon.colcon_core.shell:create_environment_hook('p_action_interfaces', 'ld_library_path_lib')
[2.161s] INFO:colcon.colcon_core.shell:Creating environment hook '/home/hans/ros2/task1/install/p_action_interfaces/share/p_action_interfaces/hook/ld_library_path_lib.ps1'
[2.162s] INFO:colcon.colcon_core.shell:Creating environment descriptor '/home/hans/ros2/task1/install/p_action_interfaces/share/p_action_interfaces/hook/ld_library_path_lib.dsv'
[2.162s] INFO:colcon.colcon_core.shell:Creating environment hook '/home/hans/ros2/task1/install/p_action_interfaces/share/p_action_interfaces/hook/ld_library_path_lib.sh'
[2.162s] Level 1:colcon.colcon_core.environment:checking '/home/hans/ros2/task1/install/p_action_interfaces/bin'
[2.163s] Level 1:colcon.colcon_core.environment:checking '/home/hans/ros2/task1/install/p_action_interfaces/lib/pkgconfig/p_action_interfaces.pc'
[2.163s] Level 1:colcon.colcon_core.environment:checking '/home/hans/ros2/task1/install/p_action_interfaces/lib/python3.10/site-packages'
[2.163s] Level 1:colcon.colcon_core.environment:checking '/home/hans/ros2/task1/install/p_action_interfaces/bin'
[2.164s] INFO:colcon.colcon_core.shell:Creating package script '/home/hans/ros2/task1/install/p_action_interfaces/share/p_action_interfaces/package.ps1'
[2.165s] INFO:colcon.colcon_core.shell:Creating package descriptor '/home/hans/ros2/task1/install/p_action_interfaces/share/p_action_interfaces/package.dsv'
[2.166s] INFO:colcon.colcon_core.shell:Creating package script '/home/hans/ros2/task1/install/p_action_interfaces/share/p_action_interfaces/package.sh'
[2.167s] INFO:colcon.colcon_core.shell:Creating package script '/home/hans/ros2/task1/install/p_action_interfaces/share/p_action_interfaces/package.bash'
[2.168s] INFO:colcon.colcon_core.shell:Creating package script '/home/hans/ros2/task1/install/p_action_interfaces/share/p_action_interfaces/package.zsh'
[2.168s] Level 1:colcon.colcon_core.environment:create_file_with_runtime_dependencies(/home/hans/ros2/task1/install/p_action_interfaces/share/colcon-core/packages/p_action_interfaces)
[2.171s] INFO:colcon.colcon_ros.task.ament_python.build:Building ROS package in '/home/hans/ros2/task1/src/p_action_example' with build type 'ament_python'
[2.172s] Level 1:colcon.colcon_core.shell:create_environment_hook('p_action_example', 'ament_prefix_path')
[2.172s] INFO:colcon.colcon_core.shell:Creating environment hook '/home/hans/ros2/task1/install/p_action_example/share/p_action_example/hook/ament_prefix_path.ps1'
[2.173s] INFO:colcon.colcon_core.shell:Creating environment descriptor '/home/hans/ros2/task1/install/p_action_example/share/p_action_example/hook/ament_prefix_path.dsv'
[2.173s] INFO:colcon.colcon_core.shell:Creating environment hook '/home/hans/ros2/task1/install/p_action_example/share/p_action_example/hook/ament_prefix_path.sh'
[2.174s] INFO:colcon.colcon_core.shell:Skip shell extension 'powershell' for command environment: Not usable outside of PowerShell
[2.174s] DEBUG:colcon.colcon_core.shell:Skip shell extension 'dsv' for command environment
[2.181s] Level 1:colcon.colcon_core.environment:create_environment_scripts_only(p_interfaces)
[2.181s] Level 1:colcon.colcon_core.environment:checking '/home/hans/ros2/task1/install/p_interfaces' for CMake module files
[2.183s] DEBUG:colcon.colcon_core.event_handler.log_command:Invoked command in '/home/hans/ros2/task1/build/p_interfaces' returned '0': CMAKE_PREFIX_PATH=${CMAKE_PREFIX_PATH}:/home/hans/ros2/task1/src/install/ttbot_square:/home/hans/ros2/task1/src/install/ping_sonar_ros:/home/hans/ros2/task1/src/install/p_controller:/home/hans/ros2/task1/src/install/p_action_example:/home/hans/ros2/task1/src/install/autonomous_rov:/home/hans/ros2/task1/install/p_action_example:/home/hans/ros2/task1/install/ttbot_square:/home/hans/ros2/task1/install/ping_sonar_ros:/home/hans/ros2/task1/install/p_controller:/home/hans/ros2/task1/install/autonomous_rov:/opt/ros/humble /usr/bin/cmake --install /home/hans/ros2/task1/build/p_interfaces
[2.185s] Level 1:colcon.colcon_core.environment:checking '/home/hans/ros2/task1/install/p_interfaces' for CMake config files
[2.187s] Level 1:colcon.colcon_core.shell:create_environment_hook('p_interfaces', 'cmake_prefix_path')
[2.187s] INFO:colcon.colcon_core.shell:Creating environment hook '/home/hans/ros2/task1/install/p_interfaces/share/p_interfaces/hook/cmake_prefix_path.ps1'
[2.188s] INFO:colcon.colcon_core.shell:Creating environment descriptor '/home/hans/ros2/task1/install/p_interfaces/share/p_interfaces/hook/cmake_prefix_path.dsv'
[2.189s] INFO:colcon.colcon_core.shell:Creating environment hook '/home/hans/ros2/task1/install/p_interfaces/share/p_interfaces/hook/cmake_prefix_path.sh'
[2.190s] Level 1:colcon.colcon_core.environment:checking '/home/hans/ros2/task1/install/p_interfaces/lib'
[2.190s] Level 1:colcon.colcon_core.shell:create_environment_hook('p_interfaces', 'ld_library_path_lib')
[2.191s] INFO:colcon.colcon_core.shell:Creating environment hook '/home/hans/ros2/task1/install/p_interfaces/share/p_interfaces/hook/ld_library_path_lib.ps1'
[2.191s] INFO:colcon.colcon_core.shell:Creating environment descriptor '/home/hans/ros2/task1/install/p_interfaces/share/p_interfaces/hook/ld_library_path_lib.dsv'
[2.192s] INFO:colcon.colcon_core.shell:Creating environment hook '/home/hans/ros2/task1/install/p_interfaces/share/p_interfaces/hook/ld_library_path_lib.sh'
[2.193s] Level 1:colcon.colcon_core.environment:checking '/home/hans/ros2/task1/install/p_interfaces/bin'
[2.193s] Level 1:colcon.colcon_core.environment:checking '/home/hans/ros2/task1/install/p_interfaces/lib/pkgconfig/p_interfaces.pc'
[2.193s] Level 1:colcon.colcon_core.environment:checking '/home/hans/ros2/task1/install/p_interfaces/lib/python3.10/site-packages'
[2.194s] Level 1:colcon.colcon_core.environment:checking '/home/hans/ros2/task1/install/p_interfaces/bin'
[2.194s] INFO:colcon.colcon_core.shell:Creating package script '/home/hans/ros2/task1/install/p_interfaces/share/p_interfaces/package.ps1'
[2.195s] INFO:colcon.colcon_core.shell:Creating package descriptor '/home/hans/ros2/task1/install/p_interfaces/share/p_interfaces/package.dsv'
[2.196s] INFO:colcon.colcon_core.shell:Creating package script '/home/hans/ros2/task1/install/p_interfaces/share/p_interfaces/package.sh'
[2.197s] INFO:colcon.colcon_core.shell:Creating package script '/home/hans/ros2/task1/install/p_interfaces/share/p_interfaces/package.bash'
[2.198s] INFO:colcon.colcon_core.shell:Creating package script '/home/hans/ros2/task1/install/p_interfaces/share/p_interfaces/package.zsh'
[2.199s] Level 1:colcon.colcon_core.environment:create_file_with_runtime_dependencies(/home/hans/ros2/task1/install/p_interfaces/share/colcon-core/packages/p_interfaces)
[2.201s] Level 1:colcon.colcon_core.environment:create_environment_scripts_only(p_interfaces)
[2.201s] Level 1:colcon.colcon_core.environment:checking '/home/hans/ros2/task1/install/p_interfaces' for CMake module files
[2.203s] Level 1:colcon.colcon_core.environment:checking '/home/hans/ros2/task1/install/p_interfaces' for CMake config files
[2.205s] Level 1:colcon.colcon_core.shell:create_environment_hook('p_interfaces', 'cmake_prefix_path')
[2.205s] INFO:colcon.colcon_core.shell:Creating environment hook '/home/hans/ros2/task1/install/p_interfaces/share/p_interfaces/hook/cmake_prefix_path.ps1'
[2.206s] INFO:colcon.colcon_core.shell:Creating environment descriptor '/home/hans/ros2/task1/install/p_interfaces/share/p_interfaces/hook/cmake_prefix_path.dsv'
[2.206s] INFO:colcon.colcon_core.shell:Creating environment hook '/home/hans/ros2/task1/install/p_interfaces/share/p_interfaces/hook/cmake_prefix_path.sh'
[2.207s] Level 1:colcon.colcon_core.environment:checking '/home/hans/ros2/task1/install/p_interfaces/lib'
[2.208s] Level 1:colcon.colcon_core.shell:create_environment_hook('p_interfaces', 'ld_library_path_lib')
[2.208s] INFO:colcon.colcon_core.shell:Creating environment hook '/home/hans/ros2/task1/install/p_interfaces/share/p_interfaces/hook/ld_library_path_lib.ps1'
[2.209s] INFO:colcon.colcon_core.shell:Creating environment descriptor '/home/hans/ros2/task1/install/p_interfaces/share/p_interfaces/hook/ld_library_path_lib.dsv'
[2.210s] INFO:colcon.colcon_core.shell:Creating environment hook '/home/hans/ros2/task1/install/p_interfaces/share/p_interfaces/hook/ld_library_path_lib.sh'
[2.210s] Level 1:colcon.colcon_core.environment:checking '/home/hans/ros2/task1/install/p_interfaces/bin'
[2.211s] Level 1:colcon.colcon_core.environment:checking '/home/hans/ros2/task1/install/p_interfaces/lib/pkgconfig/p_interfaces.pc'
[2.211s] Level 1:colcon.colcon_core.environment:checking '/home/hans/ros2/task1/install/p_interfaces/lib/python3.10/site-packages'
[2.211s] Level 1:colcon.colcon_core.environment:checking '/home/hans/ros2/task1/install/p_interfaces/bin'
[2.212s] INFO:colcon.colcon_core.shell:Creating package script '/home/hans/ros2/task1/install/p_interfaces/share/p_interfaces/package.ps1'
[2.213s] INFO:colcon.colcon_core.shell:Creating package descriptor '/home/hans/ros2/task1/install/p_interfaces/share/p_interfaces/package.dsv'
[2.214s] INFO:colcon.colcon_core.shell:Creating package script '/home/hans/ros2/task1/install/p_interfaces/share/p_interfaces/package.sh'
[2.215s] INFO:colcon.colcon_core.shell:Creating package script '/home/hans/ros2/task1/install/p_interfaces/share/p_interfaces/package.bash'
[2.216s] INFO:colcon.colcon_core.shell:Creating package script '/home/hans/ros2/task1/install/p_interfaces/share/p_interfaces/package.zsh'
[2.217s] Level 1:colcon.colcon_core.environment:create_file_with_runtime_dependencies(/home/hans/ros2/task1/install/p_interfaces/share/colcon-core/packages/p_interfaces)
[2.219s] INFO:colcon.colcon_ros.task.ament_python.build:Building ROS package in '/home/hans/ros2/task1/src/p_controller' with build type 'ament_python'
[2.219s] Level 1:colcon.colcon_core.shell:create_environment_hook('p_controller', 'ament_prefix_path')
[2.219s] INFO:colcon.colcon_core.shell:Creating environment hook '/home/hans/ros2/task1/install/p_controller/share/p_controller/hook/ament_prefix_path.ps1'
[2.221s] INFO:colcon.colcon_core.shell:Creating environment descriptor '/home/hans/ros2/task1/install/p_controller/share/p_controller/hook/ament_prefix_path.dsv'
[2.221s] INFO:colcon.colcon_core.shell:Creating environment hook '/home/hans/ros2/task1/install/p_controller/share/p_controller/hook/ament_prefix_path.sh'
[2.222s] INFO:colcon.colcon_core.shell:Skip shell extension 'powershell' for command environment: Not usable outside of PowerShell
[2.222s] DEBUG:colcon.colcon_core.shell:Skip shell extension 'dsv' for command environment
[2.795s] INFO:colcon.colcon_core.task.python.build:Building Python package in '/home/hans/ros2/task1/src/p_action_example'
[2.796s] INFO:colcon.colcon_core.shell:Skip shell extension 'powershell' for command environment: Not usable outside of PowerShell
[2.796s] DEBUG:colcon.colcon_core.shell:Skip shell extension 'dsv' for command environment
[3.311s] INFO:colcon.colcon_core.task.python.build:Building Python package in '/home/hans/ros2/task1/src/p_controller'
[3.311s] INFO:colcon.colcon_core.shell:Skip shell extension 'powershell' for command environment: Not usable outside of PowerShell
[3.311s] DEBUG:colcon.colcon_core.shell:Skip shell extension 'dsv' for command environment
[3.324s] DEBUG:colcon.colcon_core.event_handler.log_command:Invoking command in '/home/hans/ros2/task1/src/ttbot_square': PYTHONPATH=/home/hans/ros2/task1/build/ttbot_square/prefix_override:/usr/lib/python3/dist-packages/colcon_core/task/python/colcon_distutils_commands:/home/hans/ros2/task1/install/ttbot_square/lib/python3.10/site-packages:${PYTHONPATH} /usr/bin/python3 -W ignore:setup.py install is deprecated -W ignore:easy_install command is deprecated setup.py egg_info --egg-base ../../build/ttbot_square build --build-base /home/hans/ros2/task1/build/ttbot_square/build install --record /home/hans/ros2/task1/build/ttbot_square/install.log --single-version-externally-managed install_data
[3.336s] DEBUG:colcon.colcon_core.event_handler.log_command:Invoking command in '/home/hans/ros2/task1/src/ping_sonar_ros-master': PYTHONPATH=/home/hans/ros2/task1/build/ping_sonar_ros/prefix_override:/usr/lib/python3/dist-packages/colcon_core/task/python/colcon_distutils_commands:/home/hans/ros2/task1/install/ping_sonar_ros/lib/python3.10/site-packages:${PYTHONPATH} /usr/bin/python3 -W ignore:setup.py install is deprecated -W ignore:easy_install command is deprecated setup.py egg_info --egg-base ../../build/ping_sonar_ros build --build-base /home/hans/ros2/task1/build/ping_sonar_ros/build install --record /home/hans/ros2/task1/build/ping_sonar_ros/install.log --single-version-externally-managed install_data
[3.338s] DEBUG:colcon.colcon_core.event_handler.log_command:Invoking command in '/home/hans/ros2/task1/src/autonomous_rov': PYTHONPATH=/home/hans/ros2/task1/build/autonomous_rov/prefix_override:/usr/lib/python3/dist-packages/colcon_core/task/python/colcon_distutils_commands:/home/hans/ros2/task1/install/autonomous_rov/lib/python3.10/site-packages:${PYTHONPATH} /usr/bin/python3 -W ignore:setup.py install is deprecated -W ignore:easy_install command is deprecated setup.py egg_info --egg-base ../../build/autonomous_rov build --build-base /home/hans/ros2/task1/build/autonomous_rov/build install --record /home/hans/ros2/task1/build/autonomous_rov/install.log --single-version-externally-managed install_data
[3.998s] Level 1:colcon.colcon_core.environment:checking '/home/hans/ros2/task1/install/ping_sonar_ros' for CMake module files
[3.999s] DEBUG:colcon.colcon_core.event_handler.log_command:Invoked command in '/home/hans/ros2/task1/src/ping_sonar_ros-master' returned '0': PYTHONPATH=/home/hans/ros2/task1/build/ping_sonar_ros/prefix_override:/usr/lib/python3/dist-packages/colcon_core/task/python/colcon_distutils_commands:/home/hans/ros2/task1/install/ping_sonar_ros/lib/python3.10/site-packages:${PYTHONPATH} /usr/bin/python3 -W ignore:setup.py install is deprecated -W ignore:easy_install command is deprecated setup.py egg_info --egg-base ../../build/ping_sonar_ros build --build-base /home/hans/ros2/task1/build/ping_sonar_ros/build install --record /home/hans/ros2/task1/build/ping_sonar_ros/install.log --single-version-externally-managed install_data
[3.999s] Level 1:colcon.colcon_core.environment:checking '/home/hans/ros2/task1/install/ping_sonar_ros' for CMake config files
[4.000s] Level 1:colcon.colcon_core.environment:checking '/home/hans/ros2/task1/install/ping_sonar_ros/lib'
[4.000s] Level 1:colcon.colcon_core.environment:checking '/home/hans/ros2/task1/install/ping_sonar_ros/bin'
[4.001s] Level 1:colcon.colcon_core.environment:checking '/home/hans/ros2/task1/install/ping_sonar_ros/lib/pkgconfig/ping_sonar_ros.pc'
[4.001s] Level 1:colcon.colcon_core.environment:checking '/home/hans/ros2/task1/install/ping_sonar_ros/lib/python3.10/site-packages'
[4.001s] Level 1:colcon.colcon_core.shell:create_environment_hook('ping_sonar_ros', 'pythonpath')
[4.002s] INFO:colcon.colcon_core.shell:Creating environment hook '/home/hans/ros2/task1/install/ping_sonar_ros/share/ping_sonar_ros/hook/pythonpath.ps1'
[4.002s] INFO:colcon.colcon_core.shell:Creating environment descriptor '/home/hans/ros2/task1/install/ping_sonar_ros/share/ping_sonar_ros/hook/pythonpath.dsv'
[4.003s] INFO:colcon.colcon_core.shell:Creating environment hook '/home/hans/ros2/task1/install/ping_sonar_ros/share/ping_sonar_ros/hook/pythonpath.sh'
[4.004s] Level 1:colcon.colcon_core.environment:checking '/home/hans/ros2/task1/install/ping_sonar_ros/bin'
[4.004s] Level 1:colcon.colcon_core.environment:create_environment_scripts_only(ping_sonar_ros)
[4.005s] INFO:colcon.colcon_core.shell:Creating package script '/home/hans/ros2/task1/install/ping_sonar_ros/share/ping_sonar_ros/package.ps1'
[4.006s] INFO:colcon.colcon_core.shell:Creating package descriptor '/home/hans/ros2/task1/install/ping_sonar_ros/share/ping_sonar_ros/package.dsv'
[4.006s] INFO:colcon.colcon_core.shell:Creating package script '/home/hans/ros2/task1/install/ping_sonar_ros/share/ping_sonar_ros/package.sh'
[4.007s] INFO:colcon.colcon_core.shell:Creating package script '/home/hans/ros2/task1/install/ping_sonar_ros/share/ping_sonar_ros/package.bash'
[4.008s] INFO:colcon.colcon_core.shell:Creating package script '/home/hans/ros2/task1/install/ping_sonar_ros/share/ping_sonar_ros/package.zsh'
[4.008s] Level 1:colcon.colcon_core.environment:create_file_with_runtime_dependencies(/home/hans/ros2/task1/install/ping_sonar_ros/share/colcon-core/packages/ping_sonar_ros)
[4.073s] Level 1:colcon.colcon_core.environment:checking '/home/hans/ros2/task1/install/ttbot_square' for CMake module files
[4.074s] DEBUG:colcon.colcon_core.event_handler.log_command:Invoked command in '/home/hans/ros2/task1/src/ttbot_square' returned '0': PYTHONPATH=/home/hans/ros2/task1/build/ttbot_square/prefix_override:/usr/lib/python3/dist-packages/colcon_core/task/python/colcon_distutils_commands:/home/hans/ros2/task1/install/ttbot_square/lib/python3.10/site-packages:${PYTHONPATH} /usr/bin/python3 -W ignore:setup.py install is deprecated -W ignore:easy_install command is deprecated setup.py egg_info --egg-base ../../build/ttbot_square build --build-base /home/hans/ros2/task1/build/ttbot_square/build install --record /home/hans/ros2/task1/build/ttbot_square/install.log --single-version-externally-managed install_data
[4.074s] Level 1:colcon.colcon_core.environment:checking '/home/hans/ros2/task1/install/ttbot_square' for CMake config files
[4.075s] Level 1:colcon.colcon_core.environment:checking '/home/hans/ros2/task1/install/ttbot_square/lib'
[4.075s] Level 1:colcon.colcon_core.environment:checking '/home/hans/ros2/task1/install/ttbot_square/bin'
[4.075s] Level 1:colcon.colcon_core.environment:checking '/home/hans/ros2/task1/install/ttbot_square/lib/pkgconfig/ttbot_square.pc'
[4.075s] Level 1:colcon.colcon_core.environment:checking '/home/hans/ros2/task1/install/ttbot_square/lib/python3.10/site-packages'
[4.075s] Level 1:colcon.colcon_core.shell:create_environment_hook('ttbot_square', 'pythonpath')
[4.076s] INFO:colcon.colcon_core.shell:Creating environment hook '/home/hans/ros2/task1/install/ttbot_square/share/ttbot_square/hook/pythonpath.ps1'
[4.076s] INFO:colcon.colcon_core.shell:Creating environment descriptor '/home/hans/ros2/task1/install/ttbot_square/share/ttbot_square/hook/pythonpath.dsv'
[4.077s] INFO:colcon.colcon_core.shell:Creating environment hook '/home/hans/ros2/task1/install/ttbot_square/share/ttbot_square/hook/pythonpath.sh'
[4.078s] Level 1:colcon.colcon_core.environment:checking '/home/hans/ros2/task1/install/ttbot_square/bin'
[4.078s] Level 1:colcon.colcon_core.environment:create_environment_scripts_only(ttbot_square)
[4.078s] INFO:colcon.colcon_core.shell:Creating package script '/home/hans/ros2/task1/install/ttbot_square/share/ttbot_square/package.ps1'
[4.079s] INFO:colcon.colcon_core.shell:Creating package descriptor '/home/hans/ros2/task1/install/ttbot_square/share/ttbot_square/package.dsv'
[4.080s] INFO:colcon.colcon_core.shell:Creating package script '/home/hans/ros2/task1/install/ttbot_square/share/ttbot_square/package.sh'
[4.080s] INFO:colcon.colcon_core.shell:Creating package script '/home/hans/ros2/task1/install/ttbot_square/share/ttbot_square/package.bash'
[4.081s] INFO:colcon.colcon_core.shell:Creating package script '/home/hans/ros2/task1/install/ttbot_square/share/ttbot_square/package.zsh'
[4.082s] Level 1:colcon.colcon_core.environment:create_file_with_runtime_dependencies(/home/hans/ros2/task1/install/ttbot_square/share/colcon-core/packages/ttbot_square)
[4.173s] Level 1:colcon.colcon_core.environment:checking '/home/hans/ros2/task1/install/autonomous_rov' for CMake module files
[4.175s] DEBUG:colcon.colcon_core.event_handler.log_command:Invoked command in '/home/hans/ros2/task1/src/autonomous_rov' returned '0': PYTHONPATH=/home/hans/ros2/task1/build/autonomous_rov/prefix_override:/usr/lib/python3/dist-packages/colcon_core/task/python/colcon_distutils_commands:/home/hans/ros2/task1/install/autonomous_rov/lib/python3.10/site-packages:${PYTHONPATH} /usr/bin/python3 -W ignore:setup.py install is deprecated -W ignore:easy_install command is deprecated setup.py egg_info --egg-base ../../build/autonomous_rov build --build-base /home/hans/ros2/task1/build/autonomous_rov/build install --record /home/hans/ros2/task1/build/autonomous_rov/install.log --single-version-externally-managed install_data
[4.175s] Level 1:colcon.colcon_core.environment:checking '/home/hans/ros2/task1/install/autonomous_rov' for CMake config files
[4.177s] Level 1:colcon.colcon_core.environment:checking '/home/hans/ros2/task1/install/autonomous_rov/lib'
[4.177s] Level 1:colcon.colcon_core.environment:checking '/home/hans/ros2/task1/install/autonomous_rov/bin'
[4.177s] Level 1:colcon.colcon_core.environment:checking '/home/hans/ros2/task1/install/autonomous_rov/lib/pkgconfig/autonomous_rov.pc'
[4.178s] Level 1:colcon.colcon_core.environment:checking '/home/hans/ros2/task1/install/autonomous_rov/lib/python3.10/site-packages'
[4.178s] Level 1:colcon.colcon_core.shell:create_environment_hook('autonomous_rov', 'pythonpath')
[4.178s] INFO:colcon.colcon_core.shell:Creating environment hook '/home/hans/ros2/task1/install/autonomous_rov/share/autonomous_rov/hook/pythonpath.ps1'
[4.179s] INFO:colcon.colcon_core.shell:Creating environment descriptor '/home/hans/ros2/task1/install/autonomous_rov/share/autonomous_rov/hook/pythonpath.dsv'
[4.180s] INFO:colcon.colcon_core.shell:Creating environment hook '/home/hans/ros2/task1/install/autonomous_rov/share/autonomous_rov/hook/pythonpath.sh'
[4.182s] Level 1:colcon.colcon_core.environment:checking '/home/hans/ros2/task1/install/autonomous_rov/bin'
[4.182s] Level 1:colcon.colcon_core.environment:create_environment_scripts_only(autonomous_rov)
[4.183s] INFO:colcon.colcon_core.shell:Creating package script '/home/hans/ros2/task1/install/autonomous_rov/share/autonomous_rov/package.ps1'
[4.184s] INFO:colcon.colcon_core.shell:Creating package descriptor '/home/hans/ros2/task1/install/autonomous_rov/share/autonomous_rov/package.dsv'
[4.185s] INFO:colcon.colcon_core.shell:Creating package script '/home/hans/ros2/task1/install/autonomous_rov/share/autonomous_rov/package.sh'
[4.187s] INFO:colcon.colcon_core.shell:Creating package script '/home/hans/ros2/task1/install/autonomous_rov/share/autonomous_rov/package.bash'
[4.188s] INFO:colcon.colcon_core.shell:Creating package script '/home/hans/ros2/task1/install/autonomous_rov/share/autonomous_rov/package.zsh'
[4.189s] Level 1:colcon.colcon_core.environment:create_file_with_runtime_dependencies(/home/hans/ros2/task1/install/autonomous_rov/share/colcon-core/packages/autonomous_rov)
[4.195s] DEBUG:colcon.colcon_core.event_handler.log_command:Invoking command in '/home/hans/ros2/task1/src/p_controller': CMAKE_PREFIX_PATH=/home/hans/ros2/task1/install/p_interfaces:/home/hans/ros2/task1/src/install/p_interfaces:/home/hans/ros2/task1/src/install/p_action_interfaces:/home/hans/ros2/task1/install/p_action_interfaces:/home/hans/ros2/task1/install/p_interface LD_LIBRARY_PATH=/home/hans/ros2/task1/install/p_interfaces/lib:/home/hans/ros2/task1/src/install/p_interfaces/lib:/home/hans/ros2/task1/src/install/p_action_interfaces/lib:/home/hans/ros2/task1/install/p_action_interfaces/lib:/opt/ros/humble/opt/rviz_ogre_vendor/lib:/opt/ros/humble/lib/x86_64-linux-gnu:/opt/ros/humble/lib PYTHONPATH=/home/hans/ros2/task1/build/p_controller/prefix_override:/usr/lib/python3/dist-packages/colcon_core/task/python/colcon_distutils_commands:/home/hans/ros2/task1/install/p_controller/lib/python3.10/site-packages:${PYTHONPATH} /usr/bin/python3 -W ignore:setup.py install is deprecated -W ignore:easy_install command is deprecated setup.py egg_info --egg-base ../../build/p_controller build --build-base /home/hans/ros2/task1/build/p_controller/build install --record /home/hans/ros2/task1/build/p_controller/install.log --single-version-externally-managed install_data
[4.205s] DEBUG:colcon.colcon_core.event_handler.log_command:Invoking command in '/home/hans/ros2/task1/src/p_action_example': CMAKE_PREFIX_PATH=/home/hans/ros2/task1/install/p_action_interfaces:/home/hans/ros2/task1/src/install/p_interfaces:/home/hans/ros2/task1/src/install/p_action_interfaces:/home/hans/ros2/task1/install/p_interfaces:/home/hans/ros2/task1/install/p_interface LD_LIBRARY_PATH=/home/hans/ros2/task1/install/p_action_interfaces/lib:/home/hans/ros2/task1/src/install/p_interfaces/lib:/home/hans/ros2/task1/src/install/p_action_interfaces/lib:/home/hans/ros2/task1/install/p_interfaces/lib:/opt/ros/humble/opt/rviz_ogre_vendor/lib:/opt/ros/humble/lib/x86_64-linux-gnu:/opt/ros/humble/lib PYTHONPATH=/home/hans/ros2/task1/build/p_action_example/prefix_override:/usr/lib/python3/dist-packages/colcon_core/task/python/colcon_distutils_commands:/home/hans/ros2/task1/install/p_action_example/lib/python3.10/site-packages:${PYTHONPATH} /usr/bin/python3 -W ignore:setup.py install is deprecated -W ignore:easy_install command is deprecated setup.py egg_info --egg-base ../../build/p_action_example build --build-base /home/hans/ros2/task1/build/p_action_example/build install --record /home/hans/ros2/task1/build/p_action_example/install.log --single-version-externally-managed install_data
[4.582s] Level 1:colcon.colcon_core.environment:checking '/home/hans/ros2/task1/install/p_controller' for CMake module files
[4.583s] DEBUG:colcon.colcon_core.event_handler.log_command:Invoked command in '/home/hans/ros2/task1/src/p_controller' returned '0': CMAKE_PREFIX_PATH=/home/hans/ros2/task1/install/p_interfaces:/home/hans/ros2/task1/src/install/p_interfaces:/home/hans/ros2/task1/src/install/p_action_interfaces:/home/hans/ros2/task1/install/p_action_interfaces:/home/hans/ros2/task1/install/p_interface LD_LIBRARY_PATH=/home/hans/ros2/task1/install/p_interfaces/lib:/home/hans/ros2/task1/src/install/p_interfaces/lib:/home/hans/ros2/task1/src/install/p_action_interfaces/lib:/home/hans/ros2/task1/install/p_action_interfaces/lib:/opt/ros/humble/opt/rviz_ogre_vendor/lib:/opt/ros/humble/lib/x86_64-linux-gnu:/opt/ros/humble/lib PYTHONPATH=/home/hans/ros2/task1/build/p_controller/prefix_override:/usr/lib/python3/dist-packages/colcon_core/task/python/colcon_distutils_commands:/home/hans/ros2/task1/install/p_controller/lib/python3.10/site-packages:${PYTHONPATH} /usr/bin/python3 -W ignore:setup.py install is deprecated -W ignore:easy_install command is deprecated setup.py egg_info --egg-base ../../build/p_controller build --build-base /home/hans/ros2/task1/build/p_controller/build install --record /home/hans/ros2/task1/build/p_controller/install.log --single-version-externally-managed install_data
[4.583s] Level 1:colcon.colcon_core.environment:checking '/home/hans/ros2/task1/install/p_controller' for CMake config files
[4.584s] Level 1:colcon.colcon_core.environment:checking '/home/hans/ros2/task1/install/p_controller/lib'
[4.585s] Level 1:colcon.colcon_core.environment:checking '/home/hans/ros2/task1/install/p_controller/bin'
[4.585s] Level 1:colcon.colcon_core.environment:checking '/home/hans/ros2/task1/install/p_controller/lib/pkgconfig/p_controller.pc'
[4.585s] Level 1:colcon.colcon_core.environment:checking '/home/hans/ros2/task1/install/p_controller/lib/python3.10/site-packages'
[4.585s] Level 1:colcon.colcon_core.shell:create_environment_hook('p_controller', 'pythonpath')
[4.586s] INFO:colcon.colcon_core.shell:Creating environment hook '/home/hans/ros2/task1/install/p_controller/share/p_controller/hook/pythonpath.ps1'
[4.586s] INFO:colcon.colcon_core.shell:Creating environment descriptor '/home/hans/ros2/task1/install/p_controller/share/p_controller/hook/pythonpath.dsv'
[4.587s] INFO:colcon.colcon_core.shell:Creating environment hook '/home/hans/ros2/task1/install/p_controller/share/p_controller/hook/pythonpath.sh'
[4.588s] Level 1:colcon.colcon_core.environment:checking '/home/hans/ros2/task1/install/p_controller/bin'
[4.588s] Level 1:colcon.colcon_core.environment:create_environment_scripts_only(p_controller)
[4.589s] INFO:colcon.colcon_core.shell:Creating package script '/home/hans/ros2/task1/install/p_controller/share/p_controller/package.ps1'
[4.590s] INFO:colcon.colcon_core.shell:Creating package descriptor '/home/hans/ros2/task1/install/p_controller/share/p_controller/package.dsv'
[4.591s] INFO:colcon.colcon_core.shell:Creating package script '/home/hans/ros2/task1/install/p_controller/share/p_controller/package.sh'
[4.591s] INFO:colcon.colcon_core.shell:Creating package script '/home/hans/ros2/task1/install/p_controller/share/p_controller/package.bash'
[4.592s] INFO:colcon.colcon_core.shell:Creating package script '/home/hans/ros2/task1/install/p_controller/share/p_controller/package.zsh'
[4.593s] Level 1:colcon.colcon_core.environment:create_file_with_runtime_dependencies(/home/hans/ros2/task1/install/p_controller/share/colcon-core/packages/p_controller)
[4.595s] Level 1:colcon.colcon_core.environment:checking '/home/hans/ros2/task1/install/p_action_example' for CMake module files
[4.596s] DEBUG:colcon.colcon_core.event_handler.log_command:Invoked command in '/home/hans/ros2/task1/src/p_action_example' returned '0': CMAKE_PREFIX_PATH=/home/hans/ros2/task1/install/p_action_interfaces:/home/hans/ros2/task1/src/install/p_interfaces:/home/hans/ros2/task1/src/install/p_action_interfaces:/home/hans/ros2/task1/install/p_interfaces:/home/hans/ros2/task1/install/p_interface LD_LIBRARY_PATH=/home/hans/ros2/task1/install/p_action_interfaces/lib:/home/hans/ros2/task1/src/install/p_interfaces/lib:/home/hans/ros2/task1/src/install/p_action_interfaces/lib:/home/hans/ros2/task1/install/p_interfaces/lib:/opt/ros/humble/opt/rviz_ogre_vendor/lib:/opt/ros/humble/lib/x86_64-linux-gnu:/opt/ros/humble/lib PYTHONPATH=/home/hans/ros2/task1/build/p_action_example/prefix_override:/usr/lib/python3/dist-packages/colcon_core/task/python/colcon_distutils_commands:/home/hans/ros2/task1/install/p_action_example/lib/python3.10/site-packages:${PYTHONPATH} /usr/bin/python3 -W ignore:setup.py install is deprecated -W ignore:easy_install command is deprecated setup.py egg_info --egg-base ../../build/p_action_example build --build-base /home/hans/ros2/task1/build/p_action_example/build install --record /home/hans/ros2/task1/build/p_action_example/install.log --single-version-externally-managed install_data
[4.596s] Level 1:colcon.colcon_core.environment:checking '/home/hans/ros2/task1/install/p_action_example' for CMake config files
[4.597s] Level 1:colcon.colcon_core.environment:checking '/home/hans/ros2/task1/install/p_action_example/lib'
[4.597s] Level 1:colcon.colcon_core.environment:checking '/home/hans/ros2/task1/install/p_action_example/bin'
[4.597s] Level 1:colcon.colcon_core.environment:checking '/home/hans/ros2/task1/install/p_action_example/lib/pkgconfig/p_action_example.pc'
[4.597s] Level 1:colcon.colcon_core.environment:checking '/home/hans/ros2/task1/install/p_action_example/lib/python3.10/site-packages'
[4.598s] Level 1:colcon.colcon_core.shell:create_environment_hook('p_action_example', 'pythonpath')
[4.598s] INFO:colcon.colcon_core.shell:Creating environment hook '/home/hans/ros2/task1/install/p_action_example/share/p_action_example/hook/pythonpath.ps1'
[4.599s] INFO:colcon.colcon_core.shell:Creating environment descriptor '/home/hans/ros2/task1/install/p_action_example/share/p_action_example/hook/pythonpath.dsv'
[4.599s] INFO:colcon.colcon_core.shell:Creating environment hook '/home/hans/ros2/task1/install/p_action_example/share/p_action_example/hook/pythonpath.sh'
[4.600s] Level 1:colcon.colcon_core.environment:checking '/home/hans/ros2/task1/install/p_action_example/bin'
[4.600s] Level 1:colcon.colcon_core.environment:create_environment_scripts_only(p_action_example)
[4.601s] INFO:colcon.colcon_core.shell:Creating package script '/home/hans/ros2/task1/install/p_action_example/share/p_action_example/package.ps1'
[4.602s] INFO:colcon.colcon_core.shell:Creating package descriptor '/home/hans/ros2/task1/install/p_action_example/share/p_action_example/package.dsv'
[4.602s] INFO:colcon.colcon_core.shell:Creating package script '/home/hans/ros2/task1/install/p_action_example/share/p_action_example/package.sh'
[4.603s] INFO:colcon.colcon_core.shell:Creating package script '/home/hans/ros2/task1/install/p_action_example/share/p_action_example/package.bash'
[4.604s] INFO:colcon.colcon_core.shell:Creating package script '/home/hans/ros2/task1/install/p_action_example/share/p_action_example/package.zsh'
[4.604s] Level 1:colcon.colcon_core.environment:create_file_with_runtime_dependencies(/home/hans/ros2/task1/install/p_action_example/share/colcon-core/packages/p_action_example)
[4.605s] DEBUG:colcon.colcon_parallel_executor.executor.parallel:closing loop
[4.605s] DEBUG:colcon.colcon_parallel_executor.executor.parallel:loop closed
[4.605s] DEBUG:colcon.colcon_parallel_executor.executor.parallel:run_until_complete finished with '0'
[4.605s] DEBUG:colcon.colcon_core.event_reactor:joining thread
[4.614s] INFO:colcon.colcon_core.plugin_system:Skipping extension 'colcon_notification.desktop_notification.terminal_notifier': Not used on non-Darwin systems
[4.614s] INFO:colcon.colcon_core.plugin_system:Skipping extension 'colcon_notification.desktop_notification.win32': Not used on non-Windows systems
[4.614s] INFO:colcon.colcon_notification.desktop_notification:Sending desktop notification using 'notify2'
[4.629s] DEBUG:colcon.colcon_core.event_reactor:joined thread
[4.629s] INFO:colcon.colcon_core.shell:Creating prefix script '/home/hans/ros2/task1/install/local_setup.ps1'
[4.631s] INFO:colcon.colcon_core.shell:Creating prefix util module '/home/hans/ros2/task1/install/_local_setup_util_ps1.py'
[4.633s] INFO:colcon.colcon_core.shell:Creating prefix chain script '/home/hans/ros2/task1/install/setup.ps1'
[4.636s] INFO:colcon.colcon_core.shell:Creating prefix script '/home/hans/ros2/task1/install/local_setup.sh'
[4.637s] INFO:colcon.colcon_core.shell:Creating prefix util module '/home/hans/ros2/task1/install/_local_setup_util_sh.py'
[4.638s] INFO:colcon.colcon_core.shell:Creating prefix chain script '/home/hans/ros2/task1/install/setup.sh'
[4.641s] INFO:colcon.colcon_core.shell:Creating prefix script '/home/hans/ros2/task1/install/local_setup.bash'
[4.642s] INFO:colcon.colcon_core.shell:Creating prefix chain script '/home/hans/ros2/task1/install/setup.bash'
[4.644s] INFO:colcon.colcon_core.shell:Creating prefix script '/home/hans/ros2/task1/install/local_setup.zsh'
[4.645s] INFO:colcon.colcon_core.shell:Creating prefix chain script '/home/hans/ros2/task1/install/setup.zsh'
