[0.682s] Invoking command in '/home/hans/ros2/task1/src/p_action_example': CMAKE_PREFIX_PATH=/home/hans/ros2/task1/install/p_action_interfaces:/home/hans/ros2/task1/src/install/p_interfaces:/home/hans/ros2/task1/src/install/p_action_interfaces:/home/hans/ros2/task1/install/p_interfaces:/home/hans/ros2/task1/install/p_interface LD_LIBRARY_PATH=/home/hans/ros2/task1/install/p_action_interfaces/lib:/home/hans/ros2/task1/src/install/p_interfaces/lib:/home/hans/ros2/task1/src/install/p_action_interfaces/lib:/home/hans/ros2/task1/install/p_interfaces/lib:/opt/ros/humble/opt/rviz_ogre_vendor/lib:/opt/ros/humble/lib/x86_64-linux-gnu:/opt/ros/humble/lib PYTHONPATH=/home/hans/ros2/task1/build/p_action_example/prefix_override:/usr/lib/python3/dist-packages/colcon_core/task/python/colcon_distutils_commands:/home/hans/ros2/task1/install/p_action_example/lib/python3.10/site-packages:${PYTHONPATH} /usr/bin/python3 -W ignore:setup.py install is deprecated -W ignore:easy_install command is deprecated setup.py egg_info --egg-base ../../build/p_action_example build --build-base /home/hans/ros2/task1/build/p_action_example/build install --record /home/hans/ros2/task1/build/p_action_example/install.log --single-version-externally-managed install_data
[0.947s] running egg_info
[0.947s] writing ../../build/p_action_example/p_action_example.egg-info/PKG-INFO
[0.947s] writing dependency_links to ../../build/p_action_example/p_action_example.egg-info/dependency_links.txt
[0.948s] writing entry points to ../../build/p_action_example/p_action_example.egg-info/entry_points.txt
[0.948s] writing requirements to ../../build/p_action_example/p_action_example.egg-info/requires.txt
[0.948s] writing top-level names to ../../build/p_action_example/p_action_example.egg-info/top_level.txt
[0.950s] reading manifest file '../../build/p_action_example/p_action_example.egg-info/SOURCES.txt'
[0.950s] adding license file 'LICENSE'
[0.951s] writing manifest file '../../build/p_action_example/p_action_example.egg-info/SOURCES.txt'
[0.951s] running build
[0.951s] running build_py
[0.951s] copying p_action_example/go_to_goal.py -> /home/hans/ros2/task1/build/p_action_example/build/lib/p_action_example
[0.951s] running install
[0.951s] running install_lib
[0.952s] copying /home/hans/ros2/task1/build/p_action_example/build/lib/p_action_example/go_to_goal.py -> /home/hans/ros2/task1/install/p_action_example/lib/python3.10/site-packages/p_action_example
[0.953s] byte-compiling /home/hans/ros2/task1/install/p_action_example/lib/python3.10/site-packages/p_action_example/go_to_goal.py to go_to_goal.cpython-310.pyc
[0.953s] running install_data
[0.954s] running install_egg_info
[0.955s] removing '/home/hans/ros2/task1/install/p_action_example/lib/python3.10/site-packages/p_action_example-0.0.1-py3.10.egg-info' (and everything under it)
[0.956s] Copying ../../build/p_action_example/p_action_example.egg-info to /home/hans/ros2/task1/install/p_action_example/lib/python3.10/site-packages/p_action_example-0.0.1-py3.10.egg-info
[0.957s] running install_scripts
[0.979s] Installing go_to_goal script to /home/hans/ros2/task1/install/p_action_example/lib/p_action_example
[0.979s] writing list of installed files to '/home/hans/ros2/task1/build/p_action_example/install.log'
[1.005s] Invoked command in '/home/hans/ros2/task1/src/p_action_example' returned '0': CMAKE_PREFIX_PATH=/home/hans/ros2/task1/install/p_action_interfaces:/home/hans/ros2/task1/src/install/p_interfaces:/home/hans/ros2/task1/src/install/p_action_interfaces:/home/hans/ros2/task1/install/p_interfaces:/home/hans/ros2/task1/install/p_interface LD_LIBRARY_PATH=/home/hans/ros2/task1/install/p_action_interfaces/lib:/home/hans/ros2/task1/src/install/p_interfaces/lib:/home/hans/ros2/task1/src/install/p_action_interfaces/lib:/home/hans/ros2/task1/install/p_interfaces/lib:/opt/ros/humble/opt/rviz_ogre_vendor/lib:/opt/ros/humble/lib/x86_64-linux-gnu:/opt/ros/humble/lib PYTHONPATH=/home/hans/ros2/task1/build/p_action_example/prefix_override:/usr/lib/python3/dist-packages/colcon_core/task/python/colcon_distutils_commands:/home/hans/ros2/task1/install/p_action_example/lib/python3.10/site-packages:${PYTHONPATH} /usr/bin/python3 -W ignore:setup.py install is deprecated -W ignore:easy_install command is deprecated setup.py egg_info --egg-base ../../build/p_action_example build --build-base /home/hans/ros2/task1/build/p_action_example/build install --record /home/hans/ros2/task1/build/p_action_example/install.log --single-version-externally-managed install_data
