[2.137s] Invoking command in '/home/hans/ros2/task1/src/autonomous_rov': PYTHONPATH=/home/hans/ros2/task1/build/autonomous_rov/prefix_override:/usr/lib/python3/dist-packages/colcon_core/task/python/colcon_distutils_commands:/home/hans/ros2/task1/install/autonomous_rov/lib/python3.10/site-packages:${PYTHONPATH} /usr/bin/python3 -W ignore:setup.py install is deprecated -W ignore:easy_install command is deprecated setup.py egg_info --egg-base ../../build/autonomous_rov build --build-base /home/hans/ros2/task1/build/autonomous_rov/build install --record /home/hans/ros2/task1/build/autonomous_rov/install.log --single-version-externally-managed install_data
[2.485s] running egg_info
[2.486s] writing ../../build/autonomous_rov/autonomous_rov.egg-info/PKG-INFO
[2.488s] writing dependency_links to ../../build/autonomous_rov/autonomous_rov.egg-info/dependency_links.txt
[2.488s] writing entry points to ../../build/autonomous_rov/autonomous_rov.egg-info/entry_points.txt
[2.489s] writing requirements to ../../build/autonomous_rov/autonomous_rov.egg-info/requires.txt
[2.489s] writing top-level names to ../../build/autonomous_rov/autonomous_rov.egg-info/top_level.txt
[2.492s] reading manifest file '../../build/autonomous_rov/autonomous_rov.egg-info/SOURCES.txt'
[2.493s] writing manifest file '../../build/autonomous_rov/autonomous_rov.egg-info/SOURCES.txt'
[2.493s] running build
[2.493s] running build_py
[2.494s] copying autonomous_rov/listenerMIR.py -> /home/hans/ros2/task1/build/autonomous_rov/build/lib/autonomous_rov
[2.495s] running install
[2.495s] running install_lib
[2.496s] copying /home/hans/ros2/task1/build/autonomous_rov/build/lib/autonomous_rov/listenerMIR.py -> /home/hans/ros2/task1/install/autonomous_rov/lib/python3.10/site-packages/autonomous_rov
[2.498s] byte-compiling /home/hans/ros2/task1/install/autonomous_rov/lib/python3.10/site-packages/autonomous_rov/listenerMIR.py to listenerMIR.cpython-310.pyc
[2.505s] running install_data
[2.506s] copying launch/run_listener_MIR.launch -> /home/hans/ros2/task1/install/autonomous_rov/share/autonomous_rov/launch
[2.506s] running install_egg_info
[2.508s] removing '/home/hans/ros2/task1/install/autonomous_rov/lib/python3.10/site-packages/autonomous_rov-0.0.0-py3.10.egg-info' (and everything under it)
[2.509s] Copying ../../build/autonomous_rov/autonomous_rov.egg-info to /home/hans/ros2/task1/install/autonomous_rov/lib/python3.10/site-packages/autonomous_rov-0.0.0-py3.10.egg-info
[2.510s] running install_scripts
[2.551s] Installing image_processing_tracker script to /home/hans/ros2/task1/install/autonomous_rov/lib/autonomous_rov
[2.552s] Installing listenerMIR script to /home/hans/ros2/task1/install/autonomous_rov/lib/autonomous_rov
[2.552s] Installing pinger_node script to /home/hans/ros2/task1/install/autonomous_rov/lib/autonomous_rov
[2.552s] Installing video script to /home/hans/ros2/task1/install/autonomous_rov/lib/autonomous_rov
[2.553s] writing list of installed files to '/home/hans/ros2/task1/build/autonomous_rov/install.log'
[2.610s] Invoked command in '/home/hans/ros2/task1/src/autonomous_rov' returned '0': PYTHONPATH=/home/hans/ros2/task1/build/autonomous_rov/prefix_override:/usr/lib/python3/dist-packages/colcon_core/task/python/colcon_distutils_commands:/home/hans/ros2/task1/install/autonomous_rov/lib/python3.10/site-packages:${PYTHONPATH} /usr/bin/python3 -W ignore:setup.py install is deprecated -W ignore:easy_install command is deprecated setup.py egg_info --egg-base ../../build/autonomous_rov build --build-base /home/hans/ros2/task1/build/autonomous_rov/build install --record /home/hans/ros2/task1/build/autonomous_rov/install.log --single-version-externally-managed install_data
