[0.801s] Invoking command in '/home/hans/ros2/task1/src/p_action_example': CMAKE_PREFIX_PATH=/home/hans/ros2/task1/install/p_action_interfaces:/home/hans/ros2/task1/src/install/p_interfaces:/home/hans/ros2/task1/src/install/p_action_interfaces:/home/hans/ros2/task1/install/p_interfaces:/home/hans/ros2/task1/install/p_interface LD_LIBRARY_PATH=/home/hans/ros2/task1/install/p_action_interfaces/lib:/home/hans/ros2/task1/src/install/p_interfaces/lib:/home/hans/ros2/task1/src/install/p_action_interfaces/lib:/home/hans/ros2/task1/install/p_interfaces/lib:/opt/ros/humble/opt/rviz_ogre_vendor/lib:/opt/ros/humble/lib/x86_64-linux-gnu:/opt/ros/humble/lib PYTHONPATH=/home/hans/ros2/task1/build/p_action_example/prefix_override:/usr/lib/python3/dist-packages/colcon_core/task/python/colcon_distutils_commands:/home/hans/ros2/task1/install/p_action_example/lib/python3.10/site-packages:${PYTHONPATH} /usr/bin/python3 -W ignore:setup.py install is deprecated -W ignore:easy_install command is deprecated setup.py egg_info --egg-base ../../build/p_action_example build --build-base /home/hans/ros2/task1/build/p_action_example/build install --record /home/hans/ros2/task1/build/p_action_example/install.log --single-version-externally-managed install_data
[1.110s] running egg_info
[1.111s] writing ../../build/p_action_example/p_action_example.egg-info/PKG-INFO
[1.111s] writing dependency_links to ../../build/p_action_example/p_action_example.egg-info/dependency_links.txt
[1.111s] writing entry points to ../../build/p_action_example/p_action_example.egg-info/entry_points.txt
[1.111s] writing requirements to ../../build/p_action_example/p_action_example.egg-info/requires.txt
[1.111s] writing top-level names to ../../build/p_action_example/p_action_example.egg-info/top_level.txt
[1.113s] reading manifest file '../../build/p_action_example/p_action_example.egg-info/SOURCES.txt'
[1.113s] adding license file 'LICENSE'
[1.114s] writing manifest file '../../build/p_action_example/p_action_example.egg-info/SOURCES.txt'
[1.114s] running build
[1.114s] running build_py
[1.114s] running install
[1.115s] running install_lib
[1.116s] running install_data
[1.116s] running install_egg_info
[1.118s] removing '/home/hans/ros2/task1/install/p_action_example/lib/python3.10/site-packages/p_action_example-0.0.0-py3.10.egg-info' (and everything under it)
[1.118s] Copying ../../build/p_action_example/p_action_example.egg-info to /home/hans/ros2/task1/install/p_action_example/lib/python3.10/site-packages/p_action_example-0.0.0-py3.10.egg-info
[1.119s] running install_scripts
[1.142s] Installing p_action_server script to /home/hans/ros2/task1/install/p_action_example/lib/p_action_example
[1.143s] writing list of installed files to '/home/hans/ros2/task1/build/p_action_example/install.log'
[1.175s] Invoked command in '/home/hans/ros2/task1/src/p_action_example' returned '0': CMAKE_PREFIX_PATH=/home/hans/ros2/task1/install/p_action_interfaces:/home/hans/ros2/task1/src/install/p_interfaces:/home/hans/ros2/task1/src/install/p_action_interfaces:/home/hans/ros2/task1/install/p_interfaces:/home/hans/ros2/task1/install/p_interface LD_LIBRARY_PATH=/home/hans/ros2/task1/install/p_action_interfaces/lib:/home/hans/ros2/task1/src/install/p_interfaces/lib:/home/hans/ros2/task1/src/install/p_action_interfaces/lib:/home/hans/ros2/task1/install/p_interfaces/lib:/opt/ros/humble/opt/rviz_ogre_vendor/lib:/opt/ros/humble/lib/x86_64-linux-gnu:/opt/ros/humble/lib PYTHONPATH=/home/hans/ros2/task1/build/p_action_example/prefix_override:/usr/lib/python3/dist-packages/colcon_core/task/python/colcon_distutils_commands:/home/hans/ros2/task1/install/p_action_example/lib/python3.10/site-packages:${PYTHONPATH} /usr/bin/python3 -W ignore:setup.py install is deprecated -W ignore:easy_install command is deprecated setup.py egg_info --egg-base ../../build/p_action_example build --build-base /home/hans/ros2/task1/build/p_action_example/build install --record /home/hans/ros2/task1/build/p_action_example/install.log --single-version-externally-managed install_data
