/home/hans/ros2/task1/src/install/autonomous_rov/lib/python3.10/site-packages/autonomous_rov/camera_parameters.py
/home/hans/ros2/task1/src/install/autonomous_rov/lib/python3.10/site-packages/autonomous_rov/listenerMIR.py
/home/hans/ros2/task1/src/install/autonomous_rov/lib/python3.10/site-packages/autonomous_rov/image_processing_tracker.py
/home/hans/ros2/task1/src/install/autonomous_rov/lib/python3.10/site-packages/autonomous_rov/__init__.py
/home/hans/ros2/task1/src/install/autonomous_rov/lib/python3.10/site-packages/autonomous_rov/video.py
/home/hans/ros2/task1/src/install/autonomous_rov/lib/python3.10/site-packages/autonomous_rov/pinger_node.py
/home/hans/ros2/task1/src/install/autonomous_rov/lib/python3.10/site-packages/autonomous_rov/__pycache__/camera_parameters.cpython-310.pyc
/home/hans/ros2/task1/src/install/autonomous_rov/lib/python3.10/site-packages/autonomous_rov/__pycache__/listenerMIR.cpython-310.pyc
/home/hans/ros2/task1/src/install/autonomous_rov/lib/python3.10/site-packages/autonomous_rov/__pycache__/image_processing_tracker.cpython-310.pyc
/home/hans/ros2/task1/src/install/autonomous_rov/lib/python3.10/site-packages/autonomous_rov/__pycache__/__init__.cpython-310.pyc
/home/hans/ros2/task1/src/install/autonomous_rov/lib/python3.10/site-packages/autonomous_rov/__pycache__/video.cpython-310.pyc
/home/hans/ros2/task1/src/install/autonomous_rov/lib/python3.10/site-packages/autonomous_rov/__pycache__/pinger_node.cpython-310.pyc
/home/hans/ros2/task1/src/install/autonomous_rov/share/ament_index/resource_index/packages/autonomous_rov
/home/hans/ros2/task1/src/install/autonomous_rov/share/autonomous_rov/package.xml
/home/hans/ros2/task1/src/install/autonomous_rov/share/autonomous_rov/launch
/home/hans/ros2/task1/src/install/autonomous_rov/share/autonomous_rov/launch/run_mavros.launch
/home/hans/ros2/task1/src/install/autonomous_rov/share/autonomous_rov/launch/run_video.launch
/home/hans/ros2/task1/src/install/autonomous_rov/share/autonomous_rov/launch/run_gamepad.launch
/home/hans/ros2/task1/src/install/autonomous_rov/share/autonomous_rov/launch/run_listener_MIR_joy.launch
/home/hans/ros2/task1/src/install/autonomous_rov/share/autonomous_rov/config/xbox.config.yaml
/home/hans/ros2/task1/src/install/autonomous_rov/share/autonomous_rov/lib/setup.py
/home/hans/ros2/task1/src/install/autonomous_rov/lib/python3.10/site-packages/autonomous_rov-0.0.0-py3.10.egg-info/SOURCES.txt
/home/hans/ros2/task1/src/install/autonomous_rov/lib/python3.10/site-packages/autonomous_rov-0.0.0-py3.10.egg-info/top_level.txt
/home/hans/ros2/task1/src/install/autonomous_rov/lib/python3.10/site-packages/autonomous_rov-0.0.0-py3.10.egg-info/dependency_links.txt
/home/hans/ros2/task1/src/install/autonomous_rov/lib/python3.10/site-packages/autonomous_rov-0.0.0-py3.10.egg-info/requires.txt
/home/hans/ros2/task1/src/install/autonomous_rov/lib/python3.10/site-packages/autonomous_rov-0.0.0-py3.10.egg-info/entry_points.txt
/home/hans/ros2/task1/src/install/autonomous_rov/lib/python3.10/site-packages/autonomous_rov-0.0.0-py3.10.egg-info/PKG-INFO
/home/hans/ros2/task1/src/install/autonomous_rov/lib/python3.10/site-packages/autonomous_rov-0.0.0-py3.10.egg-info/zip-safe
/home/hans/ros2/task1/src/install/autonomous_rov/lib/autonomous_rov/image_processing_tracker
/home/hans/ros2/task1/src/install/autonomous_rov/lib/autonomous_rov/listenerMIR
/home/hans/ros2/task1/src/install/autonomous_rov/lib/autonomous_rov/pinger_node
/home/hans/ros2/task1/src/install/autonomous_rov/lib/autonomous_rov/video
