[2.911s] Invoking command in '/home/hans/ros2/task1/src/autonomous_rov': PYTHONPATH=/home/hans/ros2/task1/build/autonomous_rov/prefix_override:/usr/lib/python3/dist-packages/colcon_core/task/python/colcon_distutils_commands:/home/hans/ros2/task1/install/autonomous_rov/lib/python3.10/site-packages:${PYTHONPATH} /usr/bin/python3 -W ignore:setup.py install is deprecated -W ignore:easy_install command is deprecated setup.py egg_info --egg-base ../../build/autonomous_rov build --build-base /home/hans/ros2/task1/build/autonomous_rov/build install --record /home/hans/ros2/task1/build/autonomous_rov/install.log --single-version-externally-managed install_data
[3.506s] running egg_info
[3.509s] writing ../../build/autonomous_rov/autonomous_rov.egg-info/PKG-INFO
[3.509s] writing dependency_links to ../../build/autonomous_rov/autonomous_rov.egg-info/dependency_links.txt
[3.510s] writing entry points to ../../build/autonomous_rov/autonomous_rov.egg-info/entry_points.txt
[3.510s] writing requirements to ../../build/autonomous_rov/autonomous_rov.egg-info/requires.txt
[3.511s] writing top-level names to ../../build/autonomous_rov/autonomous_rov.egg-info/top_level.txt
[3.518s] reading manifest file '../../build/autonomous_rov/autonomous_rov.egg-info/SOURCES.txt'
[3.521s] writing manifest file '../../build/autonomous_rov/autonomous_rov.egg-info/SOURCES.txt'
[3.521s] running build
[3.522s] running build_py
[3.522s] running install
[3.523s] running install_lib
[3.527s] running install_data
[3.528s] running install_egg_info
[3.535s] removing '/home/hans/ros2/task1/install/autonomous_rov/lib/python3.10/site-packages/autonomous_rov-0.0.0-py3.10.egg-info' (and everything under it)
[3.536s] Copying ../../build/autonomous_rov/autonomous_rov.egg-info to /home/hans/ros2/task1/install/autonomous_rov/lib/python3.10/site-packages/autonomous_rov-0.0.0-py3.10.egg-info
[3.538s] running install_scripts
[3.602s] Installing image_processing_tracker script to /home/hans/ros2/task1/install/autonomous_rov/lib/autonomous_rov
[3.603s] Installing listenerMIR script to /home/hans/ros2/task1/install/autonomous_rov/lib/autonomous_rov
[3.603s] Installing pinger_node script to /home/hans/ros2/task1/install/autonomous_rov/lib/autonomous_rov
[3.603s] Installing video script to /home/hans/ros2/task1/install/autonomous_rov/lib/autonomous_rov
[3.605s] writing list of installed files to '/home/hans/ros2/task1/build/autonomous_rov/install.log'
[3.703s] Invoked command in '/home/hans/ros2/task1/src/autonomous_rov' returned '0': PYTHONPATH=/home/hans/ros2/task1/build/autonomous_rov/prefix_override:/usr/lib/python3/dist-packages/colcon_core/task/python/colcon_distutils_commands:/home/hans/ros2/task1/install/autonomous_rov/lib/python3.10/site-packages:${PYTHONPATH} /usr/bin/python3 -W ignore:setup.py install is deprecated -W ignore:easy_install command is deprecated setup.py egg_info --egg-base ../../build/autonomous_rov build --build-base /home/hans/ros2/task1/build/autonomous_rov/build install --record /home/hans/ros2/task1/build/autonomous_rov/install.log --single-version-externally-managed install_data
