[0.602s] Invoking command in '/home/hans/ros2/task1/src/ttbot_square': PYTHONPATH=/home/hans/ros2/task1/src/ttbot_square/build/ttbot_square/prefix_override:/usr/lib/python3/dist-packages/colcon_core/task/python/colcon_distutils_commands:/home/hans/ros2/task1/src/ttbot_square/install/ttbot_square/lib/python3.10/site-packages:${PYTHONPATH} /usr/bin/python3 -W ignore:setup.py install is deprecated setup.py egg_info --egg-base build/ttbot_square build --build-base /home/hans/ros2/task1/src/ttbot_square/build/ttbot_square/build install --record /home/hans/ros2/task1/src/ttbot_square/build/ttbot_square/install.log --single-version-externally-managed install_data
[0.835s] running egg_info
[0.836s] creating build/ttbot_square/ttbot_square.egg-info
[0.836s] writing build/ttbot_square/ttbot_square.egg-info/PKG-INFO
[0.836s] writing dependency_links to build/ttbot_square/ttbot_square.egg-info/dependency_links.txt
[0.836s] writing entry points to build/ttbot_square/ttbot_square.egg-info/entry_points.txt
[0.837s] writing requirements to build/ttbot_square/ttbot_square.egg-info/requires.txt
[0.837s] writing top-level names to build/ttbot_square/ttbot_square.egg-info/top_level.txt
[0.837s] writing manifest file 'build/ttbot_square/ttbot_square.egg-info/SOURCES.txt'
[0.839s] reading manifest file 'build/ttbot_square/ttbot_square.egg-info/SOURCES.txt'
[0.840s] writing manifest file 'build/ttbot_square/ttbot_square.egg-info/SOURCES.txt'
[0.840s] running build
[0.840s] running build_py
[0.840s] creating /home/hans/ros2/task1/src/ttbot_square/build/ttbot_square/build
[0.840s] creating /home/hans/ros2/task1/src/ttbot_square/build/ttbot_square/build/lib
[0.840s] creating /home/hans/ros2/task1/src/ttbot_square/build/ttbot_square/build/lib/ttbot_square
[0.840s] copying ttbot_square/square_controller.py -> /home/hans/ros2/task1/src/ttbot_square/build/ttbot_square/build/lib/ttbot_square
[0.840s] copying ttbot_square/controller_sub.py -> /home/hans/ros2/task1/src/ttbot_square/build/ttbot_square/build/lib/ttbot_square
[0.840s] copying ttbot_square/__init__.py -> /home/hans/ros2/task1/src/ttbot_square/build/ttbot_square/build/lib/ttbot_square
[0.841s] running install
[0.841s] running install_lib
[0.842s] creating /home/hans/ros2/task1/src/ttbot_square/install/ttbot_square/lib/python3.10/site-packages/ttbot_square
[0.842s] copying /home/hans/ros2/task1/src/ttbot_square/build/ttbot_square/build/lib/ttbot_square/square_controller.py -> /home/hans/ros2/task1/src/ttbot_square/install/ttbot_square/lib/python3.10/site-packages/ttbot_square
[0.842s] copying /home/hans/ros2/task1/src/ttbot_square/build/ttbot_square/build/lib/ttbot_square/controller_sub.py -> /home/hans/ros2/task1/src/ttbot_square/install/ttbot_square/lib/python3.10/site-packages/ttbot_square
[0.842s] copying /home/hans/ros2/task1/src/ttbot_square/build/ttbot_square/build/lib/ttbot_square/__init__.py -> /home/hans/ros2/task1/src/ttbot_square/install/ttbot_square/lib/python3.10/site-packages/ttbot_square
[0.843s] byte-compiling /home/hans/ros2/task1/src/ttbot_square/install/ttbot_square/lib/python3.10/site-packages/ttbot_square/square_controller.py to square_controller.cpython-310.pyc
[0.843s] byte-compiling /home/hans/ros2/task1/src/ttbot_square/install/ttbot_square/lib/python3.10/site-packages/ttbot_square/controller_sub.py to controller_sub.cpython-310.pyc
[0.843s] byte-compiling /home/hans/ros2/task1/src/ttbot_square/install/ttbot_square/lib/python3.10/site-packages/ttbot_square/__init__.py to __init__.cpython-310.pyc
[0.844s] running install_data
[0.844s] creating /home/hans/ros2/task1/src/ttbot_square/install/ttbot_square/share/ament_index
[0.844s] creating /home/hans/ros2/task1/src/ttbot_square/install/ttbot_square/share/ament_index/resource_index
[0.844s] creating /home/hans/ros2/task1/src/ttbot_square/install/ttbot_square/share/ament_index/resource_index/packages
[0.844s] copying resource/ttbot_square -> /home/hans/ros2/task1/src/ttbot_square/install/ttbot_square/share/ament_index/resource_index/packages
[0.844s] copying package.xml -> /home/hans/ros2/task1/src/ttbot_square/install/ttbot_square/share/ttbot_square
[0.844s] running install_egg_info
[0.846s] Copying build/ttbot_square/ttbot_square.egg-info to /home/hans/ros2/task1/src/ttbot_square/install/ttbot_square/lib/python3.10/site-packages/ttbot_square-0.0.0-py3.10.egg-info
[0.847s] running install_scripts
[0.868s] Installing square_controller_node script to /home/hans/ros2/task1/src/ttbot_square/install/ttbot_square/lib/ttbot_square
[0.869s] writing list of installed files to '/home/hans/ros2/task1/src/ttbot_square/build/ttbot_square/install.log'
[0.893s] Invoked command in '/home/hans/ros2/task1/src/ttbot_square' returned '0': PYTHONPATH=/home/hans/ros2/task1/src/ttbot_square/build/ttbot_square/prefix_override:/usr/lib/python3/dist-packages/colcon_core/task/python/colcon_distutils_commands:/home/hans/ros2/task1/src/ttbot_square/install/ttbot_square/lib/python3.10/site-packages:${PYTHONPATH} /usr/bin/python3 -W ignore:setup.py install is deprecated setup.py egg_info --egg-base build/ttbot_square build --build-base /home/hans/ros2/task1/src/ttbot_square/build/ttbot_square/build install --record /home/hans/ros2/task1/src/ttbot_square/build/ttbot_square/install.log --single-version-externally-managed install_data
