[0.016s] Invoking command in '/home/hans/ros2/task1/build/p_interface': CMAKE_PREFIX_PATH=${CMAKE_PREFIX_PATH}:/home/hans/ros2_ws/install/p_controller:/home/hans/ros2_ws/install/exapmle1:/home/hans/ros2_ws/install/autonomous_rov:/home/hans/ros2/task1/install/ttbot_square:/opt/ros/humble /usr/bin/cmake /home/hans/ros2/task1/src/p_interfaces -DAMENT_CMAKE_SYMLINK_INSTALL=1 -DCMAKE_INSTALL_PREFIX=/home/hans/ros2/task1/install/p_interface
[0.074s] -- The C compiler identification is GNU 11.4.0
[0.135s] -- The CXX compiler identification is GNU 11.4.0
[0.143s] -- Detecting C compiler ABI info
[0.213s] -- Detecting C compiler ABI info - done
[0.220s] -- Check for working C compiler: /usr/bin/cc - skipped
[0.221s] -- Detecting C compile features
[0.221s] -- Detecting C compile features - done
[0.224s] -- Detecting CXX compiler ABI info
[0.311s] -- Detecting CXX compiler ABI info - done
[0.322s] -- Check for working CXX compiler: /usr/bin/c++ - skipped
[0.323s] -- Detecting CXX compile features
[0.324s] -- Detecting CXX compile features - done
[0.327s] -- Found ament_cmake: 1.3.11 (/opt/ros/humble/share/ament_cmake/cmake)
[0.512s] -- Found Python3: /usr/bin/python3 (found version "3.10.12") found components: Interpreter 
[0.579s] -- Override CMake install command with custom implementation using symlinks instead of copying resources
[0.611s] -- Found ament_lint_auto: 0.12.11 (/opt/ros/humble/share/ament_lint_auto/cmake)
[0.711s] -- Added test 'lint_cmake' to check CMake code style
[0.712s] -- Added test 'xmllint' to check XML markup files
[0.714s] -- Configuring done
[0.717s] -- Generating done
[0.719s] -- Build files have been written to: /home/hans/ros2/task1/build/p_interface
[0.724s] Invoked command in '/home/hans/ros2/task1/build/p_interface' returned '0': CMAKE_PREFIX_PATH=${CMAKE_PREFIX_PATH}:/home/hans/ros2_ws/install/p_controller:/home/hans/ros2_ws/install/exapmle1:/home/hans/ros2_ws/install/autonomous_rov:/home/hans/ros2/task1/install/ttbot_square:/opt/ros/humble /usr/bin/cmake /home/hans/ros2/task1/src/p_interfaces -DAMENT_CMAKE_SYMLINK_INSTALL=1 -DCMAKE_INSTALL_PREFIX=/home/hans/ros2/task1/install/p_interface
[0.727s] Invoking command in '/home/hans/ros2/task1/build/p_interface': CMAKE_PREFIX_PATH=${CMAKE_PREFIX_PATH}:/home/hans/ros2_ws/install/p_controller:/home/hans/ros2_ws/install/exapmle1:/home/hans/ros2_ws/install/autonomous_rov:/home/hans/ros2/task1/install/ttbot_square:/opt/ros/humble /usr/bin/cmake --build /home/hans/ros2/task1/build/p_interface -- -j8 -l8
[0.767s] Invoked command in '/home/hans/ros2/task1/build/p_interface' returned '0': CMAKE_PREFIX_PATH=${CMAKE_PREFIX_PATH}:/home/hans/ros2_ws/install/p_controller:/home/hans/ros2_ws/install/exapmle1:/home/hans/ros2_ws/install/autonomous_rov:/home/hans/ros2/task1/install/ttbot_square:/opt/ros/humble /usr/bin/cmake --build /home/hans/ros2/task1/build/p_interface -- -j8 -l8
[0.779s] Invoking command in '/home/hans/ros2/task1/build/p_interface': CMAKE_PREFIX_PATH=${CMAKE_PREFIX_PATH}:/home/hans/ros2_ws/install/p_controller:/home/hans/ros2_ws/install/exapmle1:/home/hans/ros2_ws/install/autonomous_rov:/home/hans/ros2/task1/install/ttbot_square:/opt/ros/humble /usr/bin/cmake --install /home/hans/ros2/task1/build/p_interface
[0.786s] -- Install configuration: ""
[0.787s] -- Execute custom install script
[0.787s] -- Symlinking: /home/hans/ros2/task1/install/p_interface/share/ament_index/resource_index/package_run_dependencies/p_interface
[0.797s] -- Symlinking: /home/hans/ros2/task1/install/p_interface/share/ament_index/resource_index/parent_prefix_path/p_interface
[0.807s] -- Symlinking: /home/hans/ros2/task1/install/p_interface/share/p_interface/environment/ament_prefix_path.sh
[0.817s] -- Symlinking: /home/hans/ros2/task1/install/p_interface/share/p_interface/environment/ament_prefix_path.dsv
[0.828s] -- Symlinking: /home/hans/ros2/task1/install/p_interface/share/p_interface/environment/path.sh
[0.837s] -- Symlinking: /home/hans/ros2/task1/install/p_interface/share/p_interface/environment/path.dsv
[0.847s] -- Symlinking: /home/hans/ros2/task1/install/p_interface/share/p_interface/local_setup.bash
[0.857s] -- Symlinking: /home/hans/ros2/task1/install/p_interface/share/p_interface/local_setup.sh
[0.866s] -- Symlinking: /home/hans/ros2/task1/install/p_interface/share/p_interface/local_setup.zsh
[0.876s] -- Symlinking: /home/hans/ros2/task1/install/p_interface/share/p_interface/local_setup.dsv
[0.886s] -- Symlinking: /home/hans/ros2/task1/install/p_interface/share/p_interface/package.dsv
[0.895s] -- Symlinking: /home/hans/ros2/task1/install/p_interface/share/ament_index/resource_index/packages/p_interface
[0.906s] -- Symlinking: /home/hans/ros2/task1/install/p_interface/share/p_interface/cmake/p_interfaceConfig.cmake
[0.919s] -- Symlinking: /home/hans/ros2/task1/install/p_interface/share/p_interface/cmake/p_interfaceConfig-version.cmake
[0.929s] -- Symlinking: /home/hans/ros2/task1/install/p_interface/share/p_interface/package.xml
[0.941s] Invoked command in '/home/hans/ros2/task1/build/p_interface' returned '0': CMAKE_PREFIX_PATH=${CMAKE_PREFIX_PATH}:/home/hans/ros2_ws/install/p_controller:/home/hans/ros2_ws/install/exapmle1:/home/hans/ros2_ws/install/autonomous_rov:/home/hans/ros2/task1/install/ttbot_square:/opt/ros/humble /usr/bin/cmake --install /home/hans/ros2/task1/build/p_interface
