[2.792s] Invoking command in '/home/hans/ros2/task1/src/ttbot_square': PYTHONPATH=/home/hans/ros2/task1/build/ttbot_square/prefix_override:/usr/lib/python3/dist-packages/colcon_core/task/python/colcon_distutils_commands:/home/hans/ros2/task1/install/ttbot_square/lib/python3.10/site-packages:${PYTHONPATH} /usr/bin/python3 -W ignore:setup.py install is deprecated -W ignore:easy_install command is deprecated setup.py egg_info --egg-base ../../build/ttbot_square build --build-base /home/hans/ros2/task1/build/ttbot_square/build install --record /home/hans/ros2/task1/build/ttbot_square/install.log --single-version-externally-managed install_data
[3.399s] running egg_info
[3.401s] writing ../../build/ttbot_square/ttbot_square.egg-info/PKG-INFO
[3.401s] writing dependency_links to ../../build/ttbot_square/ttbot_square.egg-info/dependency_links.txt
[3.402s] writing entry points to ../../build/ttbot_square/ttbot_square.egg-info/entry_points.txt
[3.402s] writing requirements to ../../build/ttbot_square/ttbot_square.egg-info/requires.txt
[3.402s] writing top-level names to ../../build/ttbot_square/ttbot_square.egg-info/top_level.txt
[3.407s] reading manifest file '../../build/ttbot_square/ttbot_square.egg-info/SOURCES.txt'
[3.409s] writing manifest file '../../build/ttbot_square/ttbot_square.egg-info/SOURCES.txt'
[3.409s] running build
[3.410s] running build_py
[3.411s] running install
[3.413s] running install_lib
[3.416s] byte-compiling /home/hans/ros2/task1/install/ttbot_square/lib/python3.10/site-packages/ttbot_square/circ_cont.py to circ_cont.cpython-310.pyc
[3.418s]   File "/home/hans/ros2/task1/install/ttbot_square/lib/python3.10/site-packages/ttbot_square/circ_cont.py", line 37
[3.418s]     def change_radius_callback(self,request,response)
[3.418s]                                                      ^
[3.418s] SyntaxError: expected ':'
[3.418s] 
[3.418s] running install_data
[3.419s] running install_egg_info
[3.423s] removing '/home/hans/ros2/task1/install/ttbot_square/lib/python3.10/site-packages/ttbot_square-0.0.0-py3.10.egg-info' (and everything under it)
[3.426s] Copying ../../build/ttbot_square/ttbot_square.egg-info to /home/hans/ros2/task1/install/ttbot_square/lib/python3.10/site-packages/ttbot_square-0.0.0-py3.10.egg-info
[3.428s] running install_scripts
[3.487s] Installing circle_controller script to /home/hans/ros2/task1/install/ttbot_square/lib/ttbot_square
[3.487s] Installing square_abin script to /home/hans/ros2/task1/install/ttbot_square/lib/ttbot_square
[3.487s] Installing square_controller_node script to /home/hans/ros2/task1/install/ttbot_square/lib/ttbot_square
[3.488s] writing list of installed files to '/home/hans/ros2/task1/build/ttbot_square/install.log'
[3.542s] Invoked command in '/home/hans/ros2/task1/src/ttbot_square' returned '0': PYTHONPATH=/home/hans/ros2/task1/build/ttbot_square/prefix_override:/usr/lib/python3/dist-packages/colcon_core/task/python/colcon_distutils_commands:/home/hans/ros2/task1/install/ttbot_square/lib/python3.10/site-packages:${PYTHONPATH} /usr/bin/python3 -W ignore:setup.py install is deprecated -W ignore:easy_install command is deprecated setup.py egg_info --egg-base ../../build/ttbot_square build --build-base /home/hans/ros2/task1/build/ttbot_square/build install --record /home/hans/ros2/task1/build/ttbot_square/install.log --single-version-externally-managed install_data
