[0.016s] Invoking command in '/home/hans/ros2/task1/build/p_action_interfaces': CMAKE_PREFIX_PATH=${CMAKE_PREFIX_PATH}:/home/hans/ros2/task1/install/ttbot_square:/home/hans/ros2/task1/install/ping_sonar_ros:/home/hans/ros2/task1/install/p_controller:/home/hans/ros2/task1/install/autonomous_rov:/opt/ros/humble /usr/bin/cmake /home/hans/ros2/task1/src/p_action_interfaces -DCMAKE_INSTALL_PREFIX=/home/hans/ros2/task1/install/p_action_interfaces
[0.111s] -- The C compiler identification is GNU 11.4.0
[0.201s] -- The CXX compiler identification is GNU 11.4.0
[0.212s] -- Detecting C compiler ABI info
[0.296s] -- Detecting C compiler ABI info - done
[0.306s] -- Check for working C compiler: /usr/bin/cc - skipped
[0.306s] -- Detecting C compile features
[0.307s] -- Detecting C compile features - done
[0.311s] -- Detecting CXX compiler ABI info
[0.405s] -- Detecting CXX compiler ABI info - done
[0.414s] -- Check for working CXX compiler: /usr/bin/c++ - skipped
[0.414s] -- Detecting CXX compile features
[0.415s] -- Detecting CXX compile features - done
[0.423s] -- Found ament_cmake: 1.3.11 (/opt/ros/humble/share/ament_cmake/cmake)
[0.607s] -- Found Python3: /usr/bin/python3 (found version "3.10.12") found components: Interpreter 
[0.727s] -- Found turtlesim: 1.4.2 (/opt/ros/humble/share/turtlesim/cmake)
[0.779s] -- Found rosidl_generator_c: 3.1.6 (/opt/ros/humble/share/rosidl_generator_c/cmake)
[0.787s] -- Found rosidl_adapter: 3.1.6 (/opt/ros/humble/share/rosidl_adapter/cmake)
[0.799s] -- Found rosidl_generator_cpp: 3.1.6 (/opt/ros/humble/share/rosidl_generator_cpp/cmake)
[0.816s] -- Using all available rosidl_typesupport_c: rosidl_typesupport_fastrtps_c;rosidl_typesupport_introspection_c
[0.839s] -- Using all available rosidl_typesupport_cpp: rosidl_typesupport_fastrtps_cpp;rosidl_typesupport_introspection_cpp
[0.912s] -- Found rosidl_default_generators: 1.2.0 (/opt/ros/humble/share/rosidl_default_generators/cmake)
[1.124s] [31mCMake Error at /opt/ros/humble/share/rosidl_adapter/cmake/rosidl_adapt_interfaces.cmake:59 (message):
[1.124s]   execute_process(/usr/bin/python3 -m rosidl_adapter --package-name
[1.124s]   p_action_interfaces --arguments-file
[1.125s]   /home/hans/ros2/task1/build/p_action_interfaces/rosidl_adapter__arguments__p_action_interfaces.json
[1.125s]   --output-dir
[1.125s]   /home/hans/ros2/task1/build/p_action_interfaces/rosidl_adapter/p_action_interfaces
[1.125s]   --output-file
[1.125s]   /home/hans/ros2/task1/build/p_action_interfaces/rosidl_adapter/p_action_interfaces.idls)
[1.125s]   returned error code 1:
[1.125s] 
[1.125s]   Error with: p_action_interfaces GoToPoint_Feedback turtlesim/Posepose
[1.126s] 
[1.126s]   Traceback (most recent call last):
[1.126s] 
[1.126s]     File "/usr/lib/python3.10/runpy.py", line 196, in _run_module_as_main
[1.126s]       return _run_code(code, main_globals, None,
[1.126s]     File "/usr/lib/python3.10/runpy.py", line 86, in _run_code
[1.126s]       exec(code, run_globals)
[1.126s]     File "/opt/ros/humble/local/lib/python3.10/dist-packages/rosidl_adapter/__main__.py", line 19, in <module>
[1.126s]       sys.exit(main())
[1.127s]     File "/opt/ros/humble/local/lib/python3.10/dist-packages/rosidl_adapter/main.py", line 53, in main
[1.127s]       abs_idl_file = convert_to_idl(
[1.127s]     File "/opt/ros/humble/local/lib/python3.10/dist-packages/rosidl_adapter/__init__.py", line 29, in convert_to_idl
[1.127s]       return convert_action_to_idl(
[1.127s]     File "/opt/ros/humble/local/lib/python3.10/dist-packages/rosidl_adapter/action/__init__.py", line 28, in convert_action_to_idl
[1.127s]       action = parse_action_string(package_name, input_file.stem, content)
[1.127s]     File "/opt/ros/humble/local/lib/python3.10/dist-packages/rosidl_adapter/parser.py", line 906, in parse_action_string
[1.127s]       feedback_message = parse_message_string(
[1.127s]     File "/opt/ros/humble/local/lib/python3.10/dist-packages/rosidl_adapter/parser.py", line 510, in parse_message_string
[1.128s]       raise InvalidFieldDefinition(line)
[1.128s] 
[1.128s]   rosidl_adapter.parser.InvalidFieldDefinition: turtlesim/Posepose
[1.128s] 
[1.128s] Call Stack (most recent call first):
[1.128s]   /opt/ros/humble/share/rosidl_cmake/cmake/rosidl_generate_interfaces.cmake:130 (rosidl_adapt_interfaces)
[1.128s]   CMakeLists.txt:12 (rosidl_generate_interfaces)
[1.128s] 
[1.129s] [0m
[1.129s] -- Configuring incomplete, errors occurred!
[1.129s] See also "/home/hans/ros2/task1/build/p_action_interfaces/CMakeFiles/CMakeOutput.log".
[1.134s] Invoked command in '/home/hans/ros2/task1/build/p_action_interfaces' returned '1': CMAKE_PREFIX_PATH=${CMAKE_PREFIX_PATH}:/home/hans/ros2/task1/install/ttbot_square:/home/hans/ros2/task1/install/ping_sonar_ros:/home/hans/ros2/task1/install/p_controller:/home/hans/ros2/task1/install/autonomous_rov:/opt/ros/humble /usr/bin/cmake /home/hans/ros2/task1/src/p_action_interfaces -DCMAKE_INSTALL_PREFIX=/home/hans/ros2/task1/install/p_action_interfaces
