[1.786s] Invoking command in '/home/hans/ros2/task1/src/ttbot_square': PYTHONPATH=/home/hans/ros2/task1/build/ttbot_square/prefix_override:/usr/lib/python3/dist-packages/colcon_core/task/python/colcon_distutils_commands:/home/hans/ros2/task1/install/ttbot_square/lib/python3.10/site-packages:${PYTHONPATH} /usr/bin/python3 -W ignore:setup.py install is deprecated -W ignore:easy_install command is deprecated setup.py egg_info --egg-base ../../build/ttbot_square build --build-base /home/hans/ros2/task1/build/ttbot_square/build install --record /home/hans/ros2/task1/build/ttbot_square/install.log --single-version-externally-managed install_data
[2.078s] running egg_info
[2.079s] writing ../../build/ttbot_square/ttbot_square.egg-info/PKG-INFO
[2.080s] writing dependency_links to ../../build/ttbot_square/ttbot_square.egg-info/dependency_links.txt
[2.080s] writing entry points to ../../build/ttbot_square/ttbot_square.egg-info/entry_points.txt
[2.080s] writing requirements to ../../build/ttbot_square/ttbot_square.egg-info/requires.txt
[2.081s] writing top-level names to ../../build/ttbot_square/ttbot_square.egg-info/top_level.txt
[2.083s] reading manifest file '../../build/ttbot_square/ttbot_square.egg-info/SOURCES.txt'
[2.085s] writing manifest file '../../build/ttbot_square/ttbot_square.egg-info/SOURCES.txt'
[2.085s] running build
[2.085s] running build_py
[2.086s] running install
[2.087s] running install_lib
[2.089s] running install_data
[2.089s] running install_egg_info
[2.092s] removing '/home/hans/ros2/task1/install/ttbot_square/lib/python3.10/site-packages/ttbot_square-0.0.0-py3.10.egg-info' (and everything under it)
[2.093s] Copying ../../build/ttbot_square/ttbot_square.egg-info to /home/hans/ros2/task1/install/ttbot_square/lib/python3.10/site-packages/ttbot_square-0.0.0-py3.10.egg-info
[2.094s] running install_scripts
[2.126s] Installing circle_controller script to /home/hans/ros2/task1/install/ttbot_square/lib/ttbot_square
[2.126s] Installing square_abin script to /home/hans/ros2/task1/install/ttbot_square/lib/ttbot_square
[2.126s] Installing square_controller_node script to /home/hans/ros2/task1/install/ttbot_square/lib/ttbot_square
[2.128s] writing list of installed files to '/home/hans/ros2/task1/build/ttbot_square/install.log'
[2.172s] Invoked command in '/home/hans/ros2/task1/src/ttbot_square' returned '0': PYTHONPATH=/home/hans/ros2/task1/build/ttbot_square/prefix_override:/usr/lib/python3/dist-packages/colcon_core/task/python/colcon_distutils_commands:/home/hans/ros2/task1/install/ttbot_square/lib/python3.10/site-packages:${PYTHONPATH} /usr/bin/python3 -W ignore:setup.py install is deprecated -W ignore:easy_install command is deprecated setup.py egg_info --egg-base ../../build/ttbot_square build --build-base /home/hans/ros2/task1/build/ttbot_square/build install --record /home/hans/ros2/task1/build/ttbot_square/install.log --single-version-externally-managed install_data
