[0.719s] Invoking command in '/home/hans/ros2/task1/src/build/p_action_interfaces': CMAKE_PREFIX_PATH=${CMAKE_PREFIX_PATH}:/home/hans/ros2/task1/install/ttbot_square:/home/hans/ros2/task1/install/ping_sonar_ros:/home/hans/ros2/task1/install/p_controller:/home/hans/ros2/task1/install/autonomous_rov:/opt/ros/humble /usr/bin/cmake /home/hans/ros2/task1/src/p_action_interfaces -DCMAKE_INSTALL_PREFIX=/home/hans/ros2/task1/src/install/p_action_interfaces
[1.075s] -- The C compiler identification is GNU 11.4.0
[1.075s] -- The CXX compiler identification is GNU 11.4.0
[1.076s] -- Detecting C compiler ABI info
[1.076s] -- Detecting C compiler ABI info - done
[1.076s] -- Check for working C compiler: /usr/bin/cc - skipped
[1.076s] -- Detecting C compile features
[1.076s] -- Detecting C compile features - done
[1.076s] -- Detecting CXX compiler ABI info
[1.087s] -- Detecting CXX compiler ABI info - done
[1.106s] -- Check for working CXX compiler: /usr/bin/c++ - skipped
[1.107s] -- Detecting CXX compile features
[1.108s] -- Detecting CXX compile features - done
[1.114s] -- Found ament_cmake: 1.3.11 (/opt/ros/humble/share/ament_cmake/cmake)
[1.321s] -- Found Python3: /usr/bin/python3 (found version "3.10.12") found components: Interpreter 
[1.447s] -- Found turtlesim: 1.4.2 (/opt/ros/humble/share/turtlesim/cmake)
[1.504s] -- Found rosidl_generator_c: 3.1.6 (/opt/ros/humble/share/rosidl_generator_c/cmake)
[1.516s] -- Found rosidl_adapter: 3.1.6 (/opt/ros/humble/share/rosidl_adapter/cmake)
[1.536s] -- Found rosidl_generator_cpp: 3.1.6 (/opt/ros/humble/share/rosidl_generator_cpp/cmake)
[1.555s] -- Using all available rosidl_typesupport_c: rosidl_typesupport_fastrtps_c;rosidl_typesupport_introspection_c
[1.580s] -- Using all available rosidl_typesupport_cpp: rosidl_typesupport_fastrtps_cpp;rosidl_typesupport_introspection_cpp
[1.653s] -- Found rosidl_default_generators: 1.2.0 (/opt/ros/humble/share/rosidl_default_generators/cmake)
[2.064s] -- Found ament_cmake_ros: 0.10.0 (/opt/ros/humble/share/ament_cmake_ros/cmake)
[2.753s] -- Using all available rosidl_typesupport_c: rosidl_typesupport_fastrtps_c;rosidl_typesupport_introspection_c
[3.000s] -- Using all available rosidl_typesupport_cpp: rosidl_typesupport_fastrtps_cpp;rosidl_typesupport_introspection_cpp
[3.033s] -- Found PythonInterp: /usr/bin/python3 (found suitable version "3.10.12", minimum required is "3.6") 
[3.036s] -- Found python_cmake_module: 0.10.0 (/opt/ros/humble/share/python_cmake_module/cmake)
[3.074s] -- Found PythonLibs: /usr/lib/x86_64-linux-gnu/libpython3.10.so (found suitable version "3.10.12", minimum required is "3.5") 
[3.074s] -- Using PYTHON_EXECUTABLE: /usr/bin/python3
[3.074s] -- Using PYTHON_INCLUDE_DIRS: /usr/include/python3.10
[3.074s] -- Using PYTHON_LIBRARIES: /usr/lib/x86_64-linux-gnu/libpython3.10.so
[3.107s] -- Found PythonExtra: .so  
[3.217s] -- Found ament_lint_auto: 0.12.11 (/opt/ros/humble/share/ament_lint_auto/cmake)
[3.259s] -- Added test 'lint_cmake' to check CMake code style
[3.262s] -- Added test 'xmllint' to check XML markup files
[3.271s] -- Configuring done
[3.333s] -- Generating done
[3.360s] -- Build files have been written to: /home/hans/ros2/task1/src/build/p_action_interfaces
[3.378s] Invoked command in '/home/hans/ros2/task1/src/build/p_action_interfaces' returned '0': CMAKE_PREFIX_PATH=${CMAKE_PREFIX_PATH}:/home/hans/ros2/task1/install/ttbot_square:/home/hans/ros2/task1/install/ping_sonar_ros:/home/hans/ros2/task1/install/p_controller:/home/hans/ros2/task1/install/autonomous_rov:/opt/ros/humble /usr/bin/cmake /home/hans/ros2/task1/src/p_action_interfaces -DCMAKE_INSTALL_PREFIX=/home/hans/ros2/task1/src/install/p_action_interfaces
[3.382s] Invoking command in '/home/hans/ros2/task1/src/build/p_action_interfaces': CMAKE_PREFIX_PATH=${CMAKE_PREFIX_PATH}:/home/hans/ros2/task1/install/ttbot_square:/home/hans/ros2/task1/install/ping_sonar_ros:/home/hans/ros2/task1/install/p_controller:/home/hans/ros2/task1/install/autonomous_rov:/opt/ros/humble /usr/bin/cmake --build /home/hans/ros2/task1/src/build/p_action_interfaces -- -j8 -l8
[3.460s] [  3%] [34m[1mGenerating C code for ROS interfaces[0m
[3.474s] [  6%] [34m[1mGenerating C++ code for ROS interfaces[0m
[3.518s] [  6%] Built target ament_cmake_python_copy_p_action_interfaces
[4.089s] running egg_info
[4.090s] creating p_action_interfaces.egg-info
[4.090s] writing p_action_interfaces.egg-info/PKG-INFO
[4.091s] writing dependency_links to p_action_interfaces.egg-info/dependency_links.txt
[4.091s] writing top-level names to p_action_interfaces.egg-info/top_level.txt
[4.091s] writing manifest file 'p_action_interfaces.egg-info/SOURCES.txt'
[4.095s] reading manifest file 'p_action_interfaces.egg-info/SOURCES.txt'
[4.097s] writing manifest file 'p_action_interfaces.egg-info/SOURCES.txt'
[4.153s] [  6%] Built target ament_cmake_python_build_p_action_interfaces_egg
[4.462s] [  9%] [32mBuilding C object CMakeFiles/p_action_interfaces__rosidl_generator_c.dir/rosidl_generator_c/p_action_interfaces/action/detail/go_to_point__functions.c.o[0m
[4.530s] [  9%] Built target p_action_interfaces__cpp
[4.545s] [ 12%] [34m[1mGenerating C++ type support for eProsima Fast-RTPS[0m
[4.549s] [ 16%] [34m[1mGenerating C++ type support dispatch for ROS interfaces[0m
[4.551s] [ 19%] [34m[1mGenerating C++ introspection for ROS interfaces[0m
[4.662s] [ 22%] [32m[1mLinking C shared library libp_action_interfaces__rosidl_generator_c.so[0m
[4.716s] [ 22%] Built target p_action_interfaces__rosidl_generator_c
[4.734s] [ 29%] [34m[1mGenerating C type support dispatch for ROS interfaces[0m
[4.735s] [ 29%] [34m[1mGenerating C introspection for ROS interfaces[0m
[4.735s] [ 32%] [34m[1mGenerating C type support for eProsima Fast-RTPS[0m
[5.057s] [ 35%] [32mBuilding CXX object CMakeFiles/p_action_interfaces__rosidl_typesupport_cpp.dir/rosidl_typesupport_cpp/p_action_interfaces/action/go_to_point__type_support.cpp.o[0m
[5.267s] [ 38%] [32mBuilding CXX object CMakeFiles/p_action_interfaces__rosidl_typesupport_introspection_cpp.dir/rosidl_typesupport_introspection_cpp/p_action_interfaces/action/detail/go_to_point__type_support.cpp.o[0m
[5.377s] [ 41%] [32mBuilding CXX object CMakeFiles/p_action_interfaces__rosidl_typesupport_c.dir/rosidl_typesupport_c/p_action_interfaces/action/go_to_point__type_support.cpp.o[0m
[5.395s] [ 45%] [32mBuilding CXX object CMakeFiles/p_action_interfaces__rosidl_typesupport_fastrtps_cpp.dir/rosidl_typesupport_fastrtps_cpp/p_action_interfaces/action/detail/dds_fastrtps/go_to_point__type_support.cpp.o[0m
[5.490s] [ 48%] [32m[1mLinking CXX shared library libp_action_interfaces__rosidl_typesupport_c.so[0m
[5.520s] [ 51%] [32mBuilding CXX object CMakeFiles/p_action_interfaces__rosidl_typesupport_fastrtps_c.dir/rosidl_typesupport_fastrtps_c/p_action_interfaces/action/detail/go_to_point__type_support_c.cpp.o[0m
[5.575s] [ 54%] [32mBuilding C object CMakeFiles/p_action_interfaces__rosidl_typesupport_introspection_c.dir/rosidl_typesupport_introspection_c/p_action_interfaces/action/detail/go_to_point__type_support.c.o[0m
[5.605s] [ 54%] Built target p_action_interfaces__rosidl_typesupport_c
[5.677s] [ 58%] [32m[1mLinking C shared library libp_action_interfaces__rosidl_typesupport_introspection_c.so[0m
[5.736s] [ 58%] Built target p_action_interfaces__rosidl_typesupport_introspection_c
[5.827s] [ 61%] [32m[1mLinking CXX shared library libp_action_interfaces__rosidl_typesupport_cpp.so[0m
[5.892s] [ 61%] Built target p_action_interfaces__rosidl_typesupport_cpp
[6.209s] [ 64%] [32m[1mLinking CXX shared library libp_action_interfaces__rosidl_typesupport_fastrtps_c.so[0m
[6.234s] [ 67%] [32m[1mLinking CXX shared library libp_action_interfaces__rosidl_typesupport_introspection_cpp.so[0m
[6.253s] [ 70%] [32m[1mLinking CXX shared library libp_action_interfaces__rosidl_typesupport_fastrtps_cpp.so[0m
[6.347s] [ 70%] Built target p_action_interfaces__rosidl_typesupport_fastrtps_c
[6.370s] [ 70%] Built target p_action_interfaces__rosidl_typesupport_introspection_cpp
[6.399s] [ 70%] Built target p_action_interfaces__rosidl_typesupport_fastrtps_cpp
[6.427s] [ 70%] Built target p_action_interfaces
[6.458s] [ 74%] [34m[1mGenerating Python code for ROS interfaces[0m
[7.282s] [ 74%] Built target p_action_interfaces__py
[7.306s] [ 77%] [32mBuilding C object CMakeFiles/p_action_interfaces__rosidl_generator_py.dir/rosidl_generator_py/p_action_interfaces/action/_go_to_point_s.c.o[0m
[7.464s] [ 80%] [32m[1mLinking C shared library rosidl_generator_py/p_action_interfaces/libp_action_interfaces__rosidl_generator_py.so[0m
[7.511s] [ 80%] Built target p_action_interfaces__rosidl_generator_py
[7.535s] [ 83%] [32mBuilding C object CMakeFiles/p_action_interfaces__rosidl_typesupport_introspection_c__pyext.dir/rosidl_generator_py/p_action_interfaces/_p_action_interfaces_s.ep.rosidl_typesupport_introspection_c.c.o[0m
[7.535s] [ 90%] [32mBuilding C object CMakeFiles/p_action_interfaces__rosidl_typesupport_c__pyext.dir/rosidl_generator_py/p_action_interfaces/_p_action_interfaces_s.ep.rosidl_typesupport_c.c.o[0m
[7.535s] [ 90%] [32mBuilding C object CMakeFiles/p_action_interfaces__rosidl_typesupport_fastrtps_c__pyext.dir/rosidl_generator_py/p_action_interfaces/_p_action_interfaces_s.ep.rosidl_typesupport_fastrtps_c.c.o[0m
[7.677s] [100%] [32m[1mLinking C shared library rosidl_generator_py/p_action_interfaces/p_action_interfaces_s__rosidl_typesupport_c.cpython-310-x86_64-linux-gnu.so[0m
[7.677s] [100%] [32m[1mLinking C shared library rosidl_generator_py/p_action_interfaces/p_action_interfaces_s__rosidl_typesupport_introspection_c.cpython-310-x86_64-linux-gnu.so[0m
[7.677s] [100%] [32m[1mLinking C shared library rosidl_generator_py/p_action_interfaces/p_action_interfaces_s__rosidl_typesupport_fastrtps_c.cpython-310-x86_64-linux-gnu.so[0m
[7.726s] [100%] Built target p_action_interfaces__rosidl_typesupport_introspection_c__pyext
[7.726s] [100%] Built target p_action_interfaces__rosidl_typesupport_fastrtps_c__pyext
[7.727s] [100%] Built target p_action_interfaces__rosidl_typesupport_c__pyext
[7.741s] Invoked command in '/home/hans/ros2/task1/src/build/p_action_interfaces' returned '0': CMAKE_PREFIX_PATH=${CMAKE_PREFIX_PATH}:/home/hans/ros2/task1/install/ttbot_square:/home/hans/ros2/task1/install/ping_sonar_ros:/home/hans/ros2/task1/install/p_controller:/home/hans/ros2/task1/install/autonomous_rov:/opt/ros/humble /usr/bin/cmake --build /home/hans/ros2/task1/src/build/p_action_interfaces -- -j8 -l8
[7.742s] Invoking command in '/home/hans/ros2/task1/src/build/p_action_interfaces': CMAKE_PREFIX_PATH=${CMAKE_PREFIX_PATH}:/home/hans/ros2/task1/install/ttbot_square:/home/hans/ros2/task1/install/ping_sonar_ros:/home/hans/ros2/task1/install/p_controller:/home/hans/ros2/task1/install/autonomous_rov:/opt/ros/humble /usr/bin/cmake --install /home/hans/ros2/task1/src/build/p_action_interfaces
[7.752s] -- Install configuration: ""
[7.752s] -- Installing: /home/hans/ros2/task1/src/install/p_action_interfaces/share/ament_index/resource_index/rosidl_interfaces/p_action_interfaces
[7.752s] -- Installing: /home/hans/ros2/task1/src/install/p_action_interfaces/include/p_action_interfaces/p_action_interfaces
[7.752s] -- Installing: /home/hans/ros2/task1/src/install/p_action_interfaces/include/p_action_interfaces/p_action_interfaces/action
[7.752s] -- Installing: /home/hans/ros2/task1/src/install/p_action_interfaces/include/p_action_interfaces/p_action_interfaces/action/detail
[7.753s] -- Installing: /home/hans/ros2/task1/src/install/p_action_interfaces/include/p_action_interfaces/p_action_interfaces/action/detail/go_to_point__struct.h
[7.753s] -- Installing: /home/hans/ros2/task1/src/install/p_action_interfaces/include/p_action_interfaces/p_action_interfaces/action/detail/go_to_point__functions.c
[7.753s] -- Installing: /home/hans/ros2/task1/src/install/p_action_interfaces/include/p_action_interfaces/p_action_interfaces/action/detail/go_to_point__functions.h
[7.753s] -- Installing: /home/hans/ros2/task1/src/install/p_action_interfaces/include/p_action_interfaces/p_action_interfaces/action/detail/go_to_point__type_support.h
[7.753s] -- Installing: /home/hans/ros2/task1/src/install/p_action_interfaces/include/p_action_interfaces/p_action_interfaces/action/go_to_point.h
[7.753s] -- Installing: /home/hans/ros2/task1/src/install/p_action_interfaces/include/p_action_interfaces/p_action_interfaces/msg
[7.753s] -- Installing: /home/hans/ros2/task1/src/install/p_action_interfaces/include/p_action_interfaces/p_action_interfaces/msg/rosidl_generator_c__visibility_control.h
[7.753s] -- Installing: /home/hans/ros2/task1/src/install/p_action_interfaces/share/p_action_interfaces/environment/library_path.sh
[7.753s] -- Installing: /home/hans/ros2/task1/src/install/p_action_interfaces/share/p_action_interfaces/environment/library_path.dsv
[7.754s] -- Installing: /home/hans/ros2/task1/src/install/p_action_interfaces/lib/libp_action_interfaces__rosidl_generator_c.so
[7.754s] -- Set runtime path of "/home/hans/ros2/task1/src/install/p_action_interfaces/lib/libp_action_interfaces__rosidl_generator_c.so" to ""
[7.755s] -- Up-to-date: /home/hans/ros2/task1/src/install/p_action_interfaces/include/p_action_interfaces/p_action_interfaces
[7.755s] -- Up-to-date: /home/hans/ros2/task1/src/install/p_action_interfaces/include/p_action_interfaces/p_action_interfaces/action
[7.755s] -- Up-to-date: /home/hans/ros2/task1/src/install/p_action_interfaces/include/p_action_interfaces/p_action_interfaces/action/detail
[7.755s] -- Installing: /home/hans/ros2/task1/src/install/p_action_interfaces/include/p_action_interfaces/p_action_interfaces/action/detail/go_to_point__rosidl_typesupport_fastrtps_c.h
[7.755s] -- Up-to-date: /home/hans/ros2/task1/src/install/p_action_interfaces/include/p_action_interfaces/p_action_interfaces/msg
[7.755s] -- Installing: /home/hans/ros2/task1/src/install/p_action_interfaces/include/p_action_interfaces/p_action_interfaces/msg/rosidl_typesupport_fastrtps_c__visibility_control.h
[7.755s] -- Installing: /home/hans/ros2/task1/src/install/p_action_interfaces/lib/libp_action_interfaces__rosidl_typesupport_fastrtps_c.so
[7.756s] -- Set runtime path of "/home/hans/ros2/task1/src/install/p_action_interfaces/lib/libp_action_interfaces__rosidl_typesupport_fastrtps_c.so" to ""
[7.756s] -- Up-to-date: /home/hans/ros2/task1/src/install/p_action_interfaces/include/p_action_interfaces/p_action_interfaces
[7.756s] -- Up-to-date: /home/hans/ros2/task1/src/install/p_action_interfaces/include/p_action_interfaces/p_action_interfaces/action
[7.756s] -- Installing: /home/hans/ros2/task1/src/install/p_action_interfaces/include/p_action_interfaces/p_action_interfaces/action/go_to_point.hpp
[7.756s] -- Up-to-date: /home/hans/ros2/task1/src/install/p_action_interfaces/include/p_action_interfaces/p_action_interfaces/action/detail
[7.756s] -- Installing: /home/hans/ros2/task1/src/install/p_action_interfaces/include/p_action_interfaces/p_action_interfaces/action/detail/go_to_point__traits.hpp
[7.756s] -- Installing: /home/hans/ros2/task1/src/install/p_action_interfaces/include/p_action_interfaces/p_action_interfaces/action/detail/go_to_point__struct.hpp
[7.756s] -- Installing: /home/hans/ros2/task1/src/install/p_action_interfaces/include/p_action_interfaces/p_action_interfaces/action/detail/go_to_point__type_support.hpp
[7.757s] -- Installing: /home/hans/ros2/task1/src/install/p_action_interfaces/include/p_action_interfaces/p_action_interfaces/action/detail/go_to_point__builder.hpp
[7.757s] -- Up-to-date: /home/hans/ros2/task1/src/install/p_action_interfaces/include/p_action_interfaces/p_action_interfaces/msg
[7.757s] -- Installing: /home/hans/ros2/task1/src/install/p_action_interfaces/include/p_action_interfaces/p_action_interfaces/msg/rosidl_generator_cpp__visibility_control.hpp
[7.757s] -- Up-to-date: /home/hans/ros2/task1/src/install/p_action_interfaces/include/p_action_interfaces/p_action_interfaces
[7.757s] -- Up-to-date: /home/hans/ros2/task1/src/install/p_action_interfaces/include/p_action_interfaces/p_action_interfaces/action
[7.757s] -- Up-to-date: /home/hans/ros2/task1/src/install/p_action_interfaces/include/p_action_interfaces/p_action_interfaces/action/detail
[7.757s] -- Installing: /home/hans/ros2/task1/src/install/p_action_interfaces/include/p_action_interfaces/p_action_interfaces/action/detail/go_to_point__rosidl_typesupport_fastrtps_cpp.hpp
[7.757s] -- Installing: /home/hans/ros2/task1/src/install/p_action_interfaces/include/p_action_interfaces/p_action_interfaces/action/detail/dds_fastrtps
[7.757s] -- Up-to-date: /home/hans/ros2/task1/src/install/p_action_interfaces/include/p_action_interfaces/p_action_interfaces/msg
[7.757s] -- Installing: /home/hans/ros2/task1/src/install/p_action_interfaces/include/p_action_interfaces/p_action_interfaces/msg/rosidl_typesupport_fastrtps_cpp__visibility_control.h
[7.757s] -- Installing: /home/hans/ros2/task1/src/install/p_action_interfaces/lib/libp_action_interfaces__rosidl_typesupport_fastrtps_cpp.so
[7.758s] -- Set runtime path of "/home/hans/ros2/task1/src/install/p_action_interfaces/lib/libp_action_interfaces__rosidl_typesupport_fastrtps_cpp.so" to ""
[7.758s] -- Up-to-date: /home/hans/ros2/task1/src/install/p_action_interfaces/include/p_action_interfaces/p_action_interfaces
[7.758s] -- Up-to-date: /home/hans/ros2/task1/src/install/p_action_interfaces/include/p_action_interfaces/p_action_interfaces/action
[7.758s] -- Up-to-date: /home/hans/ros2/task1/src/install/p_action_interfaces/include/p_action_interfaces/p_action_interfaces/action/detail
[7.758s] -- Installing: /home/hans/ros2/task1/src/install/p_action_interfaces/include/p_action_interfaces/p_action_interfaces/action/detail/go_to_point__rosidl_typesupport_introspection_c.h
[7.758s] -- Installing: /home/hans/ros2/task1/src/install/p_action_interfaces/include/p_action_interfaces/p_action_interfaces/action/detail/go_to_point__type_support.c
[7.759s] -- Up-to-date: /home/hans/ros2/task1/src/install/p_action_interfaces/include/p_action_interfaces/p_action_interfaces/msg
[7.759s] -- Installing: /home/hans/ros2/task1/src/install/p_action_interfaces/include/p_action_interfaces/p_action_interfaces/msg/rosidl_typesupport_introspection_c__visibility_control.h
[7.759s] -- Installing: /home/hans/ros2/task1/src/install/p_action_interfaces/lib/libp_action_interfaces__rosidl_typesupport_introspection_c.so
[7.759s] -- Set runtime path of "/home/hans/ros2/task1/src/install/p_action_interfaces/lib/libp_action_interfaces__rosidl_typesupport_introspection_c.so" to ""
[7.759s] -- Installing: /home/hans/ros2/task1/src/install/p_action_interfaces/lib/libp_action_interfaces__rosidl_typesupport_c.so
[7.760s] -- Set runtime path of "/home/hans/ros2/task1/src/install/p_action_interfaces/lib/libp_action_interfaces__rosidl_typesupport_c.so" to ""
[7.760s] -- Up-to-date: /home/hans/ros2/task1/src/install/p_action_interfaces/include/p_action_interfaces/p_action_interfaces
[7.760s] -- Up-to-date: /home/hans/ros2/task1/src/install/p_action_interfaces/include/p_action_interfaces/p_action_interfaces/action
[7.760s] -- Up-to-date: /home/hans/ros2/task1/src/install/p_action_interfaces/include/p_action_interfaces/p_action_interfaces/action/detail
[7.760s] -- Installing: /home/hans/ros2/task1/src/install/p_action_interfaces/include/p_action_interfaces/p_action_interfaces/action/detail/go_to_point__rosidl_typesupport_introspection_cpp.hpp
[7.760s] -- Installing: /home/hans/ros2/task1/src/install/p_action_interfaces/include/p_action_interfaces/p_action_interfaces/action/detail/go_to_point__type_support.cpp
[7.760s] -- Installing: /home/hans/ros2/task1/src/install/p_action_interfaces/lib/libp_action_interfaces__rosidl_typesupport_introspection_cpp.so
[7.761s] -- Set runtime path of "/home/hans/ros2/task1/src/install/p_action_interfaces/lib/libp_action_interfaces__rosidl_typesupport_introspection_cpp.so" to ""
[7.761s] -- Installing: /home/hans/ros2/task1/src/install/p_action_interfaces/lib/libp_action_interfaces__rosidl_typesupport_cpp.so
[7.762s] -- Set runtime path of "/home/hans/ros2/task1/src/install/p_action_interfaces/lib/libp_action_interfaces__rosidl_typesupport_cpp.so" to ""
[7.762s] -- Installing: /home/hans/ros2/task1/src/install/p_action_interfaces/share/p_action_interfaces/environment/pythonpath.sh
[7.762s] -- Installing: /home/hans/ros2/task1/src/install/p_action_interfaces/share/p_action_interfaces/environment/pythonpath.dsv
[7.762s] -- Installing: /home/hans/ros2/task1/src/install/p_action_interfaces/local/lib/python3.10/dist-packages/p_action_interfaces-0.0.0-py3.10.egg-info
[7.762s] -- Installing: /home/hans/ros2/task1/src/install/p_action_interfaces/local/lib/python3.10/dist-packages/p_action_interfaces-0.0.0-py3.10.egg-info/SOURCES.txt
[7.762s] -- Installing: /home/hans/ros2/task1/src/install/p_action_interfaces/local/lib/python3.10/dist-packages/p_action_interfaces-0.0.0-py3.10.egg-info/top_level.txt
[7.763s] -- Installing: /home/hans/ros2/task1/src/install/p_action_interfaces/local/lib/python3.10/dist-packages/p_action_interfaces-0.0.0-py3.10.egg-info/dependency_links.txt
[7.763s] -- Installing: /home/hans/ros2/task1/src/install/p_action_interfaces/local/lib/python3.10/dist-packages/p_action_interfaces-0.0.0-py3.10.egg-info/PKG-INFO
[7.763s] -- Installing: /home/hans/ros2/task1/src/install/p_action_interfaces/local/lib/python3.10/dist-packages/p_action_interfaces
[7.763s] -- Installing: /home/hans/ros2/task1/src/install/p_action_interfaces/local/lib/python3.10/dist-packages/p_action_interfaces/_p_action_interfaces_s.ep.rosidl_typesupport_fastrtps_c.c
[7.763s] -- Installing: /home/hans/ros2/task1/src/install/p_action_interfaces/local/lib/python3.10/dist-packages/p_action_interfaces/action
[7.763s] -- Installing: /home/hans/ros2/task1/src/install/p_action_interfaces/local/lib/python3.10/dist-packages/p_action_interfaces/action/_go_to_point_s.c
[7.763s] -- Installing: /home/hans/ros2/task1/src/install/p_action_interfaces/local/lib/python3.10/dist-packages/p_action_interfaces/action/_go_to_point.py
[7.763s] -- Installing: /home/hans/ros2/task1/src/install/p_action_interfaces/local/lib/python3.10/dist-packages/p_action_interfaces/action/__init__.py
[7.764s] -- Installing: /home/hans/ros2/task1/src/install/p_action_interfaces/local/lib/python3.10/dist-packages/p_action_interfaces/p_action_interfaces_s__rosidl_typesupport_fastrtps_c.cpython-310-x86_64-linux-gnu.so
[7.764s] -- Installing: /home/hans/ros2/task1/src/install/p_action_interfaces/local/lib/python3.10/dist-packages/p_action_interfaces/_p_action_interfaces_s.ep.rosidl_typesupport_introspection_c.c
[7.764s] -- Installing: /home/hans/ros2/task1/src/install/p_action_interfaces/local/lib/python3.10/dist-packages/p_action_interfaces/_p_action_interfaces_s.ep.rosidl_typesupport_c.c
[7.764s] -- Installing: /home/hans/ros2/task1/src/install/p_action_interfaces/local/lib/python3.10/dist-packages/p_action_interfaces/p_action_interfaces_s__rosidl_typesupport_c.cpython-310-x86_64-linux-gnu.so
[7.764s] -- Installing: /home/hans/ros2/task1/src/install/p_action_interfaces/local/lib/python3.10/dist-packages/p_action_interfaces/__init__.py
[7.765s] -- Installing: /home/hans/ros2/task1/src/install/p_action_interfaces/local/lib/python3.10/dist-packages/p_action_interfaces/libp_action_interfaces__rosidl_generator_py.so
[7.765s] -- Installing: /home/hans/ros2/task1/src/install/p_action_interfaces/local/lib/python3.10/dist-packages/p_action_interfaces/p_action_interfaces_s__rosidl_typesupport_introspection_c.cpython-310-x86_64-linux-gnu.so
[7.810s] Listing '/home/hans/ros2/task1/src/install/p_action_interfaces/local/lib/python3.10/dist-packages/p_action_interfaces'...
[7.810s] Compiling '/home/hans/ros2/task1/src/install/p_action_interfaces/local/lib/python3.10/dist-packages/p_action_interfaces/__init__.py'...
[7.810s] Listing '/home/hans/ros2/task1/src/install/p_action_interfaces/local/lib/python3.10/dist-packages/p_action_interfaces/action'...
[7.810s] Compiling '/home/hans/ros2/task1/src/install/p_action_interfaces/local/lib/python3.10/dist-packages/p_action_interfaces/action/__init__.py'...
[7.810s] Compiling '/home/hans/ros2/task1/src/install/p_action_interfaces/local/lib/python3.10/dist-packages/p_action_interfaces/action/_go_to_point.py'...
[7.815s] -- Installing: /home/hans/ros2/task1/src/install/p_action_interfaces/local/lib/python3.10/dist-packages/p_action_interfaces/p_action_interfaces_s__rosidl_typesupport_fastrtps_c.cpython-310-x86_64-linux-gnu.so
[7.816s] -- Set runtime path of "/home/hans/ros2/task1/src/install/p_action_interfaces/local/lib/python3.10/dist-packages/p_action_interfaces/p_action_interfaces_s__rosidl_typesupport_fastrtps_c.cpython-310-x86_64-linux-gnu.so" to ""
[7.816s] -- Installing: /home/hans/ros2/task1/src/install/p_action_interfaces/local/lib/python3.10/dist-packages/p_action_interfaces/p_action_interfaces_s__rosidl_typesupport_introspection_c.cpython-310-x86_64-linux-gnu.so
[7.816s] -- Set runtime path of "/home/hans/ros2/task1/src/install/p_action_interfaces/local/lib/python3.10/dist-packages/p_action_interfaces/p_action_interfaces_s__rosidl_typesupport_introspection_c.cpython-310-x86_64-linux-gnu.so" to ""
[7.817s] -- Installing: /home/hans/ros2/task1/src/install/p_action_interfaces/local/lib/python3.10/dist-packages/p_action_interfaces/p_action_interfaces_s__rosidl_typesupport_c.cpython-310-x86_64-linux-gnu.so
[7.817s] -- Set runtime path of "/home/hans/ros2/task1/src/install/p_action_interfaces/local/lib/python3.10/dist-packages/p_action_interfaces/p_action_interfaces_s__rosidl_typesupport_c.cpython-310-x86_64-linux-gnu.so" to ""
[7.817s] -- Installing: /home/hans/ros2/task1/src/install/p_action_interfaces/lib/libp_action_interfaces__rosidl_generator_py.so
[7.818s] -- Set runtime path of "/home/hans/ros2/task1/src/install/p_action_interfaces/lib/libp_action_interfaces__rosidl_generator_py.so" to ""
[7.818s] -- Installing: /home/hans/ros2/task1/src/install/p_action_interfaces/share/p_action_interfaces/action/GoToPoint.idl
[7.818s] -- Installing: /home/hans/ros2/task1/src/install/p_action_interfaces/share/p_action_interfaces/action/GoToPoint.action
[7.819s] -- Installing: /home/hans/ros2/task1/src/install/p_action_interfaces/share/ament_index/resource_index/package_run_dependencies/p_action_interfaces
[7.819s] -- Installing: /home/hans/ros2/task1/src/install/p_action_interfaces/share/ament_index/resource_index/parent_prefix_path/p_action_interfaces
[7.819s] -- Installing: /home/hans/ros2/task1/src/install/p_action_interfaces/share/p_action_interfaces/environment/ament_prefix_path.sh
[7.819s] -- Installing: /home/hans/ros2/task1/src/install/p_action_interfaces/share/p_action_interfaces/environment/ament_prefix_path.dsv
[7.820s] -- Installing: /home/hans/ros2/task1/src/install/p_action_interfaces/share/p_action_interfaces/environment/path.sh
[7.820s] -- Installing: /home/hans/ros2/task1/src/install/p_action_interfaces/share/p_action_interfaces/environment/path.dsv
[7.820s] -- Installing: /home/hans/ros2/task1/src/install/p_action_interfaces/share/p_action_interfaces/local_setup.bash
[7.820s] -- Installing: /home/hans/ros2/task1/src/install/p_action_interfaces/share/p_action_interfaces/local_setup.sh
[7.820s] -- Installing: /home/hans/ros2/task1/src/install/p_action_interfaces/share/p_action_interfaces/local_setup.zsh
[7.820s] -- Installing: /home/hans/ros2/task1/src/install/p_action_interfaces/share/p_action_interfaces/local_setup.dsv
[7.821s] -- Installing: /home/hans/ros2/task1/src/install/p_action_interfaces/share/p_action_interfaces/package.dsv
[7.821s] -- Installing: /home/hans/ros2/task1/src/install/p_action_interfaces/share/ament_index/resource_index/packages/p_action_interfaces
[7.821s] -- Installing: /home/hans/ros2/task1/src/install/p_action_interfaces/share/p_action_interfaces/cmake/export_p_action_interfaces__rosidl_generator_cExport.cmake
[7.821s] -- Installing: /home/hans/ros2/task1/src/install/p_action_interfaces/share/p_action_interfaces/cmake/export_p_action_interfaces__rosidl_generator_cExport-noconfig.cmake
[7.822s] -- Installing: /home/hans/ros2/task1/src/install/p_action_interfaces/share/p_action_interfaces/cmake/export_p_action_interfaces__rosidl_typesupport_fastrtps_cExport.cmake
[7.822s] -- Installing: /home/hans/ros2/task1/src/install/p_action_interfaces/share/p_action_interfaces/cmake/export_p_action_interfaces__rosidl_typesupport_fastrtps_cExport-noconfig.cmake
[7.822s] -- Installing: /home/hans/ros2/task1/src/install/p_action_interfaces/share/p_action_interfaces/cmake/export_p_action_interfaces__rosidl_generator_cppExport.cmake
[7.822s] -- Installing: /home/hans/ros2/task1/src/install/p_action_interfaces/share/p_action_interfaces/cmake/export_p_action_interfaces__rosidl_typesupport_fastrtps_cppExport.cmake
[7.823s] -- Installing: /home/hans/ros2/task1/src/install/p_action_interfaces/share/p_action_interfaces/cmake/export_p_action_interfaces__rosidl_typesupport_fastrtps_cppExport-noconfig.cmake
[7.823s] -- Installing: /home/hans/ros2/task1/src/install/p_action_interfaces/share/p_action_interfaces/cmake/p_action_interfaces__rosidl_typesupport_introspection_cExport.cmake
[7.823s] -- Installing: /home/hans/ros2/task1/src/install/p_action_interfaces/share/p_action_interfaces/cmake/p_action_interfaces__rosidl_typesupport_introspection_cExport-noconfig.cmake
[7.823s] -- Installing: /home/hans/ros2/task1/src/install/p_action_interfaces/share/p_action_interfaces/cmake/p_action_interfaces__rosidl_typesupport_cExport.cmake
[7.824s] -- Installing: /home/hans/ros2/task1/src/install/p_action_interfaces/share/p_action_interfaces/cmake/p_action_interfaces__rosidl_typesupport_cExport-noconfig.cmake
[7.824s] -- Installing: /home/hans/ros2/task1/src/install/p_action_interfaces/share/p_action_interfaces/cmake/p_action_interfaces__rosidl_typesupport_introspection_cppExport.cmake
[7.824s] -- Installing: /home/hans/ros2/task1/src/install/p_action_interfaces/share/p_action_interfaces/cmake/p_action_interfaces__rosidl_typesupport_introspection_cppExport-noconfig.cmake
[7.824s] -- Installing: /home/hans/ros2/task1/src/install/p_action_interfaces/share/p_action_interfaces/cmake/p_action_interfaces__rosidl_typesupport_cppExport.cmake
[7.824s] -- Installing: /home/hans/ros2/task1/src/install/p_action_interfaces/share/p_action_interfaces/cmake/p_action_interfaces__rosidl_typesupport_cppExport-noconfig.cmake
[7.825s] -- Installing: /home/hans/ros2/task1/src/install/p_action_interfaces/share/p_action_interfaces/cmake/export_p_action_interfaces__rosidl_generator_pyExport.cmake
[7.825s] -- Installing: /home/hans/ros2/task1/src/install/p_action_interfaces/share/p_action_interfaces/cmake/export_p_action_interfaces__rosidl_generator_pyExport-noconfig.cmake
[7.825s] -- Installing: /home/hans/ros2/task1/src/install/p_action_interfaces/share/p_action_interfaces/cmake/rosidl_cmake-extras.cmake
[7.825s] -- Installing: /home/hans/ros2/task1/src/install/p_action_interfaces/share/p_action_interfaces/cmake/ament_cmake_export_dependencies-extras.cmake
[7.826s] -- Installing: /home/hans/ros2/task1/src/install/p_action_interfaces/share/p_action_interfaces/cmake/ament_cmake_export_include_directories-extras.cmake
[7.826s] -- Installing: /home/hans/ros2/task1/src/install/p_action_interfaces/share/p_action_interfaces/cmake/ament_cmake_export_libraries-extras.cmake
[7.826s] -- Installing: /home/hans/ros2/task1/src/install/p_action_interfaces/share/p_action_interfaces/cmake/ament_cmake_export_targets-extras.cmake
[7.826s] -- Installing: /home/hans/ros2/task1/src/install/p_action_interfaces/share/p_action_interfaces/cmake/rosidl_cmake_export_typesupport_targets-extras.cmake
[7.826s] -- Installing: /home/hans/ros2/task1/src/install/p_action_interfaces/share/p_action_interfaces/cmake/rosidl_cmake_export_typesupport_libraries-extras.cmake
[7.827s] -- Installing: /home/hans/ros2/task1/src/install/p_action_interfaces/share/p_action_interfaces/cmake/p_action_interfacesConfig.cmake
[7.827s] -- Installing: /home/hans/ros2/task1/src/install/p_action_interfaces/share/p_action_interfaces/cmake/p_action_interfacesConfig-version.cmake
[7.827s] -- Installing: /home/hans/ros2/task1/src/install/p_action_interfaces/share/p_action_interfaces/package.xml
[7.831s] Invoked command in '/home/hans/ros2/task1/src/build/p_action_interfaces' returned '0': CMAKE_PREFIX_PATH=${CMAKE_PREFIX_PATH}:/home/hans/ros2/task1/install/ttbot_square:/home/hans/ros2/task1/install/ping_sonar_ros:/home/hans/ros2/task1/install/p_controller:/home/hans/ros2/task1/install/autonomous_rov:/opt/ros/humble /usr/bin/cmake --install /home/hans/ros2/task1/src/build/p_action_interfaces
