[0.828s] Invoking command in '/home/hans/ros2/task1/build/p_controller': AMENT_PREFIX_PATH=/home/hans/ros2/task1/install/p_interfaces:${AMENT_PREFIX_PATH} CMAKE_PREFIX_PATH=/home/hans/ros2/task1/install/p_interfaces:${CMAKE_PREFIX_PATH} LD_LIBRARY_PATH=/home/hans/ros2/task1/install/p_interfaces/lib:${LD_LIBRARY_PATH} PYTHONPATH=/home/hans/ros2/task1/build/p_controller/prefix_override:/usr/lib/python3/dist-packages/colcon_core/task/python/colcon_distutils_commands:/home/hans/ros2/task1/install/p_controller/lib/python3.10/site-packages:/home/hans/ros2/task1/install/p_interfaces/local/lib/python3.10/dist-packages:${PYTHONPATH} /usr/bin/python3 -W ignore:setup.py install is deprecated -W ignore:easy_install command is deprecated setup.py develop --uninstall --editable --build-directory /home/hans/ros2/task1/build/p_controller/build
[1.183s] running develop
[1.402s] Removing /home/hans/ros2/task1/install/p_controller/lib/python3.10/site-packages/p-controller.egg-link (link to .)
[1.437s] Invoked command in '/home/hans/ros2/task1/build/p_controller' returned '0': AMENT_PREFIX_PATH=/home/hans/ros2/task1/install/p_interfaces:${AMENT_PREFIX_PATH} CMAKE_PREFIX_PATH=/home/hans/ros2/task1/install/p_interfaces:${CMAKE_PREFIX_PATH} LD_LIBRARY_PATH=/home/hans/ros2/task1/install/p_interfaces/lib:${LD_LIBRARY_PATH} PYTHONPATH=/home/hans/ros2/task1/build/p_controller/prefix_override:/usr/lib/python3/dist-packages/colcon_core/task/python/colcon_distutils_commands:/home/hans/ros2/task1/install/p_controller/lib/python3.10/site-packages:/home/hans/ros2/task1/install/p_interfaces/local/lib/python3.10/dist-packages:${PYTHONPATH} /usr/bin/python3 -W ignore:setup.py install is deprecated -W ignore:easy_install command is deprecated setup.py develop --uninstall --editable --build-directory /home/hans/ros2/task1/build/p_controller/build
[1.440s] Invoking command in '/home/hans/ros2/task1/src/p_controller': AMENT_PREFIX_PATH=/home/hans/ros2/task1/install/p_interfaces:${AMENT_PREFIX_PATH} CMAKE_PREFIX_PATH=/home/hans/ros2/task1/install/p_interfaces:${CMAKE_PREFIX_PATH} LD_LIBRARY_PATH=/home/hans/ros2/task1/install/p_interfaces/lib:${LD_LIBRARY_PATH} PYTHONPATH=/home/hans/ros2/task1/build/p_controller/prefix_override:/usr/lib/python3/dist-packages/colcon_core/task/python/colcon_distutils_commands:/home/hans/ros2/task1/install/p_controller/lib/python3.10/site-packages:/home/hans/ros2/task1/install/p_interfaces/local/lib/python3.10/dist-packages:${PYTHONPATH} /usr/bin/python3 -W ignore:setup.py install is deprecated -W ignore:easy_install command is deprecated setup.py egg_info --egg-base ../../build/p_controller build --build-base /home/hans/ros2/task1/build/p_controller/build install --record /home/hans/ros2/task1/build/p_controller/install.log --single-version-externally-managed install_data --force
[1.765s] running egg_info
[1.767s] writing ../../build/p_controller/p_controller.egg-info/PKG-INFO
[1.768s] writing dependency_links to ../../build/p_controller/p_controller.egg-info/dependency_links.txt
[1.768s] writing entry points to ../../build/p_controller/p_controller.egg-info/entry_points.txt
[1.769s] writing requirements to ../../build/p_controller/p_controller.egg-info/requires.txt
[1.769s] writing top-level names to ../../build/p_controller/p_controller.egg-info/top_level.txt
[1.773s] reading manifest file '../../build/p_controller/p_controller.egg-info/SOURCES.txt'
[1.775s] writing manifest file '../../build/p_controller/p_controller.egg-info/SOURCES.txt'
[1.775s] running build
[1.775s] running build_py
[1.775s] creating /home/hans/ros2/task1/build/p_controller/build
[1.776s] creating /home/hans/ros2/task1/build/p_controller/build/lib
[1.776s] creating /home/hans/ros2/task1/build/p_controller/build/lib/p_controller
[1.777s] copying p_controller/controller_subscriber.py -> /home/hans/ros2/task1/build/p_controller/build/lib/p_controller
[1.777s] copying p_controller/circle_controller.py -> /home/hans/ros2/task1/build/p_controller/build/lib/p_controller
[1.777s] copying p_controller/__init__.py -> /home/hans/ros2/task1/build/p_controller/build/lib/p_controller
[1.777s] running install
[1.778s] running install_lib
[1.779s] creating /home/hans/ros2/task1/install/p_controller/lib/python3.10/site-packages/p_controller
[1.780s] copying /home/hans/ros2/task1/build/p_controller/build/lib/p_controller/controller_subscriber.py -> /home/hans/ros2/task1/install/p_controller/lib/python3.10/site-packages/p_controller
[1.780s] copying /home/hans/ros2/task1/build/p_controller/build/lib/p_controller/circle_controller.py -> /home/hans/ros2/task1/install/p_controller/lib/python3.10/site-packages/p_controller
[1.780s] copying /home/hans/ros2/task1/build/p_controller/build/lib/p_controller/__init__.py -> /home/hans/ros2/task1/install/p_controller/lib/python3.10/site-packages/p_controller
[1.781s] byte-compiling /home/hans/ros2/task1/install/p_controller/lib/python3.10/site-packages/p_controller/controller_subscriber.py to controller_subscriber.cpython-310.pyc
[1.782s] byte-compiling /home/hans/ros2/task1/install/p_controller/lib/python3.10/site-packages/p_controller/circle_controller.py to circle_controller.cpython-310.pyc
[1.783s] byte-compiling /home/hans/ros2/task1/install/p_controller/lib/python3.10/site-packages/p_controller/__init__.py to __init__.cpython-310.pyc
[1.784s] running install_data
[1.784s] copying resource/p_controller -> /home/hans/ros2/task1/install/p_controller/share/ament_index/resource_index/packages
[1.784s] copying package.xml -> /home/hans/ros2/task1/install/p_controller/share/p_controller
[1.785s] running install_egg_info
[1.788s] Copying ../../build/p_controller/p_controller.egg-info to /home/hans/ros2/task1/install/p_controller/lib/python3.10/site-packages/p_controller-0.0.0-py3.10.egg-info
[1.790s] running install_scripts
[1.825s] Installing circle_controller script to /home/hans/ros2/task1/install/p_controller/lib/p_controller
[1.826s] Installing controller_sub script to /home/hans/ros2/task1/install/p_controller/lib/p_controller
[1.826s] writing list of installed files to '/home/hans/ros2/task1/build/p_controller/install.log'
[1.856s] Invoked command in '/home/hans/ros2/task1/src/p_controller' returned '0': AMENT_PREFIX_PATH=/home/hans/ros2/task1/install/p_interfaces:${AMENT_PREFIX_PATH} CMAKE_PREFIX_PATH=/home/hans/ros2/task1/install/p_interfaces:${CMAKE_PREFIX_PATH} LD_LIBRARY_PATH=/home/hans/ros2/task1/install/p_interfaces/lib:${LD_LIBRARY_PATH} PYTHONPATH=/home/hans/ros2/task1/build/p_controller/prefix_override:/usr/lib/python3/dist-packages/colcon_core/task/python/colcon_distutils_commands:/home/hans/ros2/task1/install/p_controller/lib/python3.10/site-packages:/home/hans/ros2/task1/install/p_interfaces/local/lib/python3.10/dist-packages:${PYTHONPATH} /usr/bin/python3 -W ignore:setup.py install is deprecated -W ignore:easy_install command is deprecated setup.py egg_info --egg-base ../../build/p_controller build --build-base /home/hans/ros2/task1/build/p_controller/build install --record /home/hans/ros2/task1/build/p_controller/install.log --single-version-externally-managed install_data --force
