running egg_info
creating ../../build/p_action_example/p_action_example.egg-info
writing ../../build/p_action_example/p_action_example.egg-info/PKG-INFO
writing dependency_links to ../../build/p_action_example/p_action_example.egg-info/dependency_links.txt
writing entry points to ../../build/p_action_example/p_action_example.egg-info/entry_points.txt
writing requirements to ../../build/p_action_example/p_action_example.egg-info/requires.txt
writing top-level names to ../../build/p_action_example/p_action_example.egg-info/top_level.txt
writing manifest file '../../build/p_action_example/p_action_example.egg-info/SOURCES.txt'
reading manifest file '../../build/p_action_example/p_action_example.egg-info/SOURCES.txt'
adding license file 'LICENSE'
writing manifest file '../../build/p_action_example/p_action_example.egg-info/SOURCES.txt'
running build
running build_py
creating /home/hans/ros2/task1/build/p_action_example/build
creating /home/hans/ros2/task1/build/p_action_example/build/lib
creating /home/hans/ros2/task1/build/p_action_example/build/lib/p_action_example
copying p_action_example/p_action_server.py -> /home/hans/ros2/task1/build/p_action_example/build/lib/p_action_example
copying p_action_example/__init__.py -> /home/hans/ros2/task1/build/p_action_example/build/lib/p_action_example
running install
running install_lib
creating /home/hans/ros2/task1/install/p_action_example/lib/python3.10/site-packages/p_action_example
copying /home/hans/ros2/task1/build/p_action_example/build/lib/p_action_example/p_action_server.py -> /home/hans/ros2/task1/install/p_action_example/lib/python3.10/site-packages/p_action_example
copying /home/hans/ros2/task1/build/p_action_example/build/lib/p_action_example/__init__.py -> /home/hans/ros2/task1/install/p_action_example/lib/python3.10/site-packages/p_action_example
byte-compiling /home/hans/ros2/task1/install/p_action_example/lib/python3.10/site-packages/p_action_example/p_action_server.py to p_action_server.cpython-310.pyc
byte-compiling /home/hans/ros2/task1/install/p_action_example/lib/python3.10/site-packages/p_action_example/__init__.py to __init__.cpython-310.pyc
running install_data
creating /home/hans/ros2/task1/install/p_action_example/share/ament_index
creating /home/hans/ros2/task1/install/p_action_example/share/ament_index/resource_index
creating /home/hans/ros2/task1/install/p_action_example/share/ament_index/resource_index/packages
copying resource/p_action_example -> /home/hans/ros2/task1/install/p_action_example/share/ament_index/resource_index/packages
copying package.xml -> /home/hans/ros2/task1/install/p_action_example/share/p_action_example
running install_egg_info
Copying ../../build/p_action_example/p_action_example.egg-info to /home/hans/ros2/task1/install/p_action_example/lib/python3.10/site-packages/p_action_example-0.0.0-py3.10.egg-info
running install_scripts
Installing p_action_server script to /home/hans/ros2/task1/install/p_action_example/lib/p_action_example
writing list of installed files to '/home/hans/ros2/task1/build/p_action_example/install.log'
