[1.997s] Invoking command in '/home/hans/ros2/task1/src/p_action_example': PYTHONPATH=/home/hans/ros2/task1/build/p_action_example/prefix_override:/usr/lib/python3/dist-packages/colcon_core/task/python/colcon_distutils_commands:/home/hans/ros2/task1/install/p_action_example/lib/python3.10/site-packages:${PYTHONPATH} /usr/bin/python3 -W ignore:setup.py install is deprecated -W ignore:easy_install command is deprecated setup.py egg_info --egg-base ../../build/p_action_example build --build-base /home/hans/ros2/task1/build/p_action_example/build install --record /home/hans/ros2/task1/build/p_action_example/install.log --single-version-externally-managed install_data
[2.324s] running egg_info
[2.326s] creating ../../build/p_action_example/p_action_example.egg-info
[2.326s] writing ../../build/p_action_example/p_action_example.egg-info/PKG-INFO
[2.327s] writing dependency_links to ../../build/p_action_example/p_action_example.egg-info/dependency_links.txt
[2.327s] writing entry points to ../../build/p_action_example/p_action_example.egg-info/entry_points.txt
[2.327s] writing requirements to ../../build/p_action_example/p_action_example.egg-info/requires.txt
[2.327s] writing top-level names to ../../build/p_action_example/p_action_example.egg-info/top_level.txt
[2.327s] writing manifest file '../../build/p_action_example/p_action_example.egg-info/SOURCES.txt'
[2.330s] reading manifest file '../../build/p_action_example/p_action_example.egg-info/SOURCES.txt'
[2.330s] adding license file 'LICENSE'
[2.331s] writing manifest file '../../build/p_action_example/p_action_example.egg-info/SOURCES.txt'
[2.331s] running build
[2.331s] running build_py
[2.331s] creating /home/hans/ros2/task1/build/p_action_example/build
[2.332s] creating /home/hans/ros2/task1/build/p_action_example/build/lib
[2.332s] creating /home/hans/ros2/task1/build/p_action_example/build/lib/p_action_example
[2.332s] copying p_action_example/p_action_server.py -> /home/hans/ros2/task1/build/p_action_example/build/lib/p_action_example
[2.332s] copying p_action_example/__init__.py -> /home/hans/ros2/task1/build/p_action_example/build/lib/p_action_example
[2.332s] running install
[2.333s] running install_lib
[2.334s] creating /home/hans/ros2/task1/install/p_action_example/lib/python3.10/site-packages/p_action_example
[2.334s] copying /home/hans/ros2/task1/build/p_action_example/build/lib/p_action_example/p_action_server.py -> /home/hans/ros2/task1/install/p_action_example/lib/python3.10/site-packages/p_action_example
[2.334s] copying /home/hans/ros2/task1/build/p_action_example/build/lib/p_action_example/__init__.py -> /home/hans/ros2/task1/install/p_action_example/lib/python3.10/site-packages/p_action_example
[2.335s] byte-compiling /home/hans/ros2/task1/install/p_action_example/lib/python3.10/site-packages/p_action_example/p_action_server.py to p_action_server.cpython-310.pyc
[2.336s] byte-compiling /home/hans/ros2/task1/install/p_action_example/lib/python3.10/site-packages/p_action_example/__init__.py to __init__.cpython-310.pyc
[2.337s] running install_data
[2.337s] creating /home/hans/ros2/task1/install/p_action_example/share/ament_index
[2.337s] creating /home/hans/ros2/task1/install/p_action_example/share/ament_index/resource_index
[2.337s] creating /home/hans/ros2/task1/install/p_action_example/share/ament_index/resource_index/packages
[2.337s] copying resource/p_action_example -> /home/hans/ros2/task1/install/p_action_example/share/ament_index/resource_index/packages
[2.338s] copying package.xml -> /home/hans/ros2/task1/install/p_action_example/share/p_action_example
[2.338s] running install_egg_info
[2.340s] Copying ../../build/p_action_example/p_action_example.egg-info to /home/hans/ros2/task1/install/p_action_example/lib/python3.10/site-packages/p_action_example-0.0.0-py3.10.egg-info
[2.341s] running install_scripts
[2.370s] Installing p_action_server script to /home/hans/ros2/task1/install/p_action_example/lib/p_action_example
[2.371s] writing list of installed files to '/home/hans/ros2/task1/build/p_action_example/install.log'
[2.412s] Invoked command in '/home/hans/ros2/task1/src/p_action_example' returned '0': PYTHONPATH=/home/hans/ros2/task1/build/p_action_example/prefix_override:/usr/lib/python3/dist-packages/colcon_core/task/python/colcon_distutils_commands:/home/hans/ros2/task1/install/p_action_example/lib/python3.10/site-packages:${PYTHONPATH} /usr/bin/python3 -W ignore:setup.py install is deprecated -W ignore:easy_install command is deprecated setup.py egg_info --egg-base ../../build/p_action_example build --build-base /home/hans/ros2/task1/build/p_action_example/build install --record /home/hans/ros2/task1/build/p_action_example/install.log --single-version-externally-managed install_data
