[0.683s] Invoking command in '/home/hans/ros2/task1/src/p_action_example': PYTHONPATH=/home/hans/ros2/task1/build/p_action_example/prefix_override:/usr/lib/python3/dist-packages/colcon_core/task/python/colcon_distutils_commands:/home/hans/ros2/task1/install/p_action_example/lib/python3.10/site-packages:${PYTHONPATH} /usr/bin/python3 -W ignore:setup.py install is deprecated -W ignore:easy_install command is deprecated setup.py egg_info --egg-base ../../build/p_action_example build --build-base /home/hans/ros2/task1/build/p_action_example/build install --record /home/hans/ros2/task1/build/p_action_example/install.log --single-version-externally-managed install_data
[1.014s] running egg_info
[1.016s] writing ../../build/p_action_example/p_action_example.egg-info/PKG-INFO
[1.016s] writing dependency_links to ../../build/p_action_example/p_action_example.egg-info/dependency_links.txt
[1.016s] writing entry points to ../../build/p_action_example/p_action_example.egg-info/entry_points.txt
[1.016s] writing requirements to ../../build/p_action_example/p_action_example.egg-info/requires.txt
[1.016s] writing top-level names to ../../build/p_action_example/p_action_example.egg-info/top_level.txt
[1.018s] reading manifest file '../../build/p_action_example/p_action_example.egg-info/SOURCES.txt'
[1.019s] adding license file 'LICENSE'
[1.019s] writing manifest file '../../build/p_action_example/p_action_example.egg-info/SOURCES.txt'
[1.020s] running build
[1.020s] running build_py
[1.020s] running install
[1.020s] running install_lib
[1.022s] running install_data
[1.022s] running install_egg_info
[1.026s] removing '/home/hans/ros2/task1/install/p_action_example/lib/python3.10/site-packages/p_action_example-0.0.0-py3.10.egg-info' (and everything under it)
[1.026s] Copying ../../build/p_action_example/p_action_example.egg-info to /home/hans/ros2/task1/install/p_action_example/lib/python3.10/site-packages/p_action_example-0.0.0-py3.10.egg-info
[1.028s] running install_scripts
[1.060s] Installing p_action_server script to /home/hans/ros2/task1/install/p_action_example/lib/p_action_example
[1.061s] writing list of installed files to '/home/hans/ros2/task1/build/p_action_example/install.log'
[1.100s] Invoked command in '/home/hans/ros2/task1/src/p_action_example' returned '0': PYTHONPATH=/home/hans/ros2/task1/build/p_action_example/prefix_override:/usr/lib/python3/dist-packages/colcon_core/task/python/colcon_distutils_commands:/home/hans/ros2/task1/install/p_action_example/lib/python3.10/site-packages:${PYTHONPATH} /usr/bin/python3 -W ignore:setup.py install is deprecated -W ignore:easy_install command is deprecated setup.py egg_info --egg-base ../../build/p_action_example build --build-base /home/hans/ros2/task1/build/p_action_example/build install --record /home/hans/ros2/task1/build/p_action_example/install.log --single-version-externally-managed install_data
