-- The C compiler identification is GNU 11.4.0
-- The CXX compiler identification is GNU 11.4.0
-- Detecting C compiler ABI info
-- Detecting C compiler ABI info - done
-- Check for working C compiler: /usr/bin/cc - skipped
-- Detecting C compile features
-- Detecting C compile features - done
-- Detecting CXX compiler ABI info
-- Detecting CXX compiler ABI info - done
-- Check for working CXX compiler: /usr/bin/c++ - skipped
-- Detecting CXX compile features
-- Detecting CXX compile features - done
-- Found ament_cmake: 1.3.11 (/opt/ros/humble/share/ament_cmake/cmake)
-- Found Python3: /usr/bin/python3 (found version "3.10.12") found components: Interpreter 
-- Found geometry_msgs: 4.2.4 (/opt/ros/humble/share/geometry_msgs/cmake)
-- Found rosidl_generator_c: 3.1.6 (/opt/ros/humble/share/rosidl_generator_c/cmake)
-- Found rosidl_adapter: 3.1.6 (/opt/ros/humble/share/rosidl_adapter/cmake)
-- Found rosidl_generator_cpp: 3.1.6 (/opt/ros/humble/share/rosidl_generator_cpp/cmake)
-- Using all available rosidl_typesupport_c: rosidl_typesupport_fastrtps_c;rosidl_typesupport_introspection_c
-- Using all available rosidl_typesupport_cpp: rosidl_typesupport_fastrtps_cpp;rosidl_typesupport_introspection_cpp
-- Found ament_cmake_ros: 0.10.0 (/opt/ros/humble/share/ament_cmake_ros/cmake)
-- Using all available rosidl_typesupport_c: rosidl_typesupport_fastrtps_c;rosidl_typesupport_introspection_c
-- Using all available rosidl_typesupport_cpp: rosidl_typesupport_fastrtps_cpp;rosidl_typesupport_introspection_cpp
-- Found ament_lint_auto: 0.12.11 (/opt/ros/humble/share/ament_lint_auto/cmake)
-- Added test 'lint_cmake' to check CMake code style
-- Added test 'xmllint' to check XML markup files
-- Configuring done
-- Generating done
-- Build files have been written to: /home/hans/ros2/task1/src/build/p_interfaces
[  4%] [34m[1mGenerating C code for ROS interfaces[0m
[  9%] [34m[1mGenerating C++ code for ROS interfaces[0m
[  9%] Built target p_interfaces__cpp
[ 13%] [34m[1mGenerating C++ type support for eProsima Fast-RTPS[0m
[ 18%] [34m[1mGenerating C++ type support dispatch for ROS interfaces[0m
[ 22%] [34m[1mGenerating C++ introspection for ROS interfaces[0m
[ 27%] [32mBuilding C object CMakeFiles/p_interfaces__rosidl_generator_c.dir/rosidl_generator_c/p_interfaces/srv/detail/change_radius__functions.c.o[0m
[ 31%] [32m[1mLinking C shared library libp_interfaces__rosidl_generator_c.so[0m
[ 31%] Built target p_interfaces__rosidl_generator_c
[ 40%] [34m[1mGenerating C type support for eProsima Fast-RTPS[0m
[ 40%] [34m[1mGenerating C introspection for ROS interfaces[0m
[ 45%] [34m[1mGenerating C type support dispatch for ROS interfaces[0m
[ 50%] [32mBuilding CXX object CMakeFiles/p_interfaces__rosidl_typesupport_cpp.dir/rosidl_typesupport_cpp/p_interfaces/srv/change_radius__type_support.cpp.o[0m
[ 54%] [32mBuilding CXX object CMakeFiles/p_interfaces__rosidl_typesupport_introspection_cpp.dir/rosidl_typesupport_introspection_cpp/p_interfaces/srv/detail/change_radius__type_support.cpp.o[0m
[ 59%] [32mBuilding CXX object CMakeFiles/p_interfaces__rosidl_typesupport_fastrtps_cpp.dir/rosidl_typesupport_fastrtps_cpp/p_interfaces/srv/detail/dds_fastrtps/change_radius__type_support.cpp.o[0m
[ 63%] [32mBuilding CXX object CMakeFiles/p_interfaces__rosidl_typesupport_c.dir/rosidl_typesupport_c/p_interfaces/srv/change_radius__type_support.cpp.o[0m
[ 68%] [32mBuilding C object CMakeFiles/p_interfaces__rosidl_typesupport_introspection_c.dir/rosidl_typesupport_introspection_c/p_interfaces/srv/detail/change_radius__type_support.c.o[0m
[ 72%] [32m[1mLinking CXX shared library libp_interfaces__rosidl_typesupport_c.so[0m
[ 77%] [32mBuilding CXX object CMakeFiles/p_interfaces__rosidl_typesupport_fastrtps_c.dir/rosidl_typesupport_fastrtps_c/p_interfaces/srv/detail/change_radius__type_support_c.cpp.o[0m
[ 81%] [32m[1mLinking C shared library libp_interfaces__rosidl_typesupport_introspection_c.so[0m
[ 81%] Built target p_interfaces__rosidl_typesupport_c
[ 81%] Built target p_interfaces__rosidl_typesupport_introspection_c
[ 86%] [32m[1mLinking CXX shared library libp_interfaces__rosidl_typesupport_cpp.so[0m
[ 86%] Built target p_interfaces__rosidl_typesupport_cpp
[ 90%] [32m[1mLinking CXX shared library libp_interfaces__rosidl_typesupport_introspection_cpp.so[0m
[ 90%] Built target p_interfaces__rosidl_typesupport_introspection_cpp
[ 95%] [32m[1mLinking CXX shared library libp_interfaces__rosidl_typesupport_fastrtps_cpp.so[0m
[ 95%] Built target p_interfaces__rosidl_typesupport_fastrtps_cpp
[100%] [32m[1mLinking CXX shared library libp_interfaces__rosidl_typesupport_fastrtps_c.so[0m
[100%] Built target p_interfaces__rosidl_typesupport_fastrtps_c
[100%] Built target p_interfaces
-- Install configuration: ""
-- Installing: /home/hans/ros2/task1/src/install/p_interfaces/share/ament_index/resource_index/rosidl_interfaces/p_interfaces
-- Installing: /home/hans/ros2/task1/src/install/p_interfaces/include/p_interfaces/p_interfaces
-- Installing: /home/hans/ros2/task1/src/install/p_interfaces/include/p_interfaces/p_interfaces/msg
-- Installing: /home/hans/ros2/task1/src/install/p_interfaces/include/p_interfaces/p_interfaces/msg/rosidl_generator_c__visibility_control.h
-- Installing: /home/hans/ros2/task1/src/install/p_interfaces/include/p_interfaces/p_interfaces/srv
-- Installing: /home/hans/ros2/task1/src/install/p_interfaces/include/p_interfaces/p_interfaces/srv/detail
-- Installing: /home/hans/ros2/task1/src/install/p_interfaces/include/p_interfaces/p_interfaces/srv/detail/change_radius__functions.h
-- Installing: /home/hans/ros2/task1/src/install/p_interfaces/include/p_interfaces/p_interfaces/srv/detail/change_radius__functions.c
-- Installing: /home/hans/ros2/task1/src/install/p_interfaces/include/p_interfaces/p_interfaces/srv/detail/change_radius__type_support.h
-- Installing: /home/hans/ros2/task1/src/install/p_interfaces/include/p_interfaces/p_interfaces/srv/detail/change_radius__struct.h
-- Installing: /home/hans/ros2/task1/src/install/p_interfaces/include/p_interfaces/p_interfaces/srv/change_radius.h
-- Installing: /home/hans/ros2/task1/src/install/p_interfaces/share/p_interfaces/environment/library_path.sh
-- Installing: /home/hans/ros2/task1/src/install/p_interfaces/share/p_interfaces/environment/library_path.dsv
-- Installing: /home/hans/ros2/task1/src/install/p_interfaces/lib/libp_interfaces__rosidl_generator_c.so
-- Set runtime path of "/home/hans/ros2/task1/src/install/p_interfaces/lib/libp_interfaces__rosidl_generator_c.so" to ""
-- Up-to-date: /home/hans/ros2/task1/src/install/p_interfaces/include/p_interfaces/p_interfaces
-- Up-to-date: /home/hans/ros2/task1/src/install/p_interfaces/include/p_interfaces/p_interfaces/msg
-- Installing: /home/hans/ros2/task1/src/install/p_interfaces/include/p_interfaces/p_interfaces/msg/rosidl_typesupport_fastrtps_c__visibility_control.h
-- Up-to-date: /home/hans/ros2/task1/src/install/p_interfaces/include/p_interfaces/p_interfaces/srv
-- Up-to-date: /home/hans/ros2/task1/src/install/p_interfaces/include/p_interfaces/p_interfaces/srv/detail
-- Installing: /home/hans/ros2/task1/src/install/p_interfaces/include/p_interfaces/p_interfaces/srv/detail/change_radius__rosidl_typesupport_fastrtps_c.h
-- Installing: /home/hans/ros2/task1/src/install/p_interfaces/lib/libp_interfaces__rosidl_typesupport_fastrtps_c.so
-- Set runtime path of "/home/hans/ros2/task1/src/install/p_interfaces/lib/libp_interfaces__rosidl_typesupport_fastrtps_c.so" to ""
-- Up-to-date: /home/hans/ros2/task1/src/install/p_interfaces/include/p_interfaces/p_interfaces
-- Up-to-date: /home/hans/ros2/task1/src/install/p_interfaces/include/p_interfaces/p_interfaces/msg
-- Installing: /home/hans/ros2/task1/src/install/p_interfaces/include/p_interfaces/p_interfaces/msg/rosidl_generator_cpp__visibility_control.hpp
-- Up-to-date: /home/hans/ros2/task1/src/install/p_interfaces/include/p_interfaces/p_interfaces/srv
-- Installing: /home/hans/ros2/task1/src/install/p_interfaces/include/p_interfaces/p_interfaces/srv/change_radius.hpp
-- Up-to-date: /home/hans/ros2/task1/src/install/p_interfaces/include/p_interfaces/p_interfaces/srv/detail
-- Installing: /home/hans/ros2/task1/src/install/p_interfaces/include/p_interfaces/p_interfaces/srv/detail/change_radius__builder.hpp
-- Installing: /home/hans/ros2/task1/src/install/p_interfaces/include/p_interfaces/p_interfaces/srv/detail/change_radius__type_support.hpp
-- Installing: /home/hans/ros2/task1/src/install/p_interfaces/include/p_interfaces/p_interfaces/srv/detail/change_radius__struct.hpp
-- Installing: /home/hans/ros2/task1/src/install/p_interfaces/include/p_interfaces/p_interfaces/srv/detail/change_radius__traits.hpp
-- Up-to-date: /home/hans/ros2/task1/src/install/p_interfaces/include/p_interfaces/p_interfaces
-- Up-to-date: /home/hans/ros2/task1/src/install/p_interfaces/include/p_interfaces/p_interfaces/msg
-- Installing: /home/hans/ros2/task1/src/install/p_interfaces/include/p_interfaces/p_interfaces/msg/rosidl_typesupport_fastrtps_cpp__visibility_control.h
-- Up-to-date: /home/hans/ros2/task1/src/install/p_interfaces/include/p_interfaces/p_interfaces/srv
-- Up-to-date: /home/hans/ros2/task1/src/install/p_interfaces/include/p_interfaces/p_interfaces/srv/detail
-- Installing: /home/hans/ros2/task1/src/install/p_interfaces/include/p_interfaces/p_interfaces/srv/detail/dds_fastrtps
-- Installing: /home/hans/ros2/task1/src/install/p_interfaces/include/p_interfaces/p_interfaces/srv/detail/change_radius__rosidl_typesupport_fastrtps_cpp.hpp
-- Installing: /home/hans/ros2/task1/src/install/p_interfaces/lib/libp_interfaces__rosidl_typesupport_fastrtps_cpp.so
-- Set runtime path of "/home/hans/ros2/task1/src/install/p_interfaces/lib/libp_interfaces__rosidl_typesupport_fastrtps_cpp.so" to ""
-- Up-to-date: /home/hans/ros2/task1/src/install/p_interfaces/include/p_interfaces/p_interfaces
-- Up-to-date: /home/hans/ros2/task1/src/install/p_interfaces/include/p_interfaces/p_interfaces/msg
-- Installing: /home/hans/ros2/task1/src/install/p_interfaces/include/p_interfaces/p_interfaces/msg/rosidl_typesupport_introspection_c__visibility_control.h
-- Up-to-date: /home/hans/ros2/task1/src/install/p_interfaces/include/p_interfaces/p_interfaces/srv
-- Up-to-date: /home/hans/ros2/task1/src/install/p_interfaces/include/p_interfaces/p_interfaces/srv/detail
-- Installing: /home/hans/ros2/task1/src/install/p_interfaces/include/p_interfaces/p_interfaces/srv/detail/change_radius__type_support.c
-- Installing: /home/hans/ros2/task1/src/install/p_interfaces/include/p_interfaces/p_interfaces/srv/detail/change_radius__rosidl_typesupport_introspection_c.h
-- Installing: /home/hans/ros2/task1/src/install/p_interfaces/lib/libp_interfaces__rosidl_typesupport_introspection_c.so
-- Set runtime path of "/home/hans/ros2/task1/src/install/p_interfaces/lib/libp_interfaces__rosidl_typesupport_introspection_c.so" to ""
-- Installing: /home/hans/ros2/task1/src/install/p_interfaces/lib/libp_interfaces__rosidl_typesupport_c.so
-- Set runtime path of "/home/hans/ros2/task1/src/install/p_interfaces/lib/libp_interfaces__rosidl_typesupport_c.so" to ""
-- Up-to-date: /home/hans/ros2/task1/src/install/p_interfaces/include/p_interfaces/p_interfaces
-- Up-to-date: /home/hans/ros2/task1/src/install/p_interfaces/include/p_interfaces/p_interfaces/srv
-- Up-to-date: /home/hans/ros2/task1/src/install/p_interfaces/include/p_interfaces/p_interfaces/srv/detail
-- Installing: /home/hans/ros2/task1/src/install/p_interfaces/include/p_interfaces/p_interfaces/srv/detail/change_radius__type_support.cpp
-- Installing: /home/hans/ros2/task1/src/install/p_interfaces/include/p_interfaces/p_interfaces/srv/detail/change_radius__rosidl_typesupport_introspection_cpp.hpp
-- Installing: /home/hans/ros2/task1/src/install/p_interfaces/lib/libp_interfaces__rosidl_typesupport_introspection_cpp.so
-- Set runtime path of "/home/hans/ros2/task1/src/install/p_interfaces/lib/libp_interfaces__rosidl_typesupport_introspection_cpp.so" to ""
-- Installing: /home/hans/ros2/task1/src/install/p_interfaces/lib/libp_interfaces__rosidl_typesupport_cpp.so
-- Set runtime path of "/home/hans/ros2/task1/src/install/p_interfaces/lib/libp_interfaces__rosidl_typesupport_cpp.so" to ""
-- Installing: /home/hans/ros2/task1/src/install/p_interfaces/share/p_interfaces/srv/ChangeRadius.idl
-- Installing: /home/hans/ros2/task1/src/install/p_interfaces/share/p_interfaces/srv/ChangeRadius.srv
-- Installing: /home/hans/ros2/task1/src/install/p_interfaces/share/p_interfaces/srv/ChangeRadius_Request.msg
-- Installing: /home/hans/ros2/task1/src/install/p_interfaces/share/p_interfaces/srv/ChangeRadius_Response.msg
-- Installing: /home/hans/ros2/task1/src/install/p_interfaces/share/ament_index/resource_index/package_run_dependencies/p_interfaces
-- Installing: /home/hans/ros2/task1/src/install/p_interfaces/share/ament_index/resource_index/parent_prefix_path/p_interfaces
-- Installing: /home/hans/ros2/task1/src/install/p_interfaces/share/p_interfaces/environment/ament_prefix_path.sh
-- Installing: /home/hans/ros2/task1/src/install/p_interfaces/share/p_interfaces/environment/ament_prefix_path.dsv
-- Installing: /home/hans/ros2/task1/src/install/p_interfaces/share/p_interfaces/environment/path.sh
-- Installing: /home/hans/ros2/task1/src/install/p_interfaces/share/p_interfaces/environment/path.dsv
-- Installing: /home/hans/ros2/task1/src/install/p_interfaces/share/p_interfaces/local_setup.bash
-- Installing: /home/hans/ros2/task1/src/install/p_interfaces/share/p_interfaces/local_setup.sh
-- Installing: /home/hans/ros2/task1/src/install/p_interfaces/share/p_interfaces/local_setup.zsh
-- Installing: /home/hans/ros2/task1/src/install/p_interfaces/share/p_interfaces/local_setup.dsv
-- Installing: /home/hans/ros2/task1/src/install/p_interfaces/share/p_interfaces/package.dsv
-- Installing: /home/hans/ros2/task1/src/install/p_interfaces/share/ament_index/resource_index/packages/p_interfaces
-- Installing: /home/hans/ros2/task1/src/install/p_interfaces/share/p_interfaces/cmake/export_p_interfaces__rosidl_generator_cExport.cmake
-- Installing: /home/hans/ros2/task1/src/install/p_interfaces/share/p_interfaces/cmake/export_p_interfaces__rosidl_generator_cExport-noconfig.cmake
-- Installing: /home/hans/ros2/task1/src/install/p_interfaces/share/p_interfaces/cmake/export_p_interfaces__rosidl_typesupport_fastrtps_cExport.cmake
-- Installing: /home/hans/ros2/task1/src/install/p_interfaces/share/p_interfaces/cmake/export_p_interfaces__rosidl_typesupport_fastrtps_cExport-noconfig.cmake
-- Installing: /home/hans/ros2/task1/src/install/p_interfaces/share/p_interfaces/cmake/export_p_interfaces__rosidl_generator_cppExport.cmake
-- Installing: /home/hans/ros2/task1/src/install/p_interfaces/share/p_interfaces/cmake/export_p_interfaces__rosidl_typesupport_fastrtps_cppExport.cmake
-- Installing: /home/hans/ros2/task1/src/install/p_interfaces/share/p_interfaces/cmake/export_p_interfaces__rosidl_typesupport_fastrtps_cppExport-noconfig.cmake
-- Installing: /home/hans/ros2/task1/src/install/p_interfaces/share/p_interfaces/cmake/p_interfaces__rosidl_typesupport_introspection_cExport.cmake
-- Installing: /home/hans/ros2/task1/src/install/p_interfaces/share/p_interfaces/cmake/p_interfaces__rosidl_typesupport_introspection_cExport-noconfig.cmake
-- Installing: /home/hans/ros2/task1/src/install/p_interfaces/share/p_interfaces/cmake/p_interfaces__rosidl_typesupport_cExport.cmake
-- Installing: /home/hans/ros2/task1/src/install/p_interfaces/share/p_interfaces/cmake/p_interfaces__rosidl_typesupport_cExport-noconfig.cmake
-- Installing: /home/hans/ros2/task1/src/install/p_interfaces/share/p_interfaces/cmake/p_interfaces__rosidl_typesupport_introspection_cppExport.cmake
-- Installing: /home/hans/ros2/task1/src/install/p_interfaces/share/p_interfaces/cmake/p_interfaces__rosidl_typesupport_introspection_cppExport-noconfig.cmake
-- Installing: /home/hans/ros2/task1/src/install/p_interfaces/share/p_interfaces/cmake/p_interfaces__rosidl_typesupport_cppExport.cmake
-- Installing: /home/hans/ros2/task1/src/install/p_interfaces/share/p_interfaces/cmake/p_interfaces__rosidl_typesupport_cppExport-noconfig.cmake
-- Installing: /home/hans/ros2/task1/src/install/p_interfaces/share/p_interfaces/cmake/rosidl_cmake-extras.cmake
-- Installing: /home/hans/ros2/task1/src/install/p_interfaces/share/p_interfaces/cmake/ament_cmake_export_dependencies-extras.cmake
-- Installing: /home/hans/ros2/task1/src/install/p_interfaces/share/p_interfaces/cmake/ament_cmake_export_include_directories-extras.cmake
-- Installing: /home/hans/ros2/task1/src/install/p_interfaces/share/p_interfaces/cmake/ament_cmake_export_libraries-extras.cmake
-- Installing: /home/hans/ros2/task1/src/install/p_interfaces/share/p_interfaces/cmake/ament_cmake_export_targets-extras.cmake
-- Installing: /home/hans/ros2/task1/src/install/p_interfaces/share/p_interfaces/cmake/rosidl_cmake_export_typesupport_targets-extras.cmake
-- Installing: /home/hans/ros2/task1/src/install/p_interfaces/share/p_interfaces/cmake/rosidl_cmake_export_typesupport_libraries-extras.cmake
-- Installing: /home/hans/ros2/task1/src/install/p_interfaces/share/p_interfaces/cmake/p_interfacesConfig.cmake
-- Installing: /home/hans/ros2/task1/src/install/p_interfaces/share/p_interfaces/cmake/p_interfacesConfig-version.cmake
-- Installing: /home/hans/ros2/task1/src/install/p_interfaces/share/p_interfaces/package.xml
