[0.043s] Invoking command in '/home/hans/ros2/task1/src/build/p_interfaces': CMAKE_PREFIX_PATH=${CMAKE_PREFIX_PATH}:/home/hans/ros2/task1/install/ttbot_square:/home/hans/ros2/task1/install/ping_sonar_ros:/home/hans/ros2/task1/install/p_controller:/home/hans/ros2/task1/install/autonomous_rov:/opt/ros/humble /usr/bin/cmake /home/hans/ros2/task1/src/p_interfaces -DCMAKE_INSTALL_PREFIX=/home/hans/ros2/task1/src/install/p_interfaces
[1.092s] -- The C compiler identification is GNU 11.4.0
[1.092s] -- The CXX compiler identification is GNU 11.4.0
[1.092s] -- Detecting C compiler ABI info
[1.092s] -- Detecting C compiler ABI info - done
[1.092s] -- Check for working C compiler: /usr/bin/cc - skipped
[1.093s] -- Detecting C compile features
[1.093s] -- Detecting C compile features - done
[1.093s] -- Detecting CXX compiler ABI info
[1.094s] -- Detecting CXX compiler ABI info - done
[1.094s] -- Check for working CXX compiler: /usr/bin/c++ - skipped
[1.094s] -- Detecting CXX compile features
[1.094s] -- Detecting CXX compile features - done
[1.094s] -- Found ament_cmake: 1.3.11 (/opt/ros/humble/share/ament_cmake/cmake)
[1.095s] -- Found Python3: /usr/bin/python3 (found version "3.10.12") found components: Interpreter 
[1.095s] -- Found geometry_msgs: 4.2.4 (/opt/ros/humble/share/geometry_msgs/cmake)
[1.095s] -- Found rosidl_generator_c: 3.1.6 (/opt/ros/humble/share/rosidl_generator_c/cmake)
[1.095s] -- Found rosidl_adapter: 3.1.6 (/opt/ros/humble/share/rosidl_adapter/cmake)
[1.095s] -- Found rosidl_generator_cpp: 3.1.6 (/opt/ros/humble/share/rosidl_generator_cpp/cmake)
[1.096s] -- Using all available rosidl_typesupport_c: rosidl_typesupport_fastrtps_c;rosidl_typesupport_introspection_c
[1.096s] -- Using all available rosidl_typesupport_cpp: rosidl_typesupport_fastrtps_cpp;rosidl_typesupport_introspection_cpp
[1.308s] -- Found ament_cmake_ros: 0.10.0 (/opt/ros/humble/share/ament_cmake_ros/cmake)
[1.922s] -- Using all available rosidl_typesupport_c: rosidl_typesupport_fastrtps_c;rosidl_typesupport_introspection_c
[2.241s] -- Using all available rosidl_typesupport_cpp: rosidl_typesupport_fastrtps_cpp;rosidl_typesupport_introspection_cpp
[2.246s] -- Found ament_lint_auto: 0.12.11 (/opt/ros/humble/share/ament_lint_auto/cmake)
[2.286s] -- Added test 'lint_cmake' to check CMake code style
[2.293s] -- Added test 'xmllint' to check XML markup files
[2.295s] -- Configuring done
[2.346s] -- Generating done
[2.355s] -- Build files have been written to: /home/hans/ros2/task1/src/build/p_interfaces
[2.367s] Invoked command in '/home/hans/ros2/task1/src/build/p_interfaces' returned '0': CMAKE_PREFIX_PATH=${CMAKE_PREFIX_PATH}:/home/hans/ros2/task1/install/ttbot_square:/home/hans/ros2/task1/install/ping_sonar_ros:/home/hans/ros2/task1/install/p_controller:/home/hans/ros2/task1/install/autonomous_rov:/opt/ros/humble /usr/bin/cmake /home/hans/ros2/task1/src/p_interfaces -DCMAKE_INSTALL_PREFIX=/home/hans/ros2/task1/src/install/p_interfaces
[2.371s] Invoking command in '/home/hans/ros2/task1/src/build/p_interfaces': CMAKE_PREFIX_PATH=${CMAKE_PREFIX_PATH}:/home/hans/ros2/task1/install/ttbot_square:/home/hans/ros2/task1/install/ping_sonar_ros:/home/hans/ros2/task1/install/p_controller:/home/hans/ros2/task1/install/autonomous_rov:/opt/ros/humble /usr/bin/cmake --build /home/hans/ros2/task1/src/build/p_interfaces -- -j8 -l8
[2.431s] [  4%] [34m[1mGenerating C code for ROS interfaces[0m
[2.444s] [  9%] [34m[1mGenerating C++ code for ROS interfaces[0m
[2.966s] [  9%] Built target p_interfaces__cpp
[2.983s] [ 13%] [34m[1mGenerating C++ type support for eProsima Fast-RTPS[0m
[2.984s] [ 18%] [34m[1mGenerating C++ type support dispatch for ROS interfaces[0m
[2.985s] [ 22%] [34m[1mGenerating C++ introspection for ROS interfaces[0m
[3.005s] [ 27%] [32mBuilding C object CMakeFiles/p_interfaces__rosidl_generator_c.dir/rosidl_generator_c/p_interfaces/srv/detail/change_radius__functions.c.o[0m
[3.087s] [ 31%] [32m[1mLinking C shared library libp_interfaces__rosidl_generator_c.so[0m
[3.139s] [ 31%] Built target p_interfaces__rosidl_generator_c
[3.157s] [ 40%] [34m[1mGenerating C type support for eProsima Fast-RTPS[0m
[3.157s] [ 40%] [34m[1mGenerating C introspection for ROS interfaces[0m
[3.159s] [ 45%] [34m[1mGenerating C type support dispatch for ROS interfaces[0m
[3.400s] [ 50%] [32mBuilding CXX object CMakeFiles/p_interfaces__rosidl_typesupport_cpp.dir/rosidl_typesupport_cpp/p_interfaces/srv/change_radius__type_support.cpp.o[0m
[3.546s] [ 54%] [32mBuilding CXX object CMakeFiles/p_interfaces__rosidl_typesupport_introspection_cpp.dir/rosidl_typesupport_introspection_cpp/p_interfaces/srv/detail/change_radius__type_support.cpp.o[0m
[3.617s] [ 59%] [32mBuilding CXX object CMakeFiles/p_interfaces__rosidl_typesupport_fastrtps_cpp.dir/rosidl_typesupport_fastrtps_cpp/p_interfaces/srv/detail/dds_fastrtps/change_radius__type_support.cpp.o[0m
[3.695s] [ 63%] [32mBuilding CXX object CMakeFiles/p_interfaces__rosidl_typesupport_c.dir/rosidl_typesupport_c/p_interfaces/srv/change_radius__type_support.cpp.o[0m
[3.753s] [ 68%] [32mBuilding C object CMakeFiles/p_interfaces__rosidl_typesupport_introspection_c.dir/rosidl_typesupport_introspection_c/p_interfaces/srv/detail/change_radius__type_support.c.o[0m
[3.774s] [ 72%] [32m[1mLinking CXX shared library libp_interfaces__rosidl_typesupport_c.so[0m
[3.786s] [ 77%] [32mBuilding CXX object CMakeFiles/p_interfaces__rosidl_typesupport_fastrtps_c.dir/rosidl_typesupport_fastrtps_c/p_interfaces/srv/detail/change_radius__type_support_c.cpp.o[0m
[3.865s] [ 81%] [32m[1mLinking C shared library libp_interfaces__rosidl_typesupport_introspection_c.so[0m
[3.938s] [ 81%] Built target p_interfaces__rosidl_typesupport_c
[3.944s] [ 81%] Built target p_interfaces__rosidl_typesupport_introspection_c
[3.982s] [ 86%] [32m[1mLinking CXX shared library libp_interfaces__rosidl_typesupport_cpp.so[0m
[4.078s] [ 86%] Built target p_interfaces__rosidl_typesupport_cpp
[4.244s] [ 90%] [32m[1mLinking CXX shared library libp_interfaces__rosidl_typesupport_introspection_cpp.so[0m
[4.338s] [ 90%] Built target p_interfaces__rosidl_typesupport_introspection_cpp
[4.339s] [ 95%] [32m[1mLinking CXX shared library libp_interfaces__rosidl_typesupport_fastrtps_cpp.so[0m
[4.460s] [ 95%] Built target p_interfaces__rosidl_typesupport_fastrtps_cpp
[4.490s] [100%] [32m[1mLinking CXX shared library libp_interfaces__rosidl_typesupport_fastrtps_c.so[0m
[4.629s] [100%] Built target p_interfaces__rosidl_typesupport_fastrtps_c
[4.666s] [100%] Built target p_interfaces
[4.684s] Invoked command in '/home/hans/ros2/task1/src/build/p_interfaces' returned '0': CMAKE_PREFIX_PATH=${CMAKE_PREFIX_PATH}:/home/hans/ros2/task1/install/ttbot_square:/home/hans/ros2/task1/install/ping_sonar_ros:/home/hans/ros2/task1/install/p_controller:/home/hans/ros2/task1/install/autonomous_rov:/opt/ros/humble /usr/bin/cmake --build /home/hans/ros2/task1/src/build/p_interfaces -- -j8 -l8
[4.701s] Invoking command in '/home/hans/ros2/task1/src/build/p_interfaces': CMAKE_PREFIX_PATH=${CMAKE_PREFIX_PATH}:/home/hans/ros2/task1/install/ttbot_square:/home/hans/ros2/task1/install/ping_sonar_ros:/home/hans/ros2/task1/install/p_controller:/home/hans/ros2/task1/install/autonomous_rov:/opt/ros/humble /usr/bin/cmake --install /home/hans/ros2/task1/src/build/p_interfaces
[4.714s] -- Install configuration: ""
[4.714s] -- Installing: /home/hans/ros2/task1/src/install/p_interfaces/share/ament_index/resource_index/rosidl_interfaces/p_interfaces
[4.715s] -- Installing: /home/hans/ros2/task1/src/install/p_interfaces/include/p_interfaces/p_interfaces
[4.715s] -- Installing: /home/hans/ros2/task1/src/install/p_interfaces/include/p_interfaces/p_interfaces/msg
[4.715s] -- Installing: /home/hans/ros2/task1/src/install/p_interfaces/include/p_interfaces/p_interfaces/msg/rosidl_generator_c__visibility_control.h
[4.715s] -- Installing: /home/hans/ros2/task1/src/install/p_interfaces/include/p_interfaces/p_interfaces/srv
[4.715s] -- Installing: /home/hans/ros2/task1/src/install/p_interfaces/include/p_interfaces/p_interfaces/srv/detail
[4.716s] -- Installing: /home/hans/ros2/task1/src/install/p_interfaces/include/p_interfaces/p_interfaces/srv/detail/change_radius__functions.h
[4.716s] -- Installing: /home/hans/ros2/task1/src/install/p_interfaces/include/p_interfaces/p_interfaces/srv/detail/change_radius__functions.c
[4.716s] -- Installing: /home/hans/ros2/task1/src/install/p_interfaces/include/p_interfaces/p_interfaces/srv/detail/change_radius__type_support.h
[4.716s] -- Installing: /home/hans/ros2/task1/src/install/p_interfaces/include/p_interfaces/p_interfaces/srv/detail/change_radius__struct.h
[4.716s] -- Installing: /home/hans/ros2/task1/src/install/p_interfaces/include/p_interfaces/p_interfaces/srv/change_radius.h
[4.716s] -- Installing: /home/hans/ros2/task1/src/install/p_interfaces/share/p_interfaces/environment/library_path.sh
[4.717s] -- Installing: /home/hans/ros2/task1/src/install/p_interfaces/share/p_interfaces/environment/library_path.dsv
[4.717s] -- Installing: /home/hans/ros2/task1/src/install/p_interfaces/lib/libp_interfaces__rosidl_generator_c.so
[4.718s] -- Set runtime path of "/home/hans/ros2/task1/src/install/p_interfaces/lib/libp_interfaces__rosidl_generator_c.so" to ""
[4.719s] -- Up-to-date: /home/hans/ros2/task1/src/install/p_interfaces/include/p_interfaces/p_interfaces
[4.721s] -- Up-to-date: /home/hans/ros2/task1/src/install/p_interfaces/include/p_interfaces/p_interfaces/msg
[4.722s] -- Installing: /home/hans/ros2/task1/src/install/p_interfaces/include/p_interfaces/p_interfaces/msg/rosidl_typesupport_fastrtps_c__visibility_control.h
[4.722s] -- Up-to-date: /home/hans/ros2/task1/src/install/p_interfaces/include/p_interfaces/p_interfaces/srv
[4.722s] -- Up-to-date: /home/hans/ros2/task1/src/install/p_interfaces/include/p_interfaces/p_interfaces/srv/detail
[4.722s] -- Installing: /home/hans/ros2/task1/src/install/p_interfaces/include/p_interfaces/p_interfaces/srv/detail/change_radius__rosidl_typesupport_fastrtps_c.h
[4.722s] -- Installing: /home/hans/ros2/task1/src/install/p_interfaces/lib/libp_interfaces__rosidl_typesupport_fastrtps_c.so
[4.722s] -- Set runtime path of "/home/hans/ros2/task1/src/install/p_interfaces/lib/libp_interfaces__rosidl_typesupport_fastrtps_c.so" to ""
[4.722s] -- Up-to-date: /home/hans/ros2/task1/src/install/p_interfaces/include/p_interfaces/p_interfaces
[4.722s] -- Up-to-date: /home/hans/ros2/task1/src/install/p_interfaces/include/p_interfaces/p_interfaces/msg
[4.723s] -- Installing: /home/hans/ros2/task1/src/install/p_interfaces/include/p_interfaces/p_interfaces/msg/rosidl_generator_cpp__visibility_control.hpp
[4.723s] -- Up-to-date: /home/hans/ros2/task1/src/install/p_interfaces/include/p_interfaces/p_interfaces/srv
[4.723s] -- Installing: /home/hans/ros2/task1/src/install/p_interfaces/include/p_interfaces/p_interfaces/srv/change_radius.hpp
[4.723s] -- Up-to-date: /home/hans/ros2/task1/src/install/p_interfaces/include/p_interfaces/p_interfaces/srv/detail
[4.723s] -- Installing: /home/hans/ros2/task1/src/install/p_interfaces/include/p_interfaces/p_interfaces/srv/detail/change_radius__builder.hpp
[4.723s] -- Installing: /home/hans/ros2/task1/src/install/p_interfaces/include/p_interfaces/p_interfaces/srv/detail/change_radius__type_support.hpp
[4.724s] -- Installing: /home/hans/ros2/task1/src/install/p_interfaces/include/p_interfaces/p_interfaces/srv/detail/change_radius__struct.hpp
[4.724s] -- Installing: /home/hans/ros2/task1/src/install/p_interfaces/include/p_interfaces/p_interfaces/srv/detail/change_radius__traits.hpp
[4.724s] -- Up-to-date: /home/hans/ros2/task1/src/install/p_interfaces/include/p_interfaces/p_interfaces
[4.724s] -- Up-to-date: /home/hans/ros2/task1/src/install/p_interfaces/include/p_interfaces/p_interfaces/msg
[4.724s] -- Installing: /home/hans/ros2/task1/src/install/p_interfaces/include/p_interfaces/p_interfaces/msg/rosidl_typesupport_fastrtps_cpp__visibility_control.h
[4.724s] -- Up-to-date: /home/hans/ros2/task1/src/install/p_interfaces/include/p_interfaces/p_interfaces/srv
[4.724s] -- Up-to-date: /home/hans/ros2/task1/src/install/p_interfaces/include/p_interfaces/p_interfaces/srv/detail
[4.725s] -- Installing: /home/hans/ros2/task1/src/install/p_interfaces/include/p_interfaces/p_interfaces/srv/detail/dds_fastrtps
[4.725s] -- Installing: /home/hans/ros2/task1/src/install/p_interfaces/include/p_interfaces/p_interfaces/srv/detail/change_radius__rosidl_typesupport_fastrtps_cpp.hpp
[4.725s] -- Installing: /home/hans/ros2/task1/src/install/p_interfaces/lib/libp_interfaces__rosidl_typesupport_fastrtps_cpp.so
[4.725s] -- Set runtime path of "/home/hans/ros2/task1/src/install/p_interfaces/lib/libp_interfaces__rosidl_typesupport_fastrtps_cpp.so" to ""
[4.725s] -- Up-to-date: /home/hans/ros2/task1/src/install/p_interfaces/include/p_interfaces/p_interfaces
[4.725s] -- Up-to-date: /home/hans/ros2/task1/src/install/p_interfaces/include/p_interfaces/p_interfaces/msg
[4.725s] -- Installing: /home/hans/ros2/task1/src/install/p_interfaces/include/p_interfaces/p_interfaces/msg/rosidl_typesupport_introspection_c__visibility_control.h
[4.726s] -- Up-to-date: /home/hans/ros2/task1/src/install/p_interfaces/include/p_interfaces/p_interfaces/srv
[4.726s] -- Up-to-date: /home/hans/ros2/task1/src/install/p_interfaces/include/p_interfaces/p_interfaces/srv/detail
[4.726s] -- Installing: /home/hans/ros2/task1/src/install/p_interfaces/include/p_interfaces/p_interfaces/srv/detail/change_radius__type_support.c
[4.726s] -- Installing: /home/hans/ros2/task1/src/install/p_interfaces/include/p_interfaces/p_interfaces/srv/detail/change_radius__rosidl_typesupport_introspection_c.h
[4.726s] -- Installing: /home/hans/ros2/task1/src/install/p_interfaces/lib/libp_interfaces__rosidl_typesupport_introspection_c.so
[4.726s] -- Set runtime path of "/home/hans/ros2/task1/src/install/p_interfaces/lib/libp_interfaces__rosidl_typesupport_introspection_c.so" to ""
[4.727s] -- Installing: /home/hans/ros2/task1/src/install/p_interfaces/lib/libp_interfaces__rosidl_typesupport_c.so
[4.727s] -- Set runtime path of "/home/hans/ros2/task1/src/install/p_interfaces/lib/libp_interfaces__rosidl_typesupport_c.so" to ""
[4.727s] -- Up-to-date: /home/hans/ros2/task1/src/install/p_interfaces/include/p_interfaces/p_interfaces
[4.727s] -- Up-to-date: /home/hans/ros2/task1/src/install/p_interfaces/include/p_interfaces/p_interfaces/srv
[4.727s] -- Up-to-date: /home/hans/ros2/task1/src/install/p_interfaces/include/p_interfaces/p_interfaces/srv/detail
[4.727s] -- Installing: /home/hans/ros2/task1/src/install/p_interfaces/include/p_interfaces/p_interfaces/srv/detail/change_radius__type_support.cpp
[4.727s] -- Installing: /home/hans/ros2/task1/src/install/p_interfaces/include/p_interfaces/p_interfaces/srv/detail/change_radius__rosidl_typesupport_introspection_cpp.hpp
[4.727s] -- Installing: /home/hans/ros2/task1/src/install/p_interfaces/lib/libp_interfaces__rosidl_typesupport_introspection_cpp.so
[4.728s] -- Set runtime path of "/home/hans/ros2/task1/src/install/p_interfaces/lib/libp_interfaces__rosidl_typesupport_introspection_cpp.so" to ""
[4.728s] -- Installing: /home/hans/ros2/task1/src/install/p_interfaces/lib/libp_interfaces__rosidl_typesupport_cpp.so
[4.728s] -- Set runtime path of "/home/hans/ros2/task1/src/install/p_interfaces/lib/libp_interfaces__rosidl_typesupport_cpp.so" to ""
[4.728s] -- Installing: /home/hans/ros2/task1/src/install/p_interfaces/share/p_interfaces/srv/ChangeRadius.idl
[4.728s] -- Installing: /home/hans/ros2/task1/src/install/p_interfaces/share/p_interfaces/srv/ChangeRadius.srv
[4.729s] -- Installing: /home/hans/ros2/task1/src/install/p_interfaces/share/p_interfaces/srv/ChangeRadius_Request.msg
[4.729s] -- Installing: /home/hans/ros2/task1/src/install/p_interfaces/share/p_interfaces/srv/ChangeRadius_Response.msg
[4.729s] -- Installing: /home/hans/ros2/task1/src/install/p_interfaces/share/ament_index/resource_index/package_run_dependencies/p_interfaces
[4.729s] -- Installing: /home/hans/ros2/task1/src/install/p_interfaces/share/ament_index/resource_index/parent_prefix_path/p_interfaces
[4.729s] -- Installing: /home/hans/ros2/task1/src/install/p_interfaces/share/p_interfaces/environment/ament_prefix_path.sh
[4.729s] -- Installing: /home/hans/ros2/task1/src/install/p_interfaces/share/p_interfaces/environment/ament_prefix_path.dsv
[4.730s] -- Installing: /home/hans/ros2/task1/src/install/p_interfaces/share/p_interfaces/environment/path.sh
[4.730s] -- Installing: /home/hans/ros2/task1/src/install/p_interfaces/share/p_interfaces/environment/path.dsv
[4.730s] -- Installing: /home/hans/ros2/task1/src/install/p_interfaces/share/p_interfaces/local_setup.bash
[4.730s] -- Installing: /home/hans/ros2/task1/src/install/p_interfaces/share/p_interfaces/local_setup.sh
[4.730s] -- Installing: /home/hans/ros2/task1/src/install/p_interfaces/share/p_interfaces/local_setup.zsh
[4.730s] -- Installing: /home/hans/ros2/task1/src/install/p_interfaces/share/p_interfaces/local_setup.dsv
[4.731s] -- Installing: /home/hans/ros2/task1/src/install/p_interfaces/share/p_interfaces/package.dsv
[4.731s] -- Installing: /home/hans/ros2/task1/src/install/p_interfaces/share/ament_index/resource_index/packages/p_interfaces
[4.731s] -- Installing: /home/hans/ros2/task1/src/install/p_interfaces/share/p_interfaces/cmake/export_p_interfaces__rosidl_generator_cExport.cmake
[4.731s] -- Installing: /home/hans/ros2/task1/src/install/p_interfaces/share/p_interfaces/cmake/export_p_interfaces__rosidl_generator_cExport-noconfig.cmake
[4.731s] -- Installing: /home/hans/ros2/task1/src/install/p_interfaces/share/p_interfaces/cmake/export_p_interfaces__rosidl_typesupport_fastrtps_cExport.cmake
[4.732s] -- Installing: /home/hans/ros2/task1/src/install/p_interfaces/share/p_interfaces/cmake/export_p_interfaces__rosidl_typesupport_fastrtps_cExport-noconfig.cmake
[4.732s] -- Installing: /home/hans/ros2/task1/src/install/p_interfaces/share/p_interfaces/cmake/export_p_interfaces__rosidl_generator_cppExport.cmake
[4.732s] -- Installing: /home/hans/ros2/task1/src/install/p_interfaces/share/p_interfaces/cmake/export_p_interfaces__rosidl_typesupport_fastrtps_cppExport.cmake
[4.732s] -- Installing: /home/hans/ros2/task1/src/install/p_interfaces/share/p_interfaces/cmake/export_p_interfaces__rosidl_typesupport_fastrtps_cppExport-noconfig.cmake
[4.733s] -- Installing: /home/hans/ros2/task1/src/install/p_interfaces/share/p_interfaces/cmake/p_interfaces__rosidl_typesupport_introspection_cExport.cmake
[4.733s] -- Installing: /home/hans/ros2/task1/src/install/p_interfaces/share/p_interfaces/cmake/p_interfaces__rosidl_typesupport_introspection_cExport-noconfig.cmake
[4.733s] -- Installing: /home/hans/ros2/task1/src/install/p_interfaces/share/p_interfaces/cmake/p_interfaces__rosidl_typesupport_cExport.cmake
[4.733s] -- Installing: /home/hans/ros2/task1/src/install/p_interfaces/share/p_interfaces/cmake/p_interfaces__rosidl_typesupport_cExport-noconfig.cmake
[4.733s] -- Installing: /home/hans/ros2/task1/src/install/p_interfaces/share/p_interfaces/cmake/p_interfaces__rosidl_typesupport_introspection_cppExport.cmake
[4.733s] -- Installing: /home/hans/ros2/task1/src/install/p_interfaces/share/p_interfaces/cmake/p_interfaces__rosidl_typesupport_introspection_cppExport-noconfig.cmake
[4.734s] -- Installing: /home/hans/ros2/task1/src/install/p_interfaces/share/p_interfaces/cmake/p_interfaces__rosidl_typesupport_cppExport.cmake
[4.734s] -- Installing: /home/hans/ros2/task1/src/install/p_interfaces/share/p_interfaces/cmake/p_interfaces__rosidl_typesupport_cppExport-noconfig.cmake
[4.734s] -- Installing: /home/hans/ros2/task1/src/install/p_interfaces/share/p_interfaces/cmake/rosidl_cmake-extras.cmake
[4.734s] -- Installing: /home/hans/ros2/task1/src/install/p_interfaces/share/p_interfaces/cmake/ament_cmake_export_dependencies-extras.cmake
[4.734s] -- Installing: /home/hans/ros2/task1/src/install/p_interfaces/share/p_interfaces/cmake/ament_cmake_export_include_directories-extras.cmake
[4.735s] -- Installing: /home/hans/ros2/task1/src/install/p_interfaces/share/p_interfaces/cmake/ament_cmake_export_libraries-extras.cmake
[4.735s] -- Installing: /home/hans/ros2/task1/src/install/p_interfaces/share/p_interfaces/cmake/ament_cmake_export_targets-extras.cmake
[4.735s] -- Installing: /home/hans/ros2/task1/src/install/p_interfaces/share/p_interfaces/cmake/rosidl_cmake_export_typesupport_targets-extras.cmake
[4.736s] -- Installing: /home/hans/ros2/task1/src/install/p_interfaces/share/p_interfaces/cmake/rosidl_cmake_export_typesupport_libraries-extras.cmake
[4.736s] -- Installing: /home/hans/ros2/task1/src/install/p_interfaces/share/p_interfaces/cmake/p_interfacesConfig.cmake
[4.736s] -- Installing: /home/hans/ros2/task1/src/install/p_interfaces/share/p_interfaces/cmake/p_interfacesConfig-version.cmake
[4.736s] -- Installing: /home/hans/ros2/task1/src/install/p_interfaces/share/p_interfaces/package.xml
[4.739s] Invoked command in '/home/hans/ros2/task1/src/build/p_interfaces' returned '0': CMAKE_PREFIX_PATH=${CMAKE_PREFIX_PATH}:/home/hans/ros2/task1/install/ttbot_square:/home/hans/ros2/task1/install/ping_sonar_ros:/home/hans/ros2/task1/install/p_controller:/home/hans/ros2/task1/install/autonomous_rov:/opt/ros/humble /usr/bin/cmake --install /home/hans/ros2/task1/src/build/p_interfaces
