[2.898s] Invoking command in '/home/hans/ros2/task1/src/ttbot_square': PYTHONPATH=/home/hans/ros2/task1/build/ttbot_square/prefix_override:/usr/lib/python3/dist-packages/colcon_core/task/python/colcon_distutils_commands:/home/hans/ros2/task1/install/ttbot_square/lib/python3.10/site-packages:${PYTHONPATH} /usr/bin/python3 -W ignore:setup.py install is deprecated -W ignore:easy_install command is deprecated setup.py egg_info --egg-base ../../build/ttbot_square build --build-base /home/hans/ros2/task1/build/ttbot_square/build install --record /home/hans/ros2/task1/build/ttbot_square/install.log --single-version-externally-managed install_data
[3.526s] running egg_info
[3.528s] writing ../../build/ttbot_square/ttbot_square.egg-info/PKG-INFO
[3.528s] writing dependency_links to ../../build/ttbot_square/ttbot_square.egg-info/dependency_links.txt
[3.528s] writing entry points to ../../build/ttbot_square/ttbot_square.egg-info/entry_points.txt
[3.529s] writing requirements to ../../build/ttbot_square/ttbot_square.egg-info/requires.txt
[3.529s] writing top-level names to ../../build/ttbot_square/ttbot_square.egg-info/top_level.txt
[3.533s] reading manifest file '../../build/ttbot_square/ttbot_square.egg-info/SOURCES.txt'
[3.536s] writing manifest file '../../build/ttbot_square/ttbot_square.egg-info/SOURCES.txt'
[3.536s] running build
[3.536s] running build_py
[3.537s] running install
[3.538s] running install_lib
[3.541s] running install_data
[3.542s] running install_egg_info
[3.546s] removing '/home/hans/ros2/task1/install/ttbot_square/lib/python3.10/site-packages/ttbot_square-0.0.0-py3.10.egg-info' (and everything under it)
[3.547s] Copying ../../build/ttbot_square/ttbot_square.egg-info to /home/hans/ros2/task1/install/ttbot_square/lib/python3.10/site-packages/ttbot_square-0.0.0-py3.10.egg-info
[3.549s] running install_scripts
[3.607s] Installing circle_controller script to /home/hans/ros2/task1/install/ttbot_square/lib/ttbot_square
[3.608s] Installing square_abin script to /home/hans/ros2/task1/install/ttbot_square/lib/ttbot_square
[3.608s] Installing square_controller_node script to /home/hans/ros2/task1/install/ttbot_square/lib/ttbot_square
[3.609s] writing list of installed files to '/home/hans/ros2/task1/build/ttbot_square/install.log'
[3.700s] Invoked command in '/home/hans/ros2/task1/src/ttbot_square' returned '0': PYTHONPATH=/home/hans/ros2/task1/build/ttbot_square/prefix_override:/usr/lib/python3/dist-packages/colcon_core/task/python/colcon_distutils_commands:/home/hans/ros2/task1/install/ttbot_square/lib/python3.10/site-packages:${PYTHONPATH} /usr/bin/python3 -W ignore:setup.py install is deprecated -W ignore:easy_install command is deprecated setup.py egg_info --egg-base ../../build/ttbot_square build --build-base /home/hans/ros2/task1/build/ttbot_square/build install --record /home/hans/ros2/task1/build/ttbot_square/install.log --single-version-externally-managed install_data
