[0.639s] Invoking command in '/home/hans/ros2/task1/build/p_action_interfaces': CMAKE_PREFIX_PATH=${CMAKE_PREFIX_PATH}:/home/hans/ros2/task1/src/install/ttbot_square:/home/hans/ros2/task1/src/install/ping_sonar_ros:/home/hans/ros2/task1/src/install/p_controller:/home/hans/ros2/task1/src/install/p_action_example:/home/hans/ros2/task1/src/install/autonomous_rov:/home/hans/ros2/task1/install/ttbot_square:/home/hans/ros2/task1/install/ping_sonar_ros:/home/hans/ros2/task1/install/p_controller:/home/hans/ros2/task1/install/autonomous_rov:/opt/ros/humble /usr/bin/cmake --build /home/hans/ros2/task1/build/p_action_interfaces -- -j8 -l8
[0.979s] [35m[1mConsolidate compiler generated dependencies of target p_action_interfaces__rosidl_generator_c[0m
[0.979s] [  3%] Built target p_action_interfaces__cpp
[0.980s] [ 12%] Built target p_action_interfaces__rosidl_generator_c
[0.980s] [ 12%] Built target ament_cmake_python_copy_p_action_interfaces
[0.980s] [35m[1mConsolidate compiler generated dependencies of target p_action_interfaces__rosidl_typesupport_fastrtps_cpp[0m
[0.980s] [35m[1mConsolidate compiler generated dependencies of target p_action_interfaces__rosidl_typesupport_introspection_cpp[0m
[0.980s] [35m[1mConsolidate compiler generated dependencies of target p_action_interfaces__rosidl_typesupport_fastrtps_c[0m
[0.980s] [35m[1mConsolidate compiler generated dependencies of target p_action_interfaces__rosidl_typesupport_introspection_c[0m
[0.980s] [35m[1mConsolidate compiler generated dependencies of target p_action_interfaces__rosidl_typesupport_c[0m
[0.980s] [35m[1mConsolidate compiler generated dependencies of target p_action_interfaces__rosidl_typesupport_cpp[0m
[0.980s] [ 29%] Built target p_action_interfaces__rosidl_typesupport_fastrtps_c
[0.981s] [ 58%] Built target p_action_interfaces__rosidl_typesupport_cpp
[0.981s] [ 58%] Built target p_action_interfaces__rosidl_typesupport_fastrtps_cpp
[0.981s] [ 61%] Built target p_action_interfaces__rosidl_typesupport_c
[0.981s] [ 70%] Built target p_action_interfaces__rosidl_typesupport_introspection_c
[0.981s] [ 32%] Built target p_action_interfaces__rosidl_typesupport_introspection_cpp
[0.981s] [ 70%] Built target p_action_interfaces
[0.981s] [ 74%] Built target p_action_interfaces__py
[0.981s] [35m[1mConsolidate compiler generated dependencies of target p_action_interfaces__rosidl_generator_py[0m
[0.981s] [ 80%] Built target p_action_interfaces__rosidl_generator_py
[0.982s] [35m[1mConsolidate compiler generated dependencies of target p_action_interfaces__rosidl_typesupport_c__pyext[0m
[0.982s] [35m[1mConsolidate compiler generated dependencies of target p_action_interfaces__rosidl_typesupport_introspection_c__pyext[0m
[0.982s] [35m[1mConsolidate compiler generated dependencies of target p_action_interfaces__rosidl_typesupport_fastrtps_c__pyext[0m
[0.982s] [ 87%] Built target p_action_interfaces__rosidl_typesupport_fastrtps_c__pyext
[0.982s] [ 93%] Built target p_action_interfaces__rosidl_typesupport_c__pyext
[0.982s] [100%] Built target p_action_interfaces__rosidl_typesupport_introspection_c__pyext
[1.014s] running egg_info
[1.015s] writing p_action_interfaces.egg-info/PKG-INFO
[1.016s] writing dependency_links to p_action_interfaces.egg-info/dependency_links.txt
[1.016s] writing top-level names to p_action_interfaces.egg-info/top_level.txt
[1.018s] reading manifest file 'p_action_interfaces.egg-info/SOURCES.txt'
[1.019s] writing manifest file 'p_action_interfaces.egg-info/SOURCES.txt'
[1.051s] [100%] Built target ament_cmake_python_build_p_action_interfaces_egg
[1.290s] Invoked command in '/home/hans/ros2/task1/build/p_action_interfaces' returned '0': CMAKE_PREFIX_PATH=${CMAKE_PREFIX_PATH}:/home/hans/ros2/task1/src/install/ttbot_square:/home/hans/ros2/task1/src/install/ping_sonar_ros:/home/hans/ros2/task1/src/install/p_controller:/home/hans/ros2/task1/src/install/p_action_example:/home/hans/ros2/task1/src/install/autonomous_rov:/home/hans/ros2/task1/install/ttbot_square:/home/hans/ros2/task1/install/ping_sonar_ros:/home/hans/ros2/task1/install/p_controller:/home/hans/ros2/task1/install/autonomous_rov:/opt/ros/humble /usr/bin/cmake --build /home/hans/ros2/task1/build/p_action_interfaces -- -j8 -l8
[1.296s] Invoking command in '/home/hans/ros2/task1/build/p_action_interfaces': CMAKE_PREFIX_PATH=${CMAKE_PREFIX_PATH}:/home/hans/ros2/task1/src/install/ttbot_square:/home/hans/ros2/task1/src/install/ping_sonar_ros:/home/hans/ros2/task1/src/install/p_controller:/home/hans/ros2/task1/src/install/p_action_example:/home/hans/ros2/task1/src/install/autonomous_rov:/home/hans/ros2/task1/install/ttbot_square:/home/hans/ros2/task1/install/ping_sonar_ros:/home/hans/ros2/task1/install/p_controller:/home/hans/ros2/task1/install/autonomous_rov:/opt/ros/humble /usr/bin/cmake --install /home/hans/ros2/task1/build/p_action_interfaces
[1.307s] -- Install configuration: ""
[1.308s] -- Up-to-date: /home/hans/ros2/task1/install/p_action_interfaces/share/ament_index/resource_index/rosidl_interfaces/p_action_interfaces
[1.308s] -- Up-to-date: /home/hans/ros2/task1/install/p_action_interfaces/include/p_action_interfaces/p_action_interfaces
[1.309s] -- Up-to-date: /home/hans/ros2/task1/install/p_action_interfaces/include/p_action_interfaces/p_action_interfaces/action
[1.309s] -- Up-to-date: /home/hans/ros2/task1/install/p_action_interfaces/include/p_action_interfaces/p_action_interfaces/action/detail
[1.310s] -- Up-to-date: /home/hans/ros2/task1/install/p_action_interfaces/include/p_action_interfaces/p_action_interfaces/action/detail/go_to_point__struct.h
[1.310s] -- Up-to-date: /home/hans/ros2/task1/install/p_action_interfaces/include/p_action_interfaces/p_action_interfaces/action/detail/go_to_point__functions.c
[1.311s] -- Up-to-date: /home/hans/ros2/task1/install/p_action_interfaces/include/p_action_interfaces/p_action_interfaces/action/detail/go_to_point__functions.h
[1.311s] -- Up-to-date: /home/hans/ros2/task1/install/p_action_interfaces/include/p_action_interfaces/p_action_interfaces/action/detail/go_to_point__type_support.h
[1.312s] -- Up-to-date: /home/hans/ros2/task1/install/p_action_interfaces/include/p_action_interfaces/p_action_interfaces/action/go_to_point.h
[1.312s] -- Up-to-date: /home/hans/ros2/task1/install/p_action_interfaces/include/p_action_interfaces/p_action_interfaces/msg
[1.313s] -- Up-to-date: /home/hans/ros2/task1/install/p_action_interfaces/include/p_action_interfaces/p_action_interfaces/msg/rosidl_generator_c__visibility_control.h
[1.313s] -- Up-to-date: /home/hans/ros2/task1/install/p_action_interfaces/share/p_action_interfaces/environment/library_path.sh
[1.313s] -- Up-to-date: /home/hans/ros2/task1/install/p_action_interfaces/share/p_action_interfaces/environment/library_path.dsv
[1.313s] -- Up-to-date: /home/hans/ros2/task1/install/p_action_interfaces/lib/libp_action_interfaces__rosidl_generator_c.so
[1.313s] -- Up-to-date: /home/hans/ros2/task1/install/p_action_interfaces/include/p_action_interfaces/p_action_interfaces
[1.314s] -- Up-to-date: /home/hans/ros2/task1/install/p_action_interfaces/include/p_action_interfaces/p_action_interfaces/action
[1.314s] -- Up-to-date: /home/hans/ros2/task1/install/p_action_interfaces/include/p_action_interfaces/p_action_interfaces/action/detail
[1.314s] -- Up-to-date: /home/hans/ros2/task1/install/p_action_interfaces/include/p_action_interfaces/p_action_interfaces/action/detail/go_to_point__rosidl_typesupport_fastrtps_c.h
[1.314s] -- Up-to-date: /home/hans/ros2/task1/install/p_action_interfaces/include/p_action_interfaces/p_action_interfaces/msg
[1.314s] -- Up-to-date: /home/hans/ros2/task1/install/p_action_interfaces/include/p_action_interfaces/p_action_interfaces/msg/rosidl_typesupport_fastrtps_c__visibility_control.h
[1.315s] -- Up-to-date: /home/hans/ros2/task1/install/p_action_interfaces/lib/libp_action_interfaces__rosidl_typesupport_fastrtps_c.so
[1.315s] -- Up-to-date: /home/hans/ros2/task1/install/p_action_interfaces/include/p_action_interfaces/p_action_interfaces
[1.315s] -- Up-to-date: /home/hans/ros2/task1/install/p_action_interfaces/include/p_action_interfaces/p_action_interfaces/action
[1.315s] -- Up-to-date: /home/hans/ros2/task1/install/p_action_interfaces/include/p_action_interfaces/p_action_interfaces/action/go_to_point.hpp
[1.316s] -- Up-to-date: /home/hans/ros2/task1/install/p_action_interfaces/include/p_action_interfaces/p_action_interfaces/action/detail
[1.316s] -- Up-to-date: /home/hans/ros2/task1/install/p_action_interfaces/include/p_action_interfaces/p_action_interfaces/action/detail/go_to_point__traits.hpp
[1.316s] -- Up-to-date: /home/hans/ros2/task1/install/p_action_interfaces/include/p_action_interfaces/p_action_interfaces/action/detail/go_to_point__struct.hpp
[1.316s] -- Up-to-date: /home/hans/ros2/task1/install/p_action_interfaces/include/p_action_interfaces/p_action_interfaces/action/detail/go_to_point__type_support.hpp
[1.317s] -- Up-to-date: /home/hans/ros2/task1/install/p_action_interfaces/include/p_action_interfaces/p_action_interfaces/action/detail/go_to_point__builder.hpp
[1.317s] -- Up-to-date: /home/hans/ros2/task1/install/p_action_interfaces/include/p_action_interfaces/p_action_interfaces/msg
[1.317s] -- Up-to-date: /home/hans/ros2/task1/install/p_action_interfaces/include/p_action_interfaces/p_action_interfaces/msg/rosidl_generator_cpp__visibility_control.hpp
[1.317s] -- Up-to-date: /home/hans/ros2/task1/install/p_action_interfaces/include/p_action_interfaces/p_action_interfaces
[1.317s] -- Up-to-date: /home/hans/ros2/task1/install/p_action_interfaces/include/p_action_interfaces/p_action_interfaces/action
[1.318s] -- Up-to-date: /home/hans/ros2/task1/install/p_action_interfaces/include/p_action_interfaces/p_action_interfaces/action/detail
[1.318s] -- Up-to-date: /home/hans/ros2/task1/install/p_action_interfaces/include/p_action_interfaces/p_action_interfaces/action/detail/go_to_point__rosidl_typesupport_fastrtps_cpp.hpp
[1.318s] -- Up-to-date: /home/hans/ros2/task1/install/p_action_interfaces/include/p_action_interfaces/p_action_interfaces/action/detail/dds_fastrtps
[1.318s] -- Up-to-date: /home/hans/ros2/task1/install/p_action_interfaces/include/p_action_interfaces/p_action_interfaces/msg
[1.318s] -- Up-to-date: /home/hans/ros2/task1/install/p_action_interfaces/include/p_action_interfaces/p_action_interfaces/msg/rosidl_typesupport_fastrtps_cpp__visibility_control.h
[1.318s] -- Up-to-date: /home/hans/ros2/task1/install/p_action_interfaces/lib/libp_action_interfaces__rosidl_typesupport_fastrtps_cpp.so
[1.319s] -- Up-to-date: /home/hans/ros2/task1/install/p_action_interfaces/include/p_action_interfaces/p_action_interfaces
[1.319s] -- Up-to-date: /home/hans/ros2/task1/install/p_action_interfaces/include/p_action_interfaces/p_action_interfaces/action
[1.319s] -- Up-to-date: /home/hans/ros2/task1/install/p_action_interfaces/include/p_action_interfaces/p_action_interfaces/action/detail
[1.319s] -- Up-to-date: /home/hans/ros2/task1/install/p_action_interfaces/include/p_action_interfaces/p_action_interfaces/action/detail/go_to_point__rosidl_typesupport_introspection_c.h
[1.319s] -- Up-to-date: /home/hans/ros2/task1/install/p_action_interfaces/include/p_action_interfaces/p_action_interfaces/action/detail/go_to_point__type_support.c
[1.320s] -- Up-to-date: /home/hans/ros2/task1/install/p_action_interfaces/include/p_action_interfaces/p_action_interfaces/msg
[1.320s] -- Up-to-date: /home/hans/ros2/task1/install/p_action_interfaces/include/p_action_interfaces/p_action_interfaces/msg/rosidl_typesupport_introspection_c__visibility_control.h
[1.320s] -- Up-to-date: /home/hans/ros2/task1/install/p_action_interfaces/lib/libp_action_interfaces__rosidl_typesupport_introspection_c.so
[1.320s] -- Up-to-date: /home/hans/ros2/task1/install/p_action_interfaces/lib/libp_action_interfaces__rosidl_typesupport_c.so
[1.320s] -- Up-to-date: /home/hans/ros2/task1/install/p_action_interfaces/include/p_action_interfaces/p_action_interfaces
[1.321s] -- Up-to-date: /home/hans/ros2/task1/install/p_action_interfaces/include/p_action_interfaces/p_action_interfaces/action
[1.321s] -- Up-to-date: /home/hans/ros2/task1/install/p_action_interfaces/include/p_action_interfaces/p_action_interfaces/action/detail
[1.321s] -- Up-to-date: /home/hans/ros2/task1/install/p_action_interfaces/include/p_action_interfaces/p_action_interfaces/action/detail/go_to_point__rosidl_typesupport_introspection_cpp.hpp
[1.321s] -- Up-to-date: /home/hans/ros2/task1/install/p_action_interfaces/include/p_action_interfaces/p_action_interfaces/action/detail/go_to_point__type_support.cpp
[1.321s] -- Up-to-date: /home/hans/ros2/task1/install/p_action_interfaces/lib/libp_action_interfaces__rosidl_typesupport_introspection_cpp.so
[1.322s] -- Up-to-date: /home/hans/ros2/task1/install/p_action_interfaces/lib/libp_action_interfaces__rosidl_typesupport_cpp.so
[1.322s] -- Up-to-date: /home/hans/ros2/task1/install/p_action_interfaces/share/p_action_interfaces/environment/pythonpath.sh
[1.322s] -- Up-to-date: /home/hans/ros2/task1/install/p_action_interfaces/share/p_action_interfaces/environment/pythonpath.dsv
[1.322s] -- Up-to-date: /home/hans/ros2/task1/install/p_action_interfaces/local/lib/python3.10/dist-packages/p_action_interfaces-0.0.0-py3.10.egg-info
[1.322s] -- Installing: /home/hans/ros2/task1/install/p_action_interfaces/local/lib/python3.10/dist-packages/p_action_interfaces-0.0.0-py3.10.egg-info/SOURCES.txt
[1.322s] -- Installing: /home/hans/ros2/task1/install/p_action_interfaces/local/lib/python3.10/dist-packages/p_action_interfaces-0.0.0-py3.10.egg-info/top_level.txt
[1.323s] -- Installing: /home/hans/ros2/task1/install/p_action_interfaces/local/lib/python3.10/dist-packages/p_action_interfaces-0.0.0-py3.10.egg-info/dependency_links.txt
[1.323s] -- Installing: /home/hans/ros2/task1/install/p_action_interfaces/local/lib/python3.10/dist-packages/p_action_interfaces-0.0.0-py3.10.egg-info/PKG-INFO
[1.323s] -- Up-to-date: /home/hans/ros2/task1/install/p_action_interfaces/local/lib/python3.10/dist-packages/p_action_interfaces
[1.323s] -- Up-to-date: /home/hans/ros2/task1/install/p_action_interfaces/local/lib/python3.10/dist-packages/p_action_interfaces/_p_action_interfaces_s.ep.rosidl_typesupport_fastrtps_c.c
[1.323s] -- Up-to-date: /home/hans/ros2/task1/install/p_action_interfaces/local/lib/python3.10/dist-packages/p_action_interfaces/action
[1.324s] -- Up-to-date: /home/hans/ros2/task1/install/p_action_interfaces/local/lib/python3.10/dist-packages/p_action_interfaces/action/_go_to_point_s.c
[1.324s] -- Up-to-date: /home/hans/ros2/task1/install/p_action_interfaces/local/lib/python3.10/dist-packages/p_action_interfaces/action/_go_to_point.py
[1.324s] -- Up-to-date: /home/hans/ros2/task1/install/p_action_interfaces/local/lib/python3.10/dist-packages/p_action_interfaces/action/__init__.py
[1.324s] -- Up-to-date: /home/hans/ros2/task1/install/p_action_interfaces/local/lib/python3.10/dist-packages/p_action_interfaces/p_action_interfaces_s__rosidl_typesupport_fastrtps_c.cpython-310-x86_64-linux-gnu.so
[1.324s] -- Up-to-date: /home/hans/ros2/task1/install/p_action_interfaces/local/lib/python3.10/dist-packages/p_action_interfaces/_p_action_interfaces_s.ep.rosidl_typesupport_introspection_c.c
[1.324s] -- Up-to-date: /home/hans/ros2/task1/install/p_action_interfaces/local/lib/python3.10/dist-packages/p_action_interfaces/_p_action_interfaces_s.ep.rosidl_typesupport_c.c
[1.325s] -- Up-to-date: /home/hans/ros2/task1/install/p_action_interfaces/local/lib/python3.10/dist-packages/p_action_interfaces/p_action_interfaces_s__rosidl_typesupport_c.cpython-310-x86_64-linux-gnu.so
[1.325s] -- Up-to-date: /home/hans/ros2/task1/install/p_action_interfaces/local/lib/python3.10/dist-packages/p_action_interfaces/__init__.py
[1.325s] -- Up-to-date: /home/hans/ros2/task1/install/p_action_interfaces/local/lib/python3.10/dist-packages/p_action_interfaces/libp_action_interfaces__rosidl_generator_py.so
[1.325s] -- Up-to-date: /home/hans/ros2/task1/install/p_action_interfaces/local/lib/python3.10/dist-packages/p_action_interfaces/p_action_interfaces_s__rosidl_typesupport_introspection_c.cpython-310-x86_64-linux-gnu.so
[1.387s] Listing '/home/hans/ros2/task1/install/p_action_interfaces/local/lib/python3.10/dist-packages/p_action_interfaces'...
[1.387s] Listing '/home/hans/ros2/task1/install/p_action_interfaces/local/lib/python3.10/dist-packages/p_action_interfaces/action'...
[1.398s] -- Up-to-date: /home/hans/ros2/task1/install/p_action_interfaces/local/lib/python3.10/dist-packages/p_action_interfaces/p_action_interfaces_s__rosidl_typesupport_fastrtps_c.cpython-310-x86_64-linux-gnu.so
[1.399s] -- Up-to-date: /home/hans/ros2/task1/install/p_action_interfaces/local/lib/python3.10/dist-packages/p_action_interfaces/p_action_interfaces_s__rosidl_typesupport_introspection_c.cpython-310-x86_64-linux-gnu.so
[1.399s] -- Up-to-date: /home/hans/ros2/task1/install/p_action_interfaces/local/lib/python3.10/dist-packages/p_action_interfaces/p_action_interfaces_s__rosidl_typesupport_c.cpython-310-x86_64-linux-gnu.so
[1.400s] -- Up-to-date: /home/hans/ros2/task1/install/p_action_interfaces/lib/libp_action_interfaces__rosidl_generator_py.so
[1.400s] -- Up-to-date: /home/hans/ros2/task1/install/p_action_interfaces/share/p_action_interfaces/action/GoToPoint.idl
[1.401s] -- Up-to-date: /home/hans/ros2/task1/install/p_action_interfaces/share/p_action_interfaces/action/GoToPoint.action
[1.401s] -- Up-to-date: /home/hans/ros2/task1/install/p_action_interfaces/share/ament_index/resource_index/package_run_dependencies/p_action_interfaces
[1.401s] -- Up-to-date: /home/hans/ros2/task1/install/p_action_interfaces/share/ament_index/resource_index/parent_prefix_path/p_action_interfaces
[1.401s] -- Up-to-date: /home/hans/ros2/task1/install/p_action_interfaces/share/p_action_interfaces/environment/ament_prefix_path.sh
[1.401s] -- Up-to-date: /home/hans/ros2/task1/install/p_action_interfaces/share/p_action_interfaces/environment/ament_prefix_path.dsv
[1.402s] -- Up-to-date: /home/hans/ros2/task1/install/p_action_interfaces/share/p_action_interfaces/environment/path.sh
[1.402s] -- Up-to-date: /home/hans/ros2/task1/install/p_action_interfaces/share/p_action_interfaces/environment/path.dsv
[1.403s] -- Up-to-date: /home/hans/ros2/task1/install/p_action_interfaces/share/p_action_interfaces/local_setup.bash
[1.403s] -- Up-to-date: /home/hans/ros2/task1/install/p_action_interfaces/share/p_action_interfaces/local_setup.sh
[1.404s] -- Up-to-date: /home/hans/ros2/task1/install/p_action_interfaces/share/p_action_interfaces/local_setup.zsh
[1.405s] -- Up-to-date: /home/hans/ros2/task1/install/p_action_interfaces/share/p_action_interfaces/local_setup.dsv
[1.405s] -- Installing: /home/hans/ros2/task1/install/p_action_interfaces/share/p_action_interfaces/package.dsv
[1.406s] -- Up-to-date: /home/hans/ros2/task1/install/p_action_interfaces/share/ament_index/resource_index/packages/p_action_interfaces
[1.406s] -- Up-to-date: /home/hans/ros2/task1/install/p_action_interfaces/share/p_action_interfaces/cmake/export_p_action_interfaces__rosidl_generator_cExport.cmake
[1.406s] -- Up-to-date: /home/hans/ros2/task1/install/p_action_interfaces/share/p_action_interfaces/cmake/export_p_action_interfaces__rosidl_generator_cExport-noconfig.cmake
[1.406s] -- Up-to-date: /home/hans/ros2/task1/install/p_action_interfaces/share/p_action_interfaces/cmake/export_p_action_interfaces__rosidl_typesupport_fastrtps_cExport.cmake
[1.406s] -- Up-to-date: /home/hans/ros2/task1/install/p_action_interfaces/share/p_action_interfaces/cmake/export_p_action_interfaces__rosidl_typesupport_fastrtps_cExport-noconfig.cmake
[1.407s] -- Up-to-date: /home/hans/ros2/task1/install/p_action_interfaces/share/p_action_interfaces/cmake/export_p_action_interfaces__rosidl_generator_cppExport.cmake
[1.407s] -- Up-to-date: /home/hans/ros2/task1/install/p_action_interfaces/share/p_action_interfaces/cmake/export_p_action_interfaces__rosidl_typesupport_fastrtps_cppExport.cmake
[1.407s] -- Up-to-date: /home/hans/ros2/task1/install/p_action_interfaces/share/p_action_interfaces/cmake/export_p_action_interfaces__rosidl_typesupport_fastrtps_cppExport-noconfig.cmake
[1.407s] -- Up-to-date: /home/hans/ros2/task1/install/p_action_interfaces/share/p_action_interfaces/cmake/p_action_interfaces__rosidl_typesupport_introspection_cExport.cmake
[1.407s] -- Up-to-date: /home/hans/ros2/task1/install/p_action_interfaces/share/p_action_interfaces/cmake/p_action_interfaces__rosidl_typesupport_introspection_cExport-noconfig.cmake
[1.407s] -- Up-to-date: /home/hans/ros2/task1/install/p_action_interfaces/share/p_action_interfaces/cmake/p_action_interfaces__rosidl_typesupport_cExport.cmake
[1.407s] -- Up-to-date: /home/hans/ros2/task1/install/p_action_interfaces/share/p_action_interfaces/cmake/p_action_interfaces__rosidl_typesupport_cExport-noconfig.cmake
[1.408s] -- Up-to-date: /home/hans/ros2/task1/install/p_action_interfaces/share/p_action_interfaces/cmake/p_action_interfaces__rosidl_typesupport_introspection_cppExport.cmake
[1.408s] -- Up-to-date: /home/hans/ros2/task1/install/p_action_interfaces/share/p_action_interfaces/cmake/p_action_interfaces__rosidl_typesupport_introspection_cppExport-noconfig.cmake
[1.408s] -- Up-to-date: /home/hans/ros2/task1/install/p_action_interfaces/share/p_action_interfaces/cmake/p_action_interfaces__rosidl_typesupport_cppExport.cmake
[1.408s] -- Up-to-date: /home/hans/ros2/task1/install/p_action_interfaces/share/p_action_interfaces/cmake/p_action_interfaces__rosidl_typesupport_cppExport-noconfig.cmake
[1.408s] -- Up-to-date: /home/hans/ros2/task1/install/p_action_interfaces/share/p_action_interfaces/cmake/export_p_action_interfaces__rosidl_generator_pyExport.cmake
[1.409s] -- Up-to-date: /home/hans/ros2/task1/install/p_action_interfaces/share/p_action_interfaces/cmake/export_p_action_interfaces__rosidl_generator_pyExport-noconfig.cmake
[1.409s] -- Up-to-date: /home/hans/ros2/task1/install/p_action_interfaces/share/p_action_interfaces/cmake/rosidl_cmake-extras.cmake
[1.409s] -- Up-to-date: /home/hans/ros2/task1/install/p_action_interfaces/share/p_action_interfaces/cmake/ament_cmake_export_dependencies-extras.cmake
[1.409s] -- Up-to-date: /home/hans/ros2/task1/install/p_action_interfaces/share/p_action_interfaces/cmake/ament_cmake_export_include_directories-extras.cmake
[1.409s] -- Up-to-date: /home/hans/ros2/task1/install/p_action_interfaces/share/p_action_interfaces/cmake/ament_cmake_export_libraries-extras.cmake
[1.409s] -- Up-to-date: /home/hans/ros2/task1/install/p_action_interfaces/share/p_action_interfaces/cmake/ament_cmake_export_targets-extras.cmake
[1.409s] -- Up-to-date: /home/hans/ros2/task1/install/p_action_interfaces/share/p_action_interfaces/cmake/rosidl_cmake_export_typesupport_targets-extras.cmake
[1.409s] -- Up-to-date: /home/hans/ros2/task1/install/p_action_interfaces/share/p_action_interfaces/cmake/rosidl_cmake_export_typesupport_libraries-extras.cmake
[1.410s] -- Up-to-date: /home/hans/ros2/task1/install/p_action_interfaces/share/p_action_interfaces/cmake/p_action_interfacesConfig.cmake
[1.410s] -- Up-to-date: /home/hans/ros2/task1/install/p_action_interfaces/share/p_action_interfaces/cmake/p_action_interfacesConfig-version.cmake
[1.410s] -- Up-to-date: /home/hans/ros2/task1/install/p_action_interfaces/share/p_action_interfaces/package.xml
[1.720s] Invoked command in '/home/hans/ros2/task1/build/p_action_interfaces' returned '0': CMAKE_PREFIX_PATH=${CMAKE_PREFIX_PATH}:/home/hans/ros2/task1/src/install/ttbot_square:/home/hans/ros2/task1/src/install/ping_sonar_ros:/home/hans/ros2/task1/src/install/p_controller:/home/hans/ros2/task1/src/install/p_action_example:/home/hans/ros2/task1/src/install/autonomous_rov:/home/hans/ros2/task1/install/ttbot_square:/home/hans/ros2/task1/install/ping_sonar_ros:/home/hans/ros2/task1/install/p_controller:/home/hans/ros2/task1/install/autonomous_rov:/opt/ros/humble /usr/bin/cmake --install /home/hans/ros2/task1/build/p_action_interfaces
