[0.023s] Invoking command in '/home/hans/ros2/task1/build/p_interfaces': CMAKE_PREFIX_PATH=/home/hans/ros2_ws/install/p_controller:/home/hans/ros2_ws/install/autonomous_rov:/home/hans/ros2/task1/install/ttbot_square:/opt/ros/humble /usr/bin/cmake --build /home/hans/ros2/task1/build/p_interfaces -- -j8 -l8
[0.113s] [  2%] Built target p_interfaces__cpp
[0.116s] [ 12%] Built target p_interfaces__rosidl_generator_c
[0.133s] [ 12%] Built target ament_cmake_python_symlink_p_interfaces
[0.176s] [ 23%] Built target p_interfaces__rosidl_typesupport_c
[0.182s] [ 33%] Built target p_interfaces__rosidl_typesupport_fastrtps_c
[0.186s] [ 43%] Built target p_interfaces__rosidl_typesupport_cpp
[0.187s] [ 61%] Built target p_interfaces__rosidl_typesupport_fastrtps_cpp
[0.187s] [ 64%] Built target p_interfaces__rosidl_typesupport_introspection_c
[0.197s] [ 74%] Built target p_interfaces__rosidl_typesupport_introspection_cpp
[0.240s] [ 74%] Built target p_interfaces
[0.283s] [ 76%] Built target p_interfaces__py
[0.329s] [ 84%] Built target p_interfaces__rosidl_generator_py
[0.376s] [ 94%] Built target p_interfaces__rosidl_typesupport_introspection_c__pyext
[0.377s] [ 94%] Built target p_interfaces__rosidl_typesupport_c__pyext
[0.377s] [100%] Built target p_interfaces__rosidl_typesupport_fastrtps_c__pyext
[0.618s] running egg_info
[0.619s] writing p_interfaces.egg-info/PKG-INFO
[0.620s] writing dependency_links to p_interfaces.egg-info/dependency_links.txt
[0.620s] writing top-level names to p_interfaces.egg-info/top_level.txt
[0.625s] reading manifest file 'p_interfaces.egg-info/SOURCES.txt'
[0.627s] writing manifest file 'p_interfaces.egg-info/SOURCES.txt'
[0.670s] [100%] Built target ament_cmake_python_build_p_interfaces_egg
[0.692s] Invoked command in '/home/hans/ros2/task1/build/p_interfaces' returned '0': CMAKE_PREFIX_PATH=/home/hans/ros2_ws/install/p_controller:/home/hans/ros2_ws/install/autonomous_rov:/home/hans/ros2/task1/install/ttbot_square:/opt/ros/humble /usr/bin/cmake --build /home/hans/ros2/task1/build/p_interfaces -- -j8 -l8
[0.711s] Invoking command in '/home/hans/ros2/task1/build/p_interfaces': CMAKE_PREFIX_PATH=/home/hans/ros2_ws/install/p_controller:/home/hans/ros2_ws/install/autonomous_rov:/home/hans/ros2/task1/install/ttbot_square:/opt/ros/humble /usr/bin/cmake --install /home/hans/ros2/task1/build/p_interfaces
[0.724s] -- Install configuration: ""
[0.725s] -- Execute custom install script
[0.725s] -- Up-to-date symlink: /home/hans/ros2/task1/install/p_interfaces/share/ament_index/resource_index/rosidl_interfaces/p_interfaces
[0.727s] -- Up-to-date symlink: /home/hans/ros2/task1/install/p_interfaces/include/p_interfaces/p_interfaces/msg/detail/num__functions.h
[0.727s] -- Up-to-date symlink: /home/hans/ros2/task1/install/p_interfaces/include/p_interfaces/p_interfaces/msg/detail/num__struct.h
[0.728s] -- Up-to-date symlink: /home/hans/ros2/task1/install/p_interfaces/include/p_interfaces/p_interfaces/msg/detail/num__type_support.h
[0.728s] -- Up-to-date symlink: /home/hans/ros2/task1/install/p_interfaces/include/p_interfaces/p_interfaces/msg/num.h
[0.728s] -- Up-to-date symlink: /home/hans/ros2/task1/install/p_interfaces/include/p_interfaces/p_interfaces/msg/rosidl_generator_c__visibility_control.h
[0.729s] -- Up-to-date symlink: /home/hans/ros2/task1/install/p_interfaces/include/p_interfaces/p_interfaces/srv/change_radius.h
[0.729s] -- Up-to-date symlink: /home/hans/ros2/task1/install/p_interfaces/include/p_interfaces/p_interfaces/srv/detail/change_radius__functions.h
[0.730s] -- Up-to-date symlink: /home/hans/ros2/task1/install/p_interfaces/include/p_interfaces/p_interfaces/srv/detail/change_radius__struct.h
[0.730s] -- Up-to-date symlink: /home/hans/ros2/task1/install/p_interfaces/include/p_interfaces/p_interfaces/srv/detail/change_radius__type_support.h
[0.731s] -- Up-to-date symlink: /home/hans/ros2/task1/install/p_interfaces/share/p_interfaces/environment/library_path.sh
[0.731s] -- Up-to-date symlink: /home/hans/ros2/task1/install/p_interfaces/share/p_interfaces/environment/library_path.dsv
[0.733s] -- Up-to-date symlink: /home/hans/ros2/task1/install/p_interfaces/include/p_interfaces/p_interfaces/msg/detail/num__rosidl_typesupport_fastrtps_c.h
[0.733s] -- Up-to-date symlink: /home/hans/ros2/task1/install/p_interfaces/include/p_interfaces/p_interfaces/msg/rosidl_typesupport_fastrtps_c__visibility_control.h
[0.733s] -- Up-to-date symlink: /home/hans/ros2/task1/install/p_interfaces/include/p_interfaces/p_interfaces/srv/detail/change_radius__rosidl_typesupport_fastrtps_c.h
[0.735s] -- Up-to-date symlink: /home/hans/ros2/task1/install/p_interfaces/include/p_interfaces/p_interfaces/msg/detail/num__builder.hpp
[0.735s] -- Up-to-date symlink: /home/hans/ros2/task1/install/p_interfaces/include/p_interfaces/p_interfaces/msg/detail/num__struct.hpp
[0.736s] -- Up-to-date symlink: /home/hans/ros2/task1/install/p_interfaces/include/p_interfaces/p_interfaces/msg/detail/num__traits.hpp
[0.736s] -- Up-to-date symlink: /home/hans/ros2/task1/install/p_interfaces/include/p_interfaces/p_interfaces/msg/detail/num__type_support.hpp
[0.737s] -- Up-to-date symlink: /home/hans/ros2/task1/install/p_interfaces/include/p_interfaces/p_interfaces/msg/num.hpp
[0.737s] -- Up-to-date symlink: /home/hans/ros2/task1/install/p_interfaces/include/p_interfaces/p_interfaces/msg/rosidl_generator_cpp__visibility_control.hpp
[0.738s] -- Up-to-date symlink: /home/hans/ros2/task1/install/p_interfaces/include/p_interfaces/p_interfaces/srv/change_radius.hpp
[0.738s] -- Up-to-date symlink: /home/hans/ros2/task1/install/p_interfaces/include/p_interfaces/p_interfaces/srv/detail/change_radius__builder.hpp
[0.739s] -- Up-to-date symlink: /home/hans/ros2/task1/install/p_interfaces/include/p_interfaces/p_interfaces/srv/detail/change_radius__struct.hpp
[0.739s] -- Up-to-date symlink: /home/hans/ros2/task1/install/p_interfaces/include/p_interfaces/p_interfaces/srv/detail/change_radius__traits.hpp
[0.740s] -- Up-to-date symlink: /home/hans/ros2/task1/install/p_interfaces/include/p_interfaces/p_interfaces/srv/detail/change_radius__type_support.hpp
[0.741s] -- Up-to-date symlink: /home/hans/ros2/task1/install/p_interfaces/include/p_interfaces/p_interfaces/msg/detail/num__rosidl_typesupport_fastrtps_cpp.hpp
[0.742s] -- Up-to-date symlink: /home/hans/ros2/task1/install/p_interfaces/include/p_interfaces/p_interfaces/msg/rosidl_typesupport_fastrtps_cpp__visibility_control.h
[0.742s] -- Up-to-date symlink: /home/hans/ros2/task1/install/p_interfaces/include/p_interfaces/p_interfaces/srv/detail/change_radius__rosidl_typesupport_fastrtps_cpp.hpp
[0.743s] -- Up-to-date symlink: /home/hans/ros2/task1/install/p_interfaces/include/p_interfaces/p_interfaces/msg/detail/num__rosidl_typesupport_introspection_c.h
[0.743s] -- Up-to-date symlink: /home/hans/ros2/task1/install/p_interfaces/include/p_interfaces/p_interfaces/msg/rosidl_typesupport_introspection_c__visibility_control.h
[0.744s] -- Up-to-date symlink: /home/hans/ros2/task1/install/p_interfaces/include/p_interfaces/p_interfaces/srv/detail/change_radius__rosidl_typesupport_introspection_c.h
[0.745s] -- Up-to-date symlink: /home/hans/ros2/task1/install/p_interfaces/include/p_interfaces/p_interfaces/msg/detail/num__rosidl_typesupport_introspection_cpp.hpp
[0.746s] -- Up-to-date symlink: /home/hans/ros2/task1/install/p_interfaces/include/p_interfaces/p_interfaces/srv/detail/change_radius__rosidl_typesupport_introspection_cpp.hpp
[0.746s] -- Up-to-date symlink: /home/hans/ros2/task1/install/p_interfaces/share/p_interfaces/environment/pythonpath.sh
[0.747s] -- Up-to-date symlink: /home/hans/ros2/task1/install/p_interfaces/share/p_interfaces/environment/pythonpath.dsv
[0.748s] -- Up-to-date symlink: /home/hans/ros2/task1/install/p_interfaces/local/lib/python3.10/dist-packages/p_interfaces-0.0.0-py3.10.egg-info/PKG-INFO
[0.748s] -- Up-to-date symlink: /home/hans/ros2/task1/install/p_interfaces/local/lib/python3.10/dist-packages/p_interfaces-0.0.0-py3.10.egg-info/SOURCES.txt
[0.749s] -- Up-to-date symlink: /home/hans/ros2/task1/install/p_interfaces/local/lib/python3.10/dist-packages/p_interfaces-0.0.0-py3.10.egg-info/dependency_links.txt
[0.749s] -- Up-to-date symlink: /home/hans/ros2/task1/install/p_interfaces/local/lib/python3.10/dist-packages/p_interfaces-0.0.0-py3.10.egg-info/top_level.txt
[0.751s] -- Up-to-date symlink: /home/hans/ros2/task1/install/p_interfaces/local/lib/python3.10/dist-packages/p_interfaces/__init__.py
[0.751s] -- Up-to-date symlink: /home/hans/ros2/task1/install/p_interfaces/local/lib/python3.10/dist-packages/p_interfaces/_p_interfaces_s.ep.rosidl_typesupport_c.c
[0.751s] -- Up-to-date symlink: /home/hans/ros2/task1/install/p_interfaces/local/lib/python3.10/dist-packages/p_interfaces/_p_interfaces_s.ep.rosidl_typesupport_fastrtps_c.c
[0.752s] -- Up-to-date symlink: /home/hans/ros2/task1/install/p_interfaces/local/lib/python3.10/dist-packages/p_interfaces/_p_interfaces_s.ep.rosidl_typesupport_introspection_c.c
[0.752s] -- Up-to-date symlink: /home/hans/ros2/task1/install/p_interfaces/local/lib/python3.10/dist-packages/p_interfaces/libp_interfaces__rosidl_generator_py.so
[0.752s] -- Up-to-date symlink: /home/hans/ros2/task1/install/p_interfaces/local/lib/python3.10/dist-packages/p_interfaces/msg/__init__.py
[0.752s] -- Up-to-date symlink: /home/hans/ros2/task1/install/p_interfaces/local/lib/python3.10/dist-packages/p_interfaces/msg/_num.py
[0.753s] -- Up-to-date symlink: /home/hans/ros2/task1/install/p_interfaces/local/lib/python3.10/dist-packages/p_interfaces/msg/_num_s.c
[0.753s] -- Up-to-date symlink: /home/hans/ros2/task1/install/p_interfaces/local/lib/python3.10/dist-packages/p_interfaces/p_interfaces_s__rosidl_typesupport_c.cpython-310-x86_64-linux-gnu.so
[0.753s] -- Up-to-date symlink: /home/hans/ros2/task1/install/p_interfaces/local/lib/python3.10/dist-packages/p_interfaces/p_interfaces_s__rosidl_typesupport_fastrtps_c.cpython-310-x86_64-linux-gnu.so
[0.754s] -- Up-to-date symlink: /home/hans/ros2/task1/install/p_interfaces/local/lib/python3.10/dist-packages/p_interfaces/p_interfaces_s__rosidl_typesupport_introspection_c.cpython-310-x86_64-linux-gnu.so
[0.754s] -- Up-to-date symlink: /home/hans/ros2/task1/install/p_interfaces/local/lib/python3.10/dist-packages/p_interfaces/srv/__init__.py
[0.754s] -- Up-to-date symlink: /home/hans/ros2/task1/install/p_interfaces/local/lib/python3.10/dist-packages/p_interfaces/srv/_change_radius.py
[0.755s] -- Up-to-date symlink: /home/hans/ros2/task1/install/p_interfaces/local/lib/python3.10/dist-packages/p_interfaces/srv/_change_radius_s.c
[0.755s] -- Up-to-date symlink: /home/hans/ros2/task1/install/p_interfaces/local/lib/python3.10/dist-packages/p_interfaces/p_interfaces_s__rosidl_typesupport_fastrtps_c.cpython-310-x86_64-linux-gnu.so
[0.756s] -- Up-to-date symlink: /home/hans/ros2/task1/install/p_interfaces/local/lib/python3.10/dist-packages/p_interfaces/p_interfaces_s__rosidl_typesupport_introspection_c.cpython-310-x86_64-linux-gnu.so
[0.756s] -- Up-to-date symlink: /home/hans/ros2/task1/install/p_interfaces/local/lib/python3.10/dist-packages/p_interfaces/p_interfaces_s__rosidl_typesupport_c.cpython-310-x86_64-linux-gnu.so
[0.757s] -- Up-to-date symlink: /home/hans/ros2/task1/install/p_interfaces/share/p_interfaces/msg/Num.idl
[0.757s] -- Up-to-date symlink: /home/hans/ros2/task1/install/p_interfaces/share/p_interfaces/srv/ChangeRadius.idl
[0.757s] -- Up-to-date symlink: /home/hans/ros2/task1/install/p_interfaces/share/p_interfaces/msg/Num.msg
[0.757s] -- Up-to-date symlink: /home/hans/ros2/task1/install/p_interfaces/share/p_interfaces/srv/ChangeRadius.srv
[0.758s] -- Up-to-date symlink: /home/hans/ros2/task1/install/p_interfaces/share/p_interfaces/srv/ChangeRadius_Request.msg
[0.758s] -- Up-to-date symlink: /home/hans/ros2/task1/install/p_interfaces/share/p_interfaces/srv/ChangeRadius_Response.msg
[0.759s] -- Up-to-date symlink: /home/hans/ros2/task1/install/p_interfaces/share/ament_index/resource_index/package_run_dependencies/p_interfaces
[0.759s] -- Up-to-date symlink: /home/hans/ros2/task1/install/p_interfaces/share/ament_index/resource_index/parent_prefix_path/p_interfaces
[0.759s] -- Up-to-date symlink: /home/hans/ros2/task1/install/p_interfaces/share/p_interfaces/environment/ament_prefix_path.sh
[0.760s] -- Up-to-date symlink: /home/hans/ros2/task1/install/p_interfaces/share/p_interfaces/environment/ament_prefix_path.dsv
[0.761s] -- Up-to-date symlink: /home/hans/ros2/task1/install/p_interfaces/share/p_interfaces/environment/path.sh
[0.761s] -- Up-to-date symlink: /home/hans/ros2/task1/install/p_interfaces/share/p_interfaces/environment/path.dsv
[0.762s] -- Up-to-date symlink: /home/hans/ros2/task1/install/p_interfaces/share/p_interfaces/local_setup.bash
[0.762s] -- Up-to-date symlink: /home/hans/ros2/task1/install/p_interfaces/share/p_interfaces/local_setup.sh
[0.762s] -- Up-to-date symlink: /home/hans/ros2/task1/install/p_interfaces/share/p_interfaces/local_setup.zsh
[0.763s] -- Up-to-date symlink: /home/hans/ros2/task1/install/p_interfaces/share/p_interfaces/local_setup.dsv
[0.763s] -- Symlinking: /home/hans/ros2/task1/install/p_interfaces/share/p_interfaces/package.dsv
[0.780s] -- Up-to-date symlink: /home/hans/ros2/task1/install/p_interfaces/share/ament_index/resource_index/packages/p_interfaces
[0.780s] -- Up-to-date symlink: /home/hans/ros2/task1/install/p_interfaces/share/p_interfaces/cmake/rosidl_cmake-extras.cmake
[0.781s] -- Up-to-date symlink: /home/hans/ros2/task1/install/p_interfaces/share/p_interfaces/cmake/ament_cmake_export_dependencies-extras.cmake
[0.781s] -- Up-to-date symlink: /home/hans/ros2/task1/install/p_interfaces/share/p_interfaces/cmake/ament_cmake_export_include_directories-extras.cmake
[0.781s] -- Up-to-date symlink: /home/hans/ros2/task1/install/p_interfaces/share/p_interfaces/cmake/ament_cmake_export_libraries-extras.cmake
[0.782s] -- Up-to-date symlink: /home/hans/ros2/task1/install/p_interfaces/share/p_interfaces/cmake/ament_cmake_export_targets-extras.cmake
[0.783s] -- Up-to-date symlink: /home/hans/ros2/task1/install/p_interfaces/share/p_interfaces/cmake/rosidl_cmake_export_typesupport_targets-extras.cmake
[0.783s] -- Up-to-date symlink: /home/hans/ros2/task1/install/p_interfaces/share/p_interfaces/cmake/rosidl_cmake_export_typesupport_libraries-extras.cmake
[0.783s] -- Up-to-date symlink: /home/hans/ros2/task1/install/p_interfaces/share/p_interfaces/cmake/p_interfacesConfig.cmake
[0.784s] -- Up-to-date symlink: /home/hans/ros2/task1/install/p_interfaces/share/p_interfaces/cmake/p_interfacesConfig-version.cmake
[0.784s] -- Up-to-date symlink: /home/hans/ros2/task1/install/p_interfaces/share/p_interfaces/package.xml
[0.785s] -- Up-to-date: /home/hans/ros2/task1/install/p_interfaces/lib/libp_interfaces__rosidl_generator_c.so
[0.785s] -- Up-to-date: /home/hans/ros2/task1/install/p_interfaces/lib/libp_interfaces__rosidl_typesupport_fastrtps_c.so
[0.786s] -- Up-to-date: /home/hans/ros2/task1/install/p_interfaces/lib/libp_interfaces__rosidl_typesupport_fastrtps_cpp.so
[0.787s] -- Up-to-date: /home/hans/ros2/task1/install/p_interfaces/lib/libp_interfaces__rosidl_typesupport_introspection_c.so
[0.788s] -- Up-to-date: /home/hans/ros2/task1/install/p_interfaces/lib/libp_interfaces__rosidl_typesupport_c.so
[0.788s] -- Up-to-date: /home/hans/ros2/task1/install/p_interfaces/lib/libp_interfaces__rosidl_typesupport_introspection_cpp.so
[0.789s] -- Up-to-date: /home/hans/ros2/task1/install/p_interfaces/lib/libp_interfaces__rosidl_typesupport_cpp.so
[0.842s] Listing '/home/hans/ros2/task1/install/p_interfaces/local/lib/python3.10/dist-packages/p_interfaces'...
[0.842s] Listing '/home/hans/ros2/task1/install/p_interfaces/local/lib/python3.10/dist-packages/p_interfaces/msg'...
[0.842s] Listing '/home/hans/ros2/task1/install/p_interfaces/local/lib/python3.10/dist-packages/p_interfaces/srv'...
[0.851s] -- Up-to-date: /home/hans/ros2/task1/install/p_interfaces/lib/libp_interfaces__rosidl_generator_py.so
[0.852s] -- Up-to-date: /home/hans/ros2/task1/install/p_interfaces/share/p_interfaces/cmake/export_p_interfaces__rosidl_generator_cExport.cmake
[0.852s] -- Up-to-date: /home/hans/ros2/task1/install/p_interfaces/share/p_interfaces/cmake/export_p_interfaces__rosidl_generator_cExport-noconfig.cmake
[0.853s] -- Up-to-date: /home/hans/ros2/task1/install/p_interfaces/share/p_interfaces/cmake/export_p_interfaces__rosidl_typesupport_fastrtps_cExport.cmake
[0.853s] -- Up-to-date: /home/hans/ros2/task1/install/p_interfaces/share/p_interfaces/cmake/export_p_interfaces__rosidl_typesupport_fastrtps_cExport-noconfig.cmake
[0.853s] -- Up-to-date: /home/hans/ros2/task1/install/p_interfaces/share/p_interfaces/cmake/export_p_interfaces__rosidl_generator_cppExport.cmake
[0.854s] -- Up-to-date: /home/hans/ros2/task1/install/p_interfaces/share/p_interfaces/cmake/export_p_interfaces__rosidl_typesupport_fastrtps_cppExport.cmake
[0.854s] -- Up-to-date: /home/hans/ros2/task1/install/p_interfaces/share/p_interfaces/cmake/export_p_interfaces__rosidl_typesupport_fastrtps_cppExport-noconfig.cmake
[0.854s] -- Up-to-date: /home/hans/ros2/task1/install/p_interfaces/share/p_interfaces/cmake/p_interfaces__rosidl_typesupport_introspection_cExport.cmake
[0.855s] -- Up-to-date: /home/hans/ros2/task1/install/p_interfaces/share/p_interfaces/cmake/p_interfaces__rosidl_typesupport_introspection_cExport-noconfig.cmake
[0.855s] -- Up-to-date: /home/hans/ros2/task1/install/p_interfaces/share/p_interfaces/cmake/p_interfaces__rosidl_typesupport_cExport.cmake
[0.855s] -- Up-to-date: /home/hans/ros2/task1/install/p_interfaces/share/p_interfaces/cmake/p_interfaces__rosidl_typesupport_cExport-noconfig.cmake
[0.855s] -- Up-to-date: /home/hans/ros2/task1/install/p_interfaces/share/p_interfaces/cmake/p_interfaces__rosidl_typesupport_introspection_cppExport.cmake
[0.856s] -- Up-to-date: /home/hans/ros2/task1/install/p_interfaces/share/p_interfaces/cmake/p_interfaces__rosidl_typesupport_introspection_cppExport-noconfig.cmake
[0.856s] -- Up-to-date: /home/hans/ros2/task1/install/p_interfaces/share/p_interfaces/cmake/p_interfaces__rosidl_typesupport_cppExport.cmake
[0.856s] -- Up-to-date: /home/hans/ros2/task1/install/p_interfaces/share/p_interfaces/cmake/p_interfaces__rosidl_typesupport_cppExport-noconfig.cmake
[0.856s] -- Up-to-date: /home/hans/ros2/task1/install/p_interfaces/share/p_interfaces/cmake/export_p_interfaces__rosidl_generator_pyExport.cmake
[0.856s] -- Up-to-date: /home/hans/ros2/task1/install/p_interfaces/share/p_interfaces/cmake/export_p_interfaces__rosidl_generator_pyExport-noconfig.cmake
[0.860s] Invoked command in '/home/hans/ros2/task1/build/p_interfaces' returned '0': CMAKE_PREFIX_PATH=/home/hans/ros2_ws/install/p_controller:/home/hans/ros2_ws/install/autonomous_rov:/home/hans/ros2/task1/install/ttbot_square:/opt/ros/humble /usr/bin/cmake --install /home/hans/ros2/task1/build/p_interfaces
