[0.014s] Invoking command in '/home/hans/ros2/task1/build/p_action_interfaces': CMAKE_PREFIX_PATH=${CMAKE_PREFIX_PATH}:/home/hans/ros2/task1/install/ttbot_square:/home/hans/ros2/task1/install/ping_sonar_ros:/home/hans/ros2/task1/install/p_controller:/home/hans/ros2/task1/install/autonomous_rov:/opt/ros/humble /usr/bin/cmake --build /home/hans/ros2/task1/build/p_action_interfaces -- -j8 -l8
[0.075s] [  3%] Built target p_action_interfaces__cpp
[0.075s] [ 12%] Built target p_action_interfaces__rosidl_generator_c
[0.087s] [ 12%] Built target ament_cmake_python_copy_p_action_interfaces
[0.108s] [ 22%] Built target p_action_interfaces__rosidl_typesupport_c
[0.110s] [ 32%] Built target p_action_interfaces__rosidl_typesupport_introspection_c
[0.112s] [ 41%] Built target p_action_interfaces__rosidl_typesupport_cpp
[0.112s] [ 51%] Built target p_action_interfaces__rosidl_typesupport_fastrtps_cpp
[0.115s] [ 61%] Built target p_action_interfaces__rosidl_typesupport_introspection_cpp
[0.122s] [ 70%] Built target p_action_interfaces__rosidl_typesupport_fastrtps_c
[0.148s] [ 70%] Built target p_action_interfaces
[0.172s] [ 74%] Built target p_action_interfaces__py
[0.199s] [ 80%] Built target p_action_interfaces__rosidl_generator_py
[0.227s] [ 87%] Built target p_action_interfaces__rosidl_typesupport_fastrtps_c__pyext
[0.227s] [ 93%] Built target p_action_interfaces__rosidl_typesupport_introspection_c__pyext
[0.227s] [100%] Built target p_action_interfaces__rosidl_typesupport_c__pyext
[0.409s] running egg_info
[0.410s] writing p_action_interfaces.egg-info/PKG-INFO
[0.410s] writing dependency_links to p_action_interfaces.egg-info/dependency_links.txt
[0.410s] writing top-level names to p_action_interfaces.egg-info/top_level.txt
[0.413s] reading manifest file 'p_action_interfaces.egg-info/SOURCES.txt'
[0.413s] writing manifest file 'p_action_interfaces.egg-info/SOURCES.txt'
[0.451s] [100%] Built target ament_cmake_python_build_p_action_interfaces_egg
[0.468s] Invoked command in '/home/hans/ros2/task1/build/p_action_interfaces' returned '0': CMAKE_PREFIX_PATH=${CMAKE_PREFIX_PATH}:/home/hans/ros2/task1/install/ttbot_square:/home/hans/ros2/task1/install/ping_sonar_ros:/home/hans/ros2/task1/install/p_controller:/home/hans/ros2/task1/install/autonomous_rov:/opt/ros/humble /usr/bin/cmake --build /home/hans/ros2/task1/build/p_action_interfaces -- -j8 -l8
[0.482s] Invoking command in '/home/hans/ros2/task1/build/p_action_interfaces': CMAKE_PREFIX_PATH=${CMAKE_PREFIX_PATH}:/home/hans/ros2/task1/install/ttbot_square:/home/hans/ros2/task1/install/ping_sonar_ros:/home/hans/ros2/task1/install/p_controller:/home/hans/ros2/task1/install/autonomous_rov:/opt/ros/humble /usr/bin/cmake --install /home/hans/ros2/task1/build/p_action_interfaces
[0.492s] -- Install configuration: ""
[0.493s] -- Up-to-date: /home/hans/ros2/task1/install/p_action_interfaces/share/ament_index/resource_index/rosidl_interfaces/p_action_interfaces
[0.493s] -- Up-to-date: /home/hans/ros2/task1/install/p_action_interfaces/include/p_action_interfaces/p_action_interfaces
[0.493s] -- Up-to-date: /home/hans/ros2/task1/install/p_action_interfaces/include/p_action_interfaces/p_action_interfaces/action
[0.493s] -- Up-to-date: /home/hans/ros2/task1/install/p_action_interfaces/include/p_action_interfaces/p_action_interfaces/action/detail
[0.493s] -- Up-to-date: /home/hans/ros2/task1/install/p_action_interfaces/include/p_action_interfaces/p_action_interfaces/action/detail/go_to_point__struct.h
[0.493s] -- Up-to-date: /home/hans/ros2/task1/install/p_action_interfaces/include/p_action_interfaces/p_action_interfaces/action/detail/go_to_point__functions.c
[0.494s] -- Up-to-date: /home/hans/ros2/task1/install/p_action_interfaces/include/p_action_interfaces/p_action_interfaces/action/detail/go_to_point__functions.h
[0.494s] -- Up-to-date: /home/hans/ros2/task1/install/p_action_interfaces/include/p_action_interfaces/p_action_interfaces/action/detail/go_to_point__type_support.h
[0.494s] -- Up-to-date: /home/hans/ros2/task1/install/p_action_interfaces/include/p_action_interfaces/p_action_interfaces/action/go_to_point.h
[0.494s] -- Up-to-date: /home/hans/ros2/task1/install/p_action_interfaces/include/p_action_interfaces/p_action_interfaces/msg
[0.494s] -- Up-to-date: /home/hans/ros2/task1/install/p_action_interfaces/include/p_action_interfaces/p_action_interfaces/msg/rosidl_generator_c__visibility_control.h
[0.494s] -- Up-to-date: /home/hans/ros2/task1/install/p_action_interfaces/share/p_action_interfaces/environment/library_path.sh
[0.495s] -- Up-to-date: /home/hans/ros2/task1/install/p_action_interfaces/share/p_action_interfaces/environment/library_path.dsv
[0.495s] -- Up-to-date: /home/hans/ros2/task1/install/p_action_interfaces/lib/libp_action_interfaces__rosidl_generator_c.so
[0.495s] -- Up-to-date: /home/hans/ros2/task1/install/p_action_interfaces/include/p_action_interfaces/p_action_interfaces
[0.495s] -- Up-to-date: /home/hans/ros2/task1/install/p_action_interfaces/include/p_action_interfaces/p_action_interfaces/action
[0.495s] -- Up-to-date: /home/hans/ros2/task1/install/p_action_interfaces/include/p_action_interfaces/p_action_interfaces/action/detail
[0.496s] -- Up-to-date: /home/hans/ros2/task1/install/p_action_interfaces/include/p_action_interfaces/p_action_interfaces/action/detail/go_to_point__rosidl_typesupport_fastrtps_c.h
[0.496s] -- Up-to-date: /home/hans/ros2/task1/install/p_action_interfaces/include/p_action_interfaces/p_action_interfaces/msg
[0.496s] -- Up-to-date: /home/hans/ros2/task1/install/p_action_interfaces/include/p_action_interfaces/p_action_interfaces/msg/rosidl_typesupport_fastrtps_c__visibility_control.h
[0.496s] -- Up-to-date: /home/hans/ros2/task1/install/p_action_interfaces/lib/libp_action_interfaces__rosidl_typesupport_fastrtps_c.so
[0.496s] -- Up-to-date: /home/hans/ros2/task1/install/p_action_interfaces/include/p_action_interfaces/p_action_interfaces
[0.496s] -- Up-to-date: /home/hans/ros2/task1/install/p_action_interfaces/include/p_action_interfaces/p_action_interfaces/action
[0.497s] -- Up-to-date: /home/hans/ros2/task1/install/p_action_interfaces/include/p_action_interfaces/p_action_interfaces/action/go_to_point.hpp
[0.497s] -- Up-to-date: /home/hans/ros2/task1/install/p_action_interfaces/include/p_action_interfaces/p_action_interfaces/action/detail
[0.497s] -- Up-to-date: /home/hans/ros2/task1/install/p_action_interfaces/include/p_action_interfaces/p_action_interfaces/action/detail/go_to_point__traits.hpp
[0.497s] -- Up-to-date: /home/hans/ros2/task1/install/p_action_interfaces/include/p_action_interfaces/p_action_interfaces/action/detail/go_to_point__struct.hpp
[0.497s] -- Up-to-date: /home/hans/ros2/task1/install/p_action_interfaces/include/p_action_interfaces/p_action_interfaces/action/detail/go_to_point__type_support.hpp
[0.497s] -- Up-to-date: /home/hans/ros2/task1/install/p_action_interfaces/include/p_action_interfaces/p_action_interfaces/action/detail/go_to_point__builder.hpp
[0.498s] -- Up-to-date: /home/hans/ros2/task1/install/p_action_interfaces/include/p_action_interfaces/p_action_interfaces/msg
[0.498s] -- Up-to-date: /home/hans/ros2/task1/install/p_action_interfaces/include/p_action_interfaces/p_action_interfaces/msg/rosidl_generator_cpp__visibility_control.hpp
[0.498s] -- Up-to-date: /home/hans/ros2/task1/install/p_action_interfaces/include/p_action_interfaces/p_action_interfaces
[0.498s] -- Up-to-date: /home/hans/ros2/task1/install/p_action_interfaces/include/p_action_interfaces/p_action_interfaces/action
[0.498s] -- Up-to-date: /home/hans/ros2/task1/install/p_action_interfaces/include/p_action_interfaces/p_action_interfaces/action/detail
[0.498s] -- Up-to-date: /home/hans/ros2/task1/install/p_action_interfaces/include/p_action_interfaces/p_action_interfaces/action/detail/go_to_point__rosidl_typesupport_fastrtps_cpp.hpp
[0.498s] -- Up-to-date: /home/hans/ros2/task1/install/p_action_interfaces/include/p_action_interfaces/p_action_interfaces/action/detail/dds_fastrtps
[0.499s] -- Up-to-date: /home/hans/ros2/task1/install/p_action_interfaces/include/p_action_interfaces/p_action_interfaces/msg
[0.499s] -- Up-to-date: /home/hans/ros2/task1/install/p_action_interfaces/include/p_action_interfaces/p_action_interfaces/msg/rosidl_typesupport_fastrtps_cpp__visibility_control.h
[0.499s] -- Up-to-date: /home/hans/ros2/task1/install/p_action_interfaces/lib/libp_action_interfaces__rosidl_typesupport_fastrtps_cpp.so
[0.499s] -- Up-to-date: /home/hans/ros2/task1/install/p_action_interfaces/include/p_action_interfaces/p_action_interfaces
[0.500s] -- Up-to-date: /home/hans/ros2/task1/install/p_action_interfaces/include/p_action_interfaces/p_action_interfaces/action
[0.500s] -- Up-to-date: /home/hans/ros2/task1/install/p_action_interfaces/include/p_action_interfaces/p_action_interfaces/action/detail
[0.500s] -- Up-to-date: /home/hans/ros2/task1/install/p_action_interfaces/include/p_action_interfaces/p_action_interfaces/action/detail/go_to_point__rosidl_typesupport_introspection_c.h
[0.500s] -- Up-to-date: /home/hans/ros2/task1/install/p_action_interfaces/include/p_action_interfaces/p_action_interfaces/action/detail/go_to_point__type_support.c
[0.500s] -- Up-to-date: /home/hans/ros2/task1/install/p_action_interfaces/include/p_action_interfaces/p_action_interfaces/msg
[0.500s] -- Up-to-date: /home/hans/ros2/task1/install/p_action_interfaces/include/p_action_interfaces/p_action_interfaces/msg/rosidl_typesupport_introspection_c__visibility_control.h
[0.501s] -- Up-to-date: /home/hans/ros2/task1/install/p_action_interfaces/lib/libp_action_interfaces__rosidl_typesupport_introspection_c.so
[0.501s] -- Up-to-date: /home/hans/ros2/task1/install/p_action_interfaces/lib/libp_action_interfaces__rosidl_typesupport_c.so
[0.501s] -- Up-to-date: /home/hans/ros2/task1/install/p_action_interfaces/include/p_action_interfaces/p_action_interfaces
[0.501s] -- Up-to-date: /home/hans/ros2/task1/install/p_action_interfaces/include/p_action_interfaces/p_action_interfaces/action
[0.501s] -- Up-to-date: /home/hans/ros2/task1/install/p_action_interfaces/include/p_action_interfaces/p_action_interfaces/action/detail
[0.501s] -- Up-to-date: /home/hans/ros2/task1/install/p_action_interfaces/include/p_action_interfaces/p_action_interfaces/action/detail/go_to_point__rosidl_typesupport_introspection_cpp.hpp
[0.501s] -- Up-to-date: /home/hans/ros2/task1/install/p_action_interfaces/include/p_action_interfaces/p_action_interfaces/action/detail/go_to_point__type_support.cpp
[0.501s] -- Up-to-date: /home/hans/ros2/task1/install/p_action_interfaces/lib/libp_action_interfaces__rosidl_typesupport_introspection_cpp.so
[0.502s] -- Up-to-date: /home/hans/ros2/task1/install/p_action_interfaces/lib/libp_action_interfaces__rosidl_typesupport_cpp.so
[0.502s] -- Up-to-date: /home/hans/ros2/task1/install/p_action_interfaces/share/p_action_interfaces/environment/pythonpath.sh
[0.502s] -- Up-to-date: /home/hans/ros2/task1/install/p_action_interfaces/share/p_action_interfaces/environment/pythonpath.dsv
[0.502s] -- Up-to-date: /home/hans/ros2/task1/install/p_action_interfaces/local/lib/python3.10/dist-packages/p_action_interfaces-0.0.0-py3.10.egg-info
[0.502s] -- Installing: /home/hans/ros2/task1/install/p_action_interfaces/local/lib/python3.10/dist-packages/p_action_interfaces-0.0.0-py3.10.egg-info/SOURCES.txt
[0.502s] -- Installing: /home/hans/ros2/task1/install/p_action_interfaces/local/lib/python3.10/dist-packages/p_action_interfaces-0.0.0-py3.10.egg-info/top_level.txt
[0.502s] -- Installing: /home/hans/ros2/task1/install/p_action_interfaces/local/lib/python3.10/dist-packages/p_action_interfaces-0.0.0-py3.10.egg-info/dependency_links.txt
[0.503s] -- Installing: /home/hans/ros2/task1/install/p_action_interfaces/local/lib/python3.10/dist-packages/p_action_interfaces-0.0.0-py3.10.egg-info/PKG-INFO
[0.503s] -- Up-to-date: /home/hans/ros2/task1/install/p_action_interfaces/local/lib/python3.10/dist-packages/p_action_interfaces
[0.503s] -- Up-to-date: /home/hans/ros2/task1/install/p_action_interfaces/local/lib/python3.10/dist-packages/p_action_interfaces/_p_action_interfaces_s.ep.rosidl_typesupport_fastrtps_c.c
[0.503s] -- Up-to-date: /home/hans/ros2/task1/install/p_action_interfaces/local/lib/python3.10/dist-packages/p_action_interfaces/action
[0.503s] -- Up-to-date: /home/hans/ros2/task1/install/p_action_interfaces/local/lib/python3.10/dist-packages/p_action_interfaces/action/_go_to_point_s.c
[0.503s] -- Up-to-date: /home/hans/ros2/task1/install/p_action_interfaces/local/lib/python3.10/dist-packages/p_action_interfaces/action/_go_to_point.py
[0.503s] -- Up-to-date: /home/hans/ros2/task1/install/p_action_interfaces/local/lib/python3.10/dist-packages/p_action_interfaces/action/__init__.py
[0.503s] -- Up-to-date: /home/hans/ros2/task1/install/p_action_interfaces/local/lib/python3.10/dist-packages/p_action_interfaces/p_action_interfaces_s__rosidl_typesupport_fastrtps_c.cpython-310-x86_64-linux-gnu.so
[0.504s] -- Up-to-date: /home/hans/ros2/task1/install/p_action_interfaces/local/lib/python3.10/dist-packages/p_action_interfaces/_p_action_interfaces_s.ep.rosidl_typesupport_introspection_c.c
[0.504s] -- Up-to-date: /home/hans/ros2/task1/install/p_action_interfaces/local/lib/python3.10/dist-packages/p_action_interfaces/_p_action_interfaces_s.ep.rosidl_typesupport_c.c
[0.504s] -- Up-to-date: /home/hans/ros2/task1/install/p_action_interfaces/local/lib/python3.10/dist-packages/p_action_interfaces/p_action_interfaces_s__rosidl_typesupport_c.cpython-310-x86_64-linux-gnu.so
[0.504s] -- Up-to-date: /home/hans/ros2/task1/install/p_action_interfaces/local/lib/python3.10/dist-packages/p_action_interfaces/__init__.py
[0.504s] -- Up-to-date: /home/hans/ros2/task1/install/p_action_interfaces/local/lib/python3.10/dist-packages/p_action_interfaces/libp_action_interfaces__rosidl_generator_py.so
[0.504s] -- Up-to-date: /home/hans/ros2/task1/install/p_action_interfaces/local/lib/python3.10/dist-packages/p_action_interfaces/p_action_interfaces_s__rosidl_typesupport_introspection_c.cpython-310-x86_64-linux-gnu.so
[0.542s] Listing '/home/hans/ros2/task1/install/p_action_interfaces/local/lib/python3.10/dist-packages/p_action_interfaces'...
[0.542s] Listing '/home/hans/ros2/task1/install/p_action_interfaces/local/lib/python3.10/dist-packages/p_action_interfaces/action'...
[0.548s] -- Up-to-date: /home/hans/ros2/task1/install/p_action_interfaces/local/lib/python3.10/dist-packages/p_action_interfaces/p_action_interfaces_s__rosidl_typesupport_fastrtps_c.cpython-310-x86_64-linux-gnu.so
[0.548s] -- Up-to-date: /home/hans/ros2/task1/install/p_action_interfaces/local/lib/python3.10/dist-packages/p_action_interfaces/p_action_interfaces_s__rosidl_typesupport_introspection_c.cpython-310-x86_64-linux-gnu.so
[0.548s] -- Up-to-date: /home/hans/ros2/task1/install/p_action_interfaces/local/lib/python3.10/dist-packages/p_action_interfaces/p_action_interfaces_s__rosidl_typesupport_c.cpython-310-x86_64-linux-gnu.so
[0.549s] -- Up-to-date: /home/hans/ros2/task1/install/p_action_interfaces/lib/libp_action_interfaces__rosidl_generator_py.so
[0.549s] -- Up-to-date: /home/hans/ros2/task1/install/p_action_interfaces/share/p_action_interfaces/action/GoToPoint.idl
[0.549s] -- Up-to-date: /home/hans/ros2/task1/install/p_action_interfaces/share/p_action_interfaces/action/GoToPoint.action
[0.549s] -- Up-to-date: /home/hans/ros2/task1/install/p_action_interfaces/share/ament_index/resource_index/package_run_dependencies/p_action_interfaces
[0.550s] -- Up-to-date: /home/hans/ros2/task1/install/p_action_interfaces/share/ament_index/resource_index/parent_prefix_path/p_action_interfaces
[0.550s] -- Up-to-date: /home/hans/ros2/task1/install/p_action_interfaces/share/p_action_interfaces/environment/ament_prefix_path.sh
[0.550s] -- Up-to-date: /home/hans/ros2/task1/install/p_action_interfaces/share/p_action_interfaces/environment/ament_prefix_path.dsv
[0.550s] -- Up-to-date: /home/hans/ros2/task1/install/p_action_interfaces/share/p_action_interfaces/environment/path.sh
[0.550s] -- Up-to-date: /home/hans/ros2/task1/install/p_action_interfaces/share/p_action_interfaces/environment/path.dsv
[0.550s] -- Up-to-date: /home/hans/ros2/task1/install/p_action_interfaces/share/p_action_interfaces/local_setup.bash
[0.550s] -- Up-to-date: /home/hans/ros2/task1/install/p_action_interfaces/share/p_action_interfaces/local_setup.sh
[0.551s] -- Up-to-date: /home/hans/ros2/task1/install/p_action_interfaces/share/p_action_interfaces/local_setup.zsh
[0.551s] -- Up-to-date: /home/hans/ros2/task1/install/p_action_interfaces/share/p_action_interfaces/local_setup.dsv
[0.551s] -- Installing: /home/hans/ros2/task1/install/p_action_interfaces/share/p_action_interfaces/package.dsv
[0.551s] -- Up-to-date: /home/hans/ros2/task1/install/p_action_interfaces/share/ament_index/resource_index/packages/p_action_interfaces
[0.551s] -- Up-to-date: /home/hans/ros2/task1/install/p_action_interfaces/share/p_action_interfaces/cmake/export_p_action_interfaces__rosidl_generator_cExport.cmake
[0.551s] -- Up-to-date: /home/hans/ros2/task1/install/p_action_interfaces/share/p_action_interfaces/cmake/export_p_action_interfaces__rosidl_generator_cExport-noconfig.cmake
[0.552s] -- Up-to-date: /home/hans/ros2/task1/install/p_action_interfaces/share/p_action_interfaces/cmake/export_p_action_interfaces__rosidl_typesupport_fastrtps_cExport.cmake
[0.552s] -- Up-to-date: /home/hans/ros2/task1/install/p_action_interfaces/share/p_action_interfaces/cmake/export_p_action_interfaces__rosidl_typesupport_fastrtps_cExport-noconfig.cmake
[0.552s] -- Up-to-date: /home/hans/ros2/task1/install/p_action_interfaces/share/p_action_interfaces/cmake/export_p_action_interfaces__rosidl_generator_cppExport.cmake
[0.552s] -- Up-to-date: /home/hans/ros2/task1/install/p_action_interfaces/share/p_action_interfaces/cmake/export_p_action_interfaces__rosidl_typesupport_fastrtps_cppExport.cmake
[0.552s] -- Up-to-date: /home/hans/ros2/task1/install/p_action_interfaces/share/p_action_interfaces/cmake/export_p_action_interfaces__rosidl_typesupport_fastrtps_cppExport-noconfig.cmake
[0.552s] -- Up-to-date: /home/hans/ros2/task1/install/p_action_interfaces/share/p_action_interfaces/cmake/p_action_interfaces__rosidl_typesupport_introspection_cExport.cmake
[0.553s] -- Up-to-date: /home/hans/ros2/task1/install/p_action_interfaces/share/p_action_interfaces/cmake/p_action_interfaces__rosidl_typesupport_introspection_cExport-noconfig.cmake
[0.553s] -- Up-to-date: /home/hans/ros2/task1/install/p_action_interfaces/share/p_action_interfaces/cmake/p_action_interfaces__rosidl_typesupport_cExport.cmake
[0.553s] -- Up-to-date: /home/hans/ros2/task1/install/p_action_interfaces/share/p_action_interfaces/cmake/p_action_interfaces__rosidl_typesupport_cExport-noconfig.cmake
[0.553s] -- Up-to-date: /home/hans/ros2/task1/install/p_action_interfaces/share/p_action_interfaces/cmake/p_action_interfaces__rosidl_typesupport_introspection_cppExport.cmake
[0.553s] -- Up-to-date: /home/hans/ros2/task1/install/p_action_interfaces/share/p_action_interfaces/cmake/p_action_interfaces__rosidl_typesupport_introspection_cppExport-noconfig.cmake
[0.553s] -- Up-to-date: /home/hans/ros2/task1/install/p_action_interfaces/share/p_action_interfaces/cmake/p_action_interfaces__rosidl_typesupport_cppExport.cmake
[0.553s] -- Up-to-date: /home/hans/ros2/task1/install/p_action_interfaces/share/p_action_interfaces/cmake/p_action_interfaces__rosidl_typesupport_cppExport-noconfig.cmake
[0.553s] -- Up-to-date: /home/hans/ros2/task1/install/p_action_interfaces/share/p_action_interfaces/cmake/export_p_action_interfaces__rosidl_generator_pyExport.cmake
[0.554s] -- Up-to-date: /home/hans/ros2/task1/install/p_action_interfaces/share/p_action_interfaces/cmake/export_p_action_interfaces__rosidl_generator_pyExport-noconfig.cmake
[0.554s] -- Up-to-date: /home/hans/ros2/task1/install/p_action_interfaces/share/p_action_interfaces/cmake/rosidl_cmake-extras.cmake
[0.554s] -- Up-to-date: /home/hans/ros2/task1/install/p_action_interfaces/share/p_action_interfaces/cmake/ament_cmake_export_dependencies-extras.cmake
[0.554s] -- Up-to-date: /home/hans/ros2/task1/install/p_action_interfaces/share/p_action_interfaces/cmake/ament_cmake_export_include_directories-extras.cmake
[0.554s] -- Up-to-date: /home/hans/ros2/task1/install/p_action_interfaces/share/p_action_interfaces/cmake/ament_cmake_export_libraries-extras.cmake
[0.554s] -- Up-to-date: /home/hans/ros2/task1/install/p_action_interfaces/share/p_action_interfaces/cmake/ament_cmake_export_targets-extras.cmake
[0.554s] -- Up-to-date: /home/hans/ros2/task1/install/p_action_interfaces/share/p_action_interfaces/cmake/rosidl_cmake_export_typesupport_targets-extras.cmake
[0.554s] -- Up-to-date: /home/hans/ros2/task1/install/p_action_interfaces/share/p_action_interfaces/cmake/rosidl_cmake_export_typesupport_libraries-extras.cmake
[0.554s] -- Up-to-date: /home/hans/ros2/task1/install/p_action_interfaces/share/p_action_interfaces/cmake/p_action_interfacesConfig.cmake
[0.554s] -- Up-to-date: /home/hans/ros2/task1/install/p_action_interfaces/share/p_action_interfaces/cmake/p_action_interfacesConfig-version.cmake
[0.554s] -- Up-to-date: /home/hans/ros2/task1/install/p_action_interfaces/share/p_action_interfaces/package.xml
[0.556s] Invoked command in '/home/hans/ros2/task1/build/p_action_interfaces' returned '0': CMAKE_PREFIX_PATH=${CMAKE_PREFIX_PATH}:/home/hans/ros2/task1/install/ttbot_square:/home/hans/ros2/task1/install/ping_sonar_ros:/home/hans/ros2/task1/install/p_controller:/home/hans/ros2/task1/install/autonomous_rov:/opt/ros/humble /usr/bin/cmake --install /home/hans/ros2/task1/build/p_action_interfaces
