[0.760s] Invoking command in '/home/hans/ros2/task1/src/p_controller': PYTHONPATH=/home/hans/ros2/task1/build/p_controller/prefix_override:/usr/lib/python3/dist-packages/colcon_core/task/python/colcon_distutils_commands:/home/hans/ros2/task1/install/p_controller/lib/python3.10/site-packages:${PYTHONPATH} /usr/bin/python3 -W ignore:setup.py install is deprecated -W ignore:easy_install command is deprecated setup.py egg_info --egg-base ../../build/p_controller build --build-base /home/hans/ros2/task1/build/p_controller/build install --record /home/hans/ros2/task1/build/p_controller/install.log --single-version-externally-managed install_data
[1.014s] running egg_info
[1.016s] writing ../../build/p_controller/p_controller.egg-info/PKG-INFO
[1.016s] writing dependency_links to ../../build/p_controller/p_controller.egg-info/dependency_links.txt
[1.016s] writing entry points to ../../build/p_controller/p_controller.egg-info/entry_points.txt
[1.016s] writing requirements to ../../build/p_controller/p_controller.egg-info/requires.txt
[1.017s] writing top-level names to ../../build/p_controller/p_controller.egg-info/top_level.txt
[1.019s] reading manifest file '../../build/p_controller/p_controller.egg-info/SOURCES.txt'
[1.020s] writing manifest file '../../build/p_controller/p_controller.egg-info/SOURCES.txt'
[1.020s] running build
[1.020s] running build_py
[1.020s] running install
[1.021s] running install_lib
[1.022s] running install_data
[1.022s] running install_egg_info
[1.024s] removing '/home/hans/ros2/task1/install/p_controller/lib/python3.10/site-packages/p_controller-0.0.0-py3.10.egg-info' (and everything under it)
[1.024s] Copying ../../build/p_controller/p_controller.egg-info to /home/hans/ros2/task1/install/p_controller/lib/python3.10/site-packages/p_controller-0.0.0-py3.10.egg-info
[1.025s] running install_scripts
[1.048s] Installing circle_controller script to /home/hans/ros2/task1/install/p_controller/lib/p_controller
[1.048s] Installing controller_sub script to /home/hans/ros2/task1/install/p_controller/lib/p_controller
[1.048s] writing list of installed files to '/home/hans/ros2/task1/build/p_controller/install.log'
[1.074s] Invoked command in '/home/hans/ros2/task1/src/p_controller' returned '0': PYTHONPATH=/home/hans/ros2/task1/build/p_controller/prefix_override:/usr/lib/python3/dist-packages/colcon_core/task/python/colcon_distutils_commands:/home/hans/ros2/task1/install/p_controller/lib/python3.10/site-packages:${PYTHONPATH} /usr/bin/python3 -W ignore:setup.py install is deprecated -W ignore:easy_install command is deprecated setup.py egg_info --egg-base ../../build/p_controller build --build-base /home/hans/ros2/task1/build/p_controller/build install --record /home/hans/ros2/task1/build/p_controller/install.log --single-version-externally-managed install_data
