[1.247s] Invoking command in '/home/hans/ros2/task1/src/p_action_example': CMAKE_PREFIX_PATH=/home/hans/ros2/task1/install/p_action_interfaces:/home/hans/ros2/task1/install/p_interfaces:/home/hans/ros2/task1/install/p_interface:/home/hans/ros2/task1/src/install/p_interfaces:/home/hans/ros2/task1/src/install/p_action_interfaces LD_LIBRARY_PATH=/home/hans/ros2/task1/install/p_action_interfaces/lib:/home/hans/ros2/task1/install/p_interfaces/lib:/home/hans/ros2/task1/src/install/p_interfaces/lib:/home/hans/ros2/task1/src/install/p_action_interfaces/lib:/opt/ros/humble/opt/rviz_ogre_vendor/lib:/opt/ros/humble/lib/x86_64-linux-gnu:/opt/ros/humble/lib PYTHONPATH=/home/hans/ros2/task1/build/p_action_example/prefix_override:/usr/lib/python3/dist-packages/colcon_core/task/python/colcon_distutils_commands:/home/hans/ros2/task1/install/p_action_example/lib/python3.10/site-packages:${PYTHONPATH} /usr/bin/python3 -W ignore:setup.py install is deprecated -W ignore:easy_install command is deprecated setup.py egg_info --egg-base ../../build/p_action_example build --build-base /home/hans/ros2/task1/build/p_action_example/build install --record /home/hans/ros2/task1/build/p_action_example/install.log --single-version-externally-managed install_data
[1.534s] running egg_info
[1.535s] writing ../../build/p_action_example/p_action_example.egg-info/PKG-INFO
[1.535s] writing dependency_links to ../../build/p_action_example/p_action_example.egg-info/dependency_links.txt
[1.535s] writing entry points to ../../build/p_action_example/p_action_example.egg-info/entry_points.txt
[1.535s] writing requirements to ../../build/p_action_example/p_action_example.egg-info/requires.txt
[1.535s] writing top-level names to ../../build/p_action_example/p_action_example.egg-info/top_level.txt
[1.537s] reading manifest file '../../build/p_action_example/p_action_example.egg-info/SOURCES.txt'
[1.537s] adding license file 'LICENSE'
[1.538s] writing manifest file '../../build/p_action_example/p_action_example.egg-info/SOURCES.txt'
[1.538s] running build
[1.539s] running build_py
[1.539s] copying p_action_example/go_to_goal_lecture.py -> /home/hans/ros2/task1/build/p_action_example/build/lib/p_action_example
[1.539s] copying p_action_example/go_to_goal.py -> /home/hans/ros2/task1/build/p_action_example/build/lib/p_action_example
[1.539s] running install
[1.539s] running install_lib
[1.540s] copying /home/hans/ros2/task1/build/p_action_example/build/lib/p_action_example/go_to_goal_lecture.py -> /home/hans/ros2/task1/install/p_action_example/lib/python3.10/site-packages/p_action_example
[1.540s] copying /home/hans/ros2/task1/build/p_action_example/build/lib/p_action_example/go_to_goal.py -> /home/hans/ros2/task1/install/p_action_example/lib/python3.10/site-packages/p_action_example
[1.541s] byte-compiling /home/hans/ros2/task1/install/p_action_example/lib/python3.10/site-packages/p_action_example/go_to_goal_lecture.py to go_to_goal_lecture.cpython-310.pyc
[1.542s] byte-compiling /home/hans/ros2/task1/install/p_action_example/lib/python3.10/site-packages/p_action_example/go_to_goal.py to go_to_goal.cpython-310.pyc
[1.543s] running install_data
[1.543s] running install_egg_info
[1.545s] removing '/home/hans/ros2/task1/install/p_action_example/lib/python3.10/site-packages/p_action_example-0.0.0-py3.10.egg-info' (and everything under it)
[1.546s] Copying ../../build/p_action_example/p_action_example.egg-info to /home/hans/ros2/task1/install/p_action_example/lib/python3.10/site-packages/p_action_example-0.0.0-py3.10.egg-info
[1.546s] running install_scripts
[1.572s] Installing go_to_goal script to /home/hans/ros2/task1/install/p_action_example/lib/p_action_example
[1.572s] writing list of installed files to '/home/hans/ros2/task1/build/p_action_example/install.log'
[1.602s] Invoked command in '/home/hans/ros2/task1/src/p_action_example' returned '0': CMAKE_PREFIX_PATH=/home/hans/ros2/task1/install/p_action_interfaces:/home/hans/ros2/task1/install/p_interfaces:/home/hans/ros2/task1/install/p_interface:/home/hans/ros2/task1/src/install/p_interfaces:/home/hans/ros2/task1/src/install/p_action_interfaces LD_LIBRARY_PATH=/home/hans/ros2/task1/install/p_action_interfaces/lib:/home/hans/ros2/task1/install/p_interfaces/lib:/home/hans/ros2/task1/src/install/p_interfaces/lib:/home/hans/ros2/task1/src/install/p_action_interfaces/lib:/opt/ros/humble/opt/rviz_ogre_vendor/lib:/opt/ros/humble/lib/x86_64-linux-gnu:/opt/ros/humble/lib PYTHONPATH=/home/hans/ros2/task1/build/p_action_example/prefix_override:/usr/lib/python3/dist-packages/colcon_core/task/python/colcon_distutils_commands:/home/hans/ros2/task1/install/p_action_example/lib/python3.10/site-packages:${PYTHONPATH} /usr/bin/python3 -W ignore:setup.py install is deprecated -W ignore:easy_install command is deprecated setup.py egg_info --egg-base ../../build/p_action_example build --build-base /home/hans/ros2/task1/build/p_action_example/build install --record /home/hans/ros2/task1/build/p_action_example/install.log --single-version-externally-managed install_data
