[2.121s] Invoking command in '/home/hans/ros2/task1/src/ping_sonar_ros-master': PYTHONPATH=/home/hans/ros2/task1/build/ping_sonar_ros/prefix_override:/usr/lib/python3/dist-packages/colcon_core/task/python/colcon_distutils_commands:/home/hans/ros2/task1/install/ping_sonar_ros/lib/python3.10/site-packages:${PYTHONPATH} /usr/bin/python3 -W ignore:setup.py install is deprecated -W ignore:easy_install command is deprecated setup.py egg_info --egg-base ../../build/ping_sonar_ros build --build-base /home/hans/ros2/task1/build/ping_sonar_ros/build install --record /home/hans/ros2/task1/build/ping_sonar_ros/install.log --single-version-externally-managed install_data
[2.678s] running egg_info
[2.679s] writing ../../build/ping_sonar_ros/ping_sonar_ros.egg-info/PKG-INFO
[2.680s] writing dependency_links to ../../build/ping_sonar_ros/ping_sonar_ros.egg-info/dependency_links.txt
[2.680s] writing entry points to ../../build/ping_sonar_ros/ping_sonar_ros.egg-info/entry_points.txt
[2.680s] writing requirements to ../../build/ping_sonar_ros/ping_sonar_ros.egg-info/requires.txt
[2.681s] writing top-level names to ../../build/ping_sonar_ros/ping_sonar_ros.egg-info/top_level.txt
[2.684s] reading manifest file '../../build/ping_sonar_ros/ping_sonar_ros.egg-info/SOURCES.txt'
[2.685s] adding license file 'LICENSE'
[2.686s] writing manifest file '../../build/ping_sonar_ros/ping_sonar_ros.egg-info/SOURCES.txt'
[2.686s] running build
[2.686s] running build_py
[2.689s] running install
[2.690s] running install_lib
[2.695s] running install_data
[2.698s] running install_egg_info
[2.700s] removing '/home/hans/ros2/task1/install/ping_sonar_ros/lib/python3.10/site-packages/ping_sonar_ros-0.0.0-py3.10.egg-info' (and everything under it)
[2.701s] Copying ../../build/ping_sonar_ros/ping_sonar_ros.egg-info to /home/hans/ros2/task1/install/ping_sonar_ros/lib/python3.10/site-packages/ping_sonar_ros-0.0.0-py3.10.egg-info
[2.701s] running install_scripts
[2.737s] Installing ping1d_node script to /home/hans/ros2/task1/install/ping_sonar_ros/lib/ping_sonar_ros
[2.737s] Installing range_node script to /home/hans/ros2/task1/install/ping_sonar_ros/lib/ping_sonar_ros
[2.738s] writing list of installed files to '/home/hans/ros2/task1/build/ping_sonar_ros/install.log'
[2.781s] Invoked command in '/home/hans/ros2/task1/src/ping_sonar_ros-master' returned '0': PYTHONPATH=/home/hans/ros2/task1/build/ping_sonar_ros/prefix_override:/usr/lib/python3/dist-packages/colcon_core/task/python/colcon_distutils_commands:/home/hans/ros2/task1/install/ping_sonar_ros/lib/python3.10/site-packages:${PYTHONPATH} /usr/bin/python3 -W ignore:setup.py install is deprecated -W ignore:easy_install command is deprecated setup.py egg_info --egg-base ../../build/ping_sonar_ros build --build-base /home/hans/ros2/task1/build/ping_sonar_ros/build install --record /home/hans/ros2/task1/build/ping_sonar_ros/install.log --single-version-externally-managed install_data
