[2.073s] Invoking command in '/home/hans/ros2/task1/src/autonomous_rov': PYTHONPATH=/home/hans/ros2/task1/build/autonomous_rov/prefix_override:/usr/lib/python3/dist-packages/colcon_core/task/python/colcon_distutils_commands:/home/hans/ros2/task1/install/autonomous_rov/lib/python3.10/site-packages:${PYTHONPATH} /usr/bin/python3 -W ignore:setup.py install is deprecated -W ignore:easy_install command is deprecated setup.py egg_info --egg-base ../../build/autonomous_rov build --build-base /home/hans/ros2/task1/build/autonomous_rov/build install --record /home/hans/ros2/task1/build/autonomous_rov/install.log --single-version-externally-managed install_data
[2.415s] running egg_info
[2.416s] writing ../../build/autonomous_rov/autonomous_rov.egg-info/PKG-INFO
[2.416s] writing dependency_links to ../../build/autonomous_rov/autonomous_rov.egg-info/dependency_links.txt
[2.417s] writing entry points to ../../build/autonomous_rov/autonomous_rov.egg-info/entry_points.txt
[2.417s] writing requirements to ../../build/autonomous_rov/autonomous_rov.egg-info/requires.txt
[2.417s] writing top-level names to ../../build/autonomous_rov/autonomous_rov.egg-info/top_level.txt
[2.420s] reading manifest file '../../build/autonomous_rov/autonomous_rov.egg-info/SOURCES.txt'
[2.421s] writing manifest file '../../build/autonomous_rov/autonomous_rov.egg-info/SOURCES.txt'
[2.421s] running build
[2.422s] running build_py
[2.422s] running install
[2.423s] running install_lib
[2.425s] running install_data
[2.425s] running install_egg_info
[2.428s] removing '/home/hans/ros2/task1/install/autonomous_rov/lib/python3.10/site-packages/autonomous_rov-0.0.0-py3.10.egg-info' (and everything under it)
[2.429s] Copying ../../build/autonomous_rov/autonomous_rov.egg-info to /home/hans/ros2/task1/install/autonomous_rov/lib/python3.10/site-packages/autonomous_rov-0.0.0-py3.10.egg-info
[2.430s] running install_scripts
[2.458s] Installing image_processing_tracker script to /home/hans/ros2/task1/install/autonomous_rov/lib/autonomous_rov
[2.459s] Installing listenerMIR script to /home/hans/ros2/task1/install/autonomous_rov/lib/autonomous_rov
[2.459s] Installing pinger_node script to /home/hans/ros2/task1/install/autonomous_rov/lib/autonomous_rov
[2.459s] Installing video script to /home/hans/ros2/task1/install/autonomous_rov/lib/autonomous_rov
[2.459s] writing list of installed files to '/home/hans/ros2/task1/build/autonomous_rov/install.log'
[2.506s] Invoked command in '/home/hans/ros2/task1/src/autonomous_rov' returned '0': PYTHONPATH=/home/hans/ros2/task1/build/autonomous_rov/prefix_override:/usr/lib/python3/dist-packages/colcon_core/task/python/colcon_distutils_commands:/home/hans/ros2/task1/install/autonomous_rov/lib/python3.10/site-packages:${PYTHONPATH} /usr/bin/python3 -W ignore:setup.py install is deprecated -W ignore:easy_install command is deprecated setup.py egg_info --egg-base ../../build/autonomous_rov build --build-base /home/hans/ros2/task1/build/autonomous_rov/build install --record /home/hans/ros2/task1/build/autonomous_rov/install.log --single-version-externally-managed install_data
