[1.342s] Invoking command in '/home/hans/ros2/task1/src/autonomous_rov': PYTHONPATH=/home/hans/ros2/task1/build/autonomous_rov/prefix_override:/usr/lib/python3/dist-packages/colcon_core/task/python/colcon_distutils_commands:/home/hans/ros2/task1/install/autonomous_rov/lib/python3.10/site-packages:${PYTHONPATH} /usr/bin/python3 -W ignore:setup.py install is deprecated -W ignore:easy_install command is deprecated setup.py egg_info --egg-base ../../build/autonomous_rov build --build-base /home/hans/ros2/task1/build/autonomous_rov/build install --record /home/hans/ros2/task1/build/autonomous_rov/install.log --single-version-externally-managed install_data
[1.602s] running egg_info
[1.603s] creating ../../build/autonomous_rov/autonomous_rov.egg-info
[1.604s] writing ../../build/autonomous_rov/autonomous_rov.egg-info/PKG-INFO
[1.605s] writing dependency_links to ../../build/autonomous_rov/autonomous_rov.egg-info/dependency_links.txt
[1.605s] writing entry points to ../../build/autonomous_rov/autonomous_rov.egg-info/entry_points.txt
[1.605s] writing requirements to ../../build/autonomous_rov/autonomous_rov.egg-info/requires.txt
[1.605s] writing top-level names to ../../build/autonomous_rov/autonomous_rov.egg-info/top_level.txt
[1.606s] writing manifest file '../../build/autonomous_rov/autonomous_rov.egg-info/SOURCES.txt'
[1.608s] reading manifest file '../../build/autonomous_rov/autonomous_rov.egg-info/SOURCES.txt'
[1.610s] writing manifest file '../../build/autonomous_rov/autonomous_rov.egg-info/SOURCES.txt'
[1.610s] running build
[1.610s] running build_py
[1.611s] creating /home/hans/ros2/task1/build/autonomous_rov/build
[1.611s] creating /home/hans/ros2/task1/build/autonomous_rov/build/lib
[1.611s] creating /home/hans/ros2/task1/build/autonomous_rov/build/lib/autonomous_rov
[1.612s] copying autonomous_rov/camera_parameters.py -> /home/hans/ros2/task1/build/autonomous_rov/build/lib/autonomous_rov
[1.612s] copying autonomous_rov/listenerMIR.py -> /home/hans/ros2/task1/build/autonomous_rov/build/lib/autonomous_rov
[1.612s] copying autonomous_rov/image_processing_tracker.py -> /home/hans/ros2/task1/build/autonomous_rov/build/lib/autonomous_rov
[1.612s] copying autonomous_rov/__init__.py -> /home/hans/ros2/task1/build/autonomous_rov/build/lib/autonomous_rov
[1.613s] copying autonomous_rov/video.py -> /home/hans/ros2/task1/build/autonomous_rov/build/lib/autonomous_rov
[1.613s] copying autonomous_rov/pinger_node.py -> /home/hans/ros2/task1/build/autonomous_rov/build/lib/autonomous_rov
[1.613s] running install
[1.613s] running install_lib
[1.614s] creating /home/hans/ros2/task1/install/autonomous_rov/lib/python3.10/site-packages/autonomous_rov
[1.614s] copying /home/hans/ros2/task1/build/autonomous_rov/build/lib/autonomous_rov/camera_parameters.py -> /home/hans/ros2/task1/install/autonomous_rov/lib/python3.10/site-packages/autonomous_rov
[1.614s] copying /home/hans/ros2/task1/build/autonomous_rov/build/lib/autonomous_rov/listenerMIR.py -> /home/hans/ros2/task1/install/autonomous_rov/lib/python3.10/site-packages/autonomous_rov
[1.614s] copying /home/hans/ros2/task1/build/autonomous_rov/build/lib/autonomous_rov/image_processing_tracker.py -> /home/hans/ros2/task1/install/autonomous_rov/lib/python3.10/site-packages/autonomous_rov
[1.615s] copying /home/hans/ros2/task1/build/autonomous_rov/build/lib/autonomous_rov/__init__.py -> /home/hans/ros2/task1/install/autonomous_rov/lib/python3.10/site-packages/autonomous_rov
[1.615s] copying /home/hans/ros2/task1/build/autonomous_rov/build/lib/autonomous_rov/video.py -> /home/hans/ros2/task1/install/autonomous_rov/lib/python3.10/site-packages/autonomous_rov
[1.615s] copying /home/hans/ros2/task1/build/autonomous_rov/build/lib/autonomous_rov/pinger_node.py -> /home/hans/ros2/task1/install/autonomous_rov/lib/python3.10/site-packages/autonomous_rov
[1.615s] byte-compiling /home/hans/ros2/task1/install/autonomous_rov/lib/python3.10/site-packages/autonomous_rov/camera_parameters.py to camera_parameters.cpython-310.pyc
[1.615s] byte-compiling /home/hans/ros2/task1/install/autonomous_rov/lib/python3.10/site-packages/autonomous_rov/listenerMIR.py to listenerMIR.cpython-310.pyc
[1.617s] byte-compiling /home/hans/ros2/task1/install/autonomous_rov/lib/python3.10/site-packages/autonomous_rov/image_processing_tracker.py to image_processing_tracker.cpython-310.pyc
[1.618s] byte-compiling /home/hans/ros2/task1/install/autonomous_rov/lib/python3.10/site-packages/autonomous_rov/__init__.py to __init__.cpython-310.pyc
[1.619s] byte-compiling /home/hans/ros2/task1/install/autonomous_rov/lib/python3.10/site-packages/autonomous_rov/video.py to video.cpython-310.pyc
[1.619s] byte-compiling /home/hans/ros2/task1/install/autonomous_rov/lib/python3.10/site-packages/autonomous_rov/pinger_node.py to pinger_node.cpython-310.pyc
[1.620s] running install_data
[1.620s] creating /home/hans/ros2/task1/install/autonomous_rov/share/ament_index
[1.620s] creating /home/hans/ros2/task1/install/autonomous_rov/share/ament_index/resource_index
[1.620s] creating /home/hans/ros2/task1/install/autonomous_rov/share/ament_index/resource_index/packages
[1.621s] copying resource/autonomous_rov -> /home/hans/ros2/task1/install/autonomous_rov/share/ament_index/resource_index/packages
[1.621s] copying package.xml -> /home/hans/ros2/task1/install/autonomous_rov/share/autonomous_rov
[1.621s] creating /home/hans/ros2/task1/install/autonomous_rov/share/autonomous_rov/launch
[1.621s] copying launch/run_mavros.launch -> /home/hans/ros2/task1/install/autonomous_rov/share/autonomous_rov/launch
[1.621s] copying launch/run_video.launch -> /home/hans/ros2/task1/install/autonomous_rov/share/autonomous_rov/launch
[1.621s] copying launch/run_gamepad.launch -> /home/hans/ros2/task1/install/autonomous_rov/share/autonomous_rov/launch
[1.621s] copying launch/run_listener_MIR_joy.launch -> /home/hans/ros2/task1/install/autonomous_rov/share/autonomous_rov/launch
[1.622s] creating /home/hans/ros2/task1/install/autonomous_rov/share/autonomous_rov/config
[1.622s] copying config/xbox.config.yaml -> /home/hans/ros2/task1/install/autonomous_rov/share/autonomous_rov/config
[1.622s] creating /home/hans/ros2/task1/install/autonomous_rov/share/autonomous_rov/lib
[1.622s] copying setup.py -> /home/hans/ros2/task1/install/autonomous_rov/share/autonomous_rov/lib
[1.622s] running install_egg_info
[1.624s] Copying ../../build/autonomous_rov/autonomous_rov.egg-info to /home/hans/ros2/task1/install/autonomous_rov/lib/python3.10/site-packages/autonomous_rov-0.0.0-py3.10.egg-info
[1.625s] running install_scripts
[1.649s] Installing image_processing_tracker script to /home/hans/ros2/task1/install/autonomous_rov/lib/autonomous_rov
[1.650s] Installing listenerMIR script to /home/hans/ros2/task1/install/autonomous_rov/lib/autonomous_rov
[1.650s] Installing pinger_node script to /home/hans/ros2/task1/install/autonomous_rov/lib/autonomous_rov
[1.650s] Installing video script to /home/hans/ros2/task1/install/autonomous_rov/lib/autonomous_rov
[1.650s] writing list of installed files to '/home/hans/ros2/task1/build/autonomous_rov/install.log'
[1.690s] Invoked command in '/home/hans/ros2/task1/src/autonomous_rov' returned '0': PYTHONPATH=/home/hans/ros2/task1/build/autonomous_rov/prefix_override:/usr/lib/python3/dist-packages/colcon_core/task/python/colcon_distutils_commands:/home/hans/ros2/task1/install/autonomous_rov/lib/python3.10/site-packages:${PYTHONPATH} /usr/bin/python3 -W ignore:setup.py install is deprecated -W ignore:easy_install command is deprecated setup.py egg_info --egg-base ../../build/autonomous_rov build --build-base /home/hans/ros2/task1/build/autonomous_rov/build install --record /home/hans/ros2/task1/build/autonomous_rov/install.log --single-version-externally-managed install_data
