running develop
running egg_info
creating p_controller.egg-info
writing p_controller.egg-info/PKG-INFO
writing dependency_links to p_controller.egg-info/dependency_links.txt
writing entry points to p_controller.egg-info/entry_points.txt
writing requirements to p_controller.egg-info/requires.txt
writing top-level names to p_controller.egg-info/top_level.txt
writing manifest file 'p_controller.egg-info/SOURCES.txt'
reading manifest file 'p_controller.egg-info/SOURCES.txt'
writing manifest file 'p_controller.egg-info/SOURCES.txt'
running build_ext
Creating /home/hans/ros2/task1/install/p_controller/lib/python3.10/site-packages/p-controller.egg-link (link to .)
Installing circle_controller script to /home/hans/ros2/task1/install/p_controller/lib/p_controller
Installing controller_sub script to /home/hans/ros2/task1/install/p_controller/lib/p_controller

Installed /home/hans/ros2/task1/build/p_controller
running symlink_data
creating /home/hans/ros2/task1/install/p_controller/share/ament_index
creating /home/hans/ros2/task1/install/p_controller/share/ament_index/resource_index
creating /home/hans/ros2/task1/install/p_controller/share/ament_index/resource_index/packages
symbolically linking /home/hans/ros2/task1/build/p_controller/resource/p_controller -> /home/hans/ros2/task1/install/p_controller/share/ament_index/resource_index/packages
symbolically linking /home/hans/ros2/task1/build/p_controller/package.xml -> /home/hans/ros2/task1/install/p_controller/share/p_controller
