[0.628s] Invoking command in '/home/hans/ros2/task1/build/p_controller': AMENT_PREFIX_PATH=/home/hans/ros2/task1/install/p_interfaces:${AMENT_PREFIX_PATH} CMAKE_PREFIX_PATH=/home/hans/ros2/task1/install/p_interfaces:${CMAKE_PREFIX_PATH} LD_LIBRARY_PATH=/home/hans/ros2/task1/install/p_interfaces/lib:${LD_LIBRARY_PATH} PYTHONPATH=/home/hans/ros2/task1/build/p_controller/prefix_override:/usr/lib/python3/dist-packages/colcon_core/task/python/colcon_distutils_commands:/home/hans/ros2/task1/install/p_controller/lib/python3.10/site-packages:/home/hans/ros2/task1/install/p_interfaces/local/lib/python3.10/dist-packages:${PYTHONPATH} /usr/bin/python3 -W ignore:setup.py install is deprecated -W ignore:easy_install command is deprecated setup.py develop --editable --build-directory /home/hans/ros2/task1/build/p_controller/build --no-deps symlink_data
[0.897s] running develop
[1.051s] running egg_info
[1.051s] creating p_controller.egg-info
[1.052s] writing p_controller.egg-info/PKG-INFO
[1.052s] writing dependency_links to p_controller.egg-info/dependency_links.txt
[1.052s] writing entry points to p_controller.egg-info/entry_points.txt
[1.052s] writing requirements to p_controller.egg-info/requires.txt
[1.052s] writing top-level names to p_controller.egg-info/top_level.txt
[1.052s] writing manifest file 'p_controller.egg-info/SOURCES.txt'
[1.054s] reading manifest file 'p_controller.egg-info/SOURCES.txt'
[1.055s] writing manifest file 'p_controller.egg-info/SOURCES.txt'
[1.056s] running build_ext
[1.056s] Creating /home/hans/ros2/task1/install/p_controller/lib/python3.10/site-packages/p-controller.egg-link (link to .)
[1.057s] Installing circle_controller script to /home/hans/ros2/task1/install/p_controller/lib/p_controller
[1.057s] Installing controller_sub script to /home/hans/ros2/task1/install/p_controller/lib/p_controller
[1.057s] 
[1.058s] Installed /home/hans/ros2/task1/build/p_controller
[1.058s] running symlink_data
[1.058s] creating /home/hans/ros2/task1/install/p_controller/share/ament_index
[1.058s] creating /home/hans/ros2/task1/install/p_controller/share/ament_index/resource_index
[1.058s] creating /home/hans/ros2/task1/install/p_controller/share/ament_index/resource_index/packages
[1.058s] symbolically linking /home/hans/ros2/task1/build/p_controller/resource/p_controller -> /home/hans/ros2/task1/install/p_controller/share/ament_index/resource_index/packages
[1.058s] symbolically linking /home/hans/ros2/task1/build/p_controller/package.xml -> /home/hans/ros2/task1/install/p_controller/share/p_controller
[1.087s] Invoked command in '/home/hans/ros2/task1/build/p_controller' returned '0': AMENT_PREFIX_PATH=/home/hans/ros2/task1/install/p_interfaces:${AMENT_PREFIX_PATH} CMAKE_PREFIX_PATH=/home/hans/ros2/task1/install/p_interfaces:${CMAKE_PREFIX_PATH} LD_LIBRARY_PATH=/home/hans/ros2/task1/install/p_interfaces/lib:${LD_LIBRARY_PATH} PYTHONPATH=/home/hans/ros2/task1/build/p_controller/prefix_override:/usr/lib/python3/dist-packages/colcon_core/task/python/colcon_distutils_commands:/home/hans/ros2/task1/install/p_controller/lib/python3.10/site-packages:/home/hans/ros2/task1/install/p_interfaces/local/lib/python3.10/dist-packages:${PYTHONPATH} /usr/bin/python3 -W ignore:setup.py install is deprecated -W ignore:easy_install command is deprecated setup.py develop --editable --build-directory /home/hans/ros2/task1/build/p_controller/build --no-deps symlink_data
