[0.038s] Invoking command in '/home/hans/ros2/task1/build/p_interfaces': CMAKE_PREFIX_PATH=${CMAKE_PREFIX_PATH}:/home/hans/ros2/task1/install/ttbot_square:/home/hans/ros2/task1/install/ping_sonar_ros:/home/hans/ros2/task1/install/p_controller:/home/hans/ros2/task1/install/autonomous_rov:/opt/ros/humble /usr/bin/cmake --build /home/hans/ros2/task1/build/p_interfaces -- -j8 -l8
[0.769s] -- Found ament_cmake: 1.3.11 (/opt/ros/humble/share/ament_cmake/cmake)
[0.769s] -- Override CMake install command with custom implementation using symlinks instead of copying resources
[0.770s] -- Found geometry_msgs: 4.2.4 (/opt/ros/humble/share/geometry_msgs/cmake)
[0.770s] -- Found rosidl_generator_c: 3.1.6 (/opt/ros/humble/share/rosidl_generator_c/cmake)
[0.770s] -- Found rosidl_adapter: 3.1.6 (/opt/ros/humble/share/rosidl_adapter/cmake)
[0.770s] -- Found rosidl_generator_cpp: 3.1.6 (/opt/ros/humble/share/rosidl_generator_cpp/cmake)
[0.770s] -- Using all available rosidl_typesupport_c: rosidl_typesupport_fastrtps_c;rosidl_typesupport_introspection_c
[0.770s] -- Using all available rosidl_typesupport_cpp: rosidl_typesupport_fastrtps_cpp;rosidl_typesupport_introspection_cpp
[0.805s] -- Found ament_cmake_ros: 0.10.0 (/opt/ros/humble/share/ament_cmake_ros/cmake)
[1.575s] -- Using all available rosidl_typesupport_c: rosidl_typesupport_fastrtps_c;rosidl_typesupport_introspection_c
[1.980s] -- Using all available rosidl_typesupport_cpp: rosidl_typesupport_fastrtps_cpp;rosidl_typesupport_introspection_cpp
[1.985s] -- Found ament_lint_auto: 0.12.11 (/opt/ros/humble/share/ament_lint_auto/cmake)
[2.039s] -- Added test 'lint_cmake' to check CMake code style
[2.043s] -- Added test 'xmllint' to check XML markup files
[2.063s] -- Configuring done
[2.159s] -- Generating done
[2.193s] -- Build files have been written to: /home/hans/ros2/task1/build/p_interfaces
[2.284s] [35m[1mConsolidate compiler generated dependencies of target p_interfaces__rosidl_generator_c[0m
[2.310s] [  4%] Built target p_interfaces__cpp
[2.327s] [  9%] [32m[1mLinking C shared library libp_interfaces__rosidl_generator_c.so[0m
[2.350s] [35m[1mConsolidate compiler generated dependencies of target p_interfaces__rosidl_typesupport_fastrtps_cpp[0m
[2.351s] [35m[1mConsolidate compiler generated dependencies of target p_interfaces__rosidl_typesupport_cpp[0m
[2.391s] [35m[1mConsolidate compiler generated dependencies of target p_interfaces__rosidl_typesupport_introspection_cpp[0m
[2.411s] [ 13%] [32mBuilding CXX object CMakeFiles/p_interfaces__rosidl_typesupport_cpp.dir/rosidl_typesupport_cpp/p_interfaces/srv/change_radius__type_support.cpp.o[0m
[2.413s] [ 18%] [32mBuilding CXX object CMakeFiles/p_interfaces__rosidl_typesupport_fastrtps_cpp.dir/rosidl_typesupport_fastrtps_cpp/p_interfaces/srv/detail/dds_fastrtps/change_radius__type_support.cpp.o[0m
[2.483s] [ 22%] [32mBuilding CXX object CMakeFiles/p_interfaces__rosidl_typesupport_introspection_cpp.dir/rosidl_typesupport_introspection_cpp/p_interfaces/srv/detail/change_radius__type_support.cpp.o[0m
[2.494s] [ 31%] Built target p_interfaces__rosidl_generator_c
[2.559s] [35m[1mConsolidate compiler generated dependencies of target p_interfaces__rosidl_typesupport_c[0m
[2.586s] [35m[1mConsolidate compiler generated dependencies of target p_interfaces__rosidl_typesupport_fastrtps_c[0m
[2.594s] [35m[1mConsolidate compiler generated dependencies of target p_interfaces__rosidl_typesupport_introspection_c[0m
[2.600s] [ 36%] [32mBuilding CXX object CMakeFiles/p_interfaces__rosidl_typesupport_c.dir/rosidl_typesupport_c/p_interfaces/srv/change_radius__type_support.cpp.o[0m
[2.637s] [ 40%] [32mBuilding CXX object CMakeFiles/p_interfaces__rosidl_typesupport_fastrtps_c.dir/rosidl_typesupport_fastrtps_c/p_interfaces/srv/detail/change_radius__type_support_c.cpp.o[0m
[2.642s] [ 45%] [32mBuilding C object CMakeFiles/p_interfaces__rosidl_typesupport_introspection_c.dir/rosidl_typesupport_introspection_c/p_interfaces/srv/detail/change_radius__type_support.c.o[0m
[2.733s] [ 50%] [32m[1mLinking CXX shared library libp_interfaces__rosidl_typesupport_c.so[0m
[2.793s] [ 54%] [32m[1mLinking C shared library libp_interfaces__rosidl_typesupport_introspection_c.so[0m
[2.879s] [ 59%] Built target p_interfaces__rosidl_typesupport_introspection_c
[2.895s] [ 63%] Built target p_interfaces__rosidl_typesupport_c
[3.361s] [ 68%] [32m[1mLinking CXX shared library libp_interfaces__rosidl_typesupport_cpp.so[0m
[3.486s] [ 72%] Built target p_interfaces__rosidl_typesupport_cpp
[3.720s] [ 77%] [32m[1mLinking CXX shared library libp_interfaces__rosidl_typesupport_introspection_cpp.so[0m
[3.787s] [ 81%] [32m[1mLinking CXX shared library libp_interfaces__rosidl_typesupport_fastrtps_c.so[0m
[3.829s] [ 86%] [32m[1mLinking CXX shared library libp_interfaces__rosidl_typesupport_fastrtps_cpp.so[0m
[3.883s] [ 90%] Built target p_interfaces__rosidl_typesupport_introspection_cpp
[3.968s] [ 95%] Built target p_interfaces__rosidl_typesupport_fastrtps_c
[4.031s] [100%] Built target p_interfaces__rosidl_typesupport_fastrtps_cpp
[4.059s] [100%] Built target p_interfaces
[4.075s] Invoked command in '/home/hans/ros2/task1/build/p_interfaces' returned '0': CMAKE_PREFIX_PATH=${CMAKE_PREFIX_PATH}:/home/hans/ros2/task1/install/ttbot_square:/home/hans/ros2/task1/install/ping_sonar_ros:/home/hans/ros2/task1/install/p_controller:/home/hans/ros2/task1/install/autonomous_rov:/opt/ros/humble /usr/bin/cmake --build /home/hans/ros2/task1/build/p_interfaces -- -j8 -l8
[4.089s] Invoking command in '/home/hans/ros2/task1/build/p_interfaces': CMAKE_PREFIX_PATH=${CMAKE_PREFIX_PATH}:/home/hans/ros2/task1/install/ttbot_square:/home/hans/ros2/task1/install/ping_sonar_ros:/home/hans/ros2/task1/install/p_controller:/home/hans/ros2/task1/install/autonomous_rov:/opt/ros/humble /usr/bin/cmake --install /home/hans/ros2/task1/build/p_interfaces
[4.101s] -- Install configuration: ""
[4.101s] -- Execute custom install script
[4.101s] -- Up-to-date symlink: /home/hans/ros2/task1/install/p_interfaces/share/ament_index/resource_index/rosidl_interfaces/p_interfaces
[4.102s] -- Up-to-date symlink: /home/hans/ros2/task1/install/p_interfaces/include/p_interfaces/p_interfaces/msg/detail/num__functions.h
[4.103s] -- Up-to-date symlink: /home/hans/ros2/task1/install/p_interfaces/include/p_interfaces/p_interfaces/msg/detail/num__struct.h
[4.103s] -- Up-to-date symlink: /home/hans/ros2/task1/install/p_interfaces/include/p_interfaces/p_interfaces/msg/detail/num__type_support.h
[4.103s] -- Up-to-date symlink: /home/hans/ros2/task1/install/p_interfaces/include/p_interfaces/p_interfaces/msg/num.h
[4.103s] -- Up-to-date symlink: /home/hans/ros2/task1/install/p_interfaces/include/p_interfaces/p_interfaces/msg/rosidl_generator_c__visibility_control.h
[4.104s] -- Up-to-date symlink: /home/hans/ros2/task1/install/p_interfaces/include/p_interfaces/p_interfaces/srv/change_radius.h
[4.104s] -- Up-to-date symlink: /home/hans/ros2/task1/install/p_interfaces/include/p_interfaces/p_interfaces/srv/detail/change_radius__functions.h
[4.104s] -- Up-to-date symlink: /home/hans/ros2/task1/install/p_interfaces/include/p_interfaces/p_interfaces/srv/detail/change_radius__struct.h
[4.104s] -- Up-to-date symlink: /home/hans/ros2/task1/install/p_interfaces/include/p_interfaces/p_interfaces/srv/detail/change_radius__type_support.h
[4.104s] -- Up-to-date symlink: /home/hans/ros2/task1/install/p_interfaces/share/p_interfaces/environment/library_path.sh
[4.105s] -- Up-to-date symlink: /home/hans/ros2/task1/install/p_interfaces/share/p_interfaces/environment/library_path.dsv
[4.106s] -- Up-to-date symlink: /home/hans/ros2/task1/install/p_interfaces/include/p_interfaces/p_interfaces/msg/detail/num__rosidl_typesupport_fastrtps_c.h
[4.106s] -- Up-to-date symlink: /home/hans/ros2/task1/install/p_interfaces/include/p_interfaces/p_interfaces/msg/rosidl_typesupport_fastrtps_c__visibility_control.h
[4.106s] -- Up-to-date symlink: /home/hans/ros2/task1/install/p_interfaces/include/p_interfaces/p_interfaces/srv/detail/change_radius__rosidl_typesupport_fastrtps_c.h
[4.107s] -- Up-to-date symlink: /home/hans/ros2/task1/install/p_interfaces/include/p_interfaces/p_interfaces/msg/detail/num__builder.hpp
[4.107s] -- Up-to-date symlink: /home/hans/ros2/task1/install/p_interfaces/include/p_interfaces/p_interfaces/msg/detail/num__struct.hpp
[4.107s] -- Up-to-date symlink: /home/hans/ros2/task1/install/p_interfaces/include/p_interfaces/p_interfaces/msg/detail/num__traits.hpp
[4.108s] -- Up-to-date symlink: /home/hans/ros2/task1/install/p_interfaces/include/p_interfaces/p_interfaces/msg/detail/num__type_support.hpp
[4.108s] -- Up-to-date symlink: /home/hans/ros2/task1/install/p_interfaces/include/p_interfaces/p_interfaces/msg/num.hpp
[4.108s] -- Up-to-date symlink: /home/hans/ros2/task1/install/p_interfaces/include/p_interfaces/p_interfaces/msg/rosidl_generator_cpp__visibility_control.hpp
[4.108s] -- Up-to-date symlink: /home/hans/ros2/task1/install/p_interfaces/include/p_interfaces/p_interfaces/srv/change_radius.hpp
[4.109s] -- Up-to-date symlink: /home/hans/ros2/task1/install/p_interfaces/include/p_interfaces/p_interfaces/srv/detail/change_radius__builder.hpp
[4.109s] -- Up-to-date symlink: /home/hans/ros2/task1/install/p_interfaces/include/p_interfaces/p_interfaces/srv/detail/change_radius__struct.hpp
[4.109s] -- Up-to-date symlink: /home/hans/ros2/task1/install/p_interfaces/include/p_interfaces/p_interfaces/srv/detail/change_radius__traits.hpp
[4.109s] -- Up-to-date symlink: /home/hans/ros2/task1/install/p_interfaces/include/p_interfaces/p_interfaces/srv/detail/change_radius__type_support.hpp
[4.110s] -- Up-to-date symlink: /home/hans/ros2/task1/install/p_interfaces/include/p_interfaces/p_interfaces/msg/detail/num__rosidl_typesupport_fastrtps_cpp.hpp
[4.110s] -- Up-to-date symlink: /home/hans/ros2/task1/install/p_interfaces/include/p_interfaces/p_interfaces/msg/rosidl_typesupport_fastrtps_cpp__visibility_control.h
[4.111s] -- Up-to-date symlink: /home/hans/ros2/task1/install/p_interfaces/include/p_interfaces/p_interfaces/srv/detail/change_radius__rosidl_typesupport_fastrtps_cpp.hpp
[4.111s] -- Up-to-date symlink: /home/hans/ros2/task1/install/p_interfaces/include/p_interfaces/p_interfaces/msg/detail/num__rosidl_typesupport_introspection_c.h
[4.111s] -- Up-to-date symlink: /home/hans/ros2/task1/install/p_interfaces/include/p_interfaces/p_interfaces/msg/rosidl_typesupport_introspection_c__visibility_control.h
[4.112s] -- Up-to-date symlink: /home/hans/ros2/task1/install/p_interfaces/include/p_interfaces/p_interfaces/srv/detail/change_radius__rosidl_typesupport_introspection_c.h
[4.112s] -- Up-to-date symlink: /home/hans/ros2/task1/install/p_interfaces/include/p_interfaces/p_interfaces/msg/detail/num__rosidl_typesupport_introspection_cpp.hpp
[4.112s] -- Up-to-date symlink: /home/hans/ros2/task1/install/p_interfaces/include/p_interfaces/p_interfaces/srv/detail/change_radius__rosidl_typesupport_introspection_cpp.hpp
[4.113s] -- Up-to-date symlink: /home/hans/ros2/task1/install/p_interfaces/share/p_interfaces/srv/ChangeRadius.idl
[4.113s] -- Up-to-date symlink: /home/hans/ros2/task1/install/p_interfaces/share/p_interfaces/srv/ChangeRadius.srv
[4.113s] -- Up-to-date symlink: /home/hans/ros2/task1/install/p_interfaces/share/p_interfaces/srv/ChangeRadius_Request.msg
[4.114s] -- Up-to-date symlink: /home/hans/ros2/task1/install/p_interfaces/share/p_interfaces/srv/ChangeRadius_Response.msg
[4.114s] -- Up-to-date symlink: /home/hans/ros2/task1/install/p_interfaces/share/ament_index/resource_index/package_run_dependencies/p_interfaces
[4.114s] -- Up-to-date symlink: /home/hans/ros2/task1/install/p_interfaces/share/ament_index/resource_index/parent_prefix_path/p_interfaces
[4.115s] -- Up-to-date symlink: /home/hans/ros2/task1/install/p_interfaces/share/p_interfaces/environment/ament_prefix_path.sh
[4.115s] -- Up-to-date symlink: /home/hans/ros2/task1/install/p_interfaces/share/p_interfaces/environment/ament_prefix_path.dsv
[4.115s] -- Up-to-date symlink: /home/hans/ros2/task1/install/p_interfaces/share/p_interfaces/environment/path.sh
[4.115s] -- Up-to-date symlink: /home/hans/ros2/task1/install/p_interfaces/share/p_interfaces/environment/path.dsv
[4.116s] -- Up-to-date symlink: /home/hans/ros2/task1/install/p_interfaces/share/p_interfaces/local_setup.bash
[4.116s] -- Up-to-date symlink: /home/hans/ros2/task1/install/p_interfaces/share/p_interfaces/local_setup.sh
[4.116s] -- Up-to-date symlink: /home/hans/ros2/task1/install/p_interfaces/share/p_interfaces/local_setup.zsh
[4.116s] -- Up-to-date symlink: /home/hans/ros2/task1/install/p_interfaces/share/p_interfaces/local_setup.dsv
[4.117s] -- Symlinking: /home/hans/ros2/task1/install/p_interfaces/share/p_interfaces/package.dsv
[4.130s] -- Up-to-date symlink: /home/hans/ros2/task1/install/p_interfaces/share/ament_index/resource_index/packages/p_interfaces
[4.130s] -- Up-to-date symlink: /home/hans/ros2/task1/install/p_interfaces/share/p_interfaces/cmake/rosidl_cmake-extras.cmake
[4.130s] -- Up-to-date symlink: /home/hans/ros2/task1/install/p_interfaces/share/p_interfaces/cmake/ament_cmake_export_dependencies-extras.cmake
[4.131s] -- Up-to-date symlink: /home/hans/ros2/task1/install/p_interfaces/share/p_interfaces/cmake/ament_cmake_export_include_directories-extras.cmake
[4.131s] -- Up-to-date symlink: /home/hans/ros2/task1/install/p_interfaces/share/p_interfaces/cmake/ament_cmake_export_libraries-extras.cmake
[4.131s] -- Up-to-date symlink: /home/hans/ros2/task1/install/p_interfaces/share/p_interfaces/cmake/ament_cmake_export_targets-extras.cmake
[4.131s] -- Up-to-date symlink: /home/hans/ros2/task1/install/p_interfaces/share/p_interfaces/cmake/rosidl_cmake_export_typesupport_targets-extras.cmake
[4.132s] -- Up-to-date symlink: /home/hans/ros2/task1/install/p_interfaces/share/p_interfaces/cmake/rosidl_cmake_export_typesupport_libraries-extras.cmake
[4.132s] -- Up-to-date symlink: /home/hans/ros2/task1/install/p_interfaces/share/p_interfaces/cmake/p_interfacesConfig.cmake
[4.132s] -- Up-to-date symlink: /home/hans/ros2/task1/install/p_interfaces/share/p_interfaces/cmake/p_interfacesConfig-version.cmake
[4.132s] -- Up-to-date symlink: /home/hans/ros2/task1/install/p_interfaces/share/p_interfaces/package.xml
[4.133s] -- Installing: /home/hans/ros2/task1/install/p_interfaces/lib/libp_interfaces__rosidl_generator_c.so
[4.134s] -- Set runtime path of "/home/hans/ros2/task1/install/p_interfaces/lib/libp_interfaces__rosidl_generator_c.so" to ""
[4.134s] -- Installing: /home/hans/ros2/task1/install/p_interfaces/lib/libp_interfaces__rosidl_typesupport_fastrtps_c.so
[4.135s] -- Set runtime path of "/home/hans/ros2/task1/install/p_interfaces/lib/libp_interfaces__rosidl_typesupport_fastrtps_c.so" to ""
[4.135s] -- Installing: /home/hans/ros2/task1/install/p_interfaces/lib/libp_interfaces__rosidl_typesupport_fastrtps_cpp.so
[4.136s] -- Set runtime path of "/home/hans/ros2/task1/install/p_interfaces/lib/libp_interfaces__rosidl_typesupport_fastrtps_cpp.so" to ""
[4.137s] -- Installing: /home/hans/ros2/task1/install/p_interfaces/lib/libp_interfaces__rosidl_typesupport_introspection_c.so
[4.137s] -- Set runtime path of "/home/hans/ros2/task1/install/p_interfaces/lib/libp_interfaces__rosidl_typesupport_introspection_c.so" to ""
[4.137s] -- Installing: /home/hans/ros2/task1/install/p_interfaces/lib/libp_interfaces__rosidl_typesupport_c.so
[4.138s] -- Set runtime path of "/home/hans/ros2/task1/install/p_interfaces/lib/libp_interfaces__rosidl_typesupport_c.so" to ""
[4.139s] -- Installing: /home/hans/ros2/task1/install/p_interfaces/lib/libp_interfaces__rosidl_typesupport_introspection_cpp.so
[4.139s] -- Set runtime path of "/home/hans/ros2/task1/install/p_interfaces/lib/libp_interfaces__rosidl_typesupport_introspection_cpp.so" to ""
[4.140s] -- Installing: /home/hans/ros2/task1/install/p_interfaces/lib/libp_interfaces__rosidl_typesupport_cpp.so
[4.140s] -- Set runtime path of "/home/hans/ros2/task1/install/p_interfaces/lib/libp_interfaces__rosidl_typesupport_cpp.so" to ""
[4.141s] -- Up-to-date: /home/hans/ros2/task1/install/p_interfaces/share/p_interfaces/cmake/export_p_interfaces__rosidl_generator_cExport.cmake
[4.141s] -- Up-to-date: /home/hans/ros2/task1/install/p_interfaces/share/p_interfaces/cmake/export_p_interfaces__rosidl_generator_cExport-noconfig.cmake
[4.141s] -- Up-to-date: /home/hans/ros2/task1/install/p_interfaces/share/p_interfaces/cmake/export_p_interfaces__rosidl_typesupport_fastrtps_cExport.cmake
[4.142s] -- Up-to-date: /home/hans/ros2/task1/install/p_interfaces/share/p_interfaces/cmake/export_p_interfaces__rosidl_typesupport_fastrtps_cExport-noconfig.cmake
[4.142s] -- Up-to-date: /home/hans/ros2/task1/install/p_interfaces/share/p_interfaces/cmake/export_p_interfaces__rosidl_generator_cppExport.cmake
[4.142s] -- Up-to-date: /home/hans/ros2/task1/install/p_interfaces/share/p_interfaces/cmake/export_p_interfaces__rosidl_typesupport_fastrtps_cppExport.cmake
[4.142s] -- Up-to-date: /home/hans/ros2/task1/install/p_interfaces/share/p_interfaces/cmake/export_p_interfaces__rosidl_typesupport_fastrtps_cppExport-noconfig.cmake
[4.143s] -- Up-to-date: /home/hans/ros2/task1/install/p_interfaces/share/p_interfaces/cmake/p_interfaces__rosidl_typesupport_introspection_cExport.cmake
[4.143s] -- Up-to-date: /home/hans/ros2/task1/install/p_interfaces/share/p_interfaces/cmake/p_interfaces__rosidl_typesupport_introspection_cExport-noconfig.cmake
[4.143s] -- Up-to-date: /home/hans/ros2/task1/install/p_interfaces/share/p_interfaces/cmake/p_interfaces__rosidl_typesupport_cExport.cmake
[4.143s] -- Up-to-date: /home/hans/ros2/task1/install/p_interfaces/share/p_interfaces/cmake/p_interfaces__rosidl_typesupport_cExport-noconfig.cmake
[4.143s] -- Up-to-date: /home/hans/ros2/task1/install/p_interfaces/share/p_interfaces/cmake/p_interfaces__rosidl_typesupport_introspection_cppExport.cmake
[4.144s] -- Up-to-date: /home/hans/ros2/task1/install/p_interfaces/share/p_interfaces/cmake/p_interfaces__rosidl_typesupport_introspection_cppExport-noconfig.cmake
[4.144s] -- Up-to-date: /home/hans/ros2/task1/install/p_interfaces/share/p_interfaces/cmake/p_interfaces__rosidl_typesupport_cppExport.cmake
[4.144s] -- Up-to-date: /home/hans/ros2/task1/install/p_interfaces/share/p_interfaces/cmake/p_interfaces__rosidl_typesupport_cppExport-noconfig.cmake
[4.147s] Invoked command in '/home/hans/ros2/task1/build/p_interfaces' returned '0': CMAKE_PREFIX_PATH=${CMAKE_PREFIX_PATH}:/home/hans/ros2/task1/install/ttbot_square:/home/hans/ros2/task1/install/ping_sonar_ros:/home/hans/ros2/task1/install/p_controller:/home/hans/ros2/task1/install/autonomous_rov:/opt/ros/humble /usr/bin/cmake --install /home/hans/ros2/task1/build/p_interfaces
