[0.605s] Invoking command in '/home/hans/ros2/task1/src/ttbot_square': PYTHONPATH=/home/hans/ros2/task1/build/ttbot_square/prefix_override:/usr/lib/python3/dist-packages/colcon_core/task/python/colcon_distutils_commands:/home/hans/ros2/task1/install/ttbot_square/lib/python3.10/site-packages:${PYTHONPATH} /usr/bin/python3 -W ignore:setup.py install is deprecated setup.py egg_info --egg-base ../../build/ttbot_square build --build-base /home/hans/ros2/task1/build/ttbot_square/build install --record /home/hans/ros2/task1/build/ttbot_square/install.log --single-version-externally-managed install_data
[0.843s] running egg_info
[0.844s] creating ../../build/ttbot_square/ttbot_square.egg-info
[0.844s] writing ../../build/ttbot_square/ttbot_square.egg-info/PKG-INFO
[0.844s] writing dependency_links to ../../build/ttbot_square/ttbot_square.egg-info/dependency_links.txt
[0.844s] writing entry points to ../../build/ttbot_square/ttbot_square.egg-info/entry_points.txt
[0.844s] writing requirements to ../../build/ttbot_square/ttbot_square.egg-info/requires.txt
[0.845s] writing top-level names to ../../build/ttbot_square/ttbot_square.egg-info/top_level.txt
[0.845s] writing manifest file '../../build/ttbot_square/ttbot_square.egg-info/SOURCES.txt'
[0.846s] reading manifest file '../../build/ttbot_square/ttbot_square.egg-info/SOURCES.txt'
[0.847s] writing manifest file '../../build/ttbot_square/ttbot_square.egg-info/SOURCES.txt'
[0.847s] running build
[0.847s] running build_py
[0.847s] creating /home/hans/ros2/task1/build/ttbot_square/build
[0.847s] creating /home/hans/ros2/task1/build/ttbot_square/build/lib
[0.847s] creating /home/hans/ros2/task1/build/ttbot_square/build/lib/ttbot_square
[0.848s] copying ttbot_square/square_controller.py -> /home/hans/ros2/task1/build/ttbot_square/build/lib/ttbot_square
[0.848s] copying ttbot_square/controller_sub.py -> /home/hans/ros2/task1/build/ttbot_square/build/lib/ttbot_square
[0.848s] copying ttbot_square/__init__.py -> /home/hans/ros2/task1/build/ttbot_square/build/lib/ttbot_square
[0.848s] running install
[0.848s] running install_lib
[0.849s] creating /home/hans/ros2/task1/install/ttbot_square/lib/python3.10/site-packages/ttbot_square
[0.849s] copying /home/hans/ros2/task1/build/ttbot_square/build/lib/ttbot_square/square_controller.py -> /home/hans/ros2/task1/install/ttbot_square/lib/python3.10/site-packages/ttbot_square
[0.849s] copying /home/hans/ros2/task1/build/ttbot_square/build/lib/ttbot_square/controller_sub.py -> /home/hans/ros2/task1/install/ttbot_square/lib/python3.10/site-packages/ttbot_square
[0.849s] copying /home/hans/ros2/task1/build/ttbot_square/build/lib/ttbot_square/__init__.py -> /home/hans/ros2/task1/install/ttbot_square/lib/python3.10/site-packages/ttbot_square
[0.849s] byte-compiling /home/hans/ros2/task1/install/ttbot_square/lib/python3.10/site-packages/ttbot_square/square_controller.py to square_controller.cpython-310.pyc
[0.850s] byte-compiling /home/hans/ros2/task1/install/ttbot_square/lib/python3.10/site-packages/ttbot_square/controller_sub.py to controller_sub.cpython-310.pyc
[0.850s] byte-compiling /home/hans/ros2/task1/install/ttbot_square/lib/python3.10/site-packages/ttbot_square/__init__.py to __init__.cpython-310.pyc
[0.851s] running install_data
[0.851s] creating /home/hans/ros2/task1/install/ttbot_square/share/ament_index
[0.851s] creating /home/hans/ros2/task1/install/ttbot_square/share/ament_index/resource_index
[0.851s] creating /home/hans/ros2/task1/install/ttbot_square/share/ament_index/resource_index/packages
[0.851s] copying resource/ttbot_square -> /home/hans/ros2/task1/install/ttbot_square/share/ament_index/resource_index/packages
[0.851s] copying package.xml -> /home/hans/ros2/task1/install/ttbot_square/share/ttbot_square
[0.851s] running install_egg_info
[0.853s] Copying ../../build/ttbot_square/ttbot_square.egg-info to /home/hans/ros2/task1/install/ttbot_square/lib/python3.10/site-packages/ttbot_square-0.0.0-py3.10.egg-info
[0.854s] running install_scripts
[0.875s] Installing square_controller_node script to /home/hans/ros2/task1/install/ttbot_square/lib/ttbot_square
[0.875s] writing list of installed files to '/home/hans/ros2/task1/build/ttbot_square/install.log'
[0.900s] Invoked command in '/home/hans/ros2/task1/src/ttbot_square' returned '0': PYTHONPATH=/home/hans/ros2/task1/build/ttbot_square/prefix_override:/usr/lib/python3/dist-packages/colcon_core/task/python/colcon_distutils_commands:/home/hans/ros2/task1/install/ttbot_square/lib/python3.10/site-packages:${PYTHONPATH} /usr/bin/python3 -W ignore:setup.py install is deprecated setup.py egg_info --egg-base ../../build/ttbot_square build --build-base /home/hans/ros2/task1/build/ttbot_square/build install --record /home/hans/ros2/task1/build/ttbot_square/install.log --single-version-externally-managed install_data
